[0.156s] Invoking command in '/home/ke/ANU/Algo Trading/ros2Exercise/build/village_zhang': CMAKE_PREFIX_PATH=/home/ke/ANU/Algo Trading/ros2Exercise/install/village_interfaces:/home/ke/ANU/Algo Trading/ros2Exercise/install/village_wang:/home/ke/ANU/Algo Trading/ros2Exercise/install/village_li:/opt/ros/iron PYTHONPATH=/home/ke/ANU/Algo Trading/ros2Exercise/install/village_interfaces/lib/python3.10/site-packages:/home/ke/ANU/Algo Trading/ros2Exercise/install/village_li/lib/python3.10/site-packages:/opt/ros/iron/lib/python3.10/site-packages /usr/bin/cmake /home/ke/ANU/Algo Trading/ros2Exercise/src/village_zhang -DCMAKE_INSTALL_PREFIX=/home/ke/ANU/Algo Trading/ros2Exercise/install/village_zhang
[0.167s] -- Found ament_cmake: 2.0.6 (/opt/ros/iron/share/ament_cmake/cmake)
[0.291s] -- Found rclcpp: 21.0.7 (/opt/ros/iron/share/rclcpp/cmake)
[0.311s] -- Found rosidl_generator_c: 4.0.1 (/opt/ros/iron/share/rosidl_generator_c/cmake)
[0.317s] -- Found rosidl_generator_cpp: 4.0.1 (/opt/ros/iron/share/rosidl_generator_cpp/cmake)
[0.325s] -- Using all available rosidl_typesupport_c: rosidl_typesupport_fastrtps_c;rosidl_typesupport_introspection_c
[0.335s] -- Using all available rosidl_typesupport_cpp: rosidl_typesupport_fastrtps_cpp;rosidl_typesupport_introspection_cpp
[0.431s] -- Found rmw_implementation_cmake: 7.1.0 (/opt/ros/iron/share/rmw_implementation_cmake/cmake)
[0.432s] -- Found rmw_fastrtps_cpp: 7.1.4 (/opt/ros/iron/share/rmw_fastrtps_cpp/cmake)
[0.517s] -- Using RMW implementation 'rmw_fastrtps_cpp' as default
[0.621s] -- Found village_interfaces: 0.0.0 (/home/ke/ANU/Algo Trading/ros2Exercise/install/village_interfaces/share/village_interfaces/cmake)
[0.842s] -- Found ament_lint_auto: 0.14.4 (/opt/ros/iron/share/ament_lint_auto/cmake)
[0.884s] -- Added test 'cppcheck' to perform static code analysis on C / C++ code
[0.884s] -- Configured cppcheck include dirs: 
[0.884s] -- Configured cppcheck exclude dirs and/or files: 
[0.884s] -- Added test 'lint_cmake' to check CMake code style
[0.885s] -- Added test 'uncrustify' to check C / C++ code style
[0.885s] -- Configured uncrustify additional arguments: 
[0.885s] -- Added test 'xmllint' to check XML markup files
[0.886s] -- Configuring incomplete, errors occurred!
[0.886s] See also "/home/ke/ANU/Algo Trading/ros2Exercise/build/village_zhang/CMakeFiles/CMakeOutput.log".
[0.886s] [31mCMake Error at /opt/ros/iron/share/ament_cmake_target_dependencies/cmake/ament_target_dependencies.cmake:42 (message):
[0.886s]   ament_target_dependencies() the first argument must be a valid target name
[0.886s] Call Stack (most recent call first):
[0.886s]   CMakeLists.txt:32 (ament_target_dependencies)
[0.886s] 
[0.886s] [0m
[0.891s] Invoked command in '/home/ke/ANU/Algo Trading/ros2Exercise/build/village_zhang' returned '1': CMAKE_PREFIX_PATH=/home/ke/ANU/Algo Trading/ros2Exercise/install/village_interfaces:/home/ke/ANU/Algo Trading/ros2Exercise/install/village_wang:/home/ke/ANU/Algo Trading/ros2Exercise/install/village_li:/opt/ros/iron PYTHONPATH=/home/ke/ANU/Algo Trading/ros2Exercise/install/village_interfaces/lib/python3.10/site-packages:/home/ke/ANU/Algo Trading/ros2Exercise/install/village_li/lib/python3.10/site-packages:/opt/ros/iron/lib/python3.10/site-packages /usr/bin/cmake /home/ke/ANU/Algo Trading/ros2Exercise/src/village_zhang -DCMAKE_INSTALL_PREFIX=/home/ke/ANU/Algo Trading/ros2Exercise/install/village_zhang
