[0.137s] Invoking command in '/home/ke/ANU/Algo Trading/ros2Exercise/build/village_wang': CMAKE_PREFIX_PATH=/home/ke/ANU/Algo Trading/ros2Exercise/install/village_li:/opt/ros/iron /usr/bin/cmake /home/ke/ANU/Algo Trading/ros2Exercise/src/village_wang -DCMAKE_INSTALL_PREFIX=/home/ke/ANU/Algo Trading/ros2Exercise/install/village_wang
[0.200s] -- The C compiler identification is GNU 11.4.0
[0.257s] -- The CXX compiler identification is GNU 11.4.0
[0.264s] -- Detecting C compiler ABI info
[0.312s] -- Detecting C compiler ABI info - done
[0.317s] -- Check for working C compiler: /usr/bin/cc - skipped
[0.318s] -- Detecting C compile features
[0.318s] -- Detecting C compile features - done
[0.320s] -- Detecting CXX compiler ABI info
[0.380s] -- Detecting CXX compiler ABI info - done
[0.386s] -- Check for working CXX compiler: /usr/bin/c++ - skipped
[0.387s] -- Detecting CXX compile features
[0.387s] -- Detecting CXX compile features - done
[0.389s] -- Found ament_cmake: 2.0.6 (/opt/ros/iron/share/ament_cmake/cmake)
[0.509s] -- Found Python3: /usr/bin/python3.10 (found version "3.10.12") found components: Interpreter 
[0.571s] -- Found rclcpp: 21.0.7 (/opt/ros/iron/share/rclcpp/cmake)
[0.603s] -- Found rosidl_generator_c: 4.0.1 (/opt/ros/iron/share/rosidl_generator_c/cmake)
[0.611s] -- Found rosidl_generator_cpp: 4.0.1 (/opt/ros/iron/share/rosidl_generator_cpp/cmake)
[0.623s] -- Using all available rosidl_typesupport_c: rosidl_typesupport_fastrtps_c;rosidl_typesupport_introspection_c
[0.636s] -- Using all available rosidl_typesupport_cpp: rosidl_typesupport_fastrtps_cpp;rosidl_typesupport_introspection_cpp
[0.738s] -- Found rmw_implementation_cmake: 7.1.0 (/opt/ros/iron/share/rmw_implementation_cmake/cmake)
[0.740s] -- Found rmw_fastrtps_cpp: 7.1.4 (/opt/ros/iron/share/rmw_fastrtps_cpp/cmake)
[0.827s] -- Found OpenSSL: /usr/lib/x86_64-linux-gnu/libcrypto.so (found version "3.0.2")  
[0.846s] -- Found FastRTPS: /opt/ros/iron/include  
[0.875s] -- Using RMW implementation 'rmw_fastrtps_cpp' as default
[0.983s] -- Found ament_lint_auto: 0.14.4 (/opt/ros/iron/share/ament_lint_auto/cmake)
[1.031s] -- Added test 'cppcheck' to perform static code analysis on C / C++ code
[1.031s] -- Configured cppcheck include dirs: 
[1.031s] -- Configured cppcheck exclude dirs and/or files: 
[1.031s] -- Added test 'lint_cmake' to check CMake code style
[1.032s] -- Added test 'uncrustify' to check C / C++ code style
[1.032s] -- Configured uncrustify additional arguments: 
[1.032s] -- Added test 'xmllint' to check XML markup files
[1.033s] -- Configuring done
[1.035s] -- Generating done
[1.036s] -- Build files have been written to: /home/ke/ANU/Algo Trading/ros2Exercise/build/village_wang
[1.043s] Invoked command in '/home/ke/ANU/Algo Trading/ros2Exercise/build/village_wang' returned '0': CMAKE_PREFIX_PATH=/home/ke/ANU/Algo Trading/ros2Exercise/install/village_li:/opt/ros/iron /usr/bin/cmake /home/ke/ANU/Algo Trading/ros2Exercise/src/village_wang -DCMAKE_INSTALL_PREFIX=/home/ke/ANU/Algo Trading/ros2Exercise/install/village_wang
[1.043s] Invoking command in '/home/ke/ANU/Algo Trading/ros2Exercise/build/village_wang': CMAKE_PREFIX_PATH=/home/ke/ANU/Algo Trading/ros2Exercise/install/village_li:/opt/ros/iron /usr/bin/cmake --build /home/ke/ANU/Algo Trading/ros2Exercise/build/village_wang -- -j20 -l20
[1.075s] Invoked command in '/home/ke/ANU/Algo Trading/ros2Exercise/build/village_wang' returned '0': CMAKE_PREFIX_PATH=/home/ke/ANU/Algo Trading/ros2Exercise/install/village_li:/opt/ros/iron /usr/bin/cmake --build /home/ke/ANU/Algo Trading/ros2Exercise/build/village_wang -- -j20 -l20
[1.096s] Invoking command in '/home/ke/ANU/Algo Trading/ros2Exercise/build/village_wang': CMAKE_PREFIX_PATH=/home/ke/ANU/Algo Trading/ros2Exercise/install/village_li:/opt/ros/iron /usr/bin/cmake --install /home/ke/ANU/Algo Trading/ros2Exercise/build/village_wang
[1.101s] -- Install configuration: ""
[1.101s] -- Installing: /home/ke/ANU/Algo Trading/ros2Exercise/install/village_wang/share/ament_index/resource_index/package_run_dependencies/village_wang
[1.101s] -- Installing: /home/ke/ANU/Algo Trading/ros2Exercise/install/village_wang/share/ament_index/resource_index/parent_prefix_path/village_wang
[1.101s] -- Installing: /home/ke/ANU/Algo Trading/ros2Exercise/install/village_wang/share/village_wang/environment/ament_prefix_path.sh
[1.101s] -- Installing: /home/ke/ANU/Algo Trading/ros2Exercise/install/village_wang/share/village_wang/environment/ament_prefix_path.dsv
[1.101s] -- Installing: /home/ke/ANU/Algo Trading/ros2Exercise/install/village_wang/share/village_wang/environment/path.sh
[1.101s] -- Installing: /home/ke/ANU/Algo Trading/ros2Exercise/install/village_wang/share/village_wang/environment/path.dsv
[1.101s] -- Installing: /home/ke/ANU/Algo Trading/ros2Exercise/install/village_wang/share/village_wang/local_setup.bash
[1.101s] -- Installing: /home/ke/ANU/Algo Trading/ros2Exercise/install/village_wang/share/village_wang/local_setup.sh
[1.101s] -- Installing: /home/ke/ANU/Algo Trading/ros2Exercise/install/village_wang/share/village_wang/local_setup.zsh
[1.101s] -- Installing: /home/ke/ANU/Algo Trading/ros2Exercise/install/village_wang/share/village_wang/local_setup.dsv
[1.101s] -- Installing: /home/ke/ANU/Algo Trading/ros2Exercise/install/village_wang/share/village_wang/package.dsv
[1.102s] -- Installing: /home/ke/ANU/Algo Trading/ros2Exercise/install/village_wang/share/ament_index/resource_index/packages/village_wang
[1.102s] -- Installing: /home/ke/ANU/Algo Trading/ros2Exercise/install/village_wang/share/village_wang/cmake/village_wangConfig.cmake
[1.102s] -- Installing: /home/ke/ANU/Algo Trading/ros2Exercise/install/village_wang/share/village_wang/cmake/village_wangConfig-version.cmake
[1.102s] -- Installing: /home/ke/ANU/Algo Trading/ros2Exercise/install/village_wang/share/village_wang/package.xml
[1.103s] Invoked command in '/home/ke/ANU/Algo Trading/ros2Exercise/build/village_wang' returned '0': CMAKE_PREFIX_PATH=/home/ke/ANU/Algo Trading/ros2Exercise/install/village_li:/opt/ros/iron /usr/bin/cmake --install /home/ke/ANU/Algo Trading/ros2Exercise/build/village_wang
