[0.057s] DEBUG:colcon:Command line arguments: ['/usr/bin/colcon', 'build']
[0.057s] DEBUG:colcon:Parsed command line arguments: Namespace(log_base=None, log_level=None, verb_name='build', build_base='build', install_base='install', merge_install=False, symlink_install=False, test_result_base=None, continue_on_error=False, executor='parallel', parallel_workers=20, event_handlers=None, ignore_user_meta=False, metas=['./colcon.meta'], base_paths=['.'], packages_ignore=None, packages_ignore_regex=None, paths=None, packages_up_to=None, packages_up_to_regex=None, packages_above=None, packages_above_and_dependencies=None, packages_above_depth=None, packages_select_by_dep=None, packages_skip_by_dep=None, packages_skip_up_to=None, packages_select_build_failed=False, packages_skip_build_finished=False, packages_select_test_failures=False, packages_skip_test_passed=False, packages_select=None, packages_skip=None, packages_select_regex=None, packages_skip_regex=None, packages_start=None, packages_end=None, allow_overriding=[], cmake_args=None, cmake_target=None, cmake_target_skip_unavailable=False, cmake_clean_cache=False, cmake_clean_first=False, cmake_force_configure=False, ament_cmake_args=None, catkin_cmake_args=None, catkin_skip_building_tests=False, mixin_files=None, mixin=None, verb_parser=<colcon_mixin.mixin.mixin_argument.MixinArgumentDecorator object at 0x7ef906d4ec50>, verb_extension=<colcon_core.verb.build.BuildVerb object at 0x7ef906d4e6e0>, main=<bound method BuildVerb.main of <colcon_core.verb.build.BuildVerb object at 0x7ef906d4e6e0>>, mixin_verb=('build',))
[0.142s] Level 1:colcon.colcon_core.package_discovery:discover_packages(colcon_meta) check parameters
[0.142s] Level 1:colcon.colcon_core.package_discovery:discover_packages(recursive) check parameters
[0.142s] Level 1:colcon.colcon_core.package_discovery:discover_packages(ignore) check parameters
[0.142s] Level 1:colcon.colcon_core.package_discovery:discover_packages(path) check parameters
[0.142s] Level 1:colcon.colcon_core.package_discovery:discover_packages(colcon_meta) discover
[0.143s] Level 1:colcon.colcon_core.package_discovery:discover_packages(recursive) discover
[0.143s] INFO:colcon.colcon_core.package_discovery:Crawling recursively for packages in '/home/ke/ANU/Algo Trading/ros2Exercise'
[0.143s] Level 1:colcon.colcon_core.package_identification:_identify(.) by extensions ['ignore', 'ignore_ament_install']
[0.143s] Level 1:colcon.colcon_core.package_identification:_identify(.) by extension 'ignore'
[0.143s] Level 1:colcon.colcon_core.package_identification:_identify(.) by extension 'ignore_ament_install'
[0.143s] Level 1:colcon.colcon_core.package_identification:_identify(.) by extensions ['colcon_pkg']
[0.143s] Level 1:colcon.colcon_core.package_identification:_identify(.) by extension 'colcon_pkg'
[0.143s] Level 1:colcon.colcon_core.package_identification:_identify(.) by extensions ['colcon_meta']
[0.143s] Level 1:colcon.colcon_core.package_identification:_identify(.) by extension 'colcon_meta'
[0.143s] Level 1:colcon.colcon_core.package_identification:_identify(.) by extensions ['ros']
[0.143s] Level 1:colcon.colcon_core.package_identification:_identify(.) by extension 'ros'
[0.149s] Level 1:colcon.colcon_core.package_identification:_identify(.) by extensions ['cmake', 'python']
[0.149s] Level 1:colcon.colcon_core.package_identification:_identify(.) by extension 'cmake'
[0.149s] Level 1:colcon.colcon_core.package_identification:_identify(.) by extension 'python'
[0.149s] Level 1:colcon.colcon_core.package_identification:_identify(.) by extensions ['python_setup_py']
[0.149s] Level 1:colcon.colcon_core.package_identification:_identify(.) by extension 'python_setup_py'
[0.149s] Level 1:colcon.colcon_core.package_identification:_identify(build) by extensions ['ignore', 'ignore_ament_install']
[0.149s] Level 1:colcon.colcon_core.package_identification:_identify(build) by extension 'ignore'
[0.149s] Level 1:colcon.colcon_core.package_identification:_identify(build) ignored
[0.150s] Level 1:colcon.colcon_core.package_identification:_identify(install) by extensions ['ignore', 'ignore_ament_install']
[0.150s] Level 1:colcon.colcon_core.package_identification:_identify(install) by extension 'ignore'
[0.150s] Level 1:colcon.colcon_core.package_identification:_identify(install) ignored
[0.150s] Level 1:colcon.colcon_core.package_identification:_identify(log) by extensions ['ignore', 'ignore_ament_install']
[0.150s] Level 1:colcon.colcon_core.package_identification:_identify(log) by extension 'ignore'
[0.150s] Level 1:colcon.colcon_core.package_identification:_identify(log) ignored
[0.150s] Level 1:colcon.colcon_core.package_identification:_identify(src) by extensions ['ignore', 'ignore_ament_install']
[0.150s] Level 1:colcon.colcon_core.package_identification:_identify(src) by extension 'ignore'
[0.150s] Level 1:colcon.colcon_core.package_identification:_identify(src) by extension 'ignore_ament_install'
[0.150s] Level 1:colcon.colcon_core.package_identification:_identify(src) by extensions ['colcon_pkg']
[0.150s] Level 1:colcon.colcon_core.package_identification:_identify(src) by extension 'colcon_pkg'
[0.150s] Level 1:colcon.colcon_core.package_identification:_identify(src) by extensions ['colcon_meta']
[0.150s] Level 1:colcon.colcon_core.package_identification:_identify(src) by extension 'colcon_meta'
[0.150s] Level 1:colcon.colcon_core.package_identification:_identify(src) by extensions ['ros']
[0.150s] Level 1:colcon.colcon_core.package_identification:_identify(src) by extension 'ros'
[0.150s] Level 1:colcon.colcon_core.package_identification:_identify(src) by extensions ['cmake', 'python']
[0.150s] Level 1:colcon.colcon_core.package_identification:_identify(src) by extension 'cmake'
[0.150s] Level 1:colcon.colcon_core.package_identification:_identify(src) by extension 'python'
[0.150s] Level 1:colcon.colcon_core.package_identification:_identify(src) by extensions ['python_setup_py']
[0.150s] Level 1:colcon.colcon_core.package_identification:_identify(src) by extension 'python_setup_py'
[0.150s] Level 1:colcon.colcon_core.package_identification:_identify(src/log) by extensions ['ignore', 'ignore_ament_install']
[0.150s] Level 1:colcon.colcon_core.package_identification:_identify(src/log) by extension 'ignore'
[0.150s] Level 1:colcon.colcon_core.package_identification:_identify(src/log) ignored
[0.150s] Level 1:colcon.colcon_core.package_identification:_identify(src/village_interfaces) by extensions ['ignore', 'ignore_ament_install']
[0.150s] Level 1:colcon.colcon_core.package_identification:_identify(src/village_interfaces) by extension 'ignore'
[0.150s] Level 1:colcon.colcon_core.package_identification:_identify(src/village_interfaces) by extension 'ignore_ament_install'
[0.150s] Level 1:colcon.colcon_core.package_identification:_identify(src/village_interfaces) by extensions ['colcon_pkg']
[0.150s] Level 1:colcon.colcon_core.package_identification:_identify(src/village_interfaces) by extension 'colcon_pkg'
[0.150s] Level 1:colcon.colcon_core.package_identification:_identify(src/village_interfaces) by extensions ['colcon_meta']
[0.150s] Level 1:colcon.colcon_core.package_identification:_identify(src/village_interfaces) by extension 'colcon_meta'
[0.150s] Level 1:colcon.colcon_core.package_identification:_identify(src/village_interfaces) by extensions ['ros']
[0.150s] Level 1:colcon.colcon_core.package_identification:_identify(src/village_interfaces) by extension 'ros'
[0.152s] DEBUG:colcon.colcon_core.package_identification:Package 'src/village_interfaces' with type 'ros.ament_cmake' and name 'village_interfaces'
[0.152s] Level 1:colcon.colcon_core.package_identification:_identify(src/village_li) by extensions ['ignore', 'ignore_ament_install']
[0.152s] Level 1:colcon.colcon_core.package_identification:_identify(src/village_li) by extension 'ignore'
[0.152s] Level 1:colcon.colcon_core.package_identification:_identify(src/village_li) by extension 'ignore_ament_install'
[0.152s] Level 1:colcon.colcon_core.package_identification:_identify(src/village_li) by extensions ['colcon_pkg']
[0.152s] Level 1:colcon.colcon_core.package_identification:_identify(src/village_li) by extension 'colcon_pkg'
[0.152s] Level 1:colcon.colcon_core.package_identification:_identify(src/village_li) by extensions ['colcon_meta']
[0.152s] Level 1:colcon.colcon_core.package_identification:_identify(src/village_li) by extension 'colcon_meta'
[0.152s] Level 1:colcon.colcon_core.package_identification:_identify(src/village_li) by extensions ['ros']
[0.152s] Level 1:colcon.colcon_core.package_identification:_identify(src/village_li) by extension 'ros'
[0.153s] DEBUG:colcon.colcon_core.package_identification:Package 'src/village_li' with type 'ros.ament_python' and name 'village_li'
[0.153s] Level 1:colcon.colcon_core.package_identification:_identify(src/village_wang) by extensions ['ignore', 'ignore_ament_install']
[0.153s] Level 1:colcon.colcon_core.package_identification:_identify(src/village_wang) by extension 'ignore'
[0.153s] Level 1:colcon.colcon_core.package_identification:_identify(src/village_wang) by extension 'ignore_ament_install'
[0.153s] Level 1:colcon.colcon_core.package_identification:_identify(src/village_wang) by extensions ['colcon_pkg']
[0.153s] Level 1:colcon.colcon_core.package_identification:_identify(src/village_wang) by extension 'colcon_pkg'
[0.153s] Level 1:colcon.colcon_core.package_identification:_identify(src/village_wang) by extensions ['colcon_meta']
[0.153s] Level 1:colcon.colcon_core.package_identification:_identify(src/village_wang) by extension 'colcon_meta'
[0.153s] Level 1:colcon.colcon_core.package_identification:_identify(src/village_wang) by extensions ['ros']
[0.153s] Level 1:colcon.colcon_core.package_identification:_identify(src/village_wang) by extension 'ros'
[0.153s] DEBUG:colcon.colcon_core.package_identification:Package 'src/village_wang' with type 'ros.ament_cmake' and name 'village_wang'
[0.153s] Level 1:colcon.colcon_core.package_identification:_identify(src/village_zhang) by extensions ['ignore', 'ignore_ament_install']
[0.153s] Level 1:colcon.colcon_core.package_identification:_identify(src/village_zhang) by extension 'ignore'
[0.153s] Level 1:colcon.colcon_core.package_identification:_identify(src/village_zhang) by extension 'ignore_ament_install'
[0.153s] Level 1:colcon.colcon_core.package_identification:_identify(src/village_zhang) by extensions ['colcon_pkg']
[0.153s] Level 1:colcon.colcon_core.package_identification:_identify(src/village_zhang) by extension 'colcon_pkg'
[0.153s] Level 1:colcon.colcon_core.package_identification:_identify(src/village_zhang) by extensions ['colcon_meta']
[0.153s] Level 1:colcon.colcon_core.package_identification:_identify(src/village_zhang) by extension 'colcon_meta'
[0.154s] Level 1:colcon.colcon_core.package_identification:_identify(src/village_zhang) by extensions ['ros']
[0.154s] Level 1:colcon.colcon_core.package_identification:_identify(src/village_zhang) by extension 'ros'
[0.154s] DEBUG:colcon.colcon_core.package_identification:Package 'src/village_zhang' with type 'ros.ament_cmake' and name 'village_zhang'
[0.154s] Level 1:colcon.colcon_core.package_discovery:discover_packages(recursive) using defaults
[0.154s] Level 1:colcon.colcon_core.package_discovery:discover_packages(ignore) discover
[0.154s] Level 1:colcon.colcon_core.package_discovery:discover_packages(ignore) using defaults
[0.154s] Level 1:colcon.colcon_core.package_discovery:discover_packages(path) discover
[0.154s] Level 1:colcon.colcon_core.package_discovery:discover_packages(path) using defaults
[0.171s] Level 1:colcon.colcon_core.package_discovery:discover_packages(prefix_path) check parameters
[0.171s] Level 1:colcon.colcon_core.package_discovery:discover_packages(prefix_path) discover
[0.172s] DEBUG:colcon.colcon_installed_package_information.package_discovery:Found 4 installed packages in /home/ke/ANU/Algo Trading/ros2Exercise/install
[0.173s] DEBUG:colcon.colcon_installed_package_information.package_discovery:Found 281 installed packages in /opt/ros/iron
[0.173s] Level 1:colcon.colcon_core.package_discovery:discover_packages(prefix_path) using defaults
[0.194s] Level 5:colcon.colcon_core.verb:set package 'village_interfaces' build argument 'cmake_args' from command line to 'None'
[0.194s] Level 5:colcon.colcon_core.verb:set package 'village_interfaces' build argument 'cmake_target' from command line to 'None'
[0.194s] Level 5:colcon.colcon_core.verb:set package 'village_interfaces' build argument 'cmake_target_skip_unavailable' from command line to 'False'
[0.194s] Level 5:colcon.colcon_core.verb:set package 'village_interfaces' build argument 'cmake_clean_cache' from command line to 'False'
[0.194s] Level 5:colcon.colcon_core.verb:set package 'village_interfaces' build argument 'cmake_clean_first' from command line to 'False'
[0.194s] Level 5:colcon.colcon_core.verb:set package 'village_interfaces' build argument 'cmake_force_configure' from command line to 'False'
[0.194s] Level 5:colcon.colcon_core.verb:set package 'village_interfaces' build argument 'ament_cmake_args' from command line to 'None'
[0.194s] Level 5:colcon.colcon_core.verb:set package 'village_interfaces' build argument 'catkin_cmake_args' from command line to 'None'
[0.194s] Level 5:colcon.colcon_core.verb:set package 'village_interfaces' build argument 'catkin_skip_building_tests' from command line to 'False'
[0.194s] DEBUG:colcon.colcon_core.verb:Building package 'village_interfaces' with the following arguments: {'ament_cmake_args': None, 'build_base': '/home/ke/ANU/Algo Trading/ros2Exercise/build/village_interfaces', 'catkin_cmake_args': None, 'catkin_skip_building_tests': False, 'cmake_args': None, 'cmake_clean_cache': False, 'cmake_clean_first': False, 'cmake_force_configure': False, 'cmake_target': None, 'cmake_target_skip_unavailable': False, 'install_base': '/home/ke/ANU/Algo Trading/ros2Exercise/install/village_interfaces', 'merge_install': False, 'path': '/home/ke/ANU/Algo Trading/ros2Exercise/src/village_interfaces', 'symlink_install': False, 'test_result_base': None}
[0.194s] Level 5:colcon.colcon_core.verb:set package 'village_li' build argument 'cmake_args' from command line to 'None'
[0.194s] Level 5:colcon.colcon_core.verb:set package 'village_li' build argument 'cmake_target' from command line to 'None'
[0.195s] Level 5:colcon.colcon_core.verb:set package 'village_li' build argument 'cmake_target_skip_unavailable' from command line to 'False'
[0.195s] Level 5:colcon.colcon_core.verb:set package 'village_li' build argument 'cmake_clean_cache' from command line to 'False'
[0.195s] Level 5:colcon.colcon_core.verb:set package 'village_li' build argument 'cmake_clean_first' from command line to 'False'
[0.195s] Level 5:colcon.colcon_core.verb:set package 'village_li' build argument 'cmake_force_configure' from command line to 'False'
[0.195s] Level 5:colcon.colcon_core.verb:set package 'village_li' build argument 'ament_cmake_args' from command line to 'None'
[0.195s] Level 5:colcon.colcon_core.verb:set package 'village_li' build argument 'catkin_cmake_args' from command line to 'None'
[0.195s] Level 5:colcon.colcon_core.verb:set package 'village_li' build argument 'catkin_skip_building_tests' from command line to 'False'
[0.195s] DEBUG:colcon.colcon_core.verb:Building package 'village_li' with the following arguments: {'ament_cmake_args': None, 'build_base': '/home/ke/ANU/Algo Trading/ros2Exercise/build/village_li', 'catkin_cmake_args': None, 'catkin_skip_building_tests': False, 'cmake_args': None, 'cmake_clean_cache': False, 'cmake_clean_first': False, 'cmake_force_configure': False, 'cmake_target': None, 'cmake_target_skip_unavailable': False, 'install_base': '/home/ke/ANU/Algo Trading/ros2Exercise/install/village_li', 'merge_install': False, 'path': '/home/ke/ANU/Algo Trading/ros2Exercise/src/village_li', 'symlink_install': False, 'test_result_base': None}
[0.195s] Level 5:colcon.colcon_core.verb:set package 'village_wang' build argument 'cmake_args' from command line to 'None'
[0.195s] Level 5:colcon.colcon_core.verb:set package 'village_wang' build argument 'cmake_target' from command line to 'None'
[0.195s] Level 5:colcon.colcon_core.verb:set package 'village_wang' build argument 'cmake_target_skip_unavailable' from command line to 'False'
[0.195s] Level 5:colcon.colcon_core.verb:set package 'village_wang' build argument 'cmake_clean_cache' from command line to 'False'
[0.195s] Level 5:colcon.colcon_core.verb:set package 'village_wang' build argument 'cmake_clean_first' from command line to 'False'
[0.195s] Level 5:colcon.colcon_core.verb:set package 'village_wang' build argument 'cmake_force_configure' from command line to 'False'
[0.195s] Level 5:colcon.colcon_core.verb:set package 'village_wang' build argument 'ament_cmake_args' from command line to 'None'
[0.195s] Level 5:colcon.colcon_core.verb:set package 'village_wang' build argument 'catkin_cmake_args' from command line to 'None'
[0.195s] Level 5:colcon.colcon_core.verb:set package 'village_wang' build argument 'catkin_skip_building_tests' from command line to 'False'
[0.195s] DEBUG:colcon.colcon_core.verb:Building package 'village_wang' with the following arguments: {'ament_cmake_args': None, 'build_base': '/home/ke/ANU/Algo Trading/ros2Exercise/build/village_wang', 'catkin_cmake_args': None, 'catkin_skip_building_tests': False, 'cmake_args': None, 'cmake_clean_cache': False, 'cmake_clean_first': False, 'cmake_force_configure': False, 'cmake_target': None, 'cmake_target_skip_unavailable': False, 'install_base': '/home/ke/ANU/Algo Trading/ros2Exercise/install/village_wang', 'merge_install': False, 'path': '/home/ke/ANU/Algo Trading/ros2Exercise/src/village_wang', 'symlink_install': False, 'test_result_base': None}
[0.195s] Level 5:colcon.colcon_core.verb:set package 'village_zhang' build argument 'cmake_args' from command line to 'None'
[0.195s] Level 5:colcon.colcon_core.verb:set package 'village_zhang' build argument 'cmake_target' from command line to 'None'
[0.195s] Level 5:colcon.colcon_core.verb:set package 'village_zhang' build argument 'cmake_target_skip_unavailable' from command line to 'False'
[0.195s] Level 5:colcon.colcon_core.verb:set package 'village_zhang' build argument 'cmake_clean_cache' from command line to 'False'
[0.195s] Level 5:colcon.colcon_core.verb:set package 'village_zhang' build argument 'cmake_clean_first' from command line to 'False'
[0.195s] Level 5:colcon.colcon_core.verb:set package 'village_zhang' build argument 'cmake_force_configure' from command line to 'False'
[0.195s] Level 5:colcon.colcon_core.verb:set package 'village_zhang' build argument 'ament_cmake_args' from command line to 'None'
[0.195s] Level 5:colcon.colcon_core.verb:set package 'village_zhang' build argument 'catkin_cmake_args' from command line to 'None'
[0.195s] Level 5:colcon.colcon_core.verb:set package 'village_zhang' build argument 'catkin_skip_building_tests' from command line to 'False'
[0.195s] DEBUG:colcon.colcon_core.verb:Building package 'village_zhang' with the following arguments: {'ament_cmake_args': None, 'build_base': '/home/ke/ANU/Algo Trading/ros2Exercise/build/village_zhang', 'catkin_cmake_args': None, 'catkin_skip_building_tests': False, 'cmake_args': None, 'cmake_clean_cache': False, 'cmake_clean_first': False, 'cmake_force_configure': False, 'cmake_target': None, 'cmake_target_skip_unavailable': False, 'install_base': '/home/ke/ANU/Algo Trading/ros2Exercise/install/village_zhang', 'merge_install': False, 'path': '/home/ke/ANU/Algo Trading/ros2Exercise/src/village_zhang', 'symlink_install': False, 'test_result_base': None}
[0.195s] INFO:colcon.colcon_core.executor:Executing jobs using 'parallel' executor
[0.196s] DEBUG:colcon.colcon_parallel_executor.executor.parallel:run_until_complete
[0.196s] INFO:colcon.colcon_ros.task.ament_cmake.build:Building ROS package in '/home/ke/ANU/Algo Trading/ros2Exercise/src/village_interfaces' with build type 'ament_cmake'
[0.196s] INFO:colcon.colcon_cmake.task.cmake.build:Building CMake package in '/home/ke/ANU/Algo Trading/ros2Exercise/src/village_interfaces'
[0.197s] INFO:colcon.colcon_core.plugin_system:Skipping extension 'colcon_core.shell.bat': Not used on non-Windows systems
[0.197s] INFO:colcon.colcon_core.shell:Skip shell extension 'powershell' for command environment: Not usable outside of PowerShell
[0.197s] DEBUG:colcon.colcon_core.shell:Skip shell extension 'dsv' for command environment
[0.203s] DEBUG:colcon.colcon_core.event_handler.log_command:Invoking command in '/home/ke/ANU/Algo Trading/ros2Exercise/build/village_interfaces': CMAKE_PREFIX_PATH=${CMAKE_PREFIX_PATH}:/home/ke/ANU/Algo Trading/ros2Exercise/install/village_li:/opt/ros/iron /usr/bin/cmake --build /home/ke/ANU/Algo Trading/ros2Exercise/build/village_interfaces -- -j20 -l20
[0.413s] DEBUG:colcon.colcon_core.event_handler.log_command:Invoked command in '/home/ke/ANU/Algo Trading/ros2Exercise/build/village_interfaces' returned '0': CMAKE_PREFIX_PATH=${CMAKE_PREFIX_PATH}:/home/ke/ANU/Algo Trading/ros2Exercise/install/village_li:/opt/ros/iron /usr/bin/cmake --build /home/ke/ANU/Algo Trading/ros2Exercise/build/village_interfaces -- -j20 -l20
[0.500s] DEBUG:colcon.colcon_core.event_handler.log_command:Invoking command in '/home/ke/ANU/Algo Trading/ros2Exercise/build/village_interfaces': CMAKE_PREFIX_PATH=${CMAKE_PREFIX_PATH}:/home/ke/ANU/Algo Trading/ros2Exercise/install/village_li:/opt/ros/iron /usr/bin/cmake --install /home/ke/ANU/Algo Trading/ros2Exercise/build/village_interfaces
[0.538s] Level 1:colcon.colcon_core.environment:create_environment_scripts_only(village_interfaces)
[0.538s] DEBUG:colcon.colcon_core.event_handler.log_command:Invoked command in '/home/ke/ANU/Algo Trading/ros2Exercise/build/village_interfaces' returned '0': CMAKE_PREFIX_PATH=${CMAKE_PREFIX_PATH}:/home/ke/ANU/Algo Trading/ros2Exercise/install/village_li:/opt/ros/iron /usr/bin/cmake --install /home/ke/ANU/Algo Trading/ros2Exercise/build/village_interfaces
[0.540s] Level 1:colcon.colcon_core.environment:checking '/home/ke/ANU/Algo Trading/ros2Exercise/install/village_interfaces' for CMake module files
[0.540s] Level 1:colcon.colcon_core.environment:checking '/home/ke/ANU/Algo Trading/ros2Exercise/install/village_interfaces' for CMake config files
[0.540s] Level 1:colcon.colcon_core.shell:create_environment_hook('village_interfaces', 'cmake_prefix_path')
[0.541s] INFO:colcon.colcon_core.shell:Creating environment hook '/home/ke/ANU/Algo Trading/ros2Exercise/install/village_interfaces/share/village_interfaces/hook/cmake_prefix_path.ps1'
[0.541s] INFO:colcon.colcon_core.shell:Creating environment descriptor '/home/ke/ANU/Algo Trading/ros2Exercise/install/village_interfaces/share/village_interfaces/hook/cmake_prefix_path.dsv'
[0.541s] INFO:colcon.colcon_core.shell:Creating environment hook '/home/ke/ANU/Algo Trading/ros2Exercise/install/village_interfaces/share/village_interfaces/hook/cmake_prefix_path.sh'
[0.542s] Level 1:colcon.colcon_core.environment:checking '/home/ke/ANU/Algo Trading/ros2Exercise/install/village_interfaces/lib'
[0.542s] Level 1:colcon.colcon_core.shell:create_environment_hook('village_interfaces', 'ld_library_path_lib')
[0.542s] INFO:colcon.colcon_core.shell:Creating environment hook '/home/ke/ANU/Algo Trading/ros2Exercise/install/village_interfaces/share/village_interfaces/hook/ld_library_path_lib.ps1'
[0.542s] INFO:colcon.colcon_core.shell:Creating environment descriptor '/home/ke/ANU/Algo Trading/ros2Exercise/install/village_interfaces/share/village_interfaces/hook/ld_library_path_lib.dsv'
[0.542s] INFO:colcon.colcon_core.shell:Creating environment hook '/home/ke/ANU/Algo Trading/ros2Exercise/install/village_interfaces/share/village_interfaces/hook/ld_library_path_lib.sh'
[0.542s] Level 1:colcon.colcon_core.environment:checking '/home/ke/ANU/Algo Trading/ros2Exercise/install/village_interfaces/bin'
[0.543s] Level 1:colcon.colcon_core.environment:checking '/home/ke/ANU/Algo Trading/ros2Exercise/install/village_interfaces/lib/pkgconfig/village_interfaces.pc'
[0.543s] Level 1:colcon.colcon_core.environment:checking '/home/ke/ANU/Algo Trading/ros2Exercise/install/village_interfaces/lib/python3.10/site-packages'
[0.543s] Level 1:colcon.colcon_core.shell:create_environment_hook('village_interfaces', 'pythonpath')
[0.543s] INFO:colcon.colcon_core.shell:Creating environment hook '/home/ke/ANU/Algo Trading/ros2Exercise/install/village_interfaces/share/village_interfaces/hook/pythonpath.ps1'
[0.543s] INFO:colcon.colcon_core.shell:Creating environment descriptor '/home/ke/ANU/Algo Trading/ros2Exercise/install/village_interfaces/share/village_interfaces/hook/pythonpath.dsv'
[0.543s] INFO:colcon.colcon_core.shell:Creating environment hook '/home/ke/ANU/Algo Trading/ros2Exercise/install/village_interfaces/share/village_interfaces/hook/pythonpath.sh'
[0.543s] Level 1:colcon.colcon_core.environment:checking '/home/ke/ANU/Algo Trading/ros2Exercise/install/village_interfaces/bin'
[0.544s] INFO:colcon.colcon_core.shell:Creating package script '/home/ke/ANU/Algo Trading/ros2Exercise/install/village_interfaces/share/village_interfaces/package.ps1'
[0.544s] INFO:colcon.colcon_core.shell:Creating package descriptor '/home/ke/ANU/Algo Trading/ros2Exercise/install/village_interfaces/share/village_interfaces/package.dsv'
[0.544s] INFO:colcon.colcon_core.shell:Creating package script '/home/ke/ANU/Algo Trading/ros2Exercise/install/village_interfaces/share/village_interfaces/package.sh'
[0.545s] INFO:colcon.colcon_core.shell:Creating package script '/home/ke/ANU/Algo Trading/ros2Exercise/install/village_interfaces/share/village_interfaces/package.bash'
[0.545s] INFO:colcon.colcon_core.shell:Creating package script '/home/ke/ANU/Algo Trading/ros2Exercise/install/village_interfaces/share/village_interfaces/package.zsh'
[0.545s] Level 1:colcon.colcon_core.environment:create_file_with_runtime_dependencies(/home/ke/ANU/Algo Trading/ros2Exercise/install/village_interfaces/share/colcon-core/packages/village_interfaces)
[0.630s] Level 1:colcon.colcon_core.environment:create_environment_scripts_only(village_interfaces)
[0.630s] Level 1:colcon.colcon_core.environment:checking '/home/ke/ANU/Algo Trading/ros2Exercise/install/village_interfaces' for CMake module files
[0.631s] Level 1:colcon.colcon_core.environment:checking '/home/ke/ANU/Algo Trading/ros2Exercise/install/village_interfaces' for CMake config files
[0.631s] Level 1:colcon.colcon_core.shell:create_environment_hook('village_interfaces', 'cmake_prefix_path')
[0.631s] INFO:colcon.colcon_core.shell:Creating environment hook '/home/ke/ANU/Algo Trading/ros2Exercise/install/village_interfaces/share/village_interfaces/hook/cmake_prefix_path.ps1'
[0.632s] INFO:colcon.colcon_core.shell:Creating environment descriptor '/home/ke/ANU/Algo Trading/ros2Exercise/install/village_interfaces/share/village_interfaces/hook/cmake_prefix_path.dsv'
[0.632s] INFO:colcon.colcon_core.shell:Creating environment hook '/home/ke/ANU/Algo Trading/ros2Exercise/install/village_interfaces/share/village_interfaces/hook/cmake_prefix_path.sh'
[0.632s] Level 1:colcon.colcon_core.environment:checking '/home/ke/ANU/Algo Trading/ros2Exercise/install/village_interfaces/lib'
[0.632s] Level 1:colcon.colcon_core.shell:create_environment_hook('village_interfaces', 'ld_library_path_lib')
[0.632s] INFO:colcon.colcon_core.shell:Creating environment hook '/home/ke/ANU/Algo Trading/ros2Exercise/install/village_interfaces/share/village_interfaces/hook/ld_library_path_lib.ps1'
[0.632s] INFO:colcon.colcon_core.shell:Creating environment descriptor '/home/ke/ANU/Algo Trading/ros2Exercise/install/village_interfaces/share/village_interfaces/hook/ld_library_path_lib.dsv'
[0.633s] INFO:colcon.colcon_core.shell:Creating environment hook '/home/ke/ANU/Algo Trading/ros2Exercise/install/village_interfaces/share/village_interfaces/hook/ld_library_path_lib.sh'
[0.633s] Level 1:colcon.colcon_core.environment:checking '/home/ke/ANU/Algo Trading/ros2Exercise/install/village_interfaces/bin'
[0.633s] Level 1:colcon.colcon_core.environment:checking '/home/ke/ANU/Algo Trading/ros2Exercise/install/village_interfaces/lib/pkgconfig/village_interfaces.pc'
[0.633s] Level 1:colcon.colcon_core.environment:checking '/home/ke/ANU/Algo Trading/ros2Exercise/install/village_interfaces/lib/python3.10/site-packages'
[0.633s] Level 1:colcon.colcon_core.shell:create_environment_hook('village_interfaces', 'pythonpath')
[0.633s] INFO:colcon.colcon_core.shell:Creating environment hook '/home/ke/ANU/Algo Trading/ros2Exercise/install/village_interfaces/share/village_interfaces/hook/pythonpath.ps1'
[0.633s] INFO:colcon.colcon_core.shell:Creating environment descriptor '/home/ke/ANU/Algo Trading/ros2Exercise/install/village_interfaces/share/village_interfaces/hook/pythonpath.dsv'
[0.633s] INFO:colcon.colcon_core.shell:Creating environment hook '/home/ke/ANU/Algo Trading/ros2Exercise/install/village_interfaces/share/village_interfaces/hook/pythonpath.sh'
[0.634s] Level 1:colcon.colcon_core.environment:checking '/home/ke/ANU/Algo Trading/ros2Exercise/install/village_interfaces/bin'
[0.634s] INFO:colcon.colcon_core.shell:Creating package script '/home/ke/ANU/Algo Trading/ros2Exercise/install/village_interfaces/share/village_interfaces/package.ps1'
[0.634s] INFO:colcon.colcon_core.shell:Creating package descriptor '/home/ke/ANU/Algo Trading/ros2Exercise/install/village_interfaces/share/village_interfaces/package.dsv'
[0.634s] INFO:colcon.colcon_core.shell:Creating package script '/home/ke/ANU/Algo Trading/ros2Exercise/install/village_interfaces/share/village_interfaces/package.sh'
[0.635s] INFO:colcon.colcon_core.shell:Creating package script '/home/ke/ANU/Algo Trading/ros2Exercise/install/village_interfaces/share/village_interfaces/package.bash'
[0.635s] INFO:colcon.colcon_core.shell:Creating package script '/home/ke/ANU/Algo Trading/ros2Exercise/install/village_interfaces/share/village_interfaces/package.zsh'
[0.635s] Level 1:colcon.colcon_core.environment:create_file_with_runtime_dependencies(/home/ke/ANU/Algo Trading/ros2Exercise/install/village_interfaces/share/colcon-core/packages/village_interfaces)
[0.635s] INFO:colcon.colcon_ros.task.ament_python.build:Building ROS package in '/home/ke/ANU/Algo Trading/ros2Exercise/src/village_li' with build type 'ament_python'
[0.635s] Level 1:colcon.colcon_core.shell:create_environment_hook('village_li', 'ament_prefix_path')
[0.635s] INFO:colcon.colcon_core.shell:Creating environment hook '/home/ke/ANU/Algo Trading/ros2Exercise/install/village_li/share/village_li/hook/ament_prefix_path.ps1'
[0.636s] INFO:colcon.colcon_core.shell:Creating environment descriptor '/home/ke/ANU/Algo Trading/ros2Exercise/install/village_li/share/village_li/hook/ament_prefix_path.dsv'
[0.636s] INFO:colcon.colcon_core.shell:Creating environment hook '/home/ke/ANU/Algo Trading/ros2Exercise/install/village_li/share/village_li/hook/ament_prefix_path.sh'
[0.636s] INFO:colcon.colcon_core.shell:Skip shell extension 'powershell' for command environment: Not usable outside of PowerShell
[0.637s] DEBUG:colcon.colcon_core.shell:Skip shell extension 'dsv' for command environment
[0.639s] INFO:colcon.colcon_ros.task.ament_cmake.build:Building ROS package in '/home/ke/ANU/Algo Trading/ros2Exercise/src/village_wang' with build type 'ament_cmake'
[0.639s] INFO:colcon.colcon_cmake.task.cmake.build:Building CMake package in '/home/ke/ANU/Algo Trading/ros2Exercise/src/village_wang'
[0.640s] INFO:colcon.colcon_core.shell:Skip shell extension 'powershell' for command environment: Not usable outside of PowerShell
[0.640s] DEBUG:colcon.colcon_core.shell:Skip shell extension 'dsv' for command environment
[0.642s] INFO:colcon.colcon_ros.task.ament_cmake.build:Building ROS package in '/home/ke/ANU/Algo Trading/ros2Exercise/src/village_zhang' with build type 'ament_cmake'
[0.642s] INFO:colcon.colcon_cmake.task.cmake.build:Building CMake package in '/home/ke/ANU/Algo Trading/ros2Exercise/src/village_zhang'
[0.642s] INFO:colcon.colcon_core.shell:Skip shell extension 'powershell' for command environment: Not usable outside of PowerShell
[0.642s] DEBUG:colcon.colcon_core.shell:Skip shell extension 'dsv' for command environment
[0.786s] INFO:colcon.colcon_core.task.python.build:Building Python package in '/home/ke/ANU/Algo Trading/ros2Exercise/src/village_li'
[0.786s] INFO:colcon.colcon_core.shell:Skip shell extension 'powershell' for command environment: Not usable outside of PowerShell
[0.786s] DEBUG:colcon.colcon_core.shell:Skip shell extension 'dsv' for command environment
[0.792s] DEBUG:colcon.colcon_core.event_handler.log_command:Invoking command in '/home/ke/ANU/Algo Trading/ros2Exercise/build/village_wang': CMAKE_PREFIX_PATH=/home/ke/ANU/Algo Trading/ros2Exercise/install/village_interfaces:/home/ke/ANU/Algo Trading/ros2Exercise/install/village_wang:/home/ke/ANU/Algo Trading/ros2Exercise/install/village_li:/opt/ros/iron PYTHONPATH=/home/ke/ANU/Algo Trading/ros2Exercise/install/village_interfaces/lib/python3.10/site-packages:/home/ke/ANU/Algo Trading/ros2Exercise/install/village_li/lib/python3.10/site-packages:/opt/ros/iron/lib/python3.10/site-packages /usr/bin/cmake --build /home/ke/ANU/Algo Trading/ros2Exercise/build/village_wang -- -j20 -l20
[0.794s] DEBUG:colcon.colcon_core.event_handler.log_command:Invoking command in '/home/ke/ANU/Algo Trading/ros2Exercise/build/village_zhang': CMAKE_PREFIX_PATH=/home/ke/ANU/Algo Trading/ros2Exercise/install/village_interfaces:/home/ke/ANU/Algo Trading/ros2Exercise/install/village_wang:/home/ke/ANU/Algo Trading/ros2Exercise/install/village_li:/opt/ros/iron PYTHONPATH=/home/ke/ANU/Algo Trading/ros2Exercise/install/village_interfaces/lib/python3.10/site-packages:/home/ke/ANU/Algo Trading/ros2Exercise/install/village_li/lib/python3.10/site-packages:/opt/ros/iron/lib/python3.10/site-packages /usr/bin/cmake /home/ke/ANU/Algo Trading/ros2Exercise/src/village_zhang -DCMAKE_INSTALL_PREFIX=/home/ke/ANU/Algo Trading/ros2Exercise/install/village_zhang
[0.852s] DEBUG:colcon.colcon_core.event_handler.log_command:Invoked command in '/home/ke/ANU/Algo Trading/ros2Exercise/build/village_wang' returned '0': CMAKE_PREFIX_PATH=/home/ke/ANU/Algo Trading/ros2Exercise/install/village_interfaces:/home/ke/ANU/Algo Trading/ros2Exercise/install/village_wang:/home/ke/ANU/Algo Trading/ros2Exercise/install/village_li:/opt/ros/iron PYTHONPATH=/home/ke/ANU/Algo Trading/ros2Exercise/install/village_interfaces/lib/python3.10/site-packages:/home/ke/ANU/Algo Trading/ros2Exercise/install/village_li/lib/python3.10/site-packages:/opt/ros/iron/lib/python3.10/site-packages /usr/bin/cmake --build /home/ke/ANU/Algo Trading/ros2Exercise/build/village_wang -- -j20 -l20
[0.875s] DEBUG:colcon.colcon_core.event_handler.log_command:Invoking command in '/home/ke/ANU/Algo Trading/ros2Exercise/build/village_wang': CMAKE_PREFIX_PATH=/home/ke/ANU/Algo Trading/ros2Exercise/install/village_interfaces:/home/ke/ANU/Algo Trading/ros2Exercise/install/village_wang:/home/ke/ANU/Algo Trading/ros2Exercise/install/village_li:/opt/ros/iron PYTHONPATH=/home/ke/ANU/Algo Trading/ros2Exercise/install/village_interfaces/lib/python3.10/site-packages:/home/ke/ANU/Algo Trading/ros2Exercise/install/village_li/lib/python3.10/site-packages:/opt/ros/iron/lib/python3.10/site-packages /usr/bin/cmake --install /home/ke/ANU/Algo Trading/ros2Exercise/build/village_wang
[0.882s] Level 1:colcon.colcon_core.environment:create_environment_scripts_only(village_wang)
[0.882s] Level 1:colcon.colcon_core.environment:checking '/home/ke/ANU/Algo Trading/ros2Exercise/install/village_wang' for CMake module files
[0.882s] DEBUG:colcon.colcon_core.event_handler.log_command:Invoked command in '/home/ke/ANU/Algo Trading/ros2Exercise/build/village_wang' returned '0': CMAKE_PREFIX_PATH=/home/ke/ANU/Algo Trading/ros2Exercise/install/village_interfaces:/home/ke/ANU/Algo Trading/ros2Exercise/install/village_wang:/home/ke/ANU/Algo Trading/ros2Exercise/install/village_li:/opt/ros/iron PYTHONPATH=/home/ke/ANU/Algo Trading/ros2Exercise/install/village_interfaces/lib/python3.10/site-packages:/home/ke/ANU/Algo Trading/ros2Exercise/install/village_li/lib/python3.10/site-packages:/opt/ros/iron/lib/python3.10/site-packages /usr/bin/cmake --install /home/ke/ANU/Algo Trading/ros2Exercise/build/village_wang
[0.882s] Level 1:colcon.colcon_core.environment:checking '/home/ke/ANU/Algo Trading/ros2Exercise/install/village_wang' for CMake config files
[0.883s] Level 1:colcon.colcon_core.shell:create_environment_hook('village_wang', 'cmake_prefix_path')
[0.883s] INFO:colcon.colcon_core.shell:Creating environment hook '/home/ke/ANU/Algo Trading/ros2Exercise/install/village_wang/share/village_wang/hook/cmake_prefix_path.ps1'
[0.883s] INFO:colcon.colcon_core.shell:Creating environment descriptor '/home/ke/ANU/Algo Trading/ros2Exercise/install/village_wang/share/village_wang/hook/cmake_prefix_path.dsv'
[0.883s] INFO:colcon.colcon_core.shell:Creating environment hook '/home/ke/ANU/Algo Trading/ros2Exercise/install/village_wang/share/village_wang/hook/cmake_prefix_path.sh'
[0.884s] Level 1:colcon.colcon_core.environment:checking '/home/ke/ANU/Algo Trading/ros2Exercise/install/village_wang/lib'
[0.884s] Level 1:colcon.colcon_core.environment:checking '/home/ke/ANU/Algo Trading/ros2Exercise/install/village_wang/bin'
[0.884s] Level 1:colcon.colcon_core.environment:checking '/home/ke/ANU/Algo Trading/ros2Exercise/install/village_wang/lib/pkgconfig/village_wang.pc'
[0.884s] Level 1:colcon.colcon_core.environment:checking '/home/ke/ANU/Algo Trading/ros2Exercise/install/village_wang/lib/python3.10/site-packages'
[0.884s] Level 1:colcon.colcon_core.environment:checking '/home/ke/ANU/Algo Trading/ros2Exercise/install/village_wang/bin'
[0.884s] INFO:colcon.colcon_core.shell:Creating package script '/home/ke/ANU/Algo Trading/ros2Exercise/install/village_wang/share/village_wang/package.ps1'
[0.884s] INFO:colcon.colcon_core.shell:Creating package descriptor '/home/ke/ANU/Algo Trading/ros2Exercise/install/village_wang/share/village_wang/package.dsv'
[0.885s] INFO:colcon.colcon_core.shell:Creating package script '/home/ke/ANU/Algo Trading/ros2Exercise/install/village_wang/share/village_wang/package.sh'
[0.885s] INFO:colcon.colcon_core.shell:Creating package script '/home/ke/ANU/Algo Trading/ros2Exercise/install/village_wang/share/village_wang/package.bash'
[0.885s] INFO:colcon.colcon_core.shell:Creating package script '/home/ke/ANU/Algo Trading/ros2Exercise/install/village_wang/share/village_wang/package.zsh'
[0.885s] Level 1:colcon.colcon_core.environment:create_file_with_runtime_dependencies(/home/ke/ANU/Algo Trading/ros2Exercise/install/village_wang/share/colcon-core/packages/village_wang)
[0.909s] Level 1:colcon.colcon_core.environment:create_environment_scripts_only(village_wang)
[0.910s] Level 1:colcon.colcon_core.environment:checking '/home/ke/ANU/Algo Trading/ros2Exercise/install/village_wang' for CMake module files
[0.910s] Level 1:colcon.colcon_core.environment:checking '/home/ke/ANU/Algo Trading/ros2Exercise/install/village_wang' for CMake config files
[0.910s] Level 1:colcon.colcon_core.shell:create_environment_hook('village_wang', 'cmake_prefix_path')
[0.911s] INFO:colcon.colcon_core.shell:Creating environment hook '/home/ke/ANU/Algo Trading/ros2Exercise/install/village_wang/share/village_wang/hook/cmake_prefix_path.ps1'
[0.911s] INFO:colcon.colcon_core.shell:Creating environment descriptor '/home/ke/ANU/Algo Trading/ros2Exercise/install/village_wang/share/village_wang/hook/cmake_prefix_path.dsv'
[0.911s] INFO:colcon.colcon_core.shell:Creating environment hook '/home/ke/ANU/Algo Trading/ros2Exercise/install/village_wang/share/village_wang/hook/cmake_prefix_path.sh'
[0.912s] Level 1:colcon.colcon_core.environment:checking '/home/ke/ANU/Algo Trading/ros2Exercise/install/village_wang/lib'
[0.912s] Level 1:colcon.colcon_core.environment:checking '/home/ke/ANU/Algo Trading/ros2Exercise/install/village_wang/bin'
[0.912s] Level 1:colcon.colcon_core.environment:checking '/home/ke/ANU/Algo Trading/ros2Exercise/install/village_wang/lib/pkgconfig/village_wang.pc'
[0.913s] Level 1:colcon.colcon_core.environment:checking '/home/ke/ANU/Algo Trading/ros2Exercise/install/village_wang/lib/python3.10/site-packages'
[0.913s] Level 1:colcon.colcon_core.environment:checking '/home/ke/ANU/Algo Trading/ros2Exercise/install/village_wang/bin'
[0.913s] INFO:colcon.colcon_core.shell:Creating package script '/home/ke/ANU/Algo Trading/ros2Exercise/install/village_wang/share/village_wang/package.ps1'
[0.913s] INFO:colcon.colcon_core.shell:Creating package descriptor '/home/ke/ANU/Algo Trading/ros2Exercise/install/village_wang/share/village_wang/package.dsv'
[0.914s] INFO:colcon.colcon_core.shell:Creating package script '/home/ke/ANU/Algo Trading/ros2Exercise/install/village_wang/share/village_wang/package.sh'
[0.914s] INFO:colcon.colcon_core.shell:Creating package script '/home/ke/ANU/Algo Trading/ros2Exercise/install/village_wang/share/village_wang/package.bash'
[0.914s] INFO:colcon.colcon_core.shell:Creating package script '/home/ke/ANU/Algo Trading/ros2Exercise/install/village_wang/share/village_wang/package.zsh'
[0.914s] Level 1:colcon.colcon_core.environment:create_file_with_runtime_dependencies(/home/ke/ANU/Algo Trading/ros2Exercise/install/village_wang/share/colcon-core/packages/village_wang)
[1.012s] DEBUG:colcon.colcon_core.event_handler.log_command:Invoking command in '/home/ke/ANU/Algo Trading/ros2Exercise/src/village_li': CMAKE_PREFIX_PATH=/home/ke/ANU/Algo Trading/ros2Exercise/install/village_interfaces:/home/ke/ANU/Algo Trading/ros2Exercise/install/village_wang PYTHONPATH=/home/ke/ANU/Algo Trading/ros2Exercise/build/village_li/prefix_override:/usr/lib/python3/dist-packages/colcon_core/task/python/colcon_distutils_commands:/home/ke/ANU/Algo Trading/ros2Exercise/install/village_li/lib/python3.10/site-packages:/home/ke/ANU/Algo Trading/ros2Exercise/install/village_interfaces/lib/python3.10/site-packages:/home/ke/ANU/Algo Trading/ros2Exercise/install/village_li/lib/python3.10/site-packages:/opt/ros/iron/lib/python3.10/site-packages /usr/bin/python3 -W ignore:setup.py install is deprecated setup.py egg_info --egg-base ../../build/village_li build --build-base /home/ke/ANU/Algo Trading/ros2Exercise/build/village_li/build install --record /home/ke/ANU/Algo Trading/ros2Exercise/build/village_li/install.log --single-version-externally-managed install_data
[1.180s] Level 1:colcon.colcon_core.environment:checking '/home/ke/ANU/Algo Trading/ros2Exercise/install/village_li' for CMake module files
[1.181s] DEBUG:colcon.colcon_core.event_handler.log_command:Invoked command in '/home/ke/ANU/Algo Trading/ros2Exercise/src/village_li' returned '0': CMAKE_PREFIX_PATH=/home/ke/ANU/Algo Trading/ros2Exercise/install/village_interfaces:/home/ke/ANU/Algo Trading/ros2Exercise/install/village_wang PYTHONPATH=/home/ke/ANU/Algo Trading/ros2Exercise/build/village_li/prefix_override:/usr/lib/python3/dist-packages/colcon_core/task/python/colcon_distutils_commands:/home/ke/ANU/Algo Trading/ros2Exercise/install/village_li/lib/python3.10/site-packages:/home/ke/ANU/Algo Trading/ros2Exercise/install/village_interfaces/lib/python3.10/site-packages:/home/ke/ANU/Algo Trading/ros2Exercise/install/village_li/lib/python3.10/site-packages:/opt/ros/iron/lib/python3.10/site-packages /usr/bin/python3 -W ignore:setup.py install is deprecated setup.py egg_info --egg-base ../../build/village_li build --build-base /home/ke/ANU/Algo Trading/ros2Exercise/build/village_li/build install --record /home/ke/ANU/Algo Trading/ros2Exercise/build/village_li/install.log --single-version-externally-managed install_data
[1.181s] Level 1:colcon.colcon_core.environment:checking '/home/ke/ANU/Algo Trading/ros2Exercise/install/village_li' for CMake config files
[1.181s] Level 1:colcon.colcon_core.environment:checking '/home/ke/ANU/Algo Trading/ros2Exercise/install/village_li/lib'
[1.181s] Level 1:colcon.colcon_core.environment:checking '/home/ke/ANU/Algo Trading/ros2Exercise/install/village_li/bin'
[1.181s] Level 1:colcon.colcon_core.environment:checking '/home/ke/ANU/Algo Trading/ros2Exercise/install/village_li/lib/pkgconfig/village_li.pc'
[1.181s] Level 1:colcon.colcon_core.environment:checking '/home/ke/ANU/Algo Trading/ros2Exercise/install/village_li/lib/python3.10/site-packages'
[1.181s] Level 1:colcon.colcon_core.shell:create_environment_hook('village_li', 'pythonpath')
[1.182s] INFO:colcon.colcon_core.shell:Creating environment hook '/home/ke/ANU/Algo Trading/ros2Exercise/install/village_li/share/village_li/hook/pythonpath.ps1'
[1.182s] INFO:colcon.colcon_core.shell:Creating environment descriptor '/home/ke/ANU/Algo Trading/ros2Exercise/install/village_li/share/village_li/hook/pythonpath.dsv'
[1.182s] INFO:colcon.colcon_core.shell:Creating environment hook '/home/ke/ANU/Algo Trading/ros2Exercise/install/village_li/share/village_li/hook/pythonpath.sh'
[1.182s] Level 1:colcon.colcon_core.environment:checking '/home/ke/ANU/Algo Trading/ros2Exercise/install/village_li/bin'
[1.182s] Level 1:colcon.colcon_core.environment:create_environment_scripts_only(village_li)
[1.183s] INFO:colcon.colcon_core.shell:Creating package script '/home/ke/ANU/Algo Trading/ros2Exercise/install/village_li/share/village_li/package.ps1'
[1.183s] INFO:colcon.colcon_core.shell:Creating package descriptor '/home/ke/ANU/Algo Trading/ros2Exercise/install/village_li/share/village_li/package.dsv'
[1.183s] INFO:colcon.colcon_core.shell:Creating package script '/home/ke/ANU/Algo Trading/ros2Exercise/install/village_li/share/village_li/package.sh'
[1.183s] INFO:colcon.colcon_core.shell:Creating package script '/home/ke/ANU/Algo Trading/ros2Exercise/install/village_li/share/village_li/package.bash'
[1.183s] INFO:colcon.colcon_core.shell:Creating package script '/home/ke/ANU/Algo Trading/ros2Exercise/install/village_li/share/village_li/package.zsh'
[1.184s] Level 1:colcon.colcon_core.environment:create_file_with_runtime_dependencies(/home/ke/ANU/Algo Trading/ros2Exercise/install/village_li/share/colcon-core/packages/village_li)
[1.511s] DEBUG:colcon.colcon_core.event_handler.log_command:Invoked command in '/home/ke/ANU/Algo Trading/ros2Exercise/build/village_zhang' returned '0': CMAKE_PREFIX_PATH=/home/ke/ANU/Algo Trading/ros2Exercise/install/village_interfaces:/home/ke/ANU/Algo Trading/ros2Exercise/install/village_wang:/home/ke/ANU/Algo Trading/ros2Exercise/install/village_li:/opt/ros/iron PYTHONPATH=/home/ke/ANU/Algo Trading/ros2Exercise/install/village_interfaces/lib/python3.10/site-packages:/home/ke/ANU/Algo Trading/ros2Exercise/install/village_li/lib/python3.10/site-packages:/opt/ros/iron/lib/python3.10/site-packages /usr/bin/cmake /home/ke/ANU/Algo Trading/ros2Exercise/src/village_zhang -DCMAKE_INSTALL_PREFIX=/home/ke/ANU/Algo Trading/ros2Exercise/install/village_zhang
[1.511s] DEBUG:colcon.colcon_core.event_handler.log_command:Invoking command in '/home/ke/ANU/Algo Trading/ros2Exercise/build/village_zhang': CMAKE_PREFIX_PATH=/home/ke/ANU/Algo Trading/ros2Exercise/install/village_interfaces:/home/ke/ANU/Algo Trading/ros2Exercise/install/village_wang:/home/ke/ANU/Algo Trading/ros2Exercise/install/village_li:/opt/ros/iron PYTHONPATH=/home/ke/ANU/Algo Trading/ros2Exercise/install/village_interfaces/lib/python3.10/site-packages:/home/ke/ANU/Algo Trading/ros2Exercise/install/village_li/lib/python3.10/site-packages:/opt/ros/iron/lib/python3.10/site-packages /usr/bin/cmake --build /home/ke/ANU/Algo Trading/ros2Exercise/build/village_zhang -- -j20 -l20
[3.528s] DEBUG:colcon.colcon_core.event_handler.log_command:Invoked command in '/home/ke/ANU/Algo Trading/ros2Exercise/build/village_zhang' returned '0': CMAKE_PREFIX_PATH=/home/ke/ANU/Algo Trading/ros2Exercise/install/village_interfaces:/home/ke/ANU/Algo Trading/ros2Exercise/install/village_wang:/home/ke/ANU/Algo Trading/ros2Exercise/install/village_li:/opt/ros/iron PYTHONPATH=/home/ke/ANU/Algo Trading/ros2Exercise/install/village_interfaces/lib/python3.10/site-packages:/home/ke/ANU/Algo Trading/ros2Exercise/install/village_li/lib/python3.10/site-packages:/opt/ros/iron/lib/python3.10/site-packages /usr/bin/cmake --build /home/ke/ANU/Algo Trading/ros2Exercise/build/village_zhang -- -j20 -l20
[3.548s] DEBUG:colcon.colcon_core.event_handler.log_command:Invoking command in '/home/ke/ANU/Algo Trading/ros2Exercise/build/village_zhang': CMAKE_PREFIX_PATH=/home/ke/ANU/Algo Trading/ros2Exercise/install/village_interfaces:/home/ke/ANU/Algo Trading/ros2Exercise/install/village_wang:/home/ke/ANU/Algo Trading/ros2Exercise/install/village_li:/opt/ros/iron PYTHONPATH=/home/ke/ANU/Algo Trading/ros2Exercise/install/village_interfaces/lib/python3.10/site-packages:/home/ke/ANU/Algo Trading/ros2Exercise/install/village_li/lib/python3.10/site-packages:/opt/ros/iron/lib/python3.10/site-packages /usr/bin/cmake --install /home/ke/ANU/Algo Trading/ros2Exercise/build/village_zhang
[3.555s] Level 1:colcon.colcon_core.environment:create_environment_scripts_only(village_zhang)
[3.555s] DEBUG:colcon.colcon_core.event_handler.log_command:Invoked command in '/home/ke/ANU/Algo Trading/ros2Exercise/build/village_zhang' returned '0': CMAKE_PREFIX_PATH=/home/ke/ANU/Algo Trading/ros2Exercise/install/village_interfaces:/home/ke/ANU/Algo Trading/ros2Exercise/install/village_wang:/home/ke/ANU/Algo Trading/ros2Exercise/install/village_li:/opt/ros/iron PYTHONPATH=/home/ke/ANU/Algo Trading/ros2Exercise/install/village_interfaces/lib/python3.10/site-packages:/home/ke/ANU/Algo Trading/ros2Exercise/install/village_li/lib/python3.10/site-packages:/opt/ros/iron/lib/python3.10/site-packages /usr/bin/cmake --install /home/ke/ANU/Algo Trading/ros2Exercise/build/village_zhang
[3.556s] Level 1:colcon.colcon_core.environment:checking '/home/ke/ANU/Algo Trading/ros2Exercise/install/village_zhang' for CMake module files
[3.556s] Level 1:colcon.colcon_core.environment:checking '/home/ke/ANU/Algo Trading/ros2Exercise/install/village_zhang' for CMake config files
[3.557s] Level 1:colcon.colcon_core.shell:create_environment_hook('village_zhang', 'cmake_prefix_path')
[3.557s] INFO:colcon.colcon_core.shell:Creating environment hook '/home/ke/ANU/Algo Trading/ros2Exercise/install/village_zhang/share/village_zhang/hook/cmake_prefix_path.ps1'
[3.557s] INFO:colcon.colcon_core.shell:Creating environment descriptor '/home/ke/ANU/Algo Trading/ros2Exercise/install/village_zhang/share/village_zhang/hook/cmake_prefix_path.dsv'
[3.558s] INFO:colcon.colcon_core.shell:Creating environment hook '/home/ke/ANU/Algo Trading/ros2Exercise/install/village_zhang/share/village_zhang/hook/cmake_prefix_path.sh'
[3.558s] Level 1:colcon.colcon_core.environment:checking '/home/ke/ANU/Algo Trading/ros2Exercise/install/village_zhang/lib'
[3.558s] Level 1:colcon.colcon_core.environment:checking '/home/ke/ANU/Algo Trading/ros2Exercise/install/village_zhang/bin'
[3.558s] Level 1:colcon.colcon_core.environment:checking '/home/ke/ANU/Algo Trading/ros2Exercise/install/village_zhang/lib/pkgconfig/village_zhang.pc'
[3.559s] Level 1:colcon.colcon_core.environment:checking '/home/ke/ANU/Algo Trading/ros2Exercise/install/village_zhang/lib/python3.10/site-packages'
[3.559s] Level 1:colcon.colcon_core.environment:checking '/home/ke/ANU/Algo Trading/ros2Exercise/install/village_zhang/bin'
[3.559s] INFO:colcon.colcon_core.shell:Creating package script '/home/ke/ANU/Algo Trading/ros2Exercise/install/village_zhang/share/village_zhang/package.ps1'
[3.560s] INFO:colcon.colcon_core.shell:Creating package descriptor '/home/ke/ANU/Algo Trading/ros2Exercise/install/village_zhang/share/village_zhang/package.dsv'
[3.560s] INFO:colcon.colcon_core.shell:Creating package script '/home/ke/ANU/Algo Trading/ros2Exercise/install/village_zhang/share/village_zhang/package.sh'
[3.561s] INFO:colcon.colcon_core.shell:Creating package script '/home/ke/ANU/Algo Trading/ros2Exercise/install/village_zhang/share/village_zhang/package.bash'
[3.561s] INFO:colcon.colcon_core.shell:Creating package script '/home/ke/ANU/Algo Trading/ros2Exercise/install/village_zhang/share/village_zhang/package.zsh'
[3.561s] Level 1:colcon.colcon_core.environment:create_file_with_runtime_dependencies(/home/ke/ANU/Algo Trading/ros2Exercise/install/village_zhang/share/colcon-core/packages/village_zhang)
[3.584s] Level 1:colcon.colcon_core.environment:create_environment_scripts_only(village_zhang)
[3.584s] Level 1:colcon.colcon_core.environment:checking '/home/ke/ANU/Algo Trading/ros2Exercise/install/village_zhang' for CMake module files
[3.585s] Level 1:colcon.colcon_core.environment:checking '/home/ke/ANU/Algo Trading/ros2Exercise/install/village_zhang' for CMake config files
[3.585s] Level 1:colcon.colcon_core.shell:create_environment_hook('village_zhang', 'cmake_prefix_path')
[3.585s] INFO:colcon.colcon_core.shell:Creating environment hook '/home/ke/ANU/Algo Trading/ros2Exercise/install/village_zhang/share/village_zhang/hook/cmake_prefix_path.ps1'
[3.585s] INFO:colcon.colcon_core.shell:Creating environment descriptor '/home/ke/ANU/Algo Trading/ros2Exercise/install/village_zhang/share/village_zhang/hook/cmake_prefix_path.dsv'
[3.585s] INFO:colcon.colcon_core.shell:Creating environment hook '/home/ke/ANU/Algo Trading/ros2Exercise/install/village_zhang/share/village_zhang/hook/cmake_prefix_path.sh'
[3.586s] Level 1:colcon.colcon_core.environment:checking '/home/ke/ANU/Algo Trading/ros2Exercise/install/village_zhang/lib'
[3.586s] Level 1:colcon.colcon_core.environment:checking '/home/ke/ANU/Algo Trading/ros2Exercise/install/village_zhang/bin'
[3.586s] Level 1:colcon.colcon_core.environment:checking '/home/ke/ANU/Algo Trading/ros2Exercise/install/village_zhang/lib/pkgconfig/village_zhang.pc'
[3.586s] Level 1:colcon.colcon_core.environment:checking '/home/ke/ANU/Algo Trading/ros2Exercise/install/village_zhang/lib/python3.10/site-packages'
[3.586s] Level 1:colcon.colcon_core.environment:checking '/home/ke/ANU/Algo Trading/ros2Exercise/install/village_zhang/bin'
[3.586s] INFO:colcon.colcon_core.shell:Creating package script '/home/ke/ANU/Algo Trading/ros2Exercise/install/village_zhang/share/village_zhang/package.ps1'
[3.586s] INFO:colcon.colcon_core.shell:Creating package descriptor '/home/ke/ANU/Algo Trading/ros2Exercise/install/village_zhang/share/village_zhang/package.dsv'
[3.587s] INFO:colcon.colcon_core.shell:Creating package script '/home/ke/ANU/Algo Trading/ros2Exercise/install/village_zhang/share/village_zhang/package.sh'
[3.587s] INFO:colcon.colcon_core.shell:Creating package script '/home/ke/ANU/Algo Trading/ros2Exercise/install/village_zhang/share/village_zhang/package.bash'
[3.587s] INFO:colcon.colcon_core.shell:Creating package script '/home/ke/ANU/Algo Trading/ros2Exercise/install/village_zhang/share/village_zhang/package.zsh'
[3.587s] Level 1:colcon.colcon_core.environment:create_file_with_runtime_dependencies(/home/ke/ANU/Algo Trading/ros2Exercise/install/village_zhang/share/colcon-core/packages/village_zhang)
[3.587s] DEBUG:colcon.colcon_parallel_executor.executor.parallel:closing loop
[3.587s] DEBUG:colcon.colcon_parallel_executor.executor.parallel:loop closed
[3.588s] DEBUG:colcon.colcon_parallel_executor.executor.parallel:run_until_complete finished with '0'
[3.588s] DEBUG:colcon.colcon_core.event_reactor:joining thread
[3.591s] INFO:colcon.colcon_core.plugin_system:Skipping extension 'colcon_notification.desktop_notification.terminal_notifier': Not used on non-Darwin systems
[3.591s] INFO:colcon.colcon_core.plugin_system:Skipping extension 'colcon_notification.desktop_notification.win32': Not used on non-Windows systems
[3.591s] INFO:colcon.colcon_notification.desktop_notification:Sending desktop notification using 'notify2'
[3.605s] DEBUG:colcon.colcon_core.event_reactor:joined thread
[3.605s] INFO:colcon.colcon_core.shell:Creating prefix script '/home/ke/ANU/Algo Trading/ros2Exercise/install/local_setup.ps1'
[3.606s] INFO:colcon.colcon_core.shell:Creating prefix util module '/home/ke/ANU/Algo Trading/ros2Exercise/install/_local_setup_util_ps1.py'
[3.606s] INFO:colcon.colcon_core.shell:Creating prefix chain script '/home/ke/ANU/Algo Trading/ros2Exercise/install/setup.ps1'
[3.607s] INFO:colcon.colcon_core.shell:Creating prefix script '/home/ke/ANU/Algo Trading/ros2Exercise/install/local_setup.sh'
[3.607s] INFO:colcon.colcon_core.shell:Creating prefix util module '/home/ke/ANU/Algo Trading/ros2Exercise/install/_local_setup_util_sh.py'
[3.607s] INFO:colcon.colcon_core.shell:Creating prefix chain script '/home/ke/ANU/Algo Trading/ros2Exercise/install/setup.sh'
[3.608s] INFO:colcon.colcon_core.shell:Creating prefix script '/home/ke/ANU/Algo Trading/ros2Exercise/install/local_setup.bash'
[3.608s] INFO:colcon.colcon_core.shell:Creating prefix chain script '/home/ke/ANU/Algo Trading/ros2Exercise/install/setup.bash'
[3.609s] INFO:colcon.colcon_core.shell:Creating prefix script '/home/ke/ANU/Algo Trading/ros2Exercise/install/local_setup.zsh'
[3.609s] INFO:colcon.colcon_core.shell:Creating prefix chain script '/home/ke/ANU/Algo Trading/ros2Exercise/install/setup.zsh'
