[0.164s] Invoking command in '/home/ke/ANU/Algo Trading/ros2Exercise/build/village_zhang': CMAKE_PREFIX_PATH=/home/ke/ANU/Algo Trading/ros2Exercise/install/village_interfaces:/home/ke/ANU/Algo Trading/ros2Exercise/install/village_zhang:/home/ke/ANU/Algo Trading/ros2Exercise/install/village_wang:/home/ke/ANU/Algo Trading/ros2Exercise/install/village_li:/opt/ros/iron PYTHONPATH=/home/ke/ANU/Algo Trading/ros2Exercise/install/village_interfaces/lib/python3.10/site-packages:/home/ke/ANU/Algo Trading/ros2Exercise/install/village_li/lib/python3.10/site-packages:/opt/ros/iron/lib/python3.10/site-packages /usr/bin/cmake --build /home/ke/ANU/Algo Trading/ros2Exercise/build/village_zhang -- -j20 -l20
[0.202s] [35m[1mConsolidate compiler generated dependencies of target zhang3_node[0m
[0.218s] [ 50%] [32mBuilding CXX object CMakeFiles/zhang3_node.dir/src/zhang3.cpp.o[0m
[1.690s] In file included from [01m[K/opt/ros/iron/include/rclcpp/rclcpp/logging.hpp:24[m[K,
[1.690s]                  from [01m[K/opt/ros/iron/include/rclcpp/rclcpp/client.hpp:43[m[K,
[1.690s]                  from [01m[K/opt/ros/iron/include/rclcpp/rclcpp/callback_group.hpp:24[m[K,
[1.690s]                  from [01m[K/opt/ros/iron/include/rclcpp/rclcpp/any_executable.hpp:20[m[K,
[1.690s]                  from [01m[K/opt/ros/iron/include/rclcpp/rclcpp/memory_strategy.hpp:25[m[K,
[1.691s]                  from [01m[K/opt/ros/iron/include/rclcpp/rclcpp/memory_strategies.hpp:18[m[K,
[1.691s]                  from [01m[K/opt/ros/iron/include/rclcpp/rclcpp/executor_options.hpp:20[m[K,
[1.691s]                  from [01m[K/opt/ros/iron/include/rclcpp/rclcpp/executor.hpp:37[m[K,
[1.691s]                  from [01m[K/opt/ros/iron/include/rclcpp/rclcpp/executors/multi_threaded_executor.hpp:25[m[K,
[1.691s]                  from [01m[K/opt/ros/iron/include/rclcpp/rclcpp/executors.hpp:21[m[K,
[1.691s]                  from [01m[K/opt/ros/iron/include/rclcpp/rclcpp/rclcpp.hpp:167[m[K,
[1.691s]                  from [01m[K/home/ke/ANU/Algo Trading/ros2Exercise/src/village_zhang/src/zhang3.cpp:1[m[K:
[1.691s] [01m[K/home/ke/ANU/Algo Trading/ros2Exercise/src/village_zhang/src/zhang3.cpp:[m[K In member function ‘[01m[Kvoid PoorManNode::buy_novels_callback(rclcpp::Client<village_interfaces::srv::SellNovel>::SharedFuture)[m[K’:
[1.691s] [01m[K/home/ke/ANU/Algo Trading/ros2Exercise/src/village_zhang/src/zhang3.cpp:22:41:[m[K [01;35m[Kwarning: [m[Kformat ‘[01m[K%d[m[K’ expects argument of type ‘[01m[Kint[m[K’, but argument 5 has type ‘[01m[Kstd::vector<std::__cxx11::basic_string<char> >::size_type[m[K’ {aka ‘[01m[Klong unsigned int[m[K’} [[01;35m[K]8;;https://gcc.gnu.org/onlinedocs/gcc/Warning-Options.html#index-Wformat=-Wformat=]8;;[m[K]
[1.691s]    22 |         RCLCPP_INFO(this->get_logger(), [01;35m[K"i received %d novels"[m[K, [32m[Kresult->novels.size()[m[K);
[1.691s]       |                                         [01;35m[K^~~~~~~~~~~~~~~~~~~~~~[m[K  [32m[K~~~~~~~~~~~~~~~~~~~~~[m[K
[1.691s]       |                                                                                    [32m[K|[m[K
[1.691s]       |                                                                                    [32m[Kstd::vector<std::__cxx11::basic_string<char> >::size_type {aka long unsigned int}[m[K
[1.692s] [01m[K/home/ke/ANU/Algo Trading/ros2Exercise/src/village_zhang/src/zhang3.cpp:22:54:[m[K [01;36m[Knote: [m[Kformat string is defined here
[1.692s]    22 | LCPP_INFO(this->get_logger(), "i received [01;36m[K%d[m[K novels", result->novels.size());
[1.692s]       |                                           [01;36m[K~^[m[K
[1.692s]       |                                            [01;36m[K|[m[K
[1.692s]       |                                            [01;36m[Kint[m[K
[1.692s]       |                                           [32m[K%ld[m[K
[2.663s] [100%] [32m[1mLinking CXX executable zhang3_node[0m
[2.795s] [100%] Built target zhang3_node
[2.804s] Invoked command in '/home/ke/ANU/Algo Trading/ros2Exercise/build/village_zhang' returned '0': CMAKE_PREFIX_PATH=/home/ke/ANU/Algo Trading/ros2Exercise/install/village_interfaces:/home/ke/ANU/Algo Trading/ros2Exercise/install/village_zhang:/home/ke/ANU/Algo Trading/ros2Exercise/install/village_wang:/home/ke/ANU/Algo Trading/ros2Exercise/install/village_li:/opt/ros/iron PYTHONPATH=/home/ke/ANU/Algo Trading/ros2Exercise/install/village_interfaces/lib/python3.10/site-packages:/home/ke/ANU/Algo Trading/ros2Exercise/install/village_li/lib/python3.10/site-packages:/opt/ros/iron/lib/python3.10/site-packages /usr/bin/cmake --build /home/ke/ANU/Algo Trading/ros2Exercise/build/village_zhang -- -j20 -l20
[2.824s] Invoking command in '/home/ke/ANU/Algo Trading/ros2Exercise/build/village_zhang': CMAKE_PREFIX_PATH=/home/ke/ANU/Algo Trading/ros2Exercise/install/village_interfaces:/home/ke/ANU/Algo Trading/ros2Exercise/install/village_zhang:/home/ke/ANU/Algo Trading/ros2Exercise/install/village_wang:/home/ke/ANU/Algo Trading/ros2Exercise/install/village_li:/opt/ros/iron PYTHONPATH=/home/ke/ANU/Algo Trading/ros2Exercise/install/village_interfaces/lib/python3.10/site-packages:/home/ke/ANU/Algo Trading/ros2Exercise/install/village_li/lib/python3.10/site-packages:/opt/ros/iron/lib/python3.10/site-packages /usr/bin/cmake --install /home/ke/ANU/Algo Trading/ros2Exercise/build/village_zhang
[2.828s] -- Install configuration: ""
[2.829s] -- Up-to-date: /home/ke/ANU/Algo Trading/ros2Exercise/install/village_zhang/share/ament_index/resource_index/package_run_dependencies/village_zhang
[2.829s] -- Up-to-date: /home/ke/ANU/Algo Trading/ros2Exercise/install/village_zhang/share/ament_index/resource_index/parent_prefix_path/village_zhang
[2.829s] -- Up-to-date: /home/ke/ANU/Algo Trading/ros2Exercise/install/village_zhang/share/village_zhang/environment/ament_prefix_path.sh
[2.829s] -- Up-to-date: /home/ke/ANU/Algo Trading/ros2Exercise/install/village_zhang/share/village_zhang/environment/ament_prefix_path.dsv
[2.829s] -- Up-to-date: /home/ke/ANU/Algo Trading/ros2Exercise/install/village_zhang/share/village_zhang/environment/path.sh
[2.829s] -- Up-to-date: /home/ke/ANU/Algo Trading/ros2Exercise/install/village_zhang/share/village_zhang/environment/path.dsv
[2.829s] -- Up-to-date: /home/ke/ANU/Algo Trading/ros2Exercise/install/village_zhang/share/village_zhang/local_setup.bash
[2.829s] -- Up-to-date: /home/ke/ANU/Algo Trading/ros2Exercise/install/village_zhang/share/village_zhang/local_setup.sh
[2.829s] -- Up-to-date: /home/ke/ANU/Algo Trading/ros2Exercise/install/village_zhang/share/village_zhang/local_setup.zsh
[2.829s] -- Up-to-date: /home/ke/ANU/Algo Trading/ros2Exercise/install/village_zhang/share/village_zhang/local_setup.dsv
[2.829s] -- Installing: /home/ke/ANU/Algo Trading/ros2Exercise/install/village_zhang/share/village_zhang/package.dsv
[2.829s] -- Up-to-date: /home/ke/ANU/Algo Trading/ros2Exercise/install/village_zhang/share/ament_index/resource_index/packages/village_zhang
[2.829s] -- Up-to-date: /home/ke/ANU/Algo Trading/ros2Exercise/install/village_zhang/share/village_zhang/cmake/village_zhangConfig.cmake
[2.829s] -- Up-to-date: /home/ke/ANU/Algo Trading/ros2Exercise/install/village_zhang/share/village_zhang/cmake/village_zhangConfig-version.cmake
[2.829s] -- Up-to-date: /home/ke/ANU/Algo Trading/ros2Exercise/install/village_zhang/share/village_zhang/package.xml
[2.829s] -- Installing: /home/ke/ANU/Algo Trading/ros2Exercise/install/village_zhang/lib/village_zhang/zhang3_node
[2.829s] -- Set runtime path of "/home/ke/ANU/Algo Trading/ros2Exercise/install/village_zhang/lib/village_zhang/zhang3_node" to ""
[2.831s] Invoked command in '/home/ke/ANU/Algo Trading/ros2Exercise/build/village_zhang' returned '0': CMAKE_PREFIX_PATH=/home/ke/ANU/Algo Trading/ros2Exercise/install/village_interfaces:/home/ke/ANU/Algo Trading/ros2Exercise/install/village_zhang:/home/ke/ANU/Algo Trading/ros2Exercise/install/village_wang:/home/ke/ANU/Algo Trading/ros2Exercise/install/village_li:/opt/ros/iron PYTHONPATH=/home/ke/ANU/Algo Trading/ros2Exercise/install/village_interfaces/lib/python3.10/site-packages:/home/ke/ANU/Algo Trading/ros2Exercise/install/village_li/lib/python3.10/site-packages:/opt/ros/iron/lib/python3.10/site-packages /usr/bin/cmake --install /home/ke/ANU/Algo Trading/ros2Exercise/build/village_zhang
