-- Found ament_cmake: 2.0.6 (/opt/ros/iron/share/ament_cmake/cmake)
-- Found sensor_msgs: 5.0.1 (/opt/ros/iron/share/sensor_msgs/cmake)
-- Found rosidl_generator_c: 4.0.1 (/opt/ros/iron/share/rosidl_generator_c/cmake)
-- Found rosidl_generator_cpp: 4.0.1 (/opt/ros/iron/share/rosidl_generator_cpp/cmake)
-- Using all available rosidl_typesupport_c: rosidl_typesupport_fastrtps_c;rosidl_typesupport_introspection_c
-- Using all available rosidl_typesupport_cpp: rosidl_typesupport_fastrtps_cpp;rosidl_typesupport_introspection_cpp
-- Found rosidl_default_generators: 1.5.0 (/opt/ros/iron/share/rosidl_default_generators/cmake)
-- Found rosidl_adapter: 4.0.1 (/opt/ros/iron/share/rosidl_adapter/cmake)
-- Found ament_cmake_ros: 0.11.2 (/opt/ros/iron/share/ament_cmake_ros/cmake)
-- Using all available rosidl_typesupport_c: rosidl_typesupport_fastrtps_c;rosidl_typesupport_introspection_c
-- Using all available rosidl_typesupport_cpp: rosidl_typesupport_fastrtps_cpp;rosidl_typesupport_introspection_cpp
-- Found python_cmake_module: 0.10.2 (/opt/ros/iron/share/python_cmake_module/cmake)
-- Using PYTHON_EXECUTABLE: /usr/bin/python3
-- Using PYTHON_INCLUDE_DIRS: /usr/include/python3.10
-- Using PYTHON_LIBRARIES: /usr/lib/x86_64-linux-gnu/libpython3.10.so
-- Found ament_lint_auto: 0.14.4 (/opt/ros/iron/share/ament_lint_auto/cmake)
-- Added test 'lint_cmake' to check CMake code style
-- Added test 'xmllint' to check XML markup files
-- Configuring done
-- Generating done
-- Build files have been written to: /home/ke/ANU/Algo Trading/ros2Exercise/src/build/village_interfaces
[  2%] [34m[1mGenerating type hashes for ROS interfaces[0m
[  2%] Built target ament_cmake_python_copy_village_interfaces
[  2%] Built target village_interfaces__rosidl_generator_type_description
[  5%] [34m[1mGenerating C code for ROS interfaces[0m
[  8%] [34m[1mGenerating C++ code for ROS interfaces[0m
running egg_info
writing village_interfaces.egg-info/PKG-INFO
writing dependency_links to village_interfaces.egg-info/dependency_links.txt
writing top-level names to village_interfaces.egg-info/top_level.txt
reading manifest file 'village_interfaces.egg-info/SOURCES.txt'
writing manifest file 'village_interfaces.egg-info/SOURCES.txt'
[  8%] Built target ament_cmake_python_build_village_interfaces_egg
[  8%] Built target village_interfaces__cpp
[ 11%] [32mBuilding C object CMakeFiles/village_interfaces__rosidl_generator_c.dir/rosidl_generator_c/village_interfaces/msg/detail/novel__description.c.o[0m
[ 14%] [32mBuilding C object CMakeFiles/village_interfaces__rosidl_generator_c.dir/rosidl_generator_c/village_interfaces/msg/detail/novel__functions.c.o[0m
[ 17%] [32mBuilding C object CMakeFiles/village_interfaces__rosidl_generator_c.dir/rosidl_generator_c/village_interfaces/msg/detail/novel__type_support.c.o[0m
[ 20%] [32m[1mLinking C shared library libvillage_interfaces__rosidl_generator_c.so[0m
[ 20%] Built target village_interfaces__rosidl_generator_c
[ 23%] [34m[1mGenerating C++ type support dispatch for ROS interfaces[0m
[ 26%] [34m[1mGenerating C type support dispatch for ROS interfaces[0m
[ 29%] [34m[1mGenerating C++ introspection for ROS interfaces[0m
[ 32%] [34m[1mGenerating C type support for eProsima Fast-RTPS[0m
[ 35%] [34m[1mGenerating C++ type support for eProsima Fast-RTPS[0m
[ 38%] [34m[1mGenerating C introspection for ROS interfaces[0m
[ 41%] [32mBuilding CXX object CMakeFiles/village_interfaces__rosidl_typesupport_cpp.dir/rosidl_typesupport_cpp/village_interfaces/msg/novel__type_support.cpp.o[0m
[ 44%] [32mBuilding CXX object CMakeFiles/village_interfaces__rosidl_typesupport_c.dir/rosidl_typesupport_c/village_interfaces/msg/novel__type_support.cpp.o[0m
[ 47%] [32mBuilding CXX object CMakeFiles/village_interfaces__rosidl_typesupport_fastrtps_c.dir/rosidl_typesupport_fastrtps_c/village_interfaces/msg/detail/novel__type_support_c.cpp.o[0m
[ 50%] [32mBuilding CXX object CMakeFiles/village_interfaces__rosidl_typesupport_fastrtps_cpp.dir/rosidl_typesupport_fastrtps_cpp/village_interfaces/msg/detail/dds_fastrtps/novel__type_support.cpp.o[0m
[ 52%] [32mBuilding CXX object CMakeFiles/village_interfaces__rosidl_typesupport_introspection_cpp.dir/rosidl_typesupport_introspection_cpp/village_interfaces/msg/detail/novel__type_support.cpp.o[0m
[ 55%] [32m[1mLinking CXX shared library libvillage_interfaces__rosidl_typesupport_c.so[0m
[ 58%] [32mBuilding C object CMakeFiles/village_interfaces__rosidl_typesupport_introspection_c.dir/rosidl_typesupport_introspection_c/village_interfaces/msg/detail/novel__type_support.c.o[0m
[ 58%] Built target village_interfaces__rosidl_typesupport_c
[ 61%] [32m[1mLinking C shared library libvillage_interfaces__rosidl_typesupport_introspection_c.so[0m
[ 61%] Built target village_interfaces__rosidl_typesupport_introspection_c
[ 64%] [32m[1mLinking CXX shared library libvillage_interfaces__rosidl_typesupport_fastrtps_c.so[0m
[ 67%] [32m[1mLinking CXX shared library libvillage_interfaces__rosidl_typesupport_cpp.so[0m
[ 67%] Built target village_interfaces__rosidl_typesupport_cpp
[ 70%] [32m[1mLinking CXX shared library libvillage_interfaces__rosidl_typesupport_introspection_cpp.so[0m
[ 70%] Built target village_interfaces__rosidl_typesupport_fastrtps_c
[ 70%] Built target village_interfaces__rosidl_typesupport_introspection_cpp
[ 73%] [32m[1mLinking CXX shared library libvillage_interfaces__rosidl_typesupport_fastrtps_cpp.so[0m
[ 73%] Built target village_interfaces__rosidl_typesupport_fastrtps_cpp
[ 73%] Built target village_interfaces
[ 76%] [34m[1mGenerating Python code for ROS interfaces[0m
[ 76%] Built target village_interfaces__py
[ 79%] [32mBuilding C object CMakeFiles/village_interfaces__rosidl_generator_py.dir/rosidl_generator_py/village_interfaces/msg/_novel_s.c.o[0m
[ 82%] [32m[1mLinking C shared library rosidl_generator_py/village_interfaces/libvillage_interfaces__rosidl_generator_py.so[0m
[ 82%] Built target village_interfaces__rosidl_generator_py
[ 85%] [32mBuilding C object CMakeFiles/village_interfaces__rosidl_typesupport_fastrtps_c__pyext.dir/rosidl_generator_py/village_interfaces/_village_interfaces_s.ep.rosidl_typesupport_fastrtps_c.c.o[0m
[ 88%] [32mBuilding C object CMakeFiles/village_interfaces__rosidl_typesupport_introspection_c__pyext.dir/rosidl_generator_py/village_interfaces/_village_interfaces_s.ep.rosidl_typesupport_introspection_c.c.o[0m
[ 91%] [32mBuilding C object CMakeFiles/village_interfaces__rosidl_typesupport_c__pyext.dir/rosidl_generator_py/village_interfaces/_village_interfaces_s.ep.rosidl_typesupport_c.c.o[0m
[ 94%] [32m[1mLinking C shared library rosidl_generator_py/village_interfaces/village_interfaces_s__rosidl_typesupport_c.cpython-310-x86_64-linux-gnu.so[0m
[ 97%] [32m[1mLinking C shared library rosidl_generator_py/village_interfaces/village_interfaces_s__rosidl_typesupport_fastrtps_c.cpython-310-x86_64-linux-gnu.so[0m
[100%] [32m[1mLinking C shared library rosidl_generator_py/village_interfaces/village_interfaces_s__rosidl_typesupport_introspection_c.cpython-310-x86_64-linux-gnu.so[0m
[100%] Built target village_interfaces__rosidl_typesupport_fastrtps_c__pyext
[100%] Built target village_interfaces__rosidl_typesupport_c__pyext
[100%] Built target village_interfaces__rosidl_typesupport_introspection_c__pyext
-- Install configuration: ""
-- Installing: /home/ke/ANU/Algo Trading/ros2Exercise/src/install/village_interfaces/share/ament_index/resource_index/rosidl_interfaces/village_interfaces
-- Installing: /home/ke/ANU/Algo Trading/ros2Exercise/src/install/village_interfaces/share/village_interfaces/msg/Novel.json
-- Installing: /home/ke/ANU/Algo Trading/ros2Exercise/src/install/village_interfaces/include/village_interfaces/village_interfaces
-- Installing: /home/ke/ANU/Algo Trading/ros2Exercise/src/install/village_interfaces/include/village_interfaces/village_interfaces/msg
-- Installing: /home/ke/ANU/Algo Trading/ros2Exercise/src/install/village_interfaces/include/village_interfaces/village_interfaces/msg/novel.h
-- Installing: /home/ke/ANU/Algo Trading/ros2Exercise/src/install/village_interfaces/include/village_interfaces/village_interfaces/msg/rosidl_generator_c__visibility_control.h
-- Installing: /home/ke/ANU/Algo Trading/ros2Exercise/src/install/village_interfaces/include/village_interfaces/village_interfaces/msg/detail
-- Installing: /home/ke/ANU/Algo Trading/ros2Exercise/src/install/village_interfaces/include/village_interfaces/village_interfaces/msg/detail/novel__functions.h
-- Installing: /home/ke/ANU/Algo Trading/ros2Exercise/src/install/village_interfaces/include/village_interfaces/village_interfaces/msg/detail/novel__description.c
-- Installing: /home/ke/ANU/Algo Trading/ros2Exercise/src/install/village_interfaces/include/village_interfaces/village_interfaces/msg/detail/novel__functions.c
-- Installing: /home/ke/ANU/Algo Trading/ros2Exercise/src/install/village_interfaces/include/village_interfaces/village_interfaces/msg/detail/novel__type_support.c
-- Installing: /home/ke/ANU/Algo Trading/ros2Exercise/src/install/village_interfaces/include/village_interfaces/village_interfaces/msg/detail/novel__type_support.h
-- Installing: /home/ke/ANU/Algo Trading/ros2Exercise/src/install/village_interfaces/include/village_interfaces/village_interfaces/msg/detail/novel__struct.h
-- Installing: /home/ke/ANU/Algo Trading/ros2Exercise/src/install/village_interfaces/share/village_interfaces/environment/library_path.sh
-- Installing: /home/ke/ANU/Algo Trading/ros2Exercise/src/install/village_interfaces/share/village_interfaces/environment/library_path.dsv
-- Installing: /home/ke/ANU/Algo Trading/ros2Exercise/src/install/village_interfaces/lib/libvillage_interfaces__rosidl_generator_c.so
-- Set runtime path of "/home/ke/ANU/Algo Trading/ros2Exercise/src/install/village_interfaces/lib/libvillage_interfaces__rosidl_generator_c.so" to ""
-- Up-to-date: /home/ke/ANU/Algo Trading/ros2Exercise/src/install/village_interfaces/include/village_interfaces/village_interfaces
-- Up-to-date: /home/ke/ANU/Algo Trading/ros2Exercise/src/install/village_interfaces/include/village_interfaces/village_interfaces/msg
-- Installing: /home/ke/ANU/Algo Trading/ros2Exercise/src/install/village_interfaces/include/village_interfaces/village_interfaces/msg/rosidl_typesupport_fastrtps_c__visibility_control.h
-- Up-to-date: /home/ke/ANU/Algo Trading/ros2Exercise/src/install/village_interfaces/include/village_interfaces/village_interfaces/msg/detail
-- Installing: /home/ke/ANU/Algo Trading/ros2Exercise/src/install/village_interfaces/include/village_interfaces/village_interfaces/msg/detail/novel__rosidl_typesupport_fastrtps_c.h
-- Installing: /home/ke/ANU/Algo Trading/ros2Exercise/src/install/village_interfaces/lib/libvillage_interfaces__rosidl_typesupport_fastrtps_c.so
-- Set runtime path of "/home/ke/ANU/Algo Trading/ros2Exercise/src/install/village_interfaces/lib/libvillage_interfaces__rosidl_typesupport_fastrtps_c.so" to ""
-- Up-to-date: /home/ke/ANU/Algo Trading/ros2Exercise/src/install/village_interfaces/include/village_interfaces/village_interfaces
-- Up-to-date: /home/ke/ANU/Algo Trading/ros2Exercise/src/install/village_interfaces/include/village_interfaces/village_interfaces/msg
-- Installing: /home/ke/ANU/Algo Trading/ros2Exercise/src/install/village_interfaces/include/village_interfaces/village_interfaces/msg/novel.hpp
-- Up-to-date: /home/ke/ANU/Algo Trading/ros2Exercise/src/install/village_interfaces/include/village_interfaces/village_interfaces/msg/detail
-- Installing: /home/ke/ANU/Algo Trading/ros2Exercise/src/install/village_interfaces/include/village_interfaces/village_interfaces/msg/detail/novel__struct.hpp
-- Installing: /home/ke/ANU/Algo Trading/ros2Exercise/src/install/village_interfaces/include/village_interfaces/village_interfaces/msg/detail/novel__builder.hpp
-- Installing: /home/ke/ANU/Algo Trading/ros2Exercise/src/install/village_interfaces/include/village_interfaces/village_interfaces/msg/detail/novel__traits.hpp
-- Up-to-date: /home/ke/ANU/Algo Trading/ros2Exercise/src/install/village_interfaces/include/village_interfaces/village_interfaces
-- Up-to-date: /home/ke/ANU/Algo Trading/ros2Exercise/src/install/village_interfaces/include/village_interfaces/village_interfaces/msg
-- Installing: /home/ke/ANU/Algo Trading/ros2Exercise/src/install/village_interfaces/include/village_interfaces/village_interfaces/msg/rosidl_typesupport_fastrtps_cpp__visibility_control.h
-- Up-to-date: /home/ke/ANU/Algo Trading/ros2Exercise/src/install/village_interfaces/include/village_interfaces/village_interfaces/msg/detail
-- Installing: /home/ke/ANU/Algo Trading/ros2Exercise/src/install/village_interfaces/include/village_interfaces/village_interfaces/msg/detail/novel__rosidl_typesupport_fastrtps_cpp.hpp
-- Installing: /home/ke/ANU/Algo Trading/ros2Exercise/src/install/village_interfaces/include/village_interfaces/village_interfaces/msg/detail/dds_fastrtps
-- Installing: /home/ke/ANU/Algo Trading/ros2Exercise/src/install/village_interfaces/lib/libvillage_interfaces__rosidl_typesupport_fastrtps_cpp.so
-- Set runtime path of "/home/ke/ANU/Algo Trading/ros2Exercise/src/install/village_interfaces/lib/libvillage_interfaces__rosidl_typesupport_fastrtps_cpp.so" to ""
-- Up-to-date: /home/ke/ANU/Algo Trading/ros2Exercise/src/install/village_interfaces/include/village_interfaces/village_interfaces
-- Up-to-date: /home/ke/ANU/Algo Trading/ros2Exercise/src/install/village_interfaces/include/village_interfaces/village_interfaces/msg
-- Installing: /home/ke/ANU/Algo Trading/ros2Exercise/src/install/village_interfaces/include/village_interfaces/village_interfaces/msg/rosidl_typesupport_introspection_c__visibility_control.h
-- Up-to-date: /home/ke/ANU/Algo Trading/ros2Exercise/src/install/village_interfaces/include/village_interfaces/village_interfaces/msg/detail
-- Installing: /home/ke/ANU/Algo Trading/ros2Exercise/src/install/village_interfaces/include/village_interfaces/village_interfaces/msg/detail/novel__rosidl_typesupport_introspection_c.h
-- Up-to-date: /home/ke/ANU/Algo Trading/ros2Exercise/src/install/village_interfaces/include/village_interfaces/village_interfaces/msg/detail/novel__type_support.c
-- Installing: /home/ke/ANU/Algo Trading/ros2Exercise/src/install/village_interfaces/lib/libvillage_interfaces__rosidl_typesupport_introspection_c.so
-- Set runtime path of "/home/ke/ANU/Algo Trading/ros2Exercise/src/install/village_interfaces/lib/libvillage_interfaces__rosidl_typesupport_introspection_c.so" to ""
-- Installing: /home/ke/ANU/Algo Trading/ros2Exercise/src/install/village_interfaces/lib/libvillage_interfaces__rosidl_typesupport_c.so
-- Set runtime path of "/home/ke/ANU/Algo Trading/ros2Exercise/src/install/village_interfaces/lib/libvillage_interfaces__rosidl_typesupport_c.so" to ""
-- Up-to-date: /home/ke/ANU/Algo Trading/ros2Exercise/src/install/village_interfaces/include/village_interfaces/village_interfaces
-- Up-to-date: /home/ke/ANU/Algo Trading/ros2Exercise/src/install/village_interfaces/include/village_interfaces/village_interfaces/msg
-- Up-to-date: /home/ke/ANU/Algo Trading/ros2Exercise/src/install/village_interfaces/include/village_interfaces/village_interfaces/msg/detail
-- Installing: /home/ke/ANU/Algo Trading/ros2Exercise/src/install/village_interfaces/include/village_interfaces/village_interfaces/msg/detail/novel__rosidl_typesupport_introspection_cpp.hpp
-- Installing: /home/ke/ANU/Algo Trading/ros2Exercise/src/install/village_interfaces/include/village_interfaces/village_interfaces/msg/detail/novel__type_support.cpp
-- Installing: /home/ke/ANU/Algo Trading/ros2Exercise/src/install/village_interfaces/lib/libvillage_interfaces__rosidl_typesupport_introspection_cpp.so
-- Set runtime path of "/home/ke/ANU/Algo Trading/ros2Exercise/src/install/village_interfaces/lib/libvillage_interfaces__rosidl_typesupport_introspection_cpp.so" to ""
-- Installing: /home/ke/ANU/Algo Trading/ros2Exercise/src/install/village_interfaces/lib/libvillage_interfaces__rosidl_typesupport_cpp.so
-- Set runtime path of "/home/ke/ANU/Algo Trading/ros2Exercise/src/install/village_interfaces/lib/libvillage_interfaces__rosidl_typesupport_cpp.so" to ""
-- Installing: /home/ke/ANU/Algo Trading/ros2Exercise/src/install/village_interfaces/share/village_interfaces/environment/pythonpath.sh
-- Installing: /home/ke/ANU/Algo Trading/ros2Exercise/src/install/village_interfaces/share/village_interfaces/environment/pythonpath.dsv
-- Installing: /home/ke/ANU/Algo Trading/ros2Exercise/src/install/village_interfaces/lib/python3.10/site-packages/village_interfaces-0.0.0-py3.10.egg-info
-- Installing: /home/ke/ANU/Algo Trading/ros2Exercise/src/install/village_interfaces/lib/python3.10/site-packages/village_interfaces-0.0.0-py3.10.egg-info/top_level.txt
-- Installing: /home/ke/ANU/Algo Trading/ros2Exercise/src/install/village_interfaces/lib/python3.10/site-packages/village_interfaces-0.0.0-py3.10.egg-info/dependency_links.txt
-- Installing: /home/ke/ANU/Algo Trading/ros2Exercise/src/install/village_interfaces/lib/python3.10/site-packages/village_interfaces-0.0.0-py3.10.egg-info/SOURCES.txt
-- Installing: /home/ke/ANU/Algo Trading/ros2Exercise/src/install/village_interfaces/lib/python3.10/site-packages/village_interfaces-0.0.0-py3.10.egg-info/PKG-INFO
-- Installing: /home/ke/ANU/Algo Trading/ros2Exercise/src/install/village_interfaces/lib/python3.10/site-packages/village_interfaces
-- Installing: /home/ke/ANU/Algo Trading/ros2Exercise/src/install/village_interfaces/lib/python3.10/site-packages/village_interfaces/_village_interfaces_s.ep.rosidl_typesupport_introspection_c.c
-- Installing: /home/ke/ANU/Algo Trading/ros2Exercise/src/install/village_interfaces/lib/python3.10/site-packages/village_interfaces/village_interfaces_s__rosidl_typesupport_fastrtps_c.cpython-310-x86_64-linux-gnu.so
-- Installing: /home/ke/ANU/Algo Trading/ros2Exercise/src/install/village_interfaces/lib/python3.10/site-packages/village_interfaces/village_interfaces_s__rosidl_typesupport_introspection_c.cpython-310-x86_64-linux-gnu.so
-- Installing: /home/ke/ANU/Algo Trading/ros2Exercise/src/install/village_interfaces/lib/python3.10/site-packages/village_interfaces/msg
-- Installing: /home/ke/ANU/Algo Trading/ros2Exercise/src/install/village_interfaces/lib/python3.10/site-packages/village_interfaces/msg/_novel_s.c
-- Installing: /home/ke/ANU/Algo Trading/ros2Exercise/src/install/village_interfaces/lib/python3.10/site-packages/village_interfaces/msg/_novel.py
-- Installing: /home/ke/ANU/Algo Trading/ros2Exercise/src/install/village_interfaces/lib/python3.10/site-packages/village_interfaces/msg/__init__.py
-- Installing: /home/ke/ANU/Algo Trading/ros2Exercise/src/install/village_interfaces/lib/python3.10/site-packages/village_interfaces/village_interfaces_s__rosidl_typesupport_c.cpython-310-x86_64-linux-gnu.so
-- Installing: /home/ke/ANU/Algo Trading/ros2Exercise/src/install/village_interfaces/lib/python3.10/site-packages/village_interfaces/_village_interfaces_s.ep.rosidl_typesupport_c.c
-- Installing: /home/ke/ANU/Algo Trading/ros2Exercise/src/install/village_interfaces/lib/python3.10/site-packages/village_interfaces/__init__.py
-- Installing: /home/ke/ANU/Algo Trading/ros2Exercise/src/install/village_interfaces/lib/python3.10/site-packages/village_interfaces/_village_interfaces_s.ep.rosidl_typesupport_fastrtps_c.c
-- Installing: /home/ke/ANU/Algo Trading/ros2Exercise/src/install/village_interfaces/lib/python3.10/site-packages/village_interfaces/libvillage_interfaces__rosidl_generator_py.so
Listing '/home/ke/ANU/Algo Trading/ros2Exercise/src/install/village_interfaces/lib/python3.10/site-packages/village_interfaces'...
Compiling '/home/ke/ANU/Algo Trading/ros2Exercise/src/install/village_interfaces/lib/python3.10/site-packages/village_interfaces/__init__.py'...
Listing '/home/ke/ANU/Algo Trading/ros2Exercise/src/install/village_interfaces/lib/python3.10/site-packages/village_interfaces/msg'...
Compiling '/home/ke/ANU/Algo Trading/ros2Exercise/src/install/village_interfaces/lib/python3.10/site-packages/village_interfaces/msg/__init__.py'...
Compiling '/home/ke/ANU/Algo Trading/ros2Exercise/src/install/village_interfaces/lib/python3.10/site-packages/village_interfaces/msg/_novel.py'...
-- Installing: /home/ke/ANU/Algo Trading/ros2Exercise/src/install/village_interfaces/lib/python3.10/site-packages/village_interfaces/village_interfaces_s__rosidl_typesupport_fastrtps_c.cpython-310-x86_64-linux-gnu.so
-- Set runtime path of "/home/ke/ANU/Algo Trading/ros2Exercise/src/install/village_interfaces/lib/python3.10/site-packages/village_interfaces/village_interfaces_s__rosidl_typesupport_fastrtps_c.cpython-310-x86_64-linux-gnu.so" to ""
-- Installing: /home/ke/ANU/Algo Trading/ros2Exercise/src/install/village_interfaces/lib/python3.10/site-packages/village_interfaces/village_interfaces_s__rosidl_typesupport_introspection_c.cpython-310-x86_64-linux-gnu.so
-- Set runtime path of "/home/ke/ANU/Algo Trading/ros2Exercise/src/install/village_interfaces/lib/python3.10/site-packages/village_interfaces/village_interfaces_s__rosidl_typesupport_introspection_c.cpython-310-x86_64-linux-gnu.so" to ""
-- Installing: /home/ke/ANU/Algo Trading/ros2Exercise/src/install/village_interfaces/lib/python3.10/site-packages/village_interfaces/village_interfaces_s__rosidl_typesupport_c.cpython-310-x86_64-linux-gnu.so
-- Set runtime path of "/home/ke/ANU/Algo Trading/ros2Exercise/src/install/village_interfaces/lib/python3.10/site-packages/village_interfaces/village_interfaces_s__rosidl_typesupport_c.cpython-310-x86_64-linux-gnu.so" to ""
-- Installing: /home/ke/ANU/Algo Trading/ros2Exercise/src/install/village_interfaces/lib/libvillage_interfaces__rosidl_generator_py.so
-- Set runtime path of "/home/ke/ANU/Algo Trading/ros2Exercise/src/install/village_interfaces/lib/libvillage_interfaces__rosidl_generator_py.so" to ""
-- Installing: /home/ke/ANU/Algo Trading/ros2Exercise/src/install/village_interfaces/share/village_interfaces/msg/Novel.idl
-- Installing: /home/ke/ANU/Algo Trading/ros2Exercise/src/install/village_interfaces/share/village_interfaces/msg/Novel.msg
-- Installing: /home/ke/ANU/Algo Trading/ros2Exercise/src/install/village_interfaces/share/ament_index/resource_index/package_run_dependencies/village_interfaces
-- Installing: /home/ke/ANU/Algo Trading/ros2Exercise/src/install/village_interfaces/share/ament_index/resource_index/parent_prefix_path/village_interfaces
-- Installing: /home/ke/ANU/Algo Trading/ros2Exercise/src/install/village_interfaces/share/village_interfaces/environment/ament_prefix_path.sh
-- Installing: /home/ke/ANU/Algo Trading/ros2Exercise/src/install/village_interfaces/share/village_interfaces/environment/ament_prefix_path.dsv
-- Installing: /home/ke/ANU/Algo Trading/ros2Exercise/src/install/village_interfaces/share/village_interfaces/environment/path.sh
-- Installing: /home/ke/ANU/Algo Trading/ros2Exercise/src/install/village_interfaces/share/village_interfaces/environment/path.dsv
-- Installing: /home/ke/ANU/Algo Trading/ros2Exercise/src/install/village_interfaces/share/village_interfaces/local_setup.bash
-- Installing: /home/ke/ANU/Algo Trading/ros2Exercise/src/install/village_interfaces/share/village_interfaces/local_setup.sh
-- Installing: /home/ke/ANU/Algo Trading/ros2Exercise/src/install/village_interfaces/share/village_interfaces/local_setup.zsh
-- Installing: /home/ke/ANU/Algo Trading/ros2Exercise/src/install/village_interfaces/share/village_interfaces/local_setup.dsv
-- Up-to-date: /home/ke/ANU/Algo Trading/ros2Exercise/src/install/village_interfaces/share/village_interfaces/package.dsv
-- Installing: /home/ke/ANU/Algo Trading/ros2Exercise/src/install/village_interfaces/share/ament_index/resource_index/packages/village_interfaces
-- Installing: /home/ke/ANU/Algo Trading/ros2Exercise/src/install/village_interfaces/share/village_interfaces/cmake/export_village_interfaces__rosidl_generator_cExport.cmake
-- Installing: /home/ke/ANU/Algo Trading/ros2Exercise/src/install/village_interfaces/share/village_interfaces/cmake/export_village_interfaces__rosidl_generator_cExport-noconfig.cmake
-- Installing: /home/ke/ANU/Algo Trading/ros2Exercise/src/install/village_interfaces/share/village_interfaces/cmake/export_village_interfaces__rosidl_typesupport_fastrtps_cExport.cmake
-- Installing: /home/ke/ANU/Algo Trading/ros2Exercise/src/install/village_interfaces/share/village_interfaces/cmake/export_village_interfaces__rosidl_typesupport_fastrtps_cExport-noconfig.cmake
-- Installing: /home/ke/ANU/Algo Trading/ros2Exercise/src/install/village_interfaces/share/village_interfaces/cmake/export_village_interfaces__rosidl_generator_cppExport.cmake
-- Installing: /home/ke/ANU/Algo Trading/ros2Exercise/src/install/village_interfaces/share/village_interfaces/cmake/export_village_interfaces__rosidl_typesupport_fastrtps_cppExport.cmake
-- Installing: /home/ke/ANU/Algo Trading/ros2Exercise/src/install/village_interfaces/share/village_interfaces/cmake/export_village_interfaces__rosidl_typesupport_fastrtps_cppExport-noconfig.cmake
-- Installing: /home/ke/ANU/Algo Trading/ros2Exercise/src/install/village_interfaces/share/village_interfaces/cmake/village_interfaces__rosidl_typesupport_introspection_cExport.cmake
-- Installing: /home/ke/ANU/Algo Trading/ros2Exercise/src/install/village_interfaces/share/village_interfaces/cmake/village_interfaces__rosidl_typesupport_introspection_cExport-noconfig.cmake
-- Installing: /home/ke/ANU/Algo Trading/ros2Exercise/src/install/village_interfaces/share/village_interfaces/cmake/village_interfaces__rosidl_typesupport_cExport.cmake
-- Installing: /home/ke/ANU/Algo Trading/ros2Exercise/src/install/village_interfaces/share/village_interfaces/cmake/village_interfaces__rosidl_typesupport_cExport-noconfig.cmake
-- Installing: /home/ke/ANU/Algo Trading/ros2Exercise/src/install/village_interfaces/share/village_interfaces/cmake/village_interfaces__rosidl_typesupport_introspection_cppExport.cmake
-- Installing: /home/ke/ANU/Algo Trading/ros2Exercise/src/install/village_interfaces/share/village_interfaces/cmake/village_interfaces__rosidl_typesupport_introspection_cppExport-noconfig.cmake
-- Installing: /home/ke/ANU/Algo Trading/ros2Exercise/src/install/village_interfaces/share/village_interfaces/cmake/village_interfaces__rosidl_typesupport_cppExport.cmake
-- Installing: /home/ke/ANU/Algo Trading/ros2Exercise/src/install/village_interfaces/share/village_interfaces/cmake/village_interfaces__rosidl_typesupport_cppExport-noconfig.cmake
-- Installing: /home/ke/ANU/Algo Trading/ros2Exercise/src/install/village_interfaces/share/village_interfaces/cmake/export_village_interfaces__rosidl_generator_pyExport.cmake
-- Installing: /home/ke/ANU/Algo Trading/ros2Exercise/src/install/village_interfaces/share/village_interfaces/cmake/export_village_interfaces__rosidl_generator_pyExport-noconfig.cmake
-- Installing: /home/ke/ANU/Algo Trading/ros2Exercise/src/install/village_interfaces/share/village_interfaces/cmake/rosidl_cmake-extras.cmake
-- Installing: /home/ke/ANU/Algo Trading/ros2Exercise/src/install/village_interfaces/share/village_interfaces/cmake/ament_cmake_export_dependencies-extras.cmake
-- Installing: /home/ke/ANU/Algo Trading/ros2Exercise/src/install/village_interfaces/share/village_interfaces/cmake/ament_cmake_export_include_directories-extras.cmake
-- Installing: /home/ke/ANU/Algo Trading/ros2Exercise/src/install/village_interfaces/share/village_interfaces/cmake/ament_cmake_export_libraries-extras.cmake
-- Installing: /home/ke/ANU/Algo Trading/ros2Exercise/src/install/village_interfaces/share/village_interfaces/cmake/ament_cmake_export_targets-extras.cmake
-- Installing: /home/ke/ANU/Algo Trading/ros2Exercise/src/install/village_interfaces/share/village_interfaces/cmake/rosidl_cmake_export_typesupport_targets-extras.cmake
-- Installing: /home/ke/ANU/Algo Trading/ros2Exercise/src/install/village_interfaces/share/village_interfaces/cmake/rosidl_cmake_export_typesupport_libraries-extras.cmake
-- Installing: /home/ke/ANU/Algo Trading/ros2Exercise/src/install/village_interfaces/share/village_interfaces/cmake/village_interfacesConfig.cmake
-- Installing: /home/ke/ANU/Algo Trading/ros2Exercise/src/install/village_interfaces/share/village_interfaces/cmake/village_interfacesConfig-version.cmake
-- Installing: /home/ke/ANU/Algo Trading/ros2Exercise/src/install/village_interfaces/share/village_interfaces/package.xml
