[0.011s] Invoking command in '/home/ke/ANU/Algo Trading/ros2Exercise/src/build/village_interfaces': CMAKE_PREFIX_PATH=${CMAKE_PREFIX_PATH}:/home/ke/ANU/Algo Trading/ros2Exercise/install/village_li:/opt/ros/iron /usr/bin/cmake --build /home/ke/ANU/Algo Trading/ros2Exercise/src/build/village_interfaces -- -j20 -l20
[0.155s] -- Found ament_cmake: 2.0.6 (/opt/ros/iron/share/ament_cmake/cmake)
[0.156s] -- Found sensor_msgs: 5.0.1 (/opt/ros/iron/share/sensor_msgs/cmake)
[0.156s] -- Found rosidl_generator_c: 4.0.1 (/opt/ros/iron/share/rosidl_generator_c/cmake)
[0.156s] -- Found rosidl_generator_cpp: 4.0.1 (/opt/ros/iron/share/rosidl_generator_cpp/cmake)
[0.156s] -- Using all available rosidl_typesupport_c: rosidl_typesupport_fastrtps_c;rosidl_typesupport_introspection_c
[0.156s] -- Using all available rosidl_typesupport_cpp: rosidl_typesupport_fastrtps_cpp;rosidl_typesupport_introspection_cpp
[0.274s] -- Found rosidl_default_generators: 1.5.0 (/opt/ros/iron/share/rosidl_default_generators/cmake)
[0.279s] -- Found rosidl_adapter: 4.0.1 (/opt/ros/iron/share/rosidl_adapter/cmake)
[0.493s] -- Found ament_cmake_ros: 0.11.2 (/opt/ros/iron/share/ament_cmake_ros/cmake)
[0.778s] -- Using all available rosidl_typesupport_c: rosidl_typesupport_fastrtps_c;rosidl_typesupport_introspection_c
[0.900s] -- Using all available rosidl_typesupport_cpp: rosidl_typesupport_fastrtps_cpp;rosidl_typesupport_introspection_cpp
[0.915s] -- Found python_cmake_module: 0.10.2 (/opt/ros/iron/share/python_cmake_module/cmake)
[0.933s] -- Using PYTHON_EXECUTABLE: /usr/bin/python3
[0.933s] -- Using PYTHON_INCLUDE_DIRS: /usr/include/python3.10
[0.933s] -- Using PYTHON_LIBRARIES: /usr/lib/x86_64-linux-gnu/libpython3.10.so
[0.961s] -- Found ament_lint_auto: 0.14.4 (/opt/ros/iron/share/ament_lint_auto/cmake)
[0.965s] -- Added test 'lint_cmake' to check CMake code style
[0.966s] -- Added test 'xmllint' to check XML markup files
[0.966s] -- Configuring done
[0.986s] -- Generating done
[0.988s] -- Build files have been written to: /home/ke/ANU/Algo Trading/ros2Exercise/src/build/village_interfaces
[1.016s] [  2%] [34m[1mGenerating type hashes for ROS interfaces[0m
[1.023s] [  2%] Built target ament_cmake_python_copy_village_interfaces
[1.137s] [  2%] Built target village_interfaces__rosidl_generator_type_description
[1.145s] [  5%] [34m[1mGenerating C code for ROS interfaces[0m
[1.153s] [  8%] [34m[1mGenerating C++ code for ROS interfaces[0m
[1.157s] running egg_info
[1.157s] writing village_interfaces.egg-info/PKG-INFO
[1.158s] writing dependency_links to village_interfaces.egg-info/dependency_links.txt
[1.158s] writing top-level names to village_interfaces.egg-info/top_level.txt
[1.159s] reading manifest file 'village_interfaces.egg-info/SOURCES.txt'
[1.159s] writing manifest file 'village_interfaces.egg-info/SOURCES.txt'
[1.177s] [  8%] Built target ament_cmake_python_build_village_interfaces_egg
[1.298s] [  8%] Built target village_interfaces__cpp
[1.326s] [ 11%] [32mBuilding C object CMakeFiles/village_interfaces__rosidl_generator_c.dir/rosidl_generator_c/village_interfaces/msg/detail/novel__description.c.o[0m
[1.326s] [ 14%] [32mBuilding C object CMakeFiles/village_interfaces__rosidl_generator_c.dir/rosidl_generator_c/village_interfaces/msg/detail/novel__functions.c.o[0m
[1.326s] [ 17%] [32mBuilding C object CMakeFiles/village_interfaces__rosidl_generator_c.dir/rosidl_generator_c/village_interfaces/msg/detail/novel__type_support.c.o[0m
[1.361s] [ 20%] [32m[1mLinking C shared library libvillage_interfaces__rosidl_generator_c.so[0m
[1.389s] [ 20%] Built target village_interfaces__rosidl_generator_c
[1.396s] [ 23%] [34m[1mGenerating C++ type support dispatch for ROS interfaces[0m
[1.396s] [ 26%] [34m[1mGenerating C type support dispatch for ROS interfaces[0m
[1.396s] [ 29%] [34m[1mGenerating C++ introspection for ROS interfaces[0m
[1.396s] [ 32%] [34m[1mGenerating C type support for eProsima Fast-RTPS[0m
[1.397s] [ 35%] [34m[1mGenerating C++ type support for eProsima Fast-RTPS[0m
[1.398s] [ 38%] [34m[1mGenerating C introspection for ROS interfaces[0m
[1.574s] [ 41%] [32mBuilding CXX object CMakeFiles/village_interfaces__rosidl_typesupport_cpp.dir/rosidl_typesupport_cpp/village_interfaces/msg/novel__type_support.cpp.o[0m
[1.575s] [ 44%] [32mBuilding CXX object CMakeFiles/village_interfaces__rosidl_typesupport_c.dir/rosidl_typesupport_c/village_interfaces/msg/novel__type_support.cpp.o[0m
[1.590s] [ 47%] [32mBuilding CXX object CMakeFiles/village_interfaces__rosidl_typesupport_fastrtps_c.dir/rosidl_typesupport_fastrtps_c/village_interfaces/msg/detail/novel__type_support_c.cpp.o[0m
[1.590s] [ 50%] [32mBuilding CXX object CMakeFiles/village_interfaces__rosidl_typesupport_fastrtps_cpp.dir/rosidl_typesupport_fastrtps_cpp/village_interfaces/msg/detail/dds_fastrtps/novel__type_support.cpp.o[0m
[1.602s] [ 52%] [32mBuilding CXX object CMakeFiles/village_interfaces__rosidl_typesupport_introspection_cpp.dir/rosidl_typesupport_introspection_cpp/village_interfaces/msg/detail/novel__type_support.cpp.o[0m
[1.610s] [ 55%] [32m[1mLinking CXX shared library libvillage_interfaces__rosidl_typesupport_c.so[0m
[1.619s] [ 58%] [32mBuilding C object CMakeFiles/village_interfaces__rosidl_typesupport_introspection_c.dir/rosidl_typesupport_introspection_c/village_interfaces/msg/detail/novel__type_support.c.o[0m
[1.645s] [ 58%] Built target village_interfaces__rosidl_typesupport_c
[1.652s] [ 61%] [32m[1mLinking C shared library libvillage_interfaces__rosidl_typesupport_introspection_c.so[0m
[1.683s] [ 61%] Built target village_interfaces__rosidl_typesupport_introspection_c
[1.807s] [ 64%] [32m[1mLinking CXX shared library libvillage_interfaces__rosidl_typesupport_fastrtps_c.so[0m
[1.808s] [ 67%] [32m[1mLinking CXX shared library libvillage_interfaces__rosidl_typesupport_cpp.so[0m
[1.840s] [ 67%] Built target village_interfaces__rosidl_typesupport_cpp
[1.845s] [ 70%] [32m[1mLinking CXX shared library libvillage_interfaces__rosidl_typesupport_introspection_cpp.so[0m
[1.866s] [ 70%] Built target village_interfaces__rosidl_typesupport_fastrtps_c
[1.893s] [ 70%] Built target village_interfaces__rosidl_typesupport_introspection_cpp
[1.916s] [ 73%] [32m[1mLinking CXX shared library libvillage_interfaces__rosidl_typesupport_fastrtps_cpp.so[0m
[1.967s] [ 73%] Built target village_interfaces__rosidl_typesupport_fastrtps_cpp
[1.983s] [ 73%] Built target village_interfaces
[2.000s] [ 76%] [34m[1mGenerating Python code for ROS interfaces[0m
[2.177s] [ 76%] Built target village_interfaces__py
[2.193s] [ 79%] [32mBuilding C object CMakeFiles/village_interfaces__rosidl_generator_py.dir/rosidl_generator_py/village_interfaces/msg/_novel_s.c.o[0m
[2.264s] [ 82%] [32m[1mLinking C shared library rosidl_generator_py/village_interfaces/libvillage_interfaces__rosidl_generator_py.so[0m
[2.295s] [ 82%] Built target village_interfaces__rosidl_generator_py
[2.312s] [ 85%] [32mBuilding C object CMakeFiles/village_interfaces__rosidl_typesupport_fastrtps_c__pyext.dir/rosidl_generator_py/village_interfaces/_village_interfaces_s.ep.rosidl_typesupport_fastrtps_c.c.o[0m
[2.312s] [ 88%] [32mBuilding C object CMakeFiles/village_interfaces__rosidl_typesupport_introspection_c__pyext.dir/rosidl_generator_py/village_interfaces/_village_interfaces_s.ep.rosidl_typesupport_introspection_c.c.o[0m
[2.312s] [ 91%] [32mBuilding C object CMakeFiles/village_interfaces__rosidl_typesupport_c__pyext.dir/rosidl_generator_py/village_interfaces/_village_interfaces_s.ep.rosidl_typesupport_c.c.o[0m
[2.371s] [ 94%] [32m[1mLinking C shared library rosidl_generator_py/village_interfaces/village_interfaces_s__rosidl_typesupport_c.cpython-310-x86_64-linux-gnu.so[0m
[2.373s] [ 97%] [32m[1mLinking C shared library rosidl_generator_py/village_interfaces/village_interfaces_s__rosidl_typesupport_fastrtps_c.cpython-310-x86_64-linux-gnu.so[0m
[2.375s] [100%] [32m[1mLinking C shared library rosidl_generator_py/village_interfaces/village_interfaces_s__rosidl_typesupport_introspection_c.cpython-310-x86_64-linux-gnu.so[0m
[2.405s] [100%] Built target village_interfaces__rosidl_typesupport_fastrtps_c__pyext
[2.405s] [100%] Built target village_interfaces__rosidl_typesupport_c__pyext
[2.406s] [100%] Built target village_interfaces__rosidl_typesupport_introspection_c__pyext
[2.415s] Invoked command in '/home/ke/ANU/Algo Trading/ros2Exercise/src/build/village_interfaces' returned '0': CMAKE_PREFIX_PATH=${CMAKE_PREFIX_PATH}:/home/ke/ANU/Algo Trading/ros2Exercise/install/village_li:/opt/ros/iron /usr/bin/cmake --build /home/ke/ANU/Algo Trading/ros2Exercise/src/build/village_interfaces -- -j20 -l20
[2.467s] Invoking command in '/home/ke/ANU/Algo Trading/ros2Exercise/src/build/village_interfaces': CMAKE_PREFIX_PATH=${CMAKE_PREFIX_PATH}:/home/ke/ANU/Algo Trading/ros2Exercise/install/village_li:/opt/ros/iron /usr/bin/cmake --install /home/ke/ANU/Algo Trading/ros2Exercise/src/build/village_interfaces
[2.473s] -- Install configuration: ""
[2.473s] -- Installing: /home/ke/ANU/Algo Trading/ros2Exercise/src/install/village_interfaces/share/ament_index/resource_index/rosidl_interfaces/village_interfaces
[2.473s] -- Installing: /home/ke/ANU/Algo Trading/ros2Exercise/src/install/village_interfaces/share/village_interfaces/msg/Novel.json
[2.473s] -- Installing: /home/ke/ANU/Algo Trading/ros2Exercise/src/install/village_interfaces/include/village_interfaces/village_interfaces
[2.473s] -- Installing: /home/ke/ANU/Algo Trading/ros2Exercise/src/install/village_interfaces/include/village_interfaces/village_interfaces/msg
[2.473s] -- Installing: /home/ke/ANU/Algo Trading/ros2Exercise/src/install/village_interfaces/include/village_interfaces/village_interfaces/msg/novel.h
[2.473s] -- Installing: /home/ke/ANU/Algo Trading/ros2Exercise/src/install/village_interfaces/include/village_interfaces/village_interfaces/msg/rosidl_generator_c__visibility_control.h
[2.473s] -- Installing: /home/ke/ANU/Algo Trading/ros2Exercise/src/install/village_interfaces/include/village_interfaces/village_interfaces/msg/detail
[2.473s] -- Installing: /home/ke/ANU/Algo Trading/ros2Exercise/src/install/village_interfaces/include/village_interfaces/village_interfaces/msg/detail/novel__functions.h
[2.473s] -- Installing: /home/ke/ANU/Algo Trading/ros2Exercise/src/install/village_interfaces/include/village_interfaces/village_interfaces/msg/detail/novel__description.c
[2.473s] -- Installing: /home/ke/ANU/Algo Trading/ros2Exercise/src/install/village_interfaces/include/village_interfaces/village_interfaces/msg/detail/novel__functions.c
[2.473s] -- Installing: /home/ke/ANU/Algo Trading/ros2Exercise/src/install/village_interfaces/include/village_interfaces/village_interfaces/msg/detail/novel__type_support.c
[2.473s] -- Installing: /home/ke/ANU/Algo Trading/ros2Exercise/src/install/village_interfaces/include/village_interfaces/village_interfaces/msg/detail/novel__type_support.h
[2.473s] -- Installing: /home/ke/ANU/Algo Trading/ros2Exercise/src/install/village_interfaces/include/village_interfaces/village_interfaces/msg/detail/novel__struct.h
[2.474s] -- Installing: /home/ke/ANU/Algo Trading/ros2Exercise/src/install/village_interfaces/share/village_interfaces/environment/library_path.sh
[2.474s] -- Installing: /home/ke/ANU/Algo Trading/ros2Exercise/src/install/village_interfaces/share/village_interfaces/environment/library_path.dsv
[2.474s] -- Installing: /home/ke/ANU/Algo Trading/ros2Exercise/src/install/village_interfaces/lib/libvillage_interfaces__rosidl_generator_c.so
[2.474s] -- Set runtime path of "/home/ke/ANU/Algo Trading/ros2Exercise/src/install/village_interfaces/lib/libvillage_interfaces__rosidl_generator_c.so" to ""
[2.474s] -- Up-to-date: /home/ke/ANU/Algo Trading/ros2Exercise/src/install/village_interfaces/include/village_interfaces/village_interfaces
[2.474s] -- Up-to-date: /home/ke/ANU/Algo Trading/ros2Exercise/src/install/village_interfaces/include/village_interfaces/village_interfaces/msg
[2.474s] -- Installing: /home/ke/ANU/Algo Trading/ros2Exercise/src/install/village_interfaces/include/village_interfaces/village_interfaces/msg/rosidl_typesupport_fastrtps_c__visibility_control.h
[2.474s] -- Up-to-date: /home/ke/ANU/Algo Trading/ros2Exercise/src/install/village_interfaces/include/village_interfaces/village_interfaces/msg/detail
[2.474s] -- Installing: /home/ke/ANU/Algo Trading/ros2Exercise/src/install/village_interfaces/include/village_interfaces/village_interfaces/msg/detail/novel__rosidl_typesupport_fastrtps_c.h
[2.474s] -- Installing: /home/ke/ANU/Algo Trading/ros2Exercise/src/install/village_interfaces/lib/libvillage_interfaces__rosidl_typesupport_fastrtps_c.so
[2.474s] -- Set runtime path of "/home/ke/ANU/Algo Trading/ros2Exercise/src/install/village_interfaces/lib/libvillage_interfaces__rosidl_typesupport_fastrtps_c.so" to ""
[2.474s] -- Up-to-date: /home/ke/ANU/Algo Trading/ros2Exercise/src/install/village_interfaces/include/village_interfaces/village_interfaces
[2.474s] -- Up-to-date: /home/ke/ANU/Algo Trading/ros2Exercise/src/install/village_interfaces/include/village_interfaces/village_interfaces/msg
[2.474s] -- Installing: /home/ke/ANU/Algo Trading/ros2Exercise/src/install/village_interfaces/include/village_interfaces/village_interfaces/msg/novel.hpp
[2.474s] -- Up-to-date: /home/ke/ANU/Algo Trading/ros2Exercise/src/install/village_interfaces/include/village_interfaces/village_interfaces/msg/detail
[2.474s] -- Installing: /home/ke/ANU/Algo Trading/ros2Exercise/src/install/village_interfaces/include/village_interfaces/village_interfaces/msg/detail/novel__struct.hpp
[2.474s] -- Installing: /home/ke/ANU/Algo Trading/ros2Exercise/src/install/village_interfaces/include/village_interfaces/village_interfaces/msg/detail/novel__builder.hpp
[2.474s] -- Installing: /home/ke/ANU/Algo Trading/ros2Exercise/src/install/village_interfaces/include/village_interfaces/village_interfaces/msg/detail/novel__traits.hpp
[2.475s] -- Up-to-date: /home/ke/ANU/Algo Trading/ros2Exercise/src/install/village_interfaces/include/village_interfaces/village_interfaces
[2.475s] -- Up-to-date: /home/ke/ANU/Algo Trading/ros2Exercise/src/install/village_interfaces/include/village_interfaces/village_interfaces/msg
[2.475s] -- Installing: /home/ke/ANU/Algo Trading/ros2Exercise/src/install/village_interfaces/include/village_interfaces/village_interfaces/msg/rosidl_typesupport_fastrtps_cpp__visibility_control.h
[2.475s] -- Up-to-date: /home/ke/ANU/Algo Trading/ros2Exercise/src/install/village_interfaces/include/village_interfaces/village_interfaces/msg/detail
[2.475s] -- Installing: /home/ke/ANU/Algo Trading/ros2Exercise/src/install/village_interfaces/include/village_interfaces/village_interfaces/msg/detail/novel__rosidl_typesupport_fastrtps_cpp.hpp
[2.475s] -- Installing: /home/ke/ANU/Algo Trading/ros2Exercise/src/install/village_interfaces/include/village_interfaces/village_interfaces/msg/detail/dds_fastrtps
[2.475s] -- Installing: /home/ke/ANU/Algo Trading/ros2Exercise/src/install/village_interfaces/lib/libvillage_interfaces__rosidl_typesupport_fastrtps_cpp.so
[2.475s] -- Set runtime path of "/home/ke/ANU/Algo Trading/ros2Exercise/src/install/village_interfaces/lib/libvillage_interfaces__rosidl_typesupport_fastrtps_cpp.so" to ""
[2.475s] -- Up-to-date: /home/ke/ANU/Algo Trading/ros2Exercise/src/install/village_interfaces/include/village_interfaces/village_interfaces
[2.475s] -- Up-to-date: /home/ke/ANU/Algo Trading/ros2Exercise/src/install/village_interfaces/include/village_interfaces/village_interfaces/msg
[2.475s] -- Installing: /home/ke/ANU/Algo Trading/ros2Exercise/src/install/village_interfaces/include/village_interfaces/village_interfaces/msg/rosidl_typesupport_introspection_c__visibility_control.h
[2.475s] -- Up-to-date: /home/ke/ANU/Algo Trading/ros2Exercise/src/install/village_interfaces/include/village_interfaces/village_interfaces/msg/detail
[2.475s] -- Installing: /home/ke/ANU/Algo Trading/ros2Exercise/src/install/village_interfaces/include/village_interfaces/village_interfaces/msg/detail/novel__rosidl_typesupport_introspection_c.h
[2.475s] -- Up-to-date: /home/ke/ANU/Algo Trading/ros2Exercise/src/install/village_interfaces/include/village_interfaces/village_interfaces/msg/detail/novel__type_support.c
[2.475s] -- Installing: /home/ke/ANU/Algo Trading/ros2Exercise/src/install/village_interfaces/lib/libvillage_interfaces__rosidl_typesupport_introspection_c.so
[2.475s] -- Set runtime path of "/home/ke/ANU/Algo Trading/ros2Exercise/src/install/village_interfaces/lib/libvillage_interfaces__rosidl_typesupport_introspection_c.so" to ""
[2.475s] -- Installing: /home/ke/ANU/Algo Trading/ros2Exercise/src/install/village_interfaces/lib/libvillage_interfaces__rosidl_typesupport_c.so
[2.475s] -- Set runtime path of "/home/ke/ANU/Algo Trading/ros2Exercise/src/install/village_interfaces/lib/libvillage_interfaces__rosidl_typesupport_c.so" to ""
[2.475s] -- Up-to-date: /home/ke/ANU/Algo Trading/ros2Exercise/src/install/village_interfaces/include/village_interfaces/village_interfaces
[2.475s] -- Up-to-date: /home/ke/ANU/Algo Trading/ros2Exercise/src/install/village_interfaces/include/village_interfaces/village_interfaces/msg
[2.476s] -- Up-to-date: /home/ke/ANU/Algo Trading/ros2Exercise/src/install/village_interfaces/include/village_interfaces/village_interfaces/msg/detail
[2.476s] -- Installing: /home/ke/ANU/Algo Trading/ros2Exercise/src/install/village_interfaces/include/village_interfaces/village_interfaces/msg/detail/novel__rosidl_typesupport_introspection_cpp.hpp
[2.476s] -- Installing: /home/ke/ANU/Algo Trading/ros2Exercise/src/install/village_interfaces/include/village_interfaces/village_interfaces/msg/detail/novel__type_support.cpp
[2.476s] -- Installing: /home/ke/ANU/Algo Trading/ros2Exercise/src/install/village_interfaces/lib/libvillage_interfaces__rosidl_typesupport_introspection_cpp.so
[2.476s] -- Set runtime path of "/home/ke/ANU/Algo Trading/ros2Exercise/src/install/village_interfaces/lib/libvillage_interfaces__rosidl_typesupport_introspection_cpp.so" to ""
[2.476s] -- Installing: /home/ke/ANU/Algo Trading/ros2Exercise/src/install/village_interfaces/lib/libvillage_interfaces__rosidl_typesupport_cpp.so
[2.476s] -- Set runtime path of "/home/ke/ANU/Algo Trading/ros2Exercise/src/install/village_interfaces/lib/libvillage_interfaces__rosidl_typesupport_cpp.so" to ""
[2.476s] -- Installing: /home/ke/ANU/Algo Trading/ros2Exercise/src/install/village_interfaces/share/village_interfaces/environment/pythonpath.sh
[2.476s] -- Installing: /home/ke/ANU/Algo Trading/ros2Exercise/src/install/village_interfaces/share/village_interfaces/environment/pythonpath.dsv
[2.476s] -- Installing: /home/ke/ANU/Algo Trading/ros2Exercise/src/install/village_interfaces/lib/python3.10/site-packages/village_interfaces-0.0.0-py3.10.egg-info
[2.476s] -- Installing: /home/ke/ANU/Algo Trading/ros2Exercise/src/install/village_interfaces/lib/python3.10/site-packages/village_interfaces-0.0.0-py3.10.egg-info/top_level.txt
[2.476s] -- Installing: /home/ke/ANU/Algo Trading/ros2Exercise/src/install/village_interfaces/lib/python3.10/site-packages/village_interfaces-0.0.0-py3.10.egg-info/dependency_links.txt
[2.476s] -- Installing: /home/ke/ANU/Algo Trading/ros2Exercise/src/install/village_interfaces/lib/python3.10/site-packages/village_interfaces-0.0.0-py3.10.egg-info/SOURCES.txt
[2.476s] -- Installing: /home/ke/ANU/Algo Trading/ros2Exercise/src/install/village_interfaces/lib/python3.10/site-packages/village_interfaces-0.0.0-py3.10.egg-info/PKG-INFO
[2.476s] -- Installing: /home/ke/ANU/Algo Trading/ros2Exercise/src/install/village_interfaces/lib/python3.10/site-packages/village_interfaces
[2.476s] -- Installing: /home/ke/ANU/Algo Trading/ros2Exercise/src/install/village_interfaces/lib/python3.10/site-packages/village_interfaces/_village_interfaces_s.ep.rosidl_typesupport_introspection_c.c
[2.477s] -- Installing: /home/ke/ANU/Algo Trading/ros2Exercise/src/install/village_interfaces/lib/python3.10/site-packages/village_interfaces/village_interfaces_s__rosidl_typesupport_fastrtps_c.cpython-310-x86_64-linux-gnu.so
[2.477s] -- Installing: /home/ke/ANU/Algo Trading/ros2Exercise/src/install/village_interfaces/lib/python3.10/site-packages/village_interfaces/village_interfaces_s__rosidl_typesupport_introspection_c.cpython-310-x86_64-linux-gnu.so
[2.477s] -- Installing: /home/ke/ANU/Algo Trading/ros2Exercise/src/install/village_interfaces/lib/python3.10/site-packages/village_interfaces/msg
[2.477s] -- Installing: /home/ke/ANU/Algo Trading/ros2Exercise/src/install/village_interfaces/lib/python3.10/site-packages/village_interfaces/msg/_novel_s.c
[2.477s] -- Installing: /home/ke/ANU/Algo Trading/ros2Exercise/src/install/village_interfaces/lib/python3.10/site-packages/village_interfaces/msg/_novel.py
[2.477s] -- Installing: /home/ke/ANU/Algo Trading/ros2Exercise/src/install/village_interfaces/lib/python3.10/site-packages/village_interfaces/msg/__init__.py
[2.477s] -- Installing: /home/ke/ANU/Algo Trading/ros2Exercise/src/install/village_interfaces/lib/python3.10/site-packages/village_interfaces/village_interfaces_s__rosidl_typesupport_c.cpython-310-x86_64-linux-gnu.so
[2.477s] -- Installing: /home/ke/ANU/Algo Trading/ros2Exercise/src/install/village_interfaces/lib/python3.10/site-packages/village_interfaces/_village_interfaces_s.ep.rosidl_typesupport_c.c
[2.477s] -- Installing: /home/ke/ANU/Algo Trading/ros2Exercise/src/install/village_interfaces/lib/python3.10/site-packages/village_interfaces/__init__.py
[2.477s] -- Installing: /home/ke/ANU/Algo Trading/ros2Exercise/src/install/village_interfaces/lib/python3.10/site-packages/village_interfaces/_village_interfaces_s.ep.rosidl_typesupport_fastrtps_c.c
[2.477s] -- Installing: /home/ke/ANU/Algo Trading/ros2Exercise/src/install/village_interfaces/lib/python3.10/site-packages/village_interfaces/libvillage_interfaces__rosidl_generator_py.so
[2.498s] Listing '/home/ke/ANU/Algo Trading/ros2Exercise/src/install/village_interfaces/lib/python3.10/site-packages/village_interfaces'...
[2.498s] Compiling '/home/ke/ANU/Algo Trading/ros2Exercise/src/install/village_interfaces/lib/python3.10/site-packages/village_interfaces/__init__.py'...
[2.498s] Listing '/home/ke/ANU/Algo Trading/ros2Exercise/src/install/village_interfaces/lib/python3.10/site-packages/village_interfaces/msg'...
[2.498s] Compiling '/home/ke/ANU/Algo Trading/ros2Exercise/src/install/village_interfaces/lib/python3.10/site-packages/village_interfaces/msg/__init__.py'...
[2.498s] Compiling '/home/ke/ANU/Algo Trading/ros2Exercise/src/install/village_interfaces/lib/python3.10/site-packages/village_interfaces/msg/_novel.py'...
[2.500s] -- Installing: /home/ke/ANU/Algo Trading/ros2Exercise/src/install/village_interfaces/lib/python3.10/site-packages/village_interfaces/village_interfaces_s__rosidl_typesupport_fastrtps_c.cpython-310-x86_64-linux-gnu.so
[2.500s] -- Set runtime path of "/home/ke/ANU/Algo Trading/ros2Exercise/src/install/village_interfaces/lib/python3.10/site-packages/village_interfaces/village_interfaces_s__rosidl_typesupport_fastrtps_c.cpython-310-x86_64-linux-gnu.so" to ""
[2.500s] -- Installing: /home/ke/ANU/Algo Trading/ros2Exercise/src/install/village_interfaces/lib/python3.10/site-packages/village_interfaces/village_interfaces_s__rosidl_typesupport_introspection_c.cpython-310-x86_64-linux-gnu.so
[2.501s] -- Set runtime path of "/home/ke/ANU/Algo Trading/ros2Exercise/src/install/village_interfaces/lib/python3.10/site-packages/village_interfaces/village_interfaces_s__rosidl_typesupport_introspection_c.cpython-310-x86_64-linux-gnu.so" to ""
[2.501s] -- Installing: /home/ke/ANU/Algo Trading/ros2Exercise/src/install/village_interfaces/lib/python3.10/site-packages/village_interfaces/village_interfaces_s__rosidl_typesupport_c.cpython-310-x86_64-linux-gnu.so
[2.501s] -- Set runtime path of "/home/ke/ANU/Algo Trading/ros2Exercise/src/install/village_interfaces/lib/python3.10/site-packages/village_interfaces/village_interfaces_s__rosidl_typesupport_c.cpython-310-x86_64-linux-gnu.so" to ""
[2.501s] -- Installing: /home/ke/ANU/Algo Trading/ros2Exercise/src/install/village_interfaces/lib/libvillage_interfaces__rosidl_generator_py.so
[2.501s] -- Set runtime path of "/home/ke/ANU/Algo Trading/ros2Exercise/src/install/village_interfaces/lib/libvillage_interfaces__rosidl_generator_py.so" to ""
[2.501s] -- Installing: /home/ke/ANU/Algo Trading/ros2Exercise/src/install/village_interfaces/share/village_interfaces/msg/Novel.idl
[2.501s] -- Installing: /home/ke/ANU/Algo Trading/ros2Exercise/src/install/village_interfaces/share/village_interfaces/msg/Novel.msg
[2.501s] -- Installing: /home/ke/ANU/Algo Trading/ros2Exercise/src/install/village_interfaces/share/ament_index/resource_index/package_run_dependencies/village_interfaces
[2.501s] -- Installing: /home/ke/ANU/Algo Trading/ros2Exercise/src/install/village_interfaces/share/ament_index/resource_index/parent_prefix_path/village_interfaces
[2.501s] -- Installing: /home/ke/ANU/Algo Trading/ros2Exercise/src/install/village_interfaces/share/village_interfaces/environment/ament_prefix_path.sh
[2.501s] -- Installing: /home/ke/ANU/Algo Trading/ros2Exercise/src/install/village_interfaces/share/village_interfaces/environment/ament_prefix_path.dsv
[2.501s] -- Installing: /home/ke/ANU/Algo Trading/ros2Exercise/src/install/village_interfaces/share/village_interfaces/environment/path.sh
[2.501s] -- Installing: /home/ke/ANU/Algo Trading/ros2Exercise/src/install/village_interfaces/share/village_interfaces/environment/path.dsv
[2.501s] -- Installing: /home/ke/ANU/Algo Trading/ros2Exercise/src/install/village_interfaces/share/village_interfaces/local_setup.bash
[2.501s] -- Installing: /home/ke/ANU/Algo Trading/ros2Exercise/src/install/village_interfaces/share/village_interfaces/local_setup.sh
[2.502s] -- Installing: /home/ke/ANU/Algo Trading/ros2Exercise/src/install/village_interfaces/share/village_interfaces/local_setup.zsh
[2.502s] -- Installing: /home/ke/ANU/Algo Trading/ros2Exercise/src/install/village_interfaces/share/village_interfaces/local_setup.dsv
[2.502s] -- Up-to-date: /home/ke/ANU/Algo Trading/ros2Exercise/src/install/village_interfaces/share/village_interfaces/package.dsv
[2.502s] -- Installing: /home/ke/ANU/Algo Trading/ros2Exercise/src/install/village_interfaces/share/ament_index/resource_index/packages/village_interfaces
[2.502s] -- Installing: /home/ke/ANU/Algo Trading/ros2Exercise/src/install/village_interfaces/share/village_interfaces/cmake/export_village_interfaces__rosidl_generator_cExport.cmake
[2.502s] -- Installing: /home/ke/ANU/Algo Trading/ros2Exercise/src/install/village_interfaces/share/village_interfaces/cmake/export_village_interfaces__rosidl_generator_cExport-noconfig.cmake
[2.502s] -- Installing: /home/ke/ANU/Algo Trading/ros2Exercise/src/install/village_interfaces/share/village_interfaces/cmake/export_village_interfaces__rosidl_typesupport_fastrtps_cExport.cmake
[2.502s] -- Installing: /home/ke/ANU/Algo Trading/ros2Exercise/src/install/village_interfaces/share/village_interfaces/cmake/export_village_interfaces__rosidl_typesupport_fastrtps_cExport-noconfig.cmake
[2.502s] -- Installing: /home/ke/ANU/Algo Trading/ros2Exercise/src/install/village_interfaces/share/village_interfaces/cmake/export_village_interfaces__rosidl_generator_cppExport.cmake
[2.502s] -- Installing: /home/ke/ANU/Algo Trading/ros2Exercise/src/install/village_interfaces/share/village_interfaces/cmake/export_village_interfaces__rosidl_typesupport_fastrtps_cppExport.cmake
[2.502s] -- Installing: /home/ke/ANU/Algo Trading/ros2Exercise/src/install/village_interfaces/share/village_interfaces/cmake/export_village_interfaces__rosidl_typesupport_fastrtps_cppExport-noconfig.cmake
[2.502s] -- Installing: /home/ke/ANU/Algo Trading/ros2Exercise/src/install/village_interfaces/share/village_interfaces/cmake/village_interfaces__rosidl_typesupport_introspection_cExport.cmake
[2.502s] -- Installing: /home/ke/ANU/Algo Trading/ros2Exercise/src/install/village_interfaces/share/village_interfaces/cmake/village_interfaces__rosidl_typesupport_introspection_cExport-noconfig.cmake
[2.502s] -- Installing: /home/ke/ANU/Algo Trading/ros2Exercise/src/install/village_interfaces/share/village_interfaces/cmake/village_interfaces__rosidl_typesupport_cExport.cmake
[2.502s] -- Installing: /home/ke/ANU/Algo Trading/ros2Exercise/src/install/village_interfaces/share/village_interfaces/cmake/village_interfaces__rosidl_typesupport_cExport-noconfig.cmake
[2.502s] -- Installing: /home/ke/ANU/Algo Trading/ros2Exercise/src/install/village_interfaces/share/village_interfaces/cmake/village_interfaces__rosidl_typesupport_introspection_cppExport.cmake
[2.503s] -- Installing: /home/ke/ANU/Algo Trading/ros2Exercise/src/install/village_interfaces/share/village_interfaces/cmake/village_interfaces__rosidl_typesupport_introspection_cppExport-noconfig.cmake
[2.503s] -- Installing: /home/ke/ANU/Algo Trading/ros2Exercise/src/install/village_interfaces/share/village_interfaces/cmake/village_interfaces__rosidl_typesupport_cppExport.cmake
[2.503s] -- Installing: /home/ke/ANU/Algo Trading/ros2Exercise/src/install/village_interfaces/share/village_interfaces/cmake/village_interfaces__rosidl_typesupport_cppExport-noconfig.cmake
[2.503s] -- Installing: /home/ke/ANU/Algo Trading/ros2Exercise/src/install/village_interfaces/share/village_interfaces/cmake/export_village_interfaces__rosidl_generator_pyExport.cmake
[2.503s] -- Installing: /home/ke/ANU/Algo Trading/ros2Exercise/src/install/village_interfaces/share/village_interfaces/cmake/export_village_interfaces__rosidl_generator_pyExport-noconfig.cmake
[2.503s] -- Installing: /home/ke/ANU/Algo Trading/ros2Exercise/src/install/village_interfaces/share/village_interfaces/cmake/rosidl_cmake-extras.cmake
[2.503s] -- Installing: /home/ke/ANU/Algo Trading/ros2Exercise/src/install/village_interfaces/share/village_interfaces/cmake/ament_cmake_export_dependencies-extras.cmake
[2.503s] -- Installing: /home/ke/ANU/Algo Trading/ros2Exercise/src/install/village_interfaces/share/village_interfaces/cmake/ament_cmake_export_include_directories-extras.cmake
[2.503s] -- Installing: /home/ke/ANU/Algo Trading/ros2Exercise/src/install/village_interfaces/share/village_interfaces/cmake/ament_cmake_export_libraries-extras.cmake
[2.503s] -- Installing: /home/ke/ANU/Algo Trading/ros2Exercise/src/install/village_interfaces/share/village_interfaces/cmake/ament_cmake_export_targets-extras.cmake
[2.503s] -- Installing: /home/ke/ANU/Algo Trading/ros2Exercise/src/install/village_interfaces/share/village_interfaces/cmake/rosidl_cmake_export_typesupport_targets-extras.cmake
[2.503s] -- Installing: /home/ke/ANU/Algo Trading/ros2Exercise/src/install/village_interfaces/share/village_interfaces/cmake/rosidl_cmake_export_typesupport_libraries-extras.cmake
[2.503s] -- Installing: /home/ke/ANU/Algo Trading/ros2Exercise/src/install/village_interfaces/share/village_interfaces/cmake/village_interfacesConfig.cmake
[2.503s] -- Installing: /home/ke/ANU/Algo Trading/ros2Exercise/src/install/village_interfaces/share/village_interfaces/cmake/village_interfacesConfig-version.cmake
[2.503s] -- Installing: /home/ke/ANU/Algo Trading/ros2Exercise/src/install/village_interfaces/share/village_interfaces/package.xml
[2.505s] Invoked command in '/home/ke/ANU/Algo Trading/ros2Exercise/src/build/village_interfaces' returned '0': CMAKE_PREFIX_PATH=${CMAKE_PREFIX_PATH}:/home/ke/ANU/Algo Trading/ros2Exercise/install/village_li:/opt/ros/iron /usr/bin/cmake --install /home/ke/ANU/Algo Trading/ros2Exercise/src/build/village_interfaces
