[0.015s] Invoking command in '/home/ke/ANU/Algo Trading/ros2Exercise/build/village_interfaces': CMAKE_PREFIX_PATH=${CMAKE_PREFIX_PATH}:/home/ke/ANU/Algo Trading/ros2Exercise/install/village_li:/opt/ros/iron /usr/bin/cmake --build /home/ke/ANU/Algo Trading/ros2Exercise/build/village_interfaces -- -j20 -l20
[0.171s] [  2%] Built target village_interfaces__rosidl_generator_type_description
[0.171s] [  2%] Built target ament_cmake_python_copy_village_interfaces
[0.171s] [35m[1mConsolidate compiler generated dependencies of target village_interfaces__rosidl_generator_c[0m
[0.171s] [  4%] Built target village_interfaces__cpp
[0.171s] [ 22%] Built target village_interfaces__rosidl_generator_c
[0.171s] [35m[1mConsolidate compiler generated dependencies of target village_interfaces__rosidl_typesupport_c[0m
[0.171s] [35m[1mConsolidate compiler generated dependencies of target village_interfaces__rosidl_typesupport_cpp[0m
[0.171s] [35m[1mConsolidate compiler generated dependencies of target village_interfaces__rosidl_typesupport_fastrtps_cpp[0m
[0.171s] [35m[1mConsolidate compiler generated dependencies of target village_interfaces__rosidl_typesupport_introspection_cpp[0m
[0.171s] [35m[1mConsolidate compiler generated dependencies of target village_interfaces__rosidl_typesupport_introspection_c[0m
[0.171s] [35m[1mConsolidate compiler generated dependencies of target village_interfaces__rosidl_typesupport_fastrtps_c[0m
[0.172s] [ 31%] Built target village_interfaces__rosidl_typesupport_c
[0.172s] [ 40%] Built target village_interfaces__rosidl_typesupport_cpp
[0.172s] [ 50%] Built target village_interfaces__rosidl_typesupport_introspection_cpp
[0.172s] [ 59%] Built target village_interfaces__rosidl_typesupport_fastrtps_cpp
[0.172s] [ 68%] Built target village_interfaces__rosidl_typesupport_introspection_c
[0.172s] [ 77%] Built target village_interfaces__rosidl_typesupport_fastrtps_c
[0.172s] [ 77%] Built target village_interfaces
[0.172s] [ 79%] Built target village_interfaces__py
[0.172s] [35m[1mConsolidate compiler generated dependencies of target village_interfaces__rosidl_generator_py[0m
[0.172s] [ 86%] Built target village_interfaces__rosidl_generator_py
[0.172s] [35m[1mConsolidate compiler generated dependencies of target village_interfaces__rosidl_typesupport_introspection_c__pyext[0m
[0.172s] [35m[1mConsolidate compiler generated dependencies of target village_interfaces__rosidl_typesupport_c__pyext[0m
[0.172s] [35m[1mConsolidate compiler generated dependencies of target village_interfaces__rosidl_typesupport_fastrtps_c__pyext[0m
[0.178s] [ 90%] Built target village_interfaces__rosidl_typesupport_introspection_c__pyext
[0.181s] [ 95%] Built target village_interfaces__rosidl_typesupport_fastrtps_c__pyext
[0.181s] [100%] Built target village_interfaces__rosidl_typesupport_c__pyext
[0.226s] running egg_info
[0.227s] writing village_interfaces.egg-info/PKG-INFO
[0.227s] writing dependency_links to village_interfaces.egg-info/dependency_links.txt
[0.227s] writing top-level names to village_interfaces.egg-info/top_level.txt
[0.229s] reading manifest file 'village_interfaces.egg-info/SOURCES.txt'
[0.229s] writing manifest file 'village_interfaces.egg-info/SOURCES.txt'
[0.251s] [100%] Built target ament_cmake_python_build_village_interfaces_egg
[0.266s] Invoked command in '/home/ke/ANU/Algo Trading/ros2Exercise/build/village_interfaces' returned '0': CMAKE_PREFIX_PATH=${CMAKE_PREFIX_PATH}:/home/ke/ANU/Algo Trading/ros2Exercise/install/village_li:/opt/ros/iron /usr/bin/cmake --build /home/ke/ANU/Algo Trading/ros2Exercise/build/village_interfaces -- -j20 -l20
[0.346s] Invoking command in '/home/ke/ANU/Algo Trading/ros2Exercise/build/village_interfaces': CMAKE_PREFIX_PATH=${CMAKE_PREFIX_PATH}:/home/ke/ANU/Algo Trading/ros2Exercise/install/village_li:/opt/ros/iron /usr/bin/cmake --install /home/ke/ANU/Algo Trading/ros2Exercise/build/village_interfaces
[0.351s] -- Install configuration: ""
[0.351s] -- Up-to-date: /home/ke/ANU/Algo Trading/ros2Exercise/install/village_interfaces/share/ament_index/resource_index/rosidl_interfaces/village_interfaces
[0.352s] -- Up-to-date: /home/ke/ANU/Algo Trading/ros2Exercise/install/village_interfaces/share/village_interfaces/msg/Novel.json
[0.352s] -- Up-to-date: /home/ke/ANU/Algo Trading/ros2Exercise/install/village_interfaces/share/village_interfaces/srv/BorrowMoney.json
[0.352s] -- Up-to-date: /home/ke/ANU/Algo Trading/ros2Exercise/install/village_interfaces/include/village_interfaces/village_interfaces
[0.352s] -- Up-to-date: /home/ke/ANU/Algo Trading/ros2Exercise/install/village_interfaces/include/village_interfaces/village_interfaces/msg
[0.352s] -- Up-to-date: /home/ke/ANU/Algo Trading/ros2Exercise/install/village_interfaces/include/village_interfaces/village_interfaces/msg/novel.h
[0.352s] -- Up-to-date: /home/ke/ANU/Algo Trading/ros2Exercise/install/village_interfaces/include/village_interfaces/village_interfaces/msg/rosidl_generator_c__visibility_control.h
[0.352s] -- Up-to-date: /home/ke/ANU/Algo Trading/ros2Exercise/install/village_interfaces/include/village_interfaces/village_interfaces/msg/detail
[0.352s] -- Up-to-date: /home/ke/ANU/Algo Trading/ros2Exercise/install/village_interfaces/include/village_interfaces/village_interfaces/msg/detail/novel__functions.h
[0.352s] -- Up-to-date: /home/ke/ANU/Algo Trading/ros2Exercise/install/village_interfaces/include/village_interfaces/village_interfaces/msg/detail/novel__description.c
[0.352s] -- Up-to-date: /home/ke/ANU/Algo Trading/ros2Exercise/install/village_interfaces/include/village_interfaces/village_interfaces/msg/detail/novel__functions.c
[0.352s] -- Up-to-date: /home/ke/ANU/Algo Trading/ros2Exercise/install/village_interfaces/include/village_interfaces/village_interfaces/msg/detail/novel__type_support.c
[0.352s] -- Up-to-date: /home/ke/ANU/Algo Trading/ros2Exercise/install/village_interfaces/include/village_interfaces/village_interfaces/msg/detail/novel__type_support.h
[0.353s] -- Up-to-date: /home/ke/ANU/Algo Trading/ros2Exercise/install/village_interfaces/include/village_interfaces/village_interfaces/msg/detail/novel__struct.h
[0.353s] -- Up-to-date: /home/ke/ANU/Algo Trading/ros2Exercise/install/village_interfaces/include/village_interfaces/village_interfaces/srv
[0.353s] -- Up-to-date: /home/ke/ANU/Algo Trading/ros2Exercise/install/village_interfaces/include/village_interfaces/village_interfaces/srv/borrow_money.h
[0.353s] -- Up-to-date: /home/ke/ANU/Algo Trading/ros2Exercise/install/village_interfaces/include/village_interfaces/village_interfaces/srv/detail
[0.353s] -- Up-to-date: /home/ke/ANU/Algo Trading/ros2Exercise/install/village_interfaces/include/village_interfaces/village_interfaces/srv/detail/borrow_money__functions.c
[0.353s] -- Up-to-date: /home/ke/ANU/Algo Trading/ros2Exercise/install/village_interfaces/include/village_interfaces/village_interfaces/srv/detail/borrow_money__description.c
[0.353s] -- Up-to-date: /home/ke/ANU/Algo Trading/ros2Exercise/install/village_interfaces/include/village_interfaces/village_interfaces/srv/detail/borrow_money__functions.h
[0.353s] -- Up-to-date: /home/ke/ANU/Algo Trading/ros2Exercise/install/village_interfaces/include/village_interfaces/village_interfaces/srv/detail/borrow_money__struct.h
[0.353s] -- Up-to-date: /home/ke/ANU/Algo Trading/ros2Exercise/install/village_interfaces/include/village_interfaces/village_interfaces/srv/detail/borrow_money__type_support.h
[0.353s] -- Up-to-date: /home/ke/ANU/Algo Trading/ros2Exercise/install/village_interfaces/include/village_interfaces/village_interfaces/srv/detail/borrow_money__type_support.c
[0.353s] -- Up-to-date: /home/ke/ANU/Algo Trading/ros2Exercise/install/village_interfaces/share/village_interfaces/environment/library_path.sh
[0.353s] -- Up-to-date: /home/ke/ANU/Algo Trading/ros2Exercise/install/village_interfaces/share/village_interfaces/environment/library_path.dsv
[0.353s] -- Up-to-date: /home/ke/ANU/Algo Trading/ros2Exercise/install/village_interfaces/lib/libvillage_interfaces__rosidl_generator_c.so
[0.353s] -- Up-to-date: /home/ke/ANU/Algo Trading/ros2Exercise/install/village_interfaces/include/village_interfaces/village_interfaces
[0.354s] -- Up-to-date: /home/ke/ANU/Algo Trading/ros2Exercise/install/village_interfaces/include/village_interfaces/village_interfaces/msg
[0.354s] -- Up-to-date: /home/ke/ANU/Algo Trading/ros2Exercise/install/village_interfaces/include/village_interfaces/village_interfaces/msg/rosidl_typesupport_fastrtps_c__visibility_control.h
[0.354s] -- Up-to-date: /home/ke/ANU/Algo Trading/ros2Exercise/install/village_interfaces/include/village_interfaces/village_interfaces/msg/detail
[0.354s] -- Up-to-date: /home/ke/ANU/Algo Trading/ros2Exercise/install/village_interfaces/include/village_interfaces/village_interfaces/msg/detail/novel__rosidl_typesupport_fastrtps_c.h
[0.354s] -- Up-to-date: /home/ke/ANU/Algo Trading/ros2Exercise/install/village_interfaces/include/village_interfaces/village_interfaces/srv
[0.354s] -- Up-to-date: /home/ke/ANU/Algo Trading/ros2Exercise/install/village_interfaces/include/village_interfaces/village_interfaces/srv/detail
[0.354s] -- Up-to-date: /home/ke/ANU/Algo Trading/ros2Exercise/install/village_interfaces/include/village_interfaces/village_interfaces/srv/detail/borrow_money__rosidl_typesupport_fastrtps_c.h
[0.354s] -- Up-to-date: /home/ke/ANU/Algo Trading/ros2Exercise/install/village_interfaces/lib/libvillage_interfaces__rosidl_typesupport_fastrtps_c.so
[0.354s] -- Up-to-date: /home/ke/ANU/Algo Trading/ros2Exercise/install/village_interfaces/include/village_interfaces/village_interfaces
[0.354s] -- Up-to-date: /home/ke/ANU/Algo Trading/ros2Exercise/install/village_interfaces/include/village_interfaces/village_interfaces/msg
[0.354s] -- Up-to-date: /home/ke/ANU/Algo Trading/ros2Exercise/install/village_interfaces/include/village_interfaces/village_interfaces/msg/novel.hpp
[0.354s] -- Up-to-date: /home/ke/ANU/Algo Trading/ros2Exercise/install/village_interfaces/include/village_interfaces/village_interfaces/msg/detail
[0.354s] -- Up-to-date: /home/ke/ANU/Algo Trading/ros2Exercise/install/village_interfaces/include/village_interfaces/village_interfaces/msg/detail/novel__struct.hpp
[0.355s] -- Up-to-date: /home/ke/ANU/Algo Trading/ros2Exercise/install/village_interfaces/include/village_interfaces/village_interfaces/msg/detail/novel__builder.hpp
[0.355s] -- Up-to-date: /home/ke/ANU/Algo Trading/ros2Exercise/install/village_interfaces/include/village_interfaces/village_interfaces/msg/detail/novel__traits.hpp
[0.355s] -- Up-to-date: /home/ke/ANU/Algo Trading/ros2Exercise/install/village_interfaces/include/village_interfaces/village_interfaces/srv
[0.355s] -- Up-to-date: /home/ke/ANU/Algo Trading/ros2Exercise/install/village_interfaces/include/village_interfaces/village_interfaces/srv/borrow_money.hpp
[0.355s] -- Up-to-date: /home/ke/ANU/Algo Trading/ros2Exercise/install/village_interfaces/include/village_interfaces/village_interfaces/srv/detail
[0.355s] -- Up-to-date: /home/ke/ANU/Algo Trading/ros2Exercise/install/village_interfaces/include/village_interfaces/village_interfaces/srv/detail/borrow_money__traits.hpp
[0.355s] -- Up-to-date: /home/ke/ANU/Algo Trading/ros2Exercise/install/village_interfaces/include/village_interfaces/village_interfaces/srv/detail/borrow_money__struct.hpp
[0.355s] -- Up-to-date: /home/ke/ANU/Algo Trading/ros2Exercise/install/village_interfaces/include/village_interfaces/village_interfaces/srv/detail/borrow_money__builder.hpp
[0.355s] -- Up-to-date: /home/ke/ANU/Algo Trading/ros2Exercise/install/village_interfaces/include/village_interfaces/village_interfaces
[0.355s] -- Up-to-date: /home/ke/ANU/Algo Trading/ros2Exercise/install/village_interfaces/include/village_interfaces/village_interfaces/msg
[0.355s] -- Up-to-date: /home/ke/ANU/Algo Trading/ros2Exercise/install/village_interfaces/include/village_interfaces/village_interfaces/msg/rosidl_typesupport_fastrtps_cpp__visibility_control.h
[0.355s] -- Up-to-date: /home/ke/ANU/Algo Trading/ros2Exercise/install/village_interfaces/include/village_interfaces/village_interfaces/msg/detail
[0.355s] -- Up-to-date: /home/ke/ANU/Algo Trading/ros2Exercise/install/village_interfaces/include/village_interfaces/village_interfaces/msg/detail/novel__rosidl_typesupport_fastrtps_cpp.hpp
[0.355s] -- Up-to-date: /home/ke/ANU/Algo Trading/ros2Exercise/install/village_interfaces/include/village_interfaces/village_interfaces/msg/detail/dds_fastrtps
[0.355s] -- Up-to-date: /home/ke/ANU/Algo Trading/ros2Exercise/install/village_interfaces/include/village_interfaces/village_interfaces/srv
[0.355s] -- Up-to-date: /home/ke/ANU/Algo Trading/ros2Exercise/install/village_interfaces/include/village_interfaces/village_interfaces/srv/detail
[0.356s] -- Up-to-date: /home/ke/ANU/Algo Trading/ros2Exercise/install/village_interfaces/include/village_interfaces/village_interfaces/srv/detail/dds_fastrtps
[0.356s] -- Up-to-date: /home/ke/ANU/Algo Trading/ros2Exercise/install/village_interfaces/include/village_interfaces/village_interfaces/srv/detail/borrow_money__rosidl_typesupport_fastrtps_cpp.hpp
[0.356s] -- Up-to-date: /home/ke/ANU/Algo Trading/ros2Exercise/install/village_interfaces/lib/libvillage_interfaces__rosidl_typesupport_fastrtps_cpp.so
[0.356s] -- Up-to-date: /home/ke/ANU/Algo Trading/ros2Exercise/install/village_interfaces/include/village_interfaces/village_interfaces
[0.356s] -- Up-to-date: /home/ke/ANU/Algo Trading/ros2Exercise/install/village_interfaces/include/village_interfaces/village_interfaces/msg
[0.356s] -- Up-to-date: /home/ke/ANU/Algo Trading/ros2Exercise/install/village_interfaces/include/village_interfaces/village_interfaces/msg/rosidl_typesupport_introspection_c__visibility_control.h
[0.356s] -- Up-to-date: /home/ke/ANU/Algo Trading/ros2Exercise/install/village_interfaces/include/village_interfaces/village_interfaces/msg/detail
[0.356s] -- Up-to-date: /home/ke/ANU/Algo Trading/ros2Exercise/install/village_interfaces/include/village_interfaces/village_interfaces/msg/detail/novel__rosidl_typesupport_introspection_c.h
[0.356s] -- Up-to-date: /home/ke/ANU/Algo Trading/ros2Exercise/install/village_interfaces/include/village_interfaces/village_interfaces/msg/detail/novel__type_support.c
[0.356s] -- Up-to-date: /home/ke/ANU/Algo Trading/ros2Exercise/install/village_interfaces/include/village_interfaces/village_interfaces/srv
[0.356s] -- Up-to-date: /home/ke/ANU/Algo Trading/ros2Exercise/install/village_interfaces/include/village_interfaces/village_interfaces/srv/detail
[0.356s] -- Up-to-date: /home/ke/ANU/Algo Trading/ros2Exercise/install/village_interfaces/include/village_interfaces/village_interfaces/srv/detail/borrow_money__rosidl_typesupport_introspection_c.h
[0.356s] -- Up-to-date: /home/ke/ANU/Algo Trading/ros2Exercise/install/village_interfaces/include/village_interfaces/village_interfaces/srv/detail/borrow_money__type_support.c
[0.356s] -- Up-to-date: /home/ke/ANU/Algo Trading/ros2Exercise/install/village_interfaces/lib/libvillage_interfaces__rosidl_typesupport_introspection_c.so
[0.356s] -- Up-to-date: /home/ke/ANU/Algo Trading/ros2Exercise/install/village_interfaces/lib/libvillage_interfaces__rosidl_typesupport_c.so
[0.357s] -- Up-to-date: /home/ke/ANU/Algo Trading/ros2Exercise/install/village_interfaces/include/village_interfaces/village_interfaces
[0.357s] -- Up-to-date: /home/ke/ANU/Algo Trading/ros2Exercise/install/village_interfaces/include/village_interfaces/village_interfaces/msg
[0.357s] -- Up-to-date: /home/ke/ANU/Algo Trading/ros2Exercise/install/village_interfaces/include/village_interfaces/village_interfaces/msg/detail
[0.357s] -- Up-to-date: /home/ke/ANU/Algo Trading/ros2Exercise/install/village_interfaces/include/village_interfaces/village_interfaces/msg/detail/novel__rosidl_typesupport_introspection_cpp.hpp
[0.357s] -- Up-to-date: /home/ke/ANU/Algo Trading/ros2Exercise/install/village_interfaces/include/village_interfaces/village_interfaces/msg/detail/novel__type_support.cpp
[0.357s] -- Up-to-date: /home/ke/ANU/Algo Trading/ros2Exercise/install/village_interfaces/include/village_interfaces/village_interfaces/srv
[0.357s] -- Up-to-date: /home/ke/ANU/Algo Trading/ros2Exercise/install/village_interfaces/include/village_interfaces/village_interfaces/srv/detail
[0.357s] -- Up-to-date: /home/ke/ANU/Algo Trading/ros2Exercise/install/village_interfaces/include/village_interfaces/village_interfaces/srv/detail/borrow_money__type_support.cpp
[0.357s] -- Up-to-date: /home/ke/ANU/Algo Trading/ros2Exercise/install/village_interfaces/include/village_interfaces/village_interfaces/srv/detail/borrow_money__rosidl_typesupport_introspection_cpp.hpp
[0.357s] -- Up-to-date: /home/ke/ANU/Algo Trading/ros2Exercise/install/village_interfaces/lib/libvillage_interfaces__rosidl_typesupport_introspection_cpp.so
[0.357s] -- Up-to-date: /home/ke/ANU/Algo Trading/ros2Exercise/install/village_interfaces/lib/libvillage_interfaces__rosidl_typesupport_cpp.so
[0.357s] -- Up-to-date: /home/ke/ANU/Algo Trading/ros2Exercise/install/village_interfaces/share/village_interfaces/environment/pythonpath.sh
[0.357s] -- Up-to-date: /home/ke/ANU/Algo Trading/ros2Exercise/install/village_interfaces/share/village_interfaces/environment/pythonpath.dsv
[0.357s] -- Up-to-date: /home/ke/ANU/Algo Trading/ros2Exercise/install/village_interfaces/lib/python3.10/site-packages/village_interfaces-0.0.0-py3.10.egg-info
[0.357s] -- Installing: /home/ke/ANU/Algo Trading/ros2Exercise/install/village_interfaces/lib/python3.10/site-packages/village_interfaces-0.0.0-py3.10.egg-info/top_level.txt
[0.357s] -- Installing: /home/ke/ANU/Algo Trading/ros2Exercise/install/village_interfaces/lib/python3.10/site-packages/village_interfaces-0.0.0-py3.10.egg-info/dependency_links.txt
[0.357s] -- Installing: /home/ke/ANU/Algo Trading/ros2Exercise/install/village_interfaces/lib/python3.10/site-packages/village_interfaces-0.0.0-py3.10.egg-info/SOURCES.txt
[0.357s] -- Installing: /home/ke/ANU/Algo Trading/ros2Exercise/install/village_interfaces/lib/python3.10/site-packages/village_interfaces-0.0.0-py3.10.egg-info/PKG-INFO
[0.358s] -- Up-to-date: /home/ke/ANU/Algo Trading/ros2Exercise/install/village_interfaces/lib/python3.10/site-packages/village_interfaces
[0.358s] -- Up-to-date: /home/ke/ANU/Algo Trading/ros2Exercise/install/village_interfaces/lib/python3.10/site-packages/village_interfaces/_village_interfaces_s.ep.rosidl_typesupport_introspection_c.c
[0.358s] -- Up-to-date: /home/ke/ANU/Algo Trading/ros2Exercise/install/village_interfaces/lib/python3.10/site-packages/village_interfaces/village_interfaces_s__rosidl_typesupport_fastrtps_c.cpython-310-x86_64-linux-gnu.so
[0.358s] -- Up-to-date: /home/ke/ANU/Algo Trading/ros2Exercise/install/village_interfaces/lib/python3.10/site-packages/village_interfaces/village_interfaces_s__rosidl_typesupport_introspection_c.cpython-310-x86_64-linux-gnu.so
[0.358s] -- Up-to-date: /home/ke/ANU/Algo Trading/ros2Exercise/install/village_interfaces/lib/python3.10/site-packages/village_interfaces/msg
[0.358s] -- Up-to-date: /home/ke/ANU/Algo Trading/ros2Exercise/install/village_interfaces/lib/python3.10/site-packages/village_interfaces/msg/_novel_s.c
[0.358s] -- Up-to-date: /home/ke/ANU/Algo Trading/ros2Exercise/install/village_interfaces/lib/python3.10/site-packages/village_interfaces/msg/_novel.py
[0.358s] -- Up-to-date: /home/ke/ANU/Algo Trading/ros2Exercise/install/village_interfaces/lib/python3.10/site-packages/village_interfaces/msg/__init__.py
[0.358s] -- Up-to-date: /home/ke/ANU/Algo Trading/ros2Exercise/install/village_interfaces/lib/python3.10/site-packages/village_interfaces/village_interfaces_s__rosidl_typesupport_c.cpython-310-x86_64-linux-gnu.so
[0.358s] -- Up-to-date: /home/ke/ANU/Algo Trading/ros2Exercise/install/village_interfaces/lib/python3.10/site-packages/village_interfaces/_village_interfaces_s.ep.rosidl_typesupport_c.c
[0.358s] -- Up-to-date: /home/ke/ANU/Algo Trading/ros2Exercise/install/village_interfaces/lib/python3.10/site-packages/village_interfaces/__init__.py
[0.358s] -- Up-to-date: /home/ke/ANU/Algo Trading/ros2Exercise/install/village_interfaces/lib/python3.10/site-packages/village_interfaces/_village_interfaces_s.ep.rosidl_typesupport_fastrtps_c.c
[0.358s] -- Up-to-date: /home/ke/ANU/Algo Trading/ros2Exercise/install/village_interfaces/lib/python3.10/site-packages/village_interfaces/libvillage_interfaces__rosidl_generator_py.so
[0.358s] -- Up-to-date: /home/ke/ANU/Algo Trading/ros2Exercise/install/village_interfaces/lib/python3.10/site-packages/village_interfaces/srv
[0.358s] -- Up-to-date: /home/ke/ANU/Algo Trading/ros2Exercise/install/village_interfaces/lib/python3.10/site-packages/village_interfaces/srv/_borrow_money.py
[0.358s] -- Up-to-date: /home/ke/ANU/Algo Trading/ros2Exercise/install/village_interfaces/lib/python3.10/site-packages/village_interfaces/srv/_borrow_money_s.c
[0.358s] -- Up-to-date: /home/ke/ANU/Algo Trading/ros2Exercise/install/village_interfaces/lib/python3.10/site-packages/village_interfaces/srv/__init__.py
[0.374s] Listing '/home/ke/ANU/Algo Trading/ros2Exercise/install/village_interfaces/lib/python3.10/site-packages/village_interfaces'...
[0.374s] Listing '/home/ke/ANU/Algo Trading/ros2Exercise/install/village_interfaces/lib/python3.10/site-packages/village_interfaces/msg'...
[0.374s] Listing '/home/ke/ANU/Algo Trading/ros2Exercise/install/village_interfaces/lib/python3.10/site-packages/village_interfaces/srv'...
[0.377s] -- Up-to-date: /home/ke/ANU/Algo Trading/ros2Exercise/install/village_interfaces/lib/python3.10/site-packages/village_interfaces/village_interfaces_s__rosidl_typesupport_fastrtps_c.cpython-310-x86_64-linux-gnu.so
[0.377s] -- Up-to-date: /home/ke/ANU/Algo Trading/ros2Exercise/install/village_interfaces/lib/python3.10/site-packages/village_interfaces/village_interfaces_s__rosidl_typesupport_introspection_c.cpython-310-x86_64-linux-gnu.so
[0.377s] -- Up-to-date: /home/ke/ANU/Algo Trading/ros2Exercise/install/village_interfaces/lib/python3.10/site-packages/village_interfaces/village_interfaces_s__rosidl_typesupport_c.cpython-310-x86_64-linux-gnu.so
[0.377s] -- Up-to-date: /home/ke/ANU/Algo Trading/ros2Exercise/install/village_interfaces/lib/libvillage_interfaces__rosidl_generator_py.so
[0.377s] -- Up-to-date: /home/ke/ANU/Algo Trading/ros2Exercise/install/village_interfaces/share/village_interfaces/msg/Novel.idl
[0.377s] -- Up-to-date: /home/ke/ANU/Algo Trading/ros2Exercise/install/village_interfaces/share/village_interfaces/srv/BorrowMoney.idl
[0.378s] -- Up-to-date: /home/ke/ANU/Algo Trading/ros2Exercise/install/village_interfaces/share/village_interfaces/msg/Novel.msg
[0.378s] -- Up-to-date: /home/ke/ANU/Algo Trading/ros2Exercise/install/village_interfaces/share/village_interfaces/srv/BorrowMoney.srv
[0.378s] -- Up-to-date: /home/ke/ANU/Algo Trading/ros2Exercise/install/village_interfaces/share/village_interfaces/srv/BorrowMoney_Request.msg
[0.378s] -- Up-to-date: /home/ke/ANU/Algo Trading/ros2Exercise/install/village_interfaces/share/village_interfaces/srv/BorrowMoney_Response.msg
[0.378s] -- Up-to-date: /home/ke/ANU/Algo Trading/ros2Exercise/install/village_interfaces/share/ament_index/resource_index/package_run_dependencies/village_interfaces
[0.378s] -- Up-to-date: /home/ke/ANU/Algo Trading/ros2Exercise/install/village_interfaces/share/ament_index/resource_index/parent_prefix_path/village_interfaces
[0.378s] -- Up-to-date: /home/ke/ANU/Algo Trading/ros2Exercise/install/village_interfaces/share/village_interfaces/environment/ament_prefix_path.sh
[0.378s] -- Up-to-date: /home/ke/ANU/Algo Trading/ros2Exercise/install/village_interfaces/share/village_interfaces/environment/ament_prefix_path.dsv
[0.378s] -- Up-to-date: /home/ke/ANU/Algo Trading/ros2Exercise/install/village_interfaces/share/village_interfaces/environment/path.sh
[0.378s] -- Up-to-date: /home/ke/ANU/Algo Trading/ros2Exercise/install/village_interfaces/share/village_interfaces/environment/path.dsv
[0.378s] -- Up-to-date: /home/ke/ANU/Algo Trading/ros2Exercise/install/village_interfaces/share/village_interfaces/local_setup.bash
[0.378s] -- Up-to-date: /home/ke/ANU/Algo Trading/ros2Exercise/install/village_interfaces/share/village_interfaces/local_setup.sh
[0.378s] -- Up-to-date: /home/ke/ANU/Algo Trading/ros2Exercise/install/village_interfaces/share/village_interfaces/local_setup.zsh
[0.378s] -- Up-to-date: /home/ke/ANU/Algo Trading/ros2Exercise/install/village_interfaces/share/village_interfaces/local_setup.dsv
[0.378s] -- Installing: /home/ke/ANU/Algo Trading/ros2Exercise/install/village_interfaces/share/village_interfaces/package.dsv
[0.378s] -- Up-to-date: /home/ke/ANU/Algo Trading/ros2Exercise/install/village_interfaces/share/ament_index/resource_index/packages/village_interfaces
[0.378s] -- Up-to-date: /home/ke/ANU/Algo Trading/ros2Exercise/install/village_interfaces/share/village_interfaces/cmake/export_village_interfaces__rosidl_generator_cExport.cmake
[0.378s] -- Up-to-date: /home/ke/ANU/Algo Trading/ros2Exercise/install/village_interfaces/share/village_interfaces/cmake/export_village_interfaces__rosidl_generator_cExport-noconfig.cmake
[0.378s] -- Up-to-date: /home/ke/ANU/Algo Trading/ros2Exercise/install/village_interfaces/share/village_interfaces/cmake/export_village_interfaces__rosidl_typesupport_fastrtps_cExport.cmake
[0.378s] -- Up-to-date: /home/ke/ANU/Algo Trading/ros2Exercise/install/village_interfaces/share/village_interfaces/cmake/export_village_interfaces__rosidl_typesupport_fastrtps_cExport-noconfig.cmake
[0.378s] -- Up-to-date: /home/ke/ANU/Algo Trading/ros2Exercise/install/village_interfaces/share/village_interfaces/cmake/export_village_interfaces__rosidl_generator_cppExport.cmake
[0.378s] -- Up-to-date: /home/ke/ANU/Algo Trading/ros2Exercise/install/village_interfaces/share/village_interfaces/cmake/export_village_interfaces__rosidl_typesupport_fastrtps_cppExport.cmake
[0.378s] -- Up-to-date: /home/ke/ANU/Algo Trading/ros2Exercise/install/village_interfaces/share/village_interfaces/cmake/export_village_interfaces__rosidl_typesupport_fastrtps_cppExport-noconfig.cmake
[0.378s] -- Up-to-date: /home/ke/ANU/Algo Trading/ros2Exercise/install/village_interfaces/share/village_interfaces/cmake/village_interfaces__rosidl_typesupport_introspection_cExport.cmake
[0.378s] -- Up-to-date: /home/ke/ANU/Algo Trading/ros2Exercise/install/village_interfaces/share/village_interfaces/cmake/village_interfaces__rosidl_typesupport_introspection_cExport-noconfig.cmake
[0.378s] -- Up-to-date: /home/ke/ANU/Algo Trading/ros2Exercise/install/village_interfaces/share/village_interfaces/cmake/village_interfaces__rosidl_typesupport_cExport.cmake
[0.378s] -- Up-to-date: /home/ke/ANU/Algo Trading/ros2Exercise/install/village_interfaces/share/village_interfaces/cmake/village_interfaces__rosidl_typesupport_cExport-noconfig.cmake
[0.378s] -- Up-to-date: /home/ke/ANU/Algo Trading/ros2Exercise/install/village_interfaces/share/village_interfaces/cmake/village_interfaces__rosidl_typesupport_introspection_cppExport.cmake
[0.379s] -- Up-to-date: /home/ke/ANU/Algo Trading/ros2Exercise/install/village_interfaces/share/village_interfaces/cmake/village_interfaces__rosidl_typesupport_introspection_cppExport-noconfig.cmake
[0.379s] -- Up-to-date: /home/ke/ANU/Algo Trading/ros2Exercise/install/village_interfaces/share/village_interfaces/cmake/village_interfaces__rosidl_typesupport_cppExport.cmake
[0.379s] -- Up-to-date: /home/ke/ANU/Algo Trading/ros2Exercise/install/village_interfaces/share/village_interfaces/cmake/village_interfaces__rosidl_typesupport_cppExport-noconfig.cmake
[0.379s] -- Up-to-date: /home/ke/ANU/Algo Trading/ros2Exercise/install/village_interfaces/share/village_interfaces/cmake/export_village_interfaces__rosidl_generator_pyExport.cmake
[0.379s] -- Up-to-date: /home/ke/ANU/Algo Trading/ros2Exercise/install/village_interfaces/share/village_interfaces/cmake/export_village_interfaces__rosidl_generator_pyExport-noconfig.cmake
[0.379s] -- Up-to-date: /home/ke/ANU/Algo Trading/ros2Exercise/install/village_interfaces/share/village_interfaces/cmake/rosidl_cmake-extras.cmake
[0.379s] -- Up-to-date: /home/ke/ANU/Algo Trading/ros2Exercise/install/village_interfaces/share/village_interfaces/cmake/ament_cmake_export_dependencies-extras.cmake
[0.379s] -- Up-to-date: /home/ke/ANU/Algo Trading/ros2Exercise/install/village_interfaces/share/village_interfaces/cmake/ament_cmake_export_include_directories-extras.cmake
[0.379s] -- Up-to-date: /home/ke/ANU/Algo Trading/ros2Exercise/install/village_interfaces/share/village_interfaces/cmake/ament_cmake_export_libraries-extras.cmake
[0.379s] -- Up-to-date: /home/ke/ANU/Algo Trading/ros2Exercise/install/village_interfaces/share/village_interfaces/cmake/ament_cmake_export_targets-extras.cmake
[0.379s] -- Up-to-date: /home/ke/ANU/Algo Trading/ros2Exercise/install/village_interfaces/share/village_interfaces/cmake/rosidl_cmake_export_typesupport_targets-extras.cmake
[0.379s] -- Up-to-date: /home/ke/ANU/Algo Trading/ros2Exercise/install/village_interfaces/share/village_interfaces/cmake/rosidl_cmake_export_typesupport_libraries-extras.cmake
[0.379s] -- Up-to-date: /home/ke/ANU/Algo Trading/ros2Exercise/install/village_interfaces/share/village_interfaces/cmake/village_interfacesConfig.cmake
[0.379s] -- Up-to-date: /home/ke/ANU/Algo Trading/ros2Exercise/install/village_interfaces/share/village_interfaces/cmake/village_interfacesConfig-version.cmake
[0.379s] -- Up-to-date: /home/ke/ANU/Algo Trading/ros2Exercise/install/village_interfaces/share/village_interfaces/package.xml
[0.380s] Invoked command in '/home/ke/ANU/Algo Trading/ros2Exercise/build/village_interfaces' returned '0': CMAKE_PREFIX_PATH=${CMAKE_PREFIX_PATH}:/home/ke/ANU/Algo Trading/ros2Exercise/install/village_li:/opt/ros/iron /usr/bin/cmake --install /home/ke/ANU/Algo Trading/ros2Exercise/build/village_interfaces
