[0.012s] Invoking command in '/home/ke/ANU/Algo Trading/ros2Exercise/build/village_interfaces': CMAKE_PREFIX_PATH=${CMAKE_PREFIX_PATH}:/home/ke/ANU/Algo Trading/ros2Exercise/install/village_li:/opt/ros/iron /usr/bin/cmake --build /home/ke/ANU/Algo Trading/ros2Exercise/build/village_interfaces -- -j20 -l20
[0.159s] -- Found ament_cmake: 2.0.6 (/opt/ros/iron/share/ament_cmake/cmake)
[0.159s] -- Found sensor_msgs: 5.0.1 (/opt/ros/iron/share/sensor_msgs/cmake)
[0.160s] -- Found rosidl_generator_c: 4.0.1 (/opt/ros/iron/share/rosidl_generator_c/cmake)
[0.160s] -- Found rosidl_generator_cpp: 4.0.1 (/opt/ros/iron/share/rosidl_generator_cpp/cmake)
[0.161s] -- Using all available rosidl_typesupport_c: rosidl_typesupport_fastrtps_c;rosidl_typesupport_introspection_c
[0.163s] -- Using all available rosidl_typesupport_cpp: rosidl_typesupport_fastrtps_cpp;rosidl_typesupport_introspection_cpp
[0.296s] -- Found rosidl_default_generators: 1.5.0 (/opt/ros/iron/share/rosidl_default_generators/cmake)
[0.300s] -- Found rosidl_adapter: 4.0.1 (/opt/ros/iron/share/rosidl_adapter/cmake)
[0.529s] -- Found ament_cmake_ros: 0.11.2 (/opt/ros/iron/share/ament_cmake_ros/cmake)
[0.811s] -- Using all available rosidl_typesupport_c: rosidl_typesupport_fastrtps_c;rosidl_typesupport_introspection_c
[0.922s] -- Using all available rosidl_typesupport_cpp: rosidl_typesupport_fastrtps_cpp;rosidl_typesupport_introspection_cpp
[0.938s] -- Found python_cmake_module: 0.10.2 (/opt/ros/iron/share/python_cmake_module/cmake)
[0.952s] -- Using PYTHON_EXECUTABLE: /usr/bin/python3
[0.952s] -- Using PYTHON_INCLUDE_DIRS: /usr/include/python3.10
[0.952s] -- Using PYTHON_LIBRARIES: /usr/lib/x86_64-linux-gnu/libpython3.10.so
[0.980s] -- Found ament_lint_auto: 0.14.4 (/opt/ros/iron/share/ament_lint_auto/cmake)
[0.985s] -- Added test 'lint_cmake' to check CMake code style
[0.985s] -- Added test 'xmllint' to check XML markup files
[0.986s] -- Configuring done
[1.008s] -- Generating done
[1.010s] -- Build files have been written to: /home/ke/ANU/Algo Trading/ros2Exercise/build/village_interfaces
[1.037s] [  2%] [34m[1mGenerating type hashes for ROS interfaces[0m
[1.044s] [  2%] Built target ament_cmake_python_copy_village_interfaces
[1.171s] [  2%] Built target village_interfaces__rosidl_generator_type_description
[1.179s] [  4%] [34m[1mGenerating C code for ROS interfaces[0m
[1.190s] running egg_info
[1.190s] writing village_interfaces.egg-info/PKG-INFO
[1.191s] writing dependency_links to village_interfaces.egg-info/dependency_links.txt
[1.191s] writing top-level names to village_interfaces.egg-info/top_level.txt
[1.191s] [  6%] [34m[1mGenerating C++ code for ROS interfaces[0m
[1.193s] reading manifest file 'village_interfaces.egg-info/SOURCES.txt'
[1.193s] writing manifest file 'village_interfaces.egg-info/SOURCES.txt'
[1.221s] [  6%] Built target ament_cmake_python_build_village_interfaces_egg
[1.418s] [  6%] Built target village_interfaces__cpp
[1.432s] [35m[1mConsolidate compiler generated dependencies of target village_interfaces__rosidl_generator_c[0m
[1.443s] [ 11%] [32mBuilding C object CMakeFiles/village_interfaces__rosidl_generator_c.dir/rosidl_generator_c/village_interfaces/srv/detail/borrow_money__description.c.o[0m
[1.443s] [ 11%] [32mBuilding C object CMakeFiles/village_interfaces__rosidl_generator_c.dir/rosidl_generator_c/village_interfaces/srv/detail/borrow_money__functions.c.o[0m
[1.444s] [ 13%] [32mBuilding C object CMakeFiles/village_interfaces__rosidl_generator_c.dir/rosidl_generator_c/village_interfaces/srv/detail/borrow_money__type_support.c.o[0m
[1.445s] [ 15%] [32mBuilding C object CMakeFiles/village_interfaces__rosidl_generator_c.dir/rosidl_generator_c/village_interfaces/msg/detail/novel__description.c.o[0m
[1.445s] [ 18%] [32mBuilding C object CMakeFiles/village_interfaces__rosidl_generator_c.dir/rosidl_generator_c/village_interfaces/msg/detail/novel__functions.c.o[0m
[1.445s] [ 20%] [32mBuilding C object CMakeFiles/village_interfaces__rosidl_generator_c.dir/rosidl_generator_c/village_interfaces/msg/detail/novel__type_support.c.o[0m
[1.499s] [ 22%] [32m[1mLinking C shared library libvillage_interfaces__rosidl_generator_c.so[0m
[1.529s] [ 22%] Built target village_interfaces__rosidl_generator_c
[1.539s] [ 27%] [34m[1mGenerating C++ type support for eProsima Fast-RTPS[0m
[1.539s] [ 27%] [34m[1mGenerating C type support dispatch for ROS interfaces[0m
[1.539s] [ 29%] [34m[1mGenerating C++ type support dispatch for ROS interfaces[0m
[1.542s] [ 31%] [34m[1mGenerating C type support for eProsima Fast-RTPS[0m
[1.543s] [ 34%] [34m[1mGenerating C introspection for ROS interfaces[0m
[1.544s] [ 36%] [34m[1mGenerating C++ introspection for ROS interfaces[0m
[1.766s] [35m[1mConsolidate compiler generated dependencies of target village_interfaces__rosidl_typesupport_cpp[0m
[1.781s] [ 38%] [32mBuilding CXX object CMakeFiles/village_interfaces__rosidl_typesupport_cpp.dir/rosidl_typesupport_cpp/village_interfaces/srv/borrow_money__type_support.cpp.o[0m
[1.781s] [ 40%] [32mBuilding CXX object CMakeFiles/village_interfaces__rosidl_typesupport_cpp.dir/rosidl_typesupport_cpp/village_interfaces/msg/novel__type_support.cpp.o[0m
[1.795s] [35m[1mConsolidate compiler generated dependencies of target village_interfaces__rosidl_typesupport_introspection_c[0m
[1.804s] [35m[1mConsolidate compiler generated dependencies of target village_interfaces__rosidl_typesupport_fastrtps_cpp[0m
[1.806s] [ 43%] [32mBuilding C object CMakeFiles/village_interfaces__rosidl_typesupport_introspection_c.dir/rosidl_typesupport_introspection_c/village_interfaces/srv/detail/borrow_money__type_support.c.o[0m
[1.806s] [35m[1mConsolidate compiler generated dependencies of target village_interfaces__rosidl_typesupport_introspection_cpp[0m
[1.808s] [ 45%] [32mBuilding C object CMakeFiles/village_interfaces__rosidl_typesupport_introspection_c.dir/rosidl_typesupport_introspection_c/village_interfaces/msg/detail/novel__type_support.c.o[0m
[1.811s] [35m[1mConsolidate compiler generated dependencies of target village_interfaces__rosidl_typesupport_fastrtps_c[0m
[1.818s] [ 47%] [32mBuilding CXX object CMakeFiles/village_interfaces__rosidl_typesupport_fastrtps_cpp.dir/rosidl_typesupport_fastrtps_cpp/village_interfaces/msg/detail/dds_fastrtps/novel__type_support.cpp.o[0m
[1.818s] [ 50%] [32mBuilding CXX object CMakeFiles/village_interfaces__rosidl_typesupport_introspection_cpp.dir/rosidl_typesupport_introspection_cpp/village_interfaces/srv/detail/borrow_money__type_support.cpp.o[0m
[1.819s] [ 52%] [32mBuilding CXX object CMakeFiles/village_interfaces__rosidl_typesupport_fastrtps_cpp.dir/rosidl_typesupport_fastrtps_cpp/village_interfaces/srv/detail/dds_fastrtps/borrow_money__type_support.cpp.o[0m
[1.821s] [ 54%] [32mBuilding CXX object CMakeFiles/village_interfaces__rosidl_typesupport_introspection_cpp.dir/rosidl_typesupport_introspection_cpp/village_interfaces/msg/detail/novel__type_support.cpp.o[0m
[1.824s] [ 56%] [32mBuilding CXX object CMakeFiles/village_interfaces__rosidl_typesupport_fastrtps_c.dir/rosidl_typesupport_fastrtps_c/village_interfaces/msg/detail/novel__type_support_c.cpp.o[0m
[1.824s] [ 59%] [32mBuilding CXX object CMakeFiles/village_interfaces__rosidl_typesupport_fastrtps_c.dir/rosidl_typesupport_fastrtps_c/village_interfaces/srv/detail/borrow_money__type_support_c.cpp.o[0m
[1.855s] [35m[1mConsolidate compiler generated dependencies of target village_interfaces__rosidl_typesupport_c[0m
[1.865s] [ 61%] [32m[1mLinking C shared library libvillage_interfaces__rosidl_typesupport_introspection_c.so[0m
[1.868s] [ 63%] [32mBuilding CXX object CMakeFiles/village_interfaces__rosidl_typesupport_c.dir/rosidl_typesupport_c/village_interfaces/srv/borrow_money__type_support.cpp.o[0m
[1.869s] [ 65%] [32mBuilding CXX object CMakeFiles/village_interfaces__rosidl_typesupport_c.dir/rosidl_typesupport_c/village_interfaces/msg/novel__type_support.cpp.o[0m
[1.902s] [ 65%] Built target village_interfaces__rosidl_typesupport_introspection_c
[1.908s] [ 68%] [32m[1mLinking CXX shared library libvillage_interfaces__rosidl_typesupport_c.so[0m
[1.952s] [ 68%] Built target village_interfaces__rosidl_typesupport_c
[2.115s] [ 70%] [32m[1mLinking CXX shared library libvillage_interfaces__rosidl_typesupport_fastrtps_c.so[0m
[2.194s] [ 70%] Built target village_interfaces__rosidl_typesupport_fastrtps_c
[2.243s] [ 72%] [32m[1mLinking CXX shared library libvillage_interfaces__rosidl_typesupport_cpp.so[0m
[2.249s] [ 75%] [32m[1mLinking CXX shared library libvillage_interfaces__rosidl_typesupport_introspection_cpp.so[0m
[2.299s] [ 75%] Built target village_interfaces__rosidl_typesupport_cpp
[2.306s] [ 75%] Built target village_interfaces__rosidl_typesupport_introspection_cpp
[2.333s] [ 77%] [32m[1mLinking CXX shared library libvillage_interfaces__rosidl_typesupport_fastrtps_cpp.so[0m
[2.382s] [ 77%] Built target village_interfaces__rosidl_typesupport_fastrtps_cpp
[2.398s] [ 77%] Built target village_interfaces
[2.417s] [ 79%] [34m[1mGenerating Python code for ROS interfaces[0m
[2.711s] [ 79%] Built target village_interfaces__py
[2.719s] [35m[1mConsolidate compiler generated dependencies of target village_interfaces__rosidl_generator_py[0m
[2.731s] [ 81%] [32mBuilding C object CMakeFiles/village_interfaces__rosidl_generator_py.dir/rosidl_generator_py/village_interfaces/srv/_borrow_money_s.c.o[0m
[2.731s] [ 84%] [32mBuilding C object CMakeFiles/village_interfaces__rosidl_generator_py.dir/rosidl_generator_py/village_interfaces/msg/_novel_s.c.o[0m
[2.806s] [ 86%] [32m[1mLinking C shared library rosidl_generator_py/village_interfaces/libvillage_interfaces__rosidl_generator_py.so[0m
[2.835s] [ 86%] Built target village_interfaces__rosidl_generator_py
[2.842s] [35m[1mConsolidate compiler generated dependencies of target village_interfaces__rosidl_typesupport_fastrtps_c__pyext[0m
[2.843s] [35m[1mConsolidate compiler generated dependencies of target village_interfaces__rosidl_typesupport_c__pyext[0m
[2.843s] [35m[1mConsolidate compiler generated dependencies of target village_interfaces__rosidl_typesupport_introspection_c__pyext[0m
[2.853s] [ 90%] [32mBuilding C object CMakeFiles/village_interfaces__rosidl_typesupport_c__pyext.dir/rosidl_generator_py/village_interfaces/_village_interfaces_s.ep.rosidl_typesupport_c.c.o[0m
[2.853s] [ 90%] [32mBuilding C object CMakeFiles/village_interfaces__rosidl_typesupport_fastrtps_c__pyext.dir/rosidl_generator_py/village_interfaces/_village_interfaces_s.ep.rosidl_typesupport_fastrtps_c.c.o[0m
[2.853s] [ 93%] [32mBuilding C object CMakeFiles/village_interfaces__rosidl_typesupport_introspection_c__pyext.dir/rosidl_generator_py/village_interfaces/_village_interfaces_s.ep.rosidl_typesupport_introspection_c.c.o[0m
[2.926s] [ 95%] [32m[1mLinking C shared library rosidl_generator_py/village_interfaces/village_interfaces_s__rosidl_typesupport_c.cpython-310-x86_64-linux-gnu.so[0m
[2.928s] [ 97%] [32m[1mLinking C shared library rosidl_generator_py/village_interfaces/village_interfaces_s__rosidl_typesupport_fastrtps_c.cpython-310-x86_64-linux-gnu.so[0m
[2.939s] [100%] [32m[1mLinking C shared library rosidl_generator_py/village_interfaces/village_interfaces_s__rosidl_typesupport_introspection_c.cpython-310-x86_64-linux-gnu.so[0m
[2.960s] [100%] Built target village_interfaces__rosidl_typesupport_c__pyext
[2.966s] [100%] Built target village_interfaces__rosidl_typesupport_fastrtps_c__pyext
[2.978s] [100%] Built target village_interfaces__rosidl_typesupport_introspection_c__pyext
[2.987s] Invoked command in '/home/ke/ANU/Algo Trading/ros2Exercise/build/village_interfaces' returned '0': CMAKE_PREFIX_PATH=${CMAKE_PREFIX_PATH}:/home/ke/ANU/Algo Trading/ros2Exercise/install/village_li:/opt/ros/iron /usr/bin/cmake --build /home/ke/ANU/Algo Trading/ros2Exercise/build/village_interfaces -- -j20 -l20
[3.057s] Invoking command in '/home/ke/ANU/Algo Trading/ros2Exercise/build/village_interfaces': CMAKE_PREFIX_PATH=${CMAKE_PREFIX_PATH}:/home/ke/ANU/Algo Trading/ros2Exercise/install/village_li:/opt/ros/iron /usr/bin/cmake --install /home/ke/ANU/Algo Trading/ros2Exercise/build/village_interfaces
[3.062s] -- Install configuration: ""
[3.063s] -- Installing: /home/ke/ANU/Algo Trading/ros2Exercise/install/village_interfaces/share/ament_index/resource_index/rosidl_interfaces/village_interfaces
[3.063s] -- Installing: /home/ke/ANU/Algo Trading/ros2Exercise/install/village_interfaces/share/village_interfaces/msg/Novel.json
[3.063s] -- Installing: /home/ke/ANU/Algo Trading/ros2Exercise/install/village_interfaces/share/village_interfaces/srv/BorrowMoney.json
[3.063s] -- Up-to-date: /home/ke/ANU/Algo Trading/ros2Exercise/install/village_interfaces/include/village_interfaces/village_interfaces
[3.063s] -- Up-to-date: /home/ke/ANU/Algo Trading/ros2Exercise/install/village_interfaces/include/village_interfaces/village_interfaces/msg
[3.063s] -- Installing: /home/ke/ANU/Algo Trading/ros2Exercise/install/village_interfaces/include/village_interfaces/village_interfaces/msg/novel.h
[3.063s] -- Up-to-date: /home/ke/ANU/Algo Trading/ros2Exercise/install/village_interfaces/include/village_interfaces/village_interfaces/msg/rosidl_generator_c__visibility_control.h
[3.063s] -- Up-to-date: /home/ke/ANU/Algo Trading/ros2Exercise/install/village_interfaces/include/village_interfaces/village_interfaces/msg/detail
[3.063s] -- Installing: /home/ke/ANU/Algo Trading/ros2Exercise/install/village_interfaces/include/village_interfaces/village_interfaces/msg/detail/novel__functions.h
[3.063s] -- Installing: /home/ke/ANU/Algo Trading/ros2Exercise/install/village_interfaces/include/village_interfaces/village_interfaces/msg/detail/novel__description.c
[3.064s] -- Installing: /home/ke/ANU/Algo Trading/ros2Exercise/install/village_interfaces/include/village_interfaces/village_interfaces/msg/detail/novel__functions.c
[3.064s] -- Installing: /home/ke/ANU/Algo Trading/ros2Exercise/install/village_interfaces/include/village_interfaces/village_interfaces/msg/detail/novel__type_support.c
[3.064s] -- Installing: /home/ke/ANU/Algo Trading/ros2Exercise/install/village_interfaces/include/village_interfaces/village_interfaces/msg/detail/novel__type_support.h
[3.064s] -- Installing: /home/ke/ANU/Algo Trading/ros2Exercise/install/village_interfaces/include/village_interfaces/village_interfaces/msg/detail/novel__struct.h
[3.064s] -- Installing: /home/ke/ANU/Algo Trading/ros2Exercise/install/village_interfaces/include/village_interfaces/village_interfaces/srv
[3.064s] -- Installing: /home/ke/ANU/Algo Trading/ros2Exercise/install/village_interfaces/include/village_interfaces/village_interfaces/srv/borrow_money.h
[3.064s] -- Installing: /home/ke/ANU/Algo Trading/ros2Exercise/install/village_interfaces/include/village_interfaces/village_interfaces/srv/detail
[3.064s] -- Installing: /home/ke/ANU/Algo Trading/ros2Exercise/install/village_interfaces/include/village_interfaces/village_interfaces/srv/detail/borrow_money__functions.c
[3.065s] -- Installing: /home/ke/ANU/Algo Trading/ros2Exercise/install/village_interfaces/include/village_interfaces/village_interfaces/srv/detail/borrow_money__description.c
[3.065s] -- Installing: /home/ke/ANU/Algo Trading/ros2Exercise/install/village_interfaces/include/village_interfaces/village_interfaces/srv/detail/borrow_money__functions.h
[3.065s] -- Installing: /home/ke/ANU/Algo Trading/ros2Exercise/install/village_interfaces/include/village_interfaces/village_interfaces/srv/detail/borrow_money__struct.h
[3.065s] -- Installing: /home/ke/ANU/Algo Trading/ros2Exercise/install/village_interfaces/include/village_interfaces/village_interfaces/srv/detail/borrow_money__type_support.h
[3.065s] -- Installing: /home/ke/ANU/Algo Trading/ros2Exercise/install/village_interfaces/include/village_interfaces/village_interfaces/srv/detail/borrow_money__type_support.c
[3.065s] -- Up-to-date: /home/ke/ANU/Algo Trading/ros2Exercise/install/village_interfaces/share/village_interfaces/environment/library_path.sh
[3.065s] -- Up-to-date: /home/ke/ANU/Algo Trading/ros2Exercise/install/village_interfaces/share/village_interfaces/environment/library_path.dsv
[3.066s] -- Installing: /home/ke/ANU/Algo Trading/ros2Exercise/install/village_interfaces/lib/libvillage_interfaces__rosidl_generator_c.so
[3.066s] -- Set runtime path of "/home/ke/ANU/Algo Trading/ros2Exercise/install/village_interfaces/lib/libvillage_interfaces__rosidl_generator_c.so" to ""
[3.066s] -- Up-to-date: /home/ke/ANU/Algo Trading/ros2Exercise/install/village_interfaces/include/village_interfaces/village_interfaces
[3.066s] -- Up-to-date: /home/ke/ANU/Algo Trading/ros2Exercise/install/village_interfaces/include/village_interfaces/village_interfaces/msg
[3.066s] -- Up-to-date: /home/ke/ANU/Algo Trading/ros2Exercise/install/village_interfaces/include/village_interfaces/village_interfaces/msg/rosidl_typesupport_fastrtps_c__visibility_control.h
[3.066s] -- Up-to-date: /home/ke/ANU/Algo Trading/ros2Exercise/install/village_interfaces/include/village_interfaces/village_interfaces/msg/detail
[3.066s] -- Installing: /home/ke/ANU/Algo Trading/ros2Exercise/install/village_interfaces/include/village_interfaces/village_interfaces/msg/detail/novel__rosidl_typesupport_fastrtps_c.h
[3.066s] -- Up-to-date: /home/ke/ANU/Algo Trading/ros2Exercise/install/village_interfaces/include/village_interfaces/village_interfaces/srv
[3.067s] -- Up-to-date: /home/ke/ANU/Algo Trading/ros2Exercise/install/village_interfaces/include/village_interfaces/village_interfaces/srv/detail
[3.067s] -- Installing: /home/ke/ANU/Algo Trading/ros2Exercise/install/village_interfaces/include/village_interfaces/village_interfaces/srv/detail/borrow_money__rosidl_typesupport_fastrtps_c.h
[3.067s] -- Installing: /home/ke/ANU/Algo Trading/ros2Exercise/install/village_interfaces/lib/libvillage_interfaces__rosidl_typesupport_fastrtps_c.so
[3.067s] -- Set runtime path of "/home/ke/ANU/Algo Trading/ros2Exercise/install/village_interfaces/lib/libvillage_interfaces__rosidl_typesupport_fastrtps_c.so" to ""
[3.067s] -- Up-to-date: /home/ke/ANU/Algo Trading/ros2Exercise/install/village_interfaces/include/village_interfaces/village_interfaces
[3.067s] -- Up-to-date: /home/ke/ANU/Algo Trading/ros2Exercise/install/village_interfaces/include/village_interfaces/village_interfaces/msg
[3.067s] -- Installing: /home/ke/ANU/Algo Trading/ros2Exercise/install/village_interfaces/include/village_interfaces/village_interfaces/msg/novel.hpp
[3.067s] -- Up-to-date: /home/ke/ANU/Algo Trading/ros2Exercise/install/village_interfaces/include/village_interfaces/village_interfaces/msg/detail
[3.067s] -- Installing: /home/ke/ANU/Algo Trading/ros2Exercise/install/village_interfaces/include/village_interfaces/village_interfaces/msg/detail/novel__struct.hpp
[3.068s] -- Installing: /home/ke/ANU/Algo Trading/ros2Exercise/install/village_interfaces/include/village_interfaces/village_interfaces/msg/detail/novel__builder.hpp
[3.068s] -- Installing: /home/ke/ANU/Algo Trading/ros2Exercise/install/village_interfaces/include/village_interfaces/village_interfaces/msg/detail/novel__traits.hpp
[3.068s] -- Up-to-date: /home/ke/ANU/Algo Trading/ros2Exercise/install/village_interfaces/include/village_interfaces/village_interfaces/srv
[3.068s] -- Installing: /home/ke/ANU/Algo Trading/ros2Exercise/install/village_interfaces/include/village_interfaces/village_interfaces/srv/borrow_money.hpp
[3.068s] -- Up-to-date: /home/ke/ANU/Algo Trading/ros2Exercise/install/village_interfaces/include/village_interfaces/village_interfaces/srv/detail
[3.068s] -- Installing: /home/ke/ANU/Algo Trading/ros2Exercise/install/village_interfaces/include/village_interfaces/village_interfaces/srv/detail/borrow_money__traits.hpp
[3.068s] -- Installing: /home/ke/ANU/Algo Trading/ros2Exercise/install/village_interfaces/include/village_interfaces/village_interfaces/srv/detail/borrow_money__struct.hpp
[3.068s] -- Installing: /home/ke/ANU/Algo Trading/ros2Exercise/install/village_interfaces/include/village_interfaces/village_interfaces/srv/detail/borrow_money__builder.hpp
[3.068s] -- Up-to-date: /home/ke/ANU/Algo Trading/ros2Exercise/install/village_interfaces/include/village_interfaces/village_interfaces
[3.068s] -- Up-to-date: /home/ke/ANU/Algo Trading/ros2Exercise/install/village_interfaces/include/village_interfaces/village_interfaces/msg
[3.068s] -- Up-to-date: /home/ke/ANU/Algo Trading/ros2Exercise/install/village_interfaces/include/village_interfaces/village_interfaces/msg/rosidl_typesupport_fastrtps_cpp__visibility_control.h
[3.068s] -- Up-to-date: /home/ke/ANU/Algo Trading/ros2Exercise/install/village_interfaces/include/village_interfaces/village_interfaces/msg/detail
[3.068s] -- Installing: /home/ke/ANU/Algo Trading/ros2Exercise/install/village_interfaces/include/village_interfaces/village_interfaces/msg/detail/novel__rosidl_typesupport_fastrtps_cpp.hpp
[3.068s] -- Up-to-date: /home/ke/ANU/Algo Trading/ros2Exercise/install/village_interfaces/include/village_interfaces/village_interfaces/msg/detail/dds_fastrtps
[3.068s] -- Up-to-date: /home/ke/ANU/Algo Trading/ros2Exercise/install/village_interfaces/include/village_interfaces/village_interfaces/srv
[3.068s] -- Up-to-date: /home/ke/ANU/Algo Trading/ros2Exercise/install/village_interfaces/include/village_interfaces/village_interfaces/srv/detail
[3.068s] -- Installing: /home/ke/ANU/Algo Trading/ros2Exercise/install/village_interfaces/include/village_interfaces/village_interfaces/srv/detail/dds_fastrtps
[3.068s] -- Installing: /home/ke/ANU/Algo Trading/ros2Exercise/install/village_interfaces/include/village_interfaces/village_interfaces/srv/detail/borrow_money__rosidl_typesupport_fastrtps_cpp.hpp
[3.068s] -- Installing: /home/ke/ANU/Algo Trading/ros2Exercise/install/village_interfaces/lib/libvillage_interfaces__rosidl_typesupport_fastrtps_cpp.so
[3.069s] -- Set runtime path of "/home/ke/ANU/Algo Trading/ros2Exercise/install/village_interfaces/lib/libvillage_interfaces__rosidl_typesupport_fastrtps_cpp.so" to ""
[3.069s] -- Up-to-date: /home/ke/ANU/Algo Trading/ros2Exercise/install/village_interfaces/include/village_interfaces/village_interfaces
[3.069s] -- Up-to-date: /home/ke/ANU/Algo Trading/ros2Exercise/install/village_interfaces/include/village_interfaces/village_interfaces/msg
[3.069s] -- Up-to-date: /home/ke/ANU/Algo Trading/ros2Exercise/install/village_interfaces/include/village_interfaces/village_interfaces/msg/rosidl_typesupport_introspection_c__visibility_control.h
[3.069s] -- Up-to-date: /home/ke/ANU/Algo Trading/ros2Exercise/install/village_interfaces/include/village_interfaces/village_interfaces/msg/detail
[3.069s] -- Installing: /home/ke/ANU/Algo Trading/ros2Exercise/install/village_interfaces/include/village_interfaces/village_interfaces/msg/detail/novel__rosidl_typesupport_introspection_c.h
[3.069s] -- Up-to-date: /home/ke/ANU/Algo Trading/ros2Exercise/install/village_interfaces/include/village_interfaces/village_interfaces/msg/detail/novel__type_support.c
[3.069s] -- Up-to-date: /home/ke/ANU/Algo Trading/ros2Exercise/install/village_interfaces/include/village_interfaces/village_interfaces/srv
[3.069s] -- Up-to-date: /home/ke/ANU/Algo Trading/ros2Exercise/install/village_interfaces/include/village_interfaces/village_interfaces/srv/detail
[3.069s] -- Installing: /home/ke/ANU/Algo Trading/ros2Exercise/install/village_interfaces/include/village_interfaces/village_interfaces/srv/detail/borrow_money__rosidl_typesupport_introspection_c.h
[3.069s] -- Up-to-date: /home/ke/ANU/Algo Trading/ros2Exercise/install/village_interfaces/include/village_interfaces/village_interfaces/srv/detail/borrow_money__type_support.c
[3.069s] -- Installing: /home/ke/ANU/Algo Trading/ros2Exercise/install/village_interfaces/lib/libvillage_interfaces__rosidl_typesupport_introspection_c.so
[3.070s] -- Set runtime path of "/home/ke/ANU/Algo Trading/ros2Exercise/install/village_interfaces/lib/libvillage_interfaces__rosidl_typesupport_introspection_c.so" to ""
[3.070s] -- Installing: /home/ke/ANU/Algo Trading/ros2Exercise/install/village_interfaces/lib/libvillage_interfaces__rosidl_typesupport_c.so
[3.070s] -- Set runtime path of "/home/ke/ANU/Algo Trading/ros2Exercise/install/village_interfaces/lib/libvillage_interfaces__rosidl_typesupport_c.so" to ""
[3.070s] -- Up-to-date: /home/ke/ANU/Algo Trading/ros2Exercise/install/village_interfaces/include/village_interfaces/village_interfaces
[3.070s] -- Up-to-date: /home/ke/ANU/Algo Trading/ros2Exercise/install/village_interfaces/include/village_interfaces/village_interfaces/msg
[3.070s] -- Up-to-date: /home/ke/ANU/Algo Trading/ros2Exercise/install/village_interfaces/include/village_interfaces/village_interfaces/msg/detail
[3.070s] -- Installing: /home/ke/ANU/Algo Trading/ros2Exercise/install/village_interfaces/include/village_interfaces/village_interfaces/msg/detail/novel__rosidl_typesupport_introspection_cpp.hpp
[3.070s] -- Installing: /home/ke/ANU/Algo Trading/ros2Exercise/install/village_interfaces/include/village_interfaces/village_interfaces/msg/detail/novel__type_support.cpp
[3.070s] -- Up-to-date: /home/ke/ANU/Algo Trading/ros2Exercise/install/village_interfaces/include/village_interfaces/village_interfaces/srv
[3.070s] -- Up-to-date: /home/ke/ANU/Algo Trading/ros2Exercise/install/village_interfaces/include/village_interfaces/village_interfaces/srv/detail
[3.070s] -- Installing: /home/ke/ANU/Algo Trading/ros2Exercise/install/village_interfaces/include/village_interfaces/village_interfaces/srv/detail/borrow_money__type_support.cpp
[3.070s] -- Installing: /home/ke/ANU/Algo Trading/ros2Exercise/install/village_interfaces/include/village_interfaces/village_interfaces/srv/detail/borrow_money__rosidl_typesupport_introspection_cpp.hpp
[3.070s] -- Installing: /home/ke/ANU/Algo Trading/ros2Exercise/install/village_interfaces/lib/libvillage_interfaces__rosidl_typesupport_introspection_cpp.so
[3.071s] -- Set runtime path of "/home/ke/ANU/Algo Trading/ros2Exercise/install/village_interfaces/lib/libvillage_interfaces__rosidl_typesupport_introspection_cpp.so" to ""
[3.071s] -- Installing: /home/ke/ANU/Algo Trading/ros2Exercise/install/village_interfaces/lib/libvillage_interfaces__rosidl_typesupport_cpp.so
[3.071s] -- Set runtime path of "/home/ke/ANU/Algo Trading/ros2Exercise/install/village_interfaces/lib/libvillage_interfaces__rosidl_typesupport_cpp.so" to ""
[3.071s] -- Up-to-date: /home/ke/ANU/Algo Trading/ros2Exercise/install/village_interfaces/share/village_interfaces/environment/pythonpath.sh
[3.071s] -- Up-to-date: /home/ke/ANU/Algo Trading/ros2Exercise/install/village_interfaces/share/village_interfaces/environment/pythonpath.dsv
[3.071s] -- Up-to-date: /home/ke/ANU/Algo Trading/ros2Exercise/install/village_interfaces/lib/python3.10/site-packages/village_interfaces-0.0.0-py3.10.egg-info
[3.071s] -- Installing: /home/ke/ANU/Algo Trading/ros2Exercise/install/village_interfaces/lib/python3.10/site-packages/village_interfaces-0.0.0-py3.10.egg-info/top_level.txt
[3.071s] -- Installing: /home/ke/ANU/Algo Trading/ros2Exercise/install/village_interfaces/lib/python3.10/site-packages/village_interfaces-0.0.0-py3.10.egg-info/dependency_links.txt
[3.071s] -- Installing: /home/ke/ANU/Algo Trading/ros2Exercise/install/village_interfaces/lib/python3.10/site-packages/village_interfaces-0.0.0-py3.10.egg-info/SOURCES.txt
[3.071s] -- Installing: /home/ke/ANU/Algo Trading/ros2Exercise/install/village_interfaces/lib/python3.10/site-packages/village_interfaces-0.0.0-py3.10.egg-info/PKG-INFO
[3.071s] -- Up-to-date: /home/ke/ANU/Algo Trading/ros2Exercise/install/village_interfaces/lib/python3.10/site-packages/village_interfaces
[3.072s] -- Installing: /home/ke/ANU/Algo Trading/ros2Exercise/install/village_interfaces/lib/python3.10/site-packages/village_interfaces/_village_interfaces_s.ep.rosidl_typesupport_introspection_c.c
[3.072s] -- Installing: /home/ke/ANU/Algo Trading/ros2Exercise/install/village_interfaces/lib/python3.10/site-packages/village_interfaces/village_interfaces_s__rosidl_typesupport_fastrtps_c.cpython-310-x86_64-linux-gnu.so
[3.072s] -- Installing: /home/ke/ANU/Algo Trading/ros2Exercise/install/village_interfaces/lib/python3.10/site-packages/village_interfaces/village_interfaces_s__rosidl_typesupport_introspection_c.cpython-310-x86_64-linux-gnu.so
[3.072s] -- Up-to-date: /home/ke/ANU/Algo Trading/ros2Exercise/install/village_interfaces/lib/python3.10/site-packages/village_interfaces/msg
[3.072s] -- Installing: /home/ke/ANU/Algo Trading/ros2Exercise/install/village_interfaces/lib/python3.10/site-packages/village_interfaces/msg/_novel_s.c
[3.072s] -- Installing: /home/ke/ANU/Algo Trading/ros2Exercise/install/village_interfaces/lib/python3.10/site-packages/village_interfaces/msg/_novel.py
[3.072s] -- Installing: /home/ke/ANU/Algo Trading/ros2Exercise/install/village_interfaces/lib/python3.10/site-packages/village_interfaces/msg/__init__.py
[3.072s] -- Installing: /home/ke/ANU/Algo Trading/ros2Exercise/install/village_interfaces/lib/python3.10/site-packages/village_interfaces/village_interfaces_s__rosidl_typesupport_c.cpython-310-x86_64-linux-gnu.so
[3.072s] -- Installing: /home/ke/ANU/Algo Trading/ros2Exercise/install/village_interfaces/lib/python3.10/site-packages/village_interfaces/_village_interfaces_s.ep.rosidl_typesupport_c.c
[3.072s] -- Installing: /home/ke/ANU/Algo Trading/ros2Exercise/install/village_interfaces/lib/python3.10/site-packages/village_interfaces/__init__.py
[3.072s] -- Installing: /home/ke/ANU/Algo Trading/ros2Exercise/install/village_interfaces/lib/python3.10/site-packages/village_interfaces/_village_interfaces_s.ep.rosidl_typesupport_fastrtps_c.c
[3.072s] -- Installing: /home/ke/ANU/Algo Trading/ros2Exercise/install/village_interfaces/lib/python3.10/site-packages/village_interfaces/libvillage_interfaces__rosidl_generator_py.so
[3.073s] -- Installing: /home/ke/ANU/Algo Trading/ros2Exercise/install/village_interfaces/lib/python3.10/site-packages/village_interfaces/srv
[3.073s] -- Installing: /home/ke/ANU/Algo Trading/ros2Exercise/install/village_interfaces/lib/python3.10/site-packages/village_interfaces/srv/_borrow_money.py
[3.073s] -- Installing: /home/ke/ANU/Algo Trading/ros2Exercise/install/village_interfaces/lib/python3.10/site-packages/village_interfaces/srv/_borrow_money_s.c
[3.073s] -- Installing: /home/ke/ANU/Algo Trading/ros2Exercise/install/village_interfaces/lib/python3.10/site-packages/village_interfaces/srv/__init__.py
[3.098s] Listing '/home/ke/ANU/Algo Trading/ros2Exercise/install/village_interfaces/lib/python3.10/site-packages/village_interfaces'...
[3.098s] Compiling '/home/ke/ANU/Algo Trading/ros2Exercise/install/village_interfaces/lib/python3.10/site-packages/village_interfaces/__init__.py'...
[3.098s] Listing '/home/ke/ANU/Algo Trading/ros2Exercise/install/village_interfaces/lib/python3.10/site-packages/village_interfaces/msg'...
[3.098s] Compiling '/home/ke/ANU/Algo Trading/ros2Exercise/install/village_interfaces/lib/python3.10/site-packages/village_interfaces/msg/__init__.py'...
[3.098s] Compiling '/home/ke/ANU/Algo Trading/ros2Exercise/install/village_interfaces/lib/python3.10/site-packages/village_interfaces/msg/_novel.py'...
[3.098s] Listing '/home/ke/ANU/Algo Trading/ros2Exercise/install/village_interfaces/lib/python3.10/site-packages/village_interfaces/srv'...
[3.098s] Compiling '/home/ke/ANU/Algo Trading/ros2Exercise/install/village_interfaces/lib/python3.10/site-packages/village_interfaces/srv/__init__.py'...
[3.098s] Compiling '/home/ke/ANU/Algo Trading/ros2Exercise/install/village_interfaces/lib/python3.10/site-packages/village_interfaces/srv/_borrow_money.py'...
[3.101s] -- Installing: /home/ke/ANU/Algo Trading/ros2Exercise/install/village_interfaces/lib/python3.10/site-packages/village_interfaces/village_interfaces_s__rosidl_typesupport_fastrtps_c.cpython-310-x86_64-linux-gnu.so
[3.101s] -- Set runtime path of "/home/ke/ANU/Algo Trading/ros2Exercise/install/village_interfaces/lib/python3.10/site-packages/village_interfaces/village_interfaces_s__rosidl_typesupport_fastrtps_c.cpython-310-x86_64-linux-gnu.so" to ""
[3.101s] -- Installing: /home/ke/ANU/Algo Trading/ros2Exercise/install/village_interfaces/lib/python3.10/site-packages/village_interfaces/village_interfaces_s__rosidl_typesupport_introspection_c.cpython-310-x86_64-linux-gnu.so
[3.101s] -- Set runtime path of "/home/ke/ANU/Algo Trading/ros2Exercise/install/village_interfaces/lib/python3.10/site-packages/village_interfaces/village_interfaces_s__rosidl_typesupport_introspection_c.cpython-310-x86_64-linux-gnu.so" to ""
[3.101s] -- Installing: /home/ke/ANU/Algo Trading/ros2Exercise/install/village_interfaces/lib/python3.10/site-packages/village_interfaces/village_interfaces_s__rosidl_typesupport_c.cpython-310-x86_64-linux-gnu.so
[3.101s] -- Set runtime path of "/home/ke/ANU/Algo Trading/ros2Exercise/install/village_interfaces/lib/python3.10/site-packages/village_interfaces/village_interfaces_s__rosidl_typesupport_c.cpython-310-x86_64-linux-gnu.so" to ""
[3.101s] -- Installing: /home/ke/ANU/Algo Trading/ros2Exercise/install/village_interfaces/lib/libvillage_interfaces__rosidl_generator_py.so
[3.102s] -- Set runtime path of "/home/ke/ANU/Algo Trading/ros2Exercise/install/village_interfaces/lib/libvillage_interfaces__rosidl_generator_py.so" to ""
[3.102s] -- Up-to-date: /home/ke/ANU/Algo Trading/ros2Exercise/install/village_interfaces/share/village_interfaces/msg/Novel.idl
[3.102s] -- Installing: /home/ke/ANU/Algo Trading/ros2Exercise/install/village_interfaces/share/village_interfaces/srv/BorrowMoney.idl
[3.102s] -- Up-to-date: /home/ke/ANU/Algo Trading/ros2Exercise/install/village_interfaces/share/village_interfaces/msg/Novel.msg
[3.102s] -- Installing: /home/ke/ANU/Algo Trading/ros2Exercise/install/village_interfaces/share/village_interfaces/srv/BorrowMoney.srv
[3.102s] -- Installing: /home/ke/ANU/Algo Trading/ros2Exercise/install/village_interfaces/share/village_interfaces/srv/BorrowMoney_Request.msg
[3.102s] -- Installing: /home/ke/ANU/Algo Trading/ros2Exercise/install/village_interfaces/share/village_interfaces/srv/BorrowMoney_Response.msg
[3.102s] -- Up-to-date: /home/ke/ANU/Algo Trading/ros2Exercise/install/village_interfaces/share/ament_index/resource_index/package_run_dependencies/village_interfaces
[3.102s] -- Installing: /home/ke/ANU/Algo Trading/ros2Exercise/install/village_interfaces/share/ament_index/resource_index/parent_prefix_path/village_interfaces
[3.102s] -- Up-to-date: /home/ke/ANU/Algo Trading/ros2Exercise/install/village_interfaces/share/village_interfaces/environment/ament_prefix_path.sh
[3.102s] -- Up-to-date: /home/ke/ANU/Algo Trading/ros2Exercise/install/village_interfaces/share/village_interfaces/environment/ament_prefix_path.dsv
[3.102s] -- Up-to-date: /home/ke/ANU/Algo Trading/ros2Exercise/install/village_interfaces/share/village_interfaces/environment/path.sh
[3.102s] -- Up-to-date: /home/ke/ANU/Algo Trading/ros2Exercise/install/village_interfaces/share/village_interfaces/environment/path.dsv
[3.102s] -- Up-to-date: /home/ke/ANU/Algo Trading/ros2Exercise/install/village_interfaces/share/village_interfaces/local_setup.bash
[3.102s] -- Up-to-date: /home/ke/ANU/Algo Trading/ros2Exercise/install/village_interfaces/share/village_interfaces/local_setup.sh
[3.103s] -- Up-to-date: /home/ke/ANU/Algo Trading/ros2Exercise/install/village_interfaces/share/village_interfaces/local_setup.zsh
[3.103s] -- Up-to-date: /home/ke/ANU/Algo Trading/ros2Exercise/install/village_interfaces/share/village_interfaces/local_setup.dsv
[3.103s] -- Installing: /home/ke/ANU/Algo Trading/ros2Exercise/install/village_interfaces/share/village_interfaces/package.dsv
[3.103s] -- Up-to-date: /home/ke/ANU/Algo Trading/ros2Exercise/install/village_interfaces/share/ament_index/resource_index/packages/village_interfaces
[3.103s] -- Up-to-date: /home/ke/ANU/Algo Trading/ros2Exercise/install/village_interfaces/share/village_interfaces/cmake/export_village_interfaces__rosidl_generator_cExport.cmake
[3.103s] -- Up-to-date: /home/ke/ANU/Algo Trading/ros2Exercise/install/village_interfaces/share/village_interfaces/cmake/export_village_interfaces__rosidl_generator_cExport-noconfig.cmake
[3.103s] -- Up-to-date: /home/ke/ANU/Algo Trading/ros2Exercise/install/village_interfaces/share/village_interfaces/cmake/export_village_interfaces__rosidl_typesupport_fastrtps_cExport.cmake
[3.103s] -- Up-to-date: /home/ke/ANU/Algo Trading/ros2Exercise/install/village_interfaces/share/village_interfaces/cmake/export_village_interfaces__rosidl_typesupport_fastrtps_cExport-noconfig.cmake
[3.103s] -- Up-to-date: /home/ke/ANU/Algo Trading/ros2Exercise/install/village_interfaces/share/village_interfaces/cmake/export_village_interfaces__rosidl_generator_cppExport.cmake
[3.103s] -- Up-to-date: /home/ke/ANU/Algo Trading/ros2Exercise/install/village_interfaces/share/village_interfaces/cmake/export_village_interfaces__rosidl_typesupport_fastrtps_cppExport.cmake
[3.103s] -- Up-to-date: /home/ke/ANU/Algo Trading/ros2Exercise/install/village_interfaces/share/village_interfaces/cmake/export_village_interfaces__rosidl_typesupport_fastrtps_cppExport-noconfig.cmake
[3.103s] -- Up-to-date: /home/ke/ANU/Algo Trading/ros2Exercise/install/village_interfaces/share/village_interfaces/cmake/village_interfaces__rosidl_typesupport_introspection_cExport.cmake
[3.103s] -- Up-to-date: /home/ke/ANU/Algo Trading/ros2Exercise/install/village_interfaces/share/village_interfaces/cmake/village_interfaces__rosidl_typesupport_introspection_cExport-noconfig.cmake
[3.103s] -- Up-to-date: /home/ke/ANU/Algo Trading/ros2Exercise/install/village_interfaces/share/village_interfaces/cmake/village_interfaces__rosidl_typesupport_cExport.cmake
[3.103s] -- Up-to-date: /home/ke/ANU/Algo Trading/ros2Exercise/install/village_interfaces/share/village_interfaces/cmake/village_interfaces__rosidl_typesupport_cExport-noconfig.cmake
[3.103s] -- Up-to-date: /home/ke/ANU/Algo Trading/ros2Exercise/install/village_interfaces/share/village_interfaces/cmake/village_interfaces__rosidl_typesupport_introspection_cppExport.cmake
[3.103s] -- Up-to-date: /home/ke/ANU/Algo Trading/ros2Exercise/install/village_interfaces/share/village_interfaces/cmake/village_interfaces__rosidl_typesupport_introspection_cppExport-noconfig.cmake
[3.103s] -- Up-to-date: /home/ke/ANU/Algo Trading/ros2Exercise/install/village_interfaces/share/village_interfaces/cmake/village_interfaces__rosidl_typesupport_cppExport.cmake
[3.104s] -- Up-to-date: /home/ke/ANU/Algo Trading/ros2Exercise/install/village_interfaces/share/village_interfaces/cmake/village_interfaces__rosidl_typesupport_cppExport-noconfig.cmake
[3.104s] -- Up-to-date: /home/ke/ANU/Algo Trading/ros2Exercise/install/village_interfaces/share/village_interfaces/cmake/export_village_interfaces__rosidl_generator_pyExport.cmake
[3.104s] -- Up-to-date: /home/ke/ANU/Algo Trading/ros2Exercise/install/village_interfaces/share/village_interfaces/cmake/export_village_interfaces__rosidl_generator_pyExport-noconfig.cmake
[3.104s] -- Installing: /home/ke/ANU/Algo Trading/ros2Exercise/install/village_interfaces/share/village_interfaces/cmake/rosidl_cmake-extras.cmake
[3.104s] -- Installing: /home/ke/ANU/Algo Trading/ros2Exercise/install/village_interfaces/share/village_interfaces/cmake/ament_cmake_export_dependencies-extras.cmake
[3.104s] -- Up-to-date: /home/ke/ANU/Algo Trading/ros2Exercise/install/village_interfaces/share/village_interfaces/cmake/ament_cmake_export_include_directories-extras.cmake
[3.104s] -- Up-to-date: /home/ke/ANU/Algo Trading/ros2Exercise/install/village_interfaces/share/village_interfaces/cmake/ament_cmake_export_libraries-extras.cmake
[3.104s] -- Up-to-date: /home/ke/ANU/Algo Trading/ros2Exercise/install/village_interfaces/share/village_interfaces/cmake/ament_cmake_export_targets-extras.cmake
[3.104s] -- Up-to-date: /home/ke/ANU/Algo Trading/ros2Exercise/install/village_interfaces/share/village_interfaces/cmake/rosidl_cmake_export_typesupport_targets-extras.cmake
[3.104s] -- Up-to-date: /home/ke/ANU/Algo Trading/ros2Exercise/install/village_interfaces/share/village_interfaces/cmake/rosidl_cmake_export_typesupport_libraries-extras.cmake
[3.104s] -- Up-to-date: /home/ke/ANU/Algo Trading/ros2Exercise/install/village_interfaces/share/village_interfaces/cmake/village_interfacesConfig.cmake
[3.104s] -- Up-to-date: /home/ke/ANU/Algo Trading/ros2Exercise/install/village_interfaces/share/village_interfaces/cmake/village_interfacesConfig-version.cmake
[3.104s] -- Up-to-date: /home/ke/ANU/Algo Trading/ros2Exercise/install/village_interfaces/share/village_interfaces/package.xml
[3.106s] Invoked command in '/home/ke/ANU/Algo Trading/ros2Exercise/build/village_interfaces' returned '0': CMAKE_PREFIX_PATH=${CMAKE_PREFIX_PATH}:/home/ke/ANU/Algo Trading/ros2Exercise/install/village_li:/opt/ros/iron /usr/bin/cmake --install /home/ke/ANU/Algo Trading/ros2Exercise/build/village_interfaces
