[0.058s] DEBUG:colcon:Command line arguments: ['/usr/bin/colcon', 'build']
[0.058s] DEBUG:colcon:Parsed command line arguments: Namespace(log_base=None, log_level=None, verb_name='build', build_base='build', install_base='install', merge_install=False, symlink_install=False, test_result_base=None, continue_on_error=False, executor='parallel', parallel_workers=20, event_handlers=None, ignore_user_meta=False, metas=['./colcon.meta'], base_paths=['.'], packages_ignore=None, packages_ignore_regex=None, paths=None, packages_up_to=None, packages_up_to_regex=None, packages_above=None, packages_above_and_dependencies=None, packages_above_depth=None, packages_select_by_dep=None, packages_skip_by_dep=None, packages_skip_up_to=None, packages_select_build_failed=False, packages_skip_build_finished=False, packages_select_test_failures=False, packages_skip_test_passed=False, packages_select=None, packages_skip=None, packages_select_regex=None, packages_skip_regex=None, packages_start=None, packages_end=None, allow_overriding=[], cmake_args=None, cmake_target=None, cmake_target_skip_unavailable=False, cmake_clean_cache=False, cmake_clean_first=False, cmake_force_configure=False, ament_cmake_args=None, catkin_cmake_args=None, catkin_skip_building_tests=False, mixin_files=None, mixin=None, verb_parser=<colcon_mixin.mixin.mixin_argument.MixinArgumentDecorator object at 0x77411a8529e0>, verb_extension=<colcon_core.verb.build.BuildVerb object at 0x77411a852470>, main=<bound method BuildVerb.main of <colcon_core.verb.build.BuildVerb object at 0x77411a852470>>, mixin_verb=('build',))
[0.148s] Level 1:colcon.colcon_core.package_discovery:discover_packages(colcon_meta) check parameters
[0.148s] Level 1:colcon.colcon_core.package_discovery:discover_packages(recursive) check parameters
[0.148s] Level 1:colcon.colcon_core.package_discovery:discover_packages(ignore) check parameters
[0.148s] Level 1:colcon.colcon_core.package_discovery:discover_packages(path) check parameters
[0.148s] Level 1:colcon.colcon_core.package_discovery:discover_packages(colcon_meta) discover
[0.149s] Level 1:colcon.colcon_core.package_discovery:discover_packages(recursive) discover
[0.149s] INFO:colcon.colcon_core.package_discovery:Crawling recursively for packages in '/home/ke/ANU/Algo Trading/ros2Exercise/src'
[0.149s] Level 1:colcon.colcon_core.package_identification:_identify(.) by extensions ['ignore', 'ignore_ament_install']
[0.149s] Level 1:colcon.colcon_core.package_identification:_identify(.) by extension 'ignore'
[0.149s] Level 1:colcon.colcon_core.package_identification:_identify(.) by extension 'ignore_ament_install'
[0.149s] Level 1:colcon.colcon_core.package_identification:_identify(.) by extensions ['colcon_pkg']
[0.149s] Level 1:colcon.colcon_core.package_identification:_identify(.) by extension 'colcon_pkg'
[0.149s] Level 1:colcon.colcon_core.package_identification:_identify(.) by extensions ['colcon_meta']
[0.149s] Level 1:colcon.colcon_core.package_identification:_identify(.) by extension 'colcon_meta'
[0.149s] Level 1:colcon.colcon_core.package_identification:_identify(.) by extensions ['ros']
[0.149s] Level 1:colcon.colcon_core.package_identification:_identify(.) by extension 'ros'
[0.155s] Level 1:colcon.colcon_core.package_identification:_identify(.) by extensions ['cmake', 'python']
[0.155s] Level 1:colcon.colcon_core.package_identification:_identify(.) by extension 'cmake'
[0.155s] Level 1:colcon.colcon_core.package_identification:_identify(.) by extension 'python'
[0.155s] Level 1:colcon.colcon_core.package_identification:_identify(.) by extensions ['python_setup_py']
[0.155s] Level 1:colcon.colcon_core.package_identification:_identify(.) by extension 'python_setup_py'
[0.155s] Level 1:colcon.colcon_core.package_identification:_identify(build) by extensions ['ignore', 'ignore_ament_install']
[0.156s] Level 1:colcon.colcon_core.package_identification:_identify(build) by extension 'ignore'
[0.156s] Level 1:colcon.colcon_core.package_identification:_identify(build) ignored
[0.156s] Level 1:colcon.colcon_core.package_identification:_identify(install) by extensions ['ignore', 'ignore_ament_install']
[0.156s] Level 1:colcon.colcon_core.package_identification:_identify(install) by extension 'ignore'
[0.156s] Level 1:colcon.colcon_core.package_identification:_identify(install) ignored
[0.156s] Level 1:colcon.colcon_core.package_identification:_identify(log) by extensions ['ignore', 'ignore_ament_install']
[0.156s] Level 1:colcon.colcon_core.package_identification:_identify(log) by extension 'ignore'
[0.156s] Level 1:colcon.colcon_core.package_identification:_identify(log) ignored
[0.156s] Level 1:colcon.colcon_core.package_identification:_identify(village_interfaces) by extensions ['ignore', 'ignore_ament_install']
[0.156s] Level 1:colcon.colcon_core.package_identification:_identify(village_interfaces) by extension 'ignore'
[0.156s] Level 1:colcon.colcon_core.package_identification:_identify(village_interfaces) by extension 'ignore_ament_install'
[0.156s] Level 1:colcon.colcon_core.package_identification:_identify(village_interfaces) by extensions ['colcon_pkg']
[0.156s] Level 1:colcon.colcon_core.package_identification:_identify(village_interfaces) by extension 'colcon_pkg'
[0.156s] Level 1:colcon.colcon_core.package_identification:_identify(village_interfaces) by extensions ['colcon_meta']
[0.156s] Level 1:colcon.colcon_core.package_identification:_identify(village_interfaces) by extension 'colcon_meta'
[0.156s] Level 1:colcon.colcon_core.package_identification:_identify(village_interfaces) by extensions ['ros']
[0.156s] Level 1:colcon.colcon_core.package_identification:_identify(village_interfaces) by extension 'ros'
[0.157s] DEBUG:colcon.colcon_core.package_identification:Package 'village_interfaces' with type 'ros.ament_cmake' and name 'village_interfaces'
[0.157s] Level 1:colcon.colcon_core.package_identification:_identify(village_li) by extensions ['ignore', 'ignore_ament_install']
[0.157s] Level 1:colcon.colcon_core.package_identification:_identify(village_li) by extension 'ignore'
[0.158s] Level 1:colcon.colcon_core.package_identification:_identify(village_li) by extension 'ignore_ament_install'
[0.158s] Level 1:colcon.colcon_core.package_identification:_identify(village_li) by extensions ['colcon_pkg']
[0.158s] Level 1:colcon.colcon_core.package_identification:_identify(village_li) by extension 'colcon_pkg'
[0.158s] Level 1:colcon.colcon_core.package_identification:_identify(village_li) by extensions ['colcon_meta']
[0.158s] Level 1:colcon.colcon_core.package_identification:_identify(village_li) by extension 'colcon_meta'
[0.158s] Level 1:colcon.colcon_core.package_identification:_identify(village_li) by extensions ['ros']
[0.158s] Level 1:colcon.colcon_core.package_identification:_identify(village_li) by extension 'ros'
[0.158s] DEBUG:colcon.colcon_core.package_identification:Package 'village_li' with type 'ros.ament_python' and name 'village_li'
[0.158s] Level 1:colcon.colcon_core.package_identification:_identify(village_wang) by extensions ['ignore', 'ignore_ament_install']
[0.158s] Level 1:colcon.colcon_core.package_identification:_identify(village_wang) by extension 'ignore'
[0.158s] Level 1:colcon.colcon_core.package_identification:_identify(village_wang) by extension 'ignore_ament_install'
[0.158s] Level 1:colcon.colcon_core.package_identification:_identify(village_wang) by extensions ['colcon_pkg']
[0.158s] Level 1:colcon.colcon_core.package_identification:_identify(village_wang) by extension 'colcon_pkg'
[0.158s] Level 1:colcon.colcon_core.package_identification:_identify(village_wang) by extensions ['colcon_meta']
[0.158s] Level 1:colcon.colcon_core.package_identification:_identify(village_wang) by extension 'colcon_meta'
[0.158s] Level 1:colcon.colcon_core.package_identification:_identify(village_wang) by extensions ['ros']
[0.158s] Level 1:colcon.colcon_core.package_identification:_identify(village_wang) by extension 'ros'
[0.159s] DEBUG:colcon.colcon_core.package_identification:Package 'village_wang' with type 'ros.ament_cmake' and name 'village_wang'
[0.159s] Level 1:colcon.colcon_core.package_discovery:discover_packages(recursive) using defaults
[0.159s] Level 1:colcon.colcon_core.package_discovery:discover_packages(ignore) discover
[0.159s] Level 1:colcon.colcon_core.package_discovery:discover_packages(ignore) using defaults
[0.159s] Level 1:colcon.colcon_core.package_discovery:discover_packages(path) discover
[0.159s] Level 1:colcon.colcon_core.package_discovery:discover_packages(path) using defaults
[0.176s] Level 1:colcon.colcon_core.package_discovery:discover_packages(prefix_path) check parameters
[0.176s] Level 1:colcon.colcon_core.package_discovery:discover_packages(prefix_path) discover
[0.177s] DEBUG:colcon.colcon_installed_package_information.package_discovery:Found 2 installed packages in /home/ke/ANU/Algo Trading/ros2Exercise/install
[0.177s] DEBUG:colcon.colcon_installed_package_information.package_discovery:Found 281 installed packages in /opt/ros/iron
[0.178s] Level 1:colcon.colcon_core.package_discovery:discover_packages(prefix_path) using defaults
[0.198s] Level 5:colcon.colcon_core.verb:set package 'village_interfaces' build argument 'cmake_args' from command line to 'None'
[0.198s] Level 5:colcon.colcon_core.verb:set package 'village_interfaces' build argument 'cmake_target' from command line to 'None'
[0.198s] Level 5:colcon.colcon_core.verb:set package 'village_interfaces' build argument 'cmake_target_skip_unavailable' from command line to 'False'
[0.198s] Level 5:colcon.colcon_core.verb:set package 'village_interfaces' build argument 'cmake_clean_cache' from command line to 'False'
[0.198s] Level 5:colcon.colcon_core.verb:set package 'village_interfaces' build argument 'cmake_clean_first' from command line to 'False'
[0.198s] Level 5:colcon.colcon_core.verb:set package 'village_interfaces' build argument 'cmake_force_configure' from command line to 'False'
[0.198s] Level 5:colcon.colcon_core.verb:set package 'village_interfaces' build argument 'ament_cmake_args' from command line to 'None'
[0.198s] Level 5:colcon.colcon_core.verb:set package 'village_interfaces' build argument 'catkin_cmake_args' from command line to 'None'
[0.198s] Level 5:colcon.colcon_core.verb:set package 'village_interfaces' build argument 'catkin_skip_building_tests' from command line to 'False'
[0.198s] DEBUG:colcon.colcon_core.verb:Building package 'village_interfaces' with the following arguments: {'ament_cmake_args': None, 'build_base': '/home/ke/ANU/Algo Trading/ros2Exercise/src/build/village_interfaces', 'catkin_cmake_args': None, 'catkin_skip_building_tests': False, 'cmake_args': None, 'cmake_clean_cache': False, 'cmake_clean_first': False, 'cmake_force_configure': False, 'cmake_target': None, 'cmake_target_skip_unavailable': False, 'install_base': '/home/ke/ANU/Algo Trading/ros2Exercise/src/install/village_interfaces', 'merge_install': False, 'path': '/home/ke/ANU/Algo Trading/ros2Exercise/src/village_interfaces', 'symlink_install': False, 'test_result_base': None}
[0.198s] Level 5:colcon.colcon_core.verb:set package 'village_li' build argument 'cmake_args' from command line to 'None'
[0.198s] Level 5:colcon.colcon_core.verb:set package 'village_li' build argument 'cmake_target' from command line to 'None'
[0.198s] Level 5:colcon.colcon_core.verb:set package 'village_li' build argument 'cmake_target_skip_unavailable' from command line to 'False'
[0.198s] Level 5:colcon.colcon_core.verb:set package 'village_li' build argument 'cmake_clean_cache' from command line to 'False'
[0.198s] Level 5:colcon.colcon_core.verb:set package 'village_li' build argument 'cmake_clean_first' from command line to 'False'
[0.198s] Level 5:colcon.colcon_core.verb:set package 'village_li' build argument 'cmake_force_configure' from command line to 'False'
[0.198s] Level 5:colcon.colcon_core.verb:set package 'village_li' build argument 'ament_cmake_args' from command line to 'None'
[0.198s] Level 5:colcon.colcon_core.verb:set package 'village_li' build argument 'catkin_cmake_args' from command line to 'None'
[0.198s] Level 5:colcon.colcon_core.verb:set package 'village_li' build argument 'catkin_skip_building_tests' from command line to 'False'
[0.198s] DEBUG:colcon.colcon_core.verb:Building package 'village_li' with the following arguments: {'ament_cmake_args': None, 'build_base': '/home/ke/ANU/Algo Trading/ros2Exercise/src/build/village_li', 'catkin_cmake_args': None, 'catkin_skip_building_tests': False, 'cmake_args': None, 'cmake_clean_cache': False, 'cmake_clean_first': False, 'cmake_force_configure': False, 'cmake_target': None, 'cmake_target_skip_unavailable': False, 'install_base': '/home/ke/ANU/Algo Trading/ros2Exercise/src/install/village_li', 'merge_install': False, 'path': '/home/ke/ANU/Algo Trading/ros2Exercise/src/village_li', 'symlink_install': False, 'test_result_base': None}
[0.198s] Level 5:colcon.colcon_core.verb:set package 'village_wang' build argument 'cmake_args' from command line to 'None'
[0.198s] Level 5:colcon.colcon_core.verb:set package 'village_wang' build argument 'cmake_target' from command line to 'None'
[0.198s] Level 5:colcon.colcon_core.verb:set package 'village_wang' build argument 'cmake_target_skip_unavailable' from command line to 'False'
[0.198s] Level 5:colcon.colcon_core.verb:set package 'village_wang' build argument 'cmake_clean_cache' from command line to 'False'
[0.198s] Level 5:colcon.colcon_core.verb:set package 'village_wang' build argument 'cmake_clean_first' from command line to 'False'
[0.198s] Level 5:colcon.colcon_core.verb:set package 'village_wang' build argument 'cmake_force_configure' from command line to 'False'
[0.198s] Level 5:colcon.colcon_core.verb:set package 'village_wang' build argument 'ament_cmake_args' from command line to 'None'
[0.198s] Level 5:colcon.colcon_core.verb:set package 'village_wang' build argument 'catkin_cmake_args' from command line to 'None'
[0.198s] Level 5:colcon.colcon_core.verb:set package 'village_wang' build argument 'catkin_skip_building_tests' from command line to 'False'
[0.199s] DEBUG:colcon.colcon_core.verb:Building package 'village_wang' with the following arguments: {'ament_cmake_args': None, 'build_base': '/home/ke/ANU/Algo Trading/ros2Exercise/src/build/village_wang', 'catkin_cmake_args': None, 'catkin_skip_building_tests': False, 'cmake_args': None, 'cmake_clean_cache': False, 'cmake_clean_first': False, 'cmake_force_configure': False, 'cmake_target': None, 'cmake_target_skip_unavailable': False, 'install_base': '/home/ke/ANU/Algo Trading/ros2Exercise/src/install/village_wang', 'merge_install': False, 'path': '/home/ke/ANU/Algo Trading/ros2Exercise/src/village_wang', 'symlink_install': False, 'test_result_base': None}
[0.199s] INFO:colcon.colcon_core.executor:Executing jobs using 'parallel' executor
[0.199s] DEBUG:colcon.colcon_parallel_executor.executor.parallel:run_until_complete
[0.200s] INFO:colcon.colcon_ros.task.ament_cmake.build:Building ROS package in '/home/ke/ANU/Algo Trading/ros2Exercise/src/village_interfaces' with build type 'ament_cmake'
[0.200s] INFO:colcon.colcon_cmake.task.cmake.build:Building CMake package in '/home/ke/ANU/Algo Trading/ros2Exercise/src/village_interfaces'
[0.201s] INFO:colcon.colcon_core.plugin_system:Skipping extension 'colcon_core.shell.bat': Not used on non-Windows systems
[0.201s] INFO:colcon.colcon_core.shell:Skip shell extension 'powershell' for command environment: Not usable outside of PowerShell
[0.201s] DEBUG:colcon.colcon_core.shell:Skip shell extension 'dsv' for command environment
[0.203s] INFO:colcon.colcon_ros.task.ament_python.build:Building ROS package in '/home/ke/ANU/Algo Trading/ros2Exercise/src/village_li' with build type 'ament_python'
[0.203s] Level 1:colcon.colcon_core.shell:create_environment_hook('village_li', 'ament_prefix_path')
[0.203s] INFO:colcon.colcon_core.shell:Creating environment hook '/home/ke/ANU/Algo Trading/ros2Exercise/src/install/village_li/share/village_li/hook/ament_prefix_path.ps1'
[0.203s] INFO:colcon.colcon_core.shell:Creating environment descriptor '/home/ke/ANU/Algo Trading/ros2Exercise/src/install/village_li/share/village_li/hook/ament_prefix_path.dsv'
[0.204s] INFO:colcon.colcon_core.shell:Creating environment hook '/home/ke/ANU/Algo Trading/ros2Exercise/src/install/village_li/share/village_li/hook/ament_prefix_path.sh'
[0.204s] INFO:colcon.colcon_core.shell:Skip shell extension 'powershell' for command environment: Not usable outside of PowerShell
[0.204s] DEBUG:colcon.colcon_core.shell:Skip shell extension 'dsv' for command environment
[0.206s] INFO:colcon.colcon_ros.task.ament_cmake.build:Building ROS package in '/home/ke/ANU/Algo Trading/ros2Exercise/src/village_wang' with build type 'ament_cmake'
[0.206s] INFO:colcon.colcon_cmake.task.cmake.build:Building CMake package in '/home/ke/ANU/Algo Trading/ros2Exercise/src/village_wang'
[0.206s] INFO:colcon.colcon_core.shell:Skip shell extension 'powershell' for command environment: Not usable outside of PowerShell
[0.206s] DEBUG:colcon.colcon_core.shell:Skip shell extension 'dsv' for command environment
[0.211s] DEBUG:colcon.colcon_core.event_handler.log_command:Invoking command in '/home/ke/ANU/Algo Trading/ros2Exercise/src/build/village_interfaces': CMAKE_PREFIX_PATH=${CMAKE_PREFIX_PATH}:/home/ke/ANU/Algo Trading/ros2Exercise/install/village_li:/opt/ros/iron /usr/bin/cmake /home/ke/ANU/Algo Trading/ros2Exercise/src/village_interfaces -DCMAKE_INSTALL_PREFIX=/home/ke/ANU/Algo Trading/ros2Exercise/src/install/village_interfaces
[0.355s] INFO:colcon.colcon_core.task.python.build:Building Python package in '/home/ke/ANU/Algo Trading/ros2Exercise/src/village_li'
[0.355s] INFO:colcon.colcon_core.shell:Skip shell extension 'powershell' for command environment: Not usable outside of PowerShell
[0.355s] DEBUG:colcon.colcon_core.shell:Skip shell extension 'dsv' for command environment
[0.360s] DEBUG:colcon.colcon_core.event_handler.log_command:Invoked command in '/home/ke/ANU/Algo Trading/ros2Exercise/src/build/village_interfaces' returned '1': CMAKE_PREFIX_PATH=${CMAKE_PREFIX_PATH}:/home/ke/ANU/Algo Trading/ros2Exercise/install/village_li:/opt/ros/iron /usr/bin/cmake /home/ke/ANU/Algo Trading/ros2Exercise/src/village_interfaces -DCMAKE_INSTALL_PREFIX=/home/ke/ANU/Algo Trading/ros2Exercise/src/install/village_interfaces
[0.362s] DEBUG:colcon.colcon_core.event_handler.log_command:Invoking command in '/home/ke/ANU/Algo Trading/ros2Exercise/src/build/village_wang': CMAKE_PREFIX_PATH=${CMAKE_PREFIX_PATH}:/home/ke/ANU/Algo Trading/ros2Exercise/install/village_li:/opt/ros/iron /usr/bin/cmake /home/ke/ANU/Algo Trading/ros2Exercise/src/village_wang -DCMAKE_INSTALL_PREFIX=/home/ke/ANU/Algo Trading/ros2Exercise/src/install/village_wang
[0.366s] Level 1:colcon.colcon_core.environment:create_environment_scripts_only(village_interfaces)
[0.368s] Level 1:colcon.colcon_core.environment:checking '/home/ke/ANU/Algo Trading/ros2Exercise/src/install/village_interfaces' for CMake module files
[0.368s] Level 1:colcon.colcon_core.environment:checking '/home/ke/ANU/Algo Trading/ros2Exercise/src/install/village_interfaces' for CMake config files
[0.368s] Level 1:colcon.colcon_core.environment:checking '/home/ke/ANU/Algo Trading/ros2Exercise/src/install/village_interfaces/bin'
[0.368s] Level 1:colcon.colcon_core.environment:checking '/home/ke/ANU/Algo Trading/ros2Exercise/src/install/village_interfaces/lib/pkgconfig/village_interfaces.pc'
[0.368s] Level 1:colcon.colcon_core.environment:checking '/home/ke/ANU/Algo Trading/ros2Exercise/src/install/village_interfaces/lib/python3.10/site-packages'
[0.368s] Level 1:colcon.colcon_core.environment:checking '/home/ke/ANU/Algo Trading/ros2Exercise/src/install/village_interfaces/bin'
[0.369s] INFO:colcon.colcon_core.shell:Creating package script '/home/ke/ANU/Algo Trading/ros2Exercise/src/install/village_interfaces/share/village_interfaces/package.ps1'
[0.369s] INFO:colcon.colcon_core.shell:Creating package descriptor '/home/ke/ANU/Algo Trading/ros2Exercise/src/install/village_interfaces/share/village_interfaces/package.dsv'
[0.369s] INFO:colcon.colcon_core.shell:Creating package script '/home/ke/ANU/Algo Trading/ros2Exercise/src/install/village_interfaces/share/village_interfaces/package.sh'
[0.370s] INFO:colcon.colcon_core.shell:Creating package script '/home/ke/ANU/Algo Trading/ros2Exercise/src/install/village_interfaces/share/village_interfaces/package.bash'
[0.370s] INFO:colcon.colcon_core.shell:Creating package script '/home/ke/ANU/Algo Trading/ros2Exercise/src/install/village_interfaces/share/village_interfaces/package.zsh'
[0.370s] Level 1:colcon.colcon_core.environment:create_file_with_runtime_dependencies(/home/ke/ANU/Algo Trading/ros2Exercise/src/install/village_interfaces/share/colcon-core/packages/village_interfaces)
[1.215s] DEBUG:colcon.colcon_parallel_executor.executor.parallel:closing loop
[1.215s] DEBUG:colcon.colcon_parallel_executor.executor.parallel:loop closed
[1.215s] DEBUG:colcon.colcon_parallel_executor.executor.parallel:run_until_complete finished with '1'
[1.215s] DEBUG:colcon.colcon_core.event_reactor:joining thread
[1.218s] INFO:colcon.colcon_core.plugin_system:Skipping extension 'colcon_notification.desktop_notification.terminal_notifier': Not used on non-Darwin systems
[1.218s] INFO:colcon.colcon_core.plugin_system:Skipping extension 'colcon_notification.desktop_notification.win32': Not used on non-Windows systems
[1.219s] INFO:colcon.colcon_notification.desktop_notification:Sending desktop notification using 'notify2'
[1.230s] DEBUG:colcon.colcon_core.event_reactor:joined thread
[1.230s] INFO:colcon.colcon_core.shell:Creating prefix script '/home/ke/ANU/Algo Trading/ros2Exercise/src/install/local_setup.ps1'
[1.231s] INFO:colcon.colcon_core.shell:Creating prefix util module '/home/ke/ANU/Algo Trading/ros2Exercise/src/install/_local_setup_util_ps1.py'
[1.232s] INFO:colcon.colcon_core.shell:Creating prefix chain script '/home/ke/ANU/Algo Trading/ros2Exercise/src/install/setup.ps1'
[1.233s] INFO:colcon.colcon_core.shell:Creating prefix script '/home/ke/ANU/Algo Trading/ros2Exercise/src/install/local_setup.sh'
[1.233s] INFO:colcon.colcon_core.shell:Creating prefix util module '/home/ke/ANU/Algo Trading/ros2Exercise/src/install/_local_setup_util_sh.py'
[1.234s] INFO:colcon.colcon_core.shell:Creating prefix chain script '/home/ke/ANU/Algo Trading/ros2Exercise/src/install/setup.sh'
[1.235s] INFO:colcon.colcon_core.shell:Creating prefix script '/home/ke/ANU/Algo Trading/ros2Exercise/src/install/local_setup.bash'
[1.235s] INFO:colcon.colcon_core.shell:Creating prefix chain script '/home/ke/ANU/Algo Trading/ros2Exercise/src/install/setup.bash'
[1.236s] INFO:colcon.colcon_core.shell:Creating prefix script '/home/ke/ANU/Algo Trading/ros2Exercise/src/install/local_setup.zsh'
[1.236s] INFO:colcon.colcon_core.shell:Creating prefix chain script '/home/ke/ANU/Algo Trading/ros2Exercise/src/install/setup.zsh'
