[0.148s] Invoking command in '/home/ke/ANU/Algo Trading/ros2Exercise/build/village_wang': CMAKE_PREFIX_PATH=${CMAKE_PREFIX_PATH}:/home/ke/ANU/Algo Trading/ros2Exercise/install/village_li:/opt/ros/iron /usr/bin/cmake --build /home/ke/ANU/Algo Trading/ros2Exercise/build/village_wang -- -j20 -l20
[0.179s] -- Found ament_cmake: 2.0.6 (/opt/ros/iron/share/ament_cmake/cmake)
[0.278s] -- Found rclcpp: 21.0.7 (/opt/ros/iron/share/rclcpp/cmake)
[0.303s] -- Found rosidl_generator_c: 4.0.1 (/opt/ros/iron/share/rosidl_generator_c/cmake)
[0.309s] -- Found rosidl_generator_cpp: 4.0.1 (/opt/ros/iron/share/rosidl_generator_cpp/cmake)
[0.320s] -- Using all available rosidl_typesupport_c: rosidl_typesupport_fastrtps_c;rosidl_typesupport_introspection_c
[0.331s] -- Using all available rosidl_typesupport_cpp: rosidl_typesupport_fastrtps_cpp;rosidl_typesupport_introspection_cpp
[0.431s] -- Found rmw_implementation_cmake: 7.1.0 (/opt/ros/iron/share/rmw_implementation_cmake/cmake)
[0.432s] -- Found rmw_fastrtps_cpp: 7.1.4 (/opt/ros/iron/share/rmw_fastrtps_cpp/cmake)
[0.526s] -- Using RMW implementation 'rmw_fastrtps_cpp' as default
[0.633s] -- Found ament_lint_auto: 0.14.4 (/opt/ros/iron/share/ament_lint_auto/cmake)
[0.679s] -- Added test 'cppcheck' to perform static code analysis on C / C++ code
[0.679s] -- Configured cppcheck include dirs: 
[0.679s] -- Configured cppcheck exclude dirs and/or files: 
[0.680s] -- Added test 'lint_cmake' to check CMake code style
[0.681s] -- Added test 'uncrustify' to check C / C++ code style
[0.681s] -- Configured uncrustify additional arguments: 
[0.681s] -- Added test 'xmllint' to check XML markup files
[0.683s] -- Configuring done
[0.693s] -- Generating done
[0.694s] -- Build files have been written to: /home/ke/ANU/Algo Trading/ros2Exercise/build/village_wang
[0.723s] [ 50%] [32mBuilding CXX object CMakeFiles/wang2_node.dir/src/wang2.cpp.o[0m
[2.355s] [100%] [32m[1mLinking CXX executable wang2_node[0m
[2.427s] [100%] Built target wang2_node
[2.437s] Invoked command in '/home/ke/ANU/Algo Trading/ros2Exercise/build/village_wang' returned '0': CMAKE_PREFIX_PATH=${CMAKE_PREFIX_PATH}:/home/ke/ANU/Algo Trading/ros2Exercise/install/village_li:/opt/ros/iron /usr/bin/cmake --build /home/ke/ANU/Algo Trading/ros2Exercise/build/village_wang -- -j20 -l20
[2.461s] Invoking command in '/home/ke/ANU/Algo Trading/ros2Exercise/build/village_wang': CMAKE_PREFIX_PATH=${CMAKE_PREFIX_PATH}:/home/ke/ANU/Algo Trading/ros2Exercise/install/village_li:/opt/ros/iron /usr/bin/cmake --install /home/ke/ANU/Algo Trading/ros2Exercise/build/village_wang
[2.465s] -- Install configuration: ""
[2.465s] -- Up-to-date: /home/ke/ANU/Algo Trading/ros2Exercise/install/village_wang/share/ament_index/resource_index/package_run_dependencies/village_wang
[2.465s] -- Installing: /home/ke/ANU/Algo Trading/ros2Exercise/install/village_wang/share/ament_index/resource_index/parent_prefix_path/village_wang
[2.465s] -- Up-to-date: /home/ke/ANU/Algo Trading/ros2Exercise/install/village_wang/share/village_wang/environment/ament_prefix_path.sh
[2.465s] -- Up-to-date: /home/ke/ANU/Algo Trading/ros2Exercise/install/village_wang/share/village_wang/environment/ament_prefix_path.dsv
[2.465s] -- Up-to-date: /home/ke/ANU/Algo Trading/ros2Exercise/install/village_wang/share/village_wang/environment/path.sh
[2.465s] -- Up-to-date: /home/ke/ANU/Algo Trading/ros2Exercise/install/village_wang/share/village_wang/environment/path.dsv
[2.465s] -- Up-to-date: /home/ke/ANU/Algo Trading/ros2Exercise/install/village_wang/share/village_wang/local_setup.bash
[2.465s] -- Up-to-date: /home/ke/ANU/Algo Trading/ros2Exercise/install/village_wang/share/village_wang/local_setup.sh
[2.465s] -- Up-to-date: /home/ke/ANU/Algo Trading/ros2Exercise/install/village_wang/share/village_wang/local_setup.zsh
[2.466s] -- Up-to-date: /home/ke/ANU/Algo Trading/ros2Exercise/install/village_wang/share/village_wang/local_setup.dsv
[2.466s] -- Up-to-date: /home/ke/ANU/Algo Trading/ros2Exercise/install/village_wang/share/village_wang/package.dsv
[2.466s] -- Up-to-date: /home/ke/ANU/Algo Trading/ros2Exercise/install/village_wang/share/ament_index/resource_index/packages/village_wang
[2.466s] -- Up-to-date: /home/ke/ANU/Algo Trading/ros2Exercise/install/village_wang/share/village_wang/cmake/village_wangConfig.cmake
[2.466s] -- Up-to-date: /home/ke/ANU/Algo Trading/ros2Exercise/install/village_wang/share/village_wang/cmake/village_wangConfig-version.cmake
[2.466s] -- Up-to-date: /home/ke/ANU/Algo Trading/ros2Exercise/install/village_wang/share/village_wang/package.xml
[2.466s] -- Installing: /home/ke/ANU/Algo Trading/ros2Exercise/install/village_wang/lib/village_wang/wang2_node
[2.466s] -- Set runtime path of "/home/ke/ANU/Algo Trading/ros2Exercise/install/village_wang/lib/village_wang/wang2_node" to ""
[2.467s] Invoked command in '/home/ke/ANU/Algo Trading/ros2Exercise/build/village_wang' returned '0': CMAKE_PREFIX_PATH=${CMAKE_PREFIX_PATH}:/home/ke/ANU/Algo Trading/ros2Exercise/install/village_li:/opt/ros/iron /usr/bin/cmake --install /home/ke/ANU/Algo Trading/ros2Exercise/build/village_wang
