[0.062s] DEBUG:colcon:Command line arguments: ['/usr/bin/colcon', 'build']
[0.062s] DEBUG:colcon:Parsed command line arguments: Namespace(log_base=None, log_level=None, verb_name='build', build_base='build', install_base='install', merge_install=False, symlink_install=False, test_result_base=None, continue_on_error=False, executor='parallel', parallel_workers=20, event_handlers=None, ignore_user_meta=False, metas=['./colcon.meta'], base_paths=['.'], packages_ignore=None, packages_ignore_regex=None, paths=None, packages_up_to=None, packages_up_to_regex=None, packages_above=None, packages_above_and_dependencies=None, packages_above_depth=None, packages_select_by_dep=None, packages_skip_by_dep=None, packages_skip_up_to=None, packages_select_build_failed=False, packages_skip_build_finished=False, packages_select_test_failures=False, packages_skip_test_passed=False, packages_select=None, packages_skip=None, packages_select_regex=None, packages_skip_regex=None, packages_start=None, packages_end=None, allow_overriding=[], cmake_args=None, cmake_target=None, cmake_target_skip_unavailable=False, cmake_clean_cache=False, cmake_clean_first=False, cmake_force_configure=False, ament_cmake_args=None, catkin_cmake_args=None, catkin_skip_building_tests=False, mixin_files=None, mixin=None, verb_parser=<colcon_mixin.mixin.mixin_argument.MixinArgumentDecorator object at 0x79f857452c50>, verb_extension=<colcon_core.verb.build.BuildVerb object at 0x79f8574526e0>, main=<bound method BuildVerb.main of <colcon_core.verb.build.BuildVerb object at 0x79f8574526e0>>, mixin_verb=('build',))
[0.154s] Level 1:colcon.colcon_core.package_discovery:discover_packages(colcon_meta) check parameters
[0.154s] Level 1:colcon.colcon_core.package_discovery:discover_packages(recursive) check parameters
[0.154s] Level 1:colcon.colcon_core.package_discovery:discover_packages(ignore) check parameters
[0.154s] Level 1:colcon.colcon_core.package_discovery:discover_packages(path) check parameters
[0.154s] Level 1:colcon.colcon_core.package_discovery:discover_packages(colcon_meta) discover
[0.154s] Level 1:colcon.colcon_core.package_discovery:discover_packages(recursive) discover
[0.154s] INFO:colcon.colcon_core.package_discovery:Crawling recursively for packages in '/home/ke/ANU/Algo Trading/ros2Exercise'
[0.154s] Level 1:colcon.colcon_core.package_identification:_identify(.) by extensions ['ignore', 'ignore_ament_install']
[0.154s] Level 1:colcon.colcon_core.package_identification:_identify(.) by extension 'ignore'
[0.154s] Level 1:colcon.colcon_core.package_identification:_identify(.) by extension 'ignore_ament_install'
[0.154s] Level 1:colcon.colcon_core.package_identification:_identify(.) by extensions ['colcon_pkg']
[0.154s] Level 1:colcon.colcon_core.package_identification:_identify(.) by extension 'colcon_pkg'
[0.154s] Level 1:colcon.colcon_core.package_identification:_identify(.) by extensions ['colcon_meta']
[0.154s] Level 1:colcon.colcon_core.package_identification:_identify(.) by extension 'colcon_meta'
[0.154s] Level 1:colcon.colcon_core.package_identification:_identify(.) by extensions ['ros']
[0.154s] Level 1:colcon.colcon_core.package_identification:_identify(.) by extension 'ros'
[0.162s] Level 1:colcon.colcon_core.package_identification:_identify(.) by extensions ['cmake', 'python']
[0.162s] Level 1:colcon.colcon_core.package_identification:_identify(.) by extension 'cmake'
[0.162s] Level 1:colcon.colcon_core.package_identification:_identify(.) by extension 'python'
[0.162s] Level 1:colcon.colcon_core.package_identification:_identify(.) by extensions ['python_setup_py']
[0.162s] Level 1:colcon.colcon_core.package_identification:_identify(.) by extension 'python_setup_py'
[0.162s] Level 1:colcon.colcon_core.package_identification:_identify(build) by extensions ['ignore', 'ignore_ament_install']
[0.162s] Level 1:colcon.colcon_core.package_identification:_identify(build) by extension 'ignore'
[0.162s] Level 1:colcon.colcon_core.package_identification:_identify(build) ignored
[0.162s] Level 1:colcon.colcon_core.package_identification:_identify(install) by extensions ['ignore', 'ignore_ament_install']
[0.162s] Level 1:colcon.colcon_core.package_identification:_identify(install) by extension 'ignore'
[0.162s] Level 1:colcon.colcon_core.package_identification:_identify(install) ignored
[0.162s] Level 1:colcon.colcon_core.package_identification:_identify(log) by extensions ['ignore', 'ignore_ament_install']
[0.162s] Level 1:colcon.colcon_core.package_identification:_identify(log) by extension 'ignore'
[0.162s] Level 1:colcon.colcon_core.package_identification:_identify(log) ignored
[0.163s] Level 1:colcon.colcon_core.package_identification:_identify(src) by extensions ['ignore', 'ignore_ament_install']
[0.163s] Level 1:colcon.colcon_core.package_identification:_identify(src) by extension 'ignore'
[0.163s] Level 1:colcon.colcon_core.package_identification:_identify(src) by extension 'ignore_ament_install'
[0.163s] Level 1:colcon.colcon_core.package_identification:_identify(src) by extensions ['colcon_pkg']
[0.163s] Level 1:colcon.colcon_core.package_identification:_identify(src) by extension 'colcon_pkg'
[0.163s] Level 1:colcon.colcon_core.package_identification:_identify(src) by extensions ['colcon_meta']
[0.163s] Level 1:colcon.colcon_core.package_identification:_identify(src) by extension 'colcon_meta'
[0.163s] Level 1:colcon.colcon_core.package_identification:_identify(src) by extensions ['ros']
[0.163s] Level 1:colcon.colcon_core.package_identification:_identify(src) by extension 'ros'
[0.163s] Level 1:colcon.colcon_core.package_identification:_identify(src) by extensions ['cmake', 'python']
[0.163s] Level 1:colcon.colcon_core.package_identification:_identify(src) by extension 'cmake'
[0.163s] Level 1:colcon.colcon_core.package_identification:_identify(src) by extension 'python'
[0.163s] Level 1:colcon.colcon_core.package_identification:_identify(src) by extensions ['python_setup_py']
[0.163s] Level 1:colcon.colcon_core.package_identification:_identify(src) by extension 'python_setup_py'
[0.163s] Level 1:colcon.colcon_core.package_identification:_identify(src/log) by extensions ['ignore', 'ignore_ament_install']
[0.163s] Level 1:colcon.colcon_core.package_identification:_identify(src/log) by extension 'ignore'
[0.163s] Level 1:colcon.colcon_core.package_identification:_identify(src/log) ignored
[0.163s] Level 1:colcon.colcon_core.package_identification:_identify(src/village_interfaces) by extensions ['ignore', 'ignore_ament_install']
[0.163s] Level 1:colcon.colcon_core.package_identification:_identify(src/village_interfaces) by extension 'ignore'
[0.163s] Level 1:colcon.colcon_core.package_identification:_identify(src/village_interfaces) by extension 'ignore_ament_install'
[0.163s] Level 1:colcon.colcon_core.package_identification:_identify(src/village_interfaces) by extensions ['colcon_pkg']
[0.163s] Level 1:colcon.colcon_core.package_identification:_identify(src/village_interfaces) by extension 'colcon_pkg'
[0.163s] Level 1:colcon.colcon_core.package_identification:_identify(src/village_interfaces) by extensions ['colcon_meta']
[0.163s] Level 1:colcon.colcon_core.package_identification:_identify(src/village_interfaces) by extension 'colcon_meta'
[0.163s] Level 1:colcon.colcon_core.package_identification:_identify(src/village_interfaces) by extensions ['ros']
[0.163s] Level 1:colcon.colcon_core.package_identification:_identify(src/village_interfaces) by extension 'ros'
[0.166s] DEBUG:colcon.colcon_core.package_identification:Package 'src/village_interfaces' with type 'ros.ament_cmake' and name 'village_interfaces'
[0.166s] Level 1:colcon.colcon_core.package_identification:_identify(src/village_li) by extensions ['ignore', 'ignore_ament_install']
[0.166s] Level 1:colcon.colcon_core.package_identification:_identify(src/village_li) by extension 'ignore'
[0.166s] Level 1:colcon.colcon_core.package_identification:_identify(src/village_li) by extension 'ignore_ament_install'
[0.166s] Level 1:colcon.colcon_core.package_identification:_identify(src/village_li) by extensions ['colcon_pkg']
[0.166s] Level 1:colcon.colcon_core.package_identification:_identify(src/village_li) by extension 'colcon_pkg'
[0.166s] Level 1:colcon.colcon_core.package_identification:_identify(src/village_li) by extensions ['colcon_meta']
[0.166s] Level 1:colcon.colcon_core.package_identification:_identify(src/village_li) by extension 'colcon_meta'
[0.166s] Level 1:colcon.colcon_core.package_identification:_identify(src/village_li) by extensions ['ros']
[0.166s] Level 1:colcon.colcon_core.package_identification:_identify(src/village_li) by extension 'ros'
[0.167s] DEBUG:colcon.colcon_core.package_identification:Package 'src/village_li' with type 'ros.ament_python' and name 'village_li'
[0.167s] Level 1:colcon.colcon_core.package_identification:_identify(src/village_wang) by extensions ['ignore', 'ignore_ament_install']
[0.167s] Level 1:colcon.colcon_core.package_identification:_identify(src/village_wang) by extension 'ignore'
[0.168s] Level 1:colcon.colcon_core.package_identification:_identify(src/village_wang) by extension 'ignore_ament_install'
[0.168s] Level 1:colcon.colcon_core.package_identification:_identify(src/village_wang) by extensions ['colcon_pkg']
[0.168s] Level 1:colcon.colcon_core.package_identification:_identify(src/village_wang) by extension 'colcon_pkg'
[0.168s] Level 1:colcon.colcon_core.package_identification:_identify(src/village_wang) by extensions ['colcon_meta']
[0.168s] Level 1:colcon.colcon_core.package_identification:_identify(src/village_wang) by extension 'colcon_meta'
[0.168s] Level 1:colcon.colcon_core.package_identification:_identify(src/village_wang) by extensions ['ros']
[0.168s] Level 1:colcon.colcon_core.package_identification:_identify(src/village_wang) by extension 'ros'
[0.169s] DEBUG:colcon.colcon_core.package_identification:Package 'src/village_wang' with type 'ros.ament_cmake' and name 'village_wang'
[0.169s] Level 1:colcon.colcon_core.package_identification:_identify(src/village_zhang) by extensions ['ignore', 'ignore_ament_install']
[0.169s] Level 1:colcon.colcon_core.package_identification:_identify(src/village_zhang) by extension 'ignore'
[0.169s] Level 1:colcon.colcon_core.package_identification:_identify(src/village_zhang) by extension 'ignore_ament_install'
[0.169s] Level 1:colcon.colcon_core.package_identification:_identify(src/village_zhang) by extensions ['colcon_pkg']
[0.169s] Level 1:colcon.colcon_core.package_identification:_identify(src/village_zhang) by extension 'colcon_pkg'
[0.169s] Level 1:colcon.colcon_core.package_identification:_identify(src/village_zhang) by extensions ['colcon_meta']
[0.169s] Level 1:colcon.colcon_core.package_identification:_identify(src/village_zhang) by extension 'colcon_meta'
[0.169s] Level 1:colcon.colcon_core.package_identification:_identify(src/village_zhang) by extensions ['ros']
[0.169s] Level 1:colcon.colcon_core.package_identification:_identify(src/village_zhang) by extension 'ros'
[0.170s] DEBUG:colcon.colcon_core.package_identification:Package 'src/village_zhang' with type 'ros.ament_cmake' and name 'village_zhang'
[0.170s] Level 1:colcon.colcon_core.package_discovery:discover_packages(recursive) using defaults
[0.170s] Level 1:colcon.colcon_core.package_discovery:discover_packages(ignore) discover
[0.170s] Level 1:colcon.colcon_core.package_discovery:discover_packages(ignore) using defaults
[0.170s] Level 1:colcon.colcon_core.package_discovery:discover_packages(path) discover
[0.170s] Level 1:colcon.colcon_core.package_discovery:discover_packages(path) using defaults
[0.204s] Level 1:colcon.colcon_core.package_discovery:discover_packages(prefix_path) check parameters
[0.204s] Level 1:colcon.colcon_core.package_discovery:discover_packages(prefix_path) discover
[0.206s] DEBUG:colcon.colcon_installed_package_information.package_discovery:Found 4 installed packages in /home/ke/ANU/Algo Trading/ros2Exercise/install
[0.207s] DEBUG:colcon.colcon_installed_package_information.package_discovery:Found 281 installed packages in /opt/ros/iron
[0.208s] Level 1:colcon.colcon_core.package_discovery:discover_packages(prefix_path) using defaults
[0.233s] Level 5:colcon.colcon_core.verb:set package 'village_interfaces' build argument 'cmake_args' from command line to 'None'
[0.233s] Level 5:colcon.colcon_core.verb:set package 'village_interfaces' build argument 'cmake_target' from command line to 'None'
[0.233s] Level 5:colcon.colcon_core.verb:set package 'village_interfaces' build argument 'cmake_target_skip_unavailable' from command line to 'False'
[0.233s] Level 5:colcon.colcon_core.verb:set package 'village_interfaces' build argument 'cmake_clean_cache' from command line to 'False'
[0.233s] Level 5:colcon.colcon_core.verb:set package 'village_interfaces' build argument 'cmake_clean_first' from command line to 'False'
[0.233s] Level 5:colcon.colcon_core.verb:set package 'village_interfaces' build argument 'cmake_force_configure' from command line to 'False'
[0.233s] Level 5:colcon.colcon_core.verb:set package 'village_interfaces' build argument 'ament_cmake_args' from command line to 'None'
[0.233s] Level 5:colcon.colcon_core.verb:set package 'village_interfaces' build argument 'catkin_cmake_args' from command line to 'None'
[0.233s] Level 5:colcon.colcon_core.verb:set package 'village_interfaces' build argument 'catkin_skip_building_tests' from command line to 'False'
[0.233s] DEBUG:colcon.colcon_core.verb:Building package 'village_interfaces' with the following arguments: {'ament_cmake_args': None, 'build_base': '/home/ke/ANU/Algo Trading/ros2Exercise/build/village_interfaces', 'catkin_cmake_args': None, 'catkin_skip_building_tests': False, 'cmake_args': None, 'cmake_clean_cache': False, 'cmake_clean_first': False, 'cmake_force_configure': False, 'cmake_target': None, 'cmake_target_skip_unavailable': False, 'install_base': '/home/ke/ANU/Algo Trading/ros2Exercise/install/village_interfaces', 'merge_install': False, 'path': '/home/ke/ANU/Algo Trading/ros2Exercise/src/village_interfaces', 'symlink_install': False, 'test_result_base': None}
[0.234s] Level 5:colcon.colcon_core.verb:set package 'village_li' build argument 'cmake_args' from command line to 'None'
[0.234s] Level 5:colcon.colcon_core.verb:set package 'village_li' build argument 'cmake_target' from command line to 'None'
[0.234s] Level 5:colcon.colcon_core.verb:set package 'village_li' build argument 'cmake_target_skip_unavailable' from command line to 'False'
[0.234s] Level 5:colcon.colcon_core.verb:set package 'village_li' build argument 'cmake_clean_cache' from command line to 'False'
[0.234s] Level 5:colcon.colcon_core.verb:set package 'village_li' build argument 'cmake_clean_first' from command line to 'False'
[0.234s] Level 5:colcon.colcon_core.verb:set package 'village_li' build argument 'cmake_force_configure' from command line to 'False'
[0.234s] Level 5:colcon.colcon_core.verb:set package 'village_li' build argument 'ament_cmake_args' from command line to 'None'
[0.234s] Level 5:colcon.colcon_core.verb:set package 'village_li' build argument 'catkin_cmake_args' from command line to 'None'
[0.234s] Level 5:colcon.colcon_core.verb:set package 'village_li' build argument 'catkin_skip_building_tests' from command line to 'False'
[0.234s] DEBUG:colcon.colcon_core.verb:Building package 'village_li' with the following arguments: {'ament_cmake_args': None, 'build_base': '/home/ke/ANU/Algo Trading/ros2Exercise/build/village_li', 'catkin_cmake_args': None, 'catkin_skip_building_tests': False, 'cmake_args': None, 'cmake_clean_cache': False, 'cmake_clean_first': False, 'cmake_force_configure': False, 'cmake_target': None, 'cmake_target_skip_unavailable': False, 'install_base': '/home/ke/ANU/Algo Trading/ros2Exercise/install/village_li', 'merge_install': False, 'path': '/home/ke/ANU/Algo Trading/ros2Exercise/src/village_li', 'symlink_install': False, 'test_result_base': None}
[0.234s] Level 5:colcon.colcon_core.verb:set package 'village_wang' build argument 'cmake_args' from command line to 'None'
[0.234s] Level 5:colcon.colcon_core.verb:set package 'village_wang' build argument 'cmake_target' from command line to 'None'
[0.234s] Level 5:colcon.colcon_core.verb:set package 'village_wang' build argument 'cmake_target_skip_unavailable' from command line to 'False'
[0.234s] Level 5:colcon.colcon_core.verb:set package 'village_wang' build argument 'cmake_clean_cache' from command line to 'False'
[0.234s] Level 5:colcon.colcon_core.verb:set package 'village_wang' build argument 'cmake_clean_first' from command line to 'False'
[0.234s] Level 5:colcon.colcon_core.verb:set package 'village_wang' build argument 'cmake_force_configure' from command line to 'False'
[0.234s] Level 5:colcon.colcon_core.verb:set package 'village_wang' build argument 'ament_cmake_args' from command line to 'None'
[0.234s] Level 5:colcon.colcon_core.verb:set package 'village_wang' build argument 'catkin_cmake_args' from command line to 'None'
[0.234s] Level 5:colcon.colcon_core.verb:set package 'village_wang' build argument 'catkin_skip_building_tests' from command line to 'False'
[0.234s] DEBUG:colcon.colcon_core.verb:Building package 'village_wang' with the following arguments: {'ament_cmake_args': None, 'build_base': '/home/ke/ANU/Algo Trading/ros2Exercise/build/village_wang', 'catkin_cmake_args': None, 'catkin_skip_building_tests': False, 'cmake_args': None, 'cmake_clean_cache': False, 'cmake_clean_first': False, 'cmake_force_configure': False, 'cmake_target': None, 'cmake_target_skip_unavailable': False, 'install_base': '/home/ke/ANU/Algo Trading/ros2Exercise/install/village_wang', 'merge_install': False, 'path': '/home/ke/ANU/Algo Trading/ros2Exercise/src/village_wang', 'symlink_install': False, 'test_result_base': None}
[0.234s] Level 5:colcon.colcon_core.verb:set package 'village_zhang' build argument 'cmake_args' from command line to 'None'
[0.234s] Level 5:colcon.colcon_core.verb:set package 'village_zhang' build argument 'cmake_target' from command line to 'None'
[0.234s] Level 5:colcon.colcon_core.verb:set package 'village_zhang' build argument 'cmake_target_skip_unavailable' from command line to 'False'
[0.234s] Level 5:colcon.colcon_core.verb:set package 'village_zhang' build argument 'cmake_clean_cache' from command line to 'False'
[0.234s] Level 5:colcon.colcon_core.verb:set package 'village_zhang' build argument 'cmake_clean_first' from command line to 'False'
[0.234s] Level 5:colcon.colcon_core.verb:set package 'village_zhang' build argument 'cmake_force_configure' from command line to 'False'
[0.234s] Level 5:colcon.colcon_core.verb:set package 'village_zhang' build argument 'ament_cmake_args' from command line to 'None'
[0.234s] Level 5:colcon.colcon_core.verb:set package 'village_zhang' build argument 'catkin_cmake_args' from command line to 'None'
[0.234s] Level 5:colcon.colcon_core.verb:set package 'village_zhang' build argument 'catkin_skip_building_tests' from command line to 'False'
[0.234s] DEBUG:colcon.colcon_core.verb:Building package 'village_zhang' with the following arguments: {'ament_cmake_args': None, 'build_base': '/home/ke/ANU/Algo Trading/ros2Exercise/build/village_zhang', 'catkin_cmake_args': None, 'catkin_skip_building_tests': False, 'cmake_args': None, 'cmake_clean_cache': False, 'cmake_clean_first': False, 'cmake_force_configure': False, 'cmake_target': None, 'cmake_target_skip_unavailable': False, 'install_base': '/home/ke/ANU/Algo Trading/ros2Exercise/install/village_zhang', 'merge_install': False, 'path': '/home/ke/ANU/Algo Trading/ros2Exercise/src/village_zhang', 'symlink_install': False, 'test_result_base': None}
[0.234s] INFO:colcon.colcon_core.executor:Executing jobs using 'parallel' executor
[0.235s] DEBUG:colcon.colcon_parallel_executor.executor.parallel:run_until_complete
[0.236s] INFO:colcon.colcon_ros.task.ament_cmake.build:Building ROS package in '/home/ke/ANU/Algo Trading/ros2Exercise/src/village_interfaces' with build type 'ament_cmake'
[0.236s] INFO:colcon.colcon_cmake.task.cmake.build:Building CMake package in '/home/ke/ANU/Algo Trading/ros2Exercise/src/village_interfaces'
[0.237s] INFO:colcon.colcon_core.plugin_system:Skipping extension 'colcon_core.shell.bat': Not used on non-Windows systems
[0.237s] INFO:colcon.colcon_core.shell:Skip shell extension 'powershell' for command environment: Not usable outside of PowerShell
[0.237s] DEBUG:colcon.colcon_core.shell:Skip shell extension 'dsv' for command environment
[0.244s] DEBUG:colcon.colcon_core.event_handler.log_command:Invoking command in '/home/ke/ANU/Algo Trading/ros2Exercise/build/village_interfaces': CMAKE_PREFIX_PATH=${CMAKE_PREFIX_PATH}:/home/ke/ANU/Algo Trading/ros2Exercise/install/village_li:/opt/ros/iron /usr/bin/cmake --build /home/ke/ANU/Algo Trading/ros2Exercise/build/village_interfaces -- -j20 -l20
[0.469s] DEBUG:colcon.colcon_core.event_handler.log_command:Invoked command in '/home/ke/ANU/Algo Trading/ros2Exercise/build/village_interfaces' returned '0': CMAKE_PREFIX_PATH=${CMAKE_PREFIX_PATH}:/home/ke/ANU/Algo Trading/ros2Exercise/install/village_li:/opt/ros/iron /usr/bin/cmake --build /home/ke/ANU/Algo Trading/ros2Exercise/build/village_interfaces -- -j20 -l20
[0.563s] DEBUG:colcon.colcon_core.event_handler.log_command:Invoking command in '/home/ke/ANU/Algo Trading/ros2Exercise/build/village_interfaces': CMAKE_PREFIX_PATH=${CMAKE_PREFIX_PATH}:/home/ke/ANU/Algo Trading/ros2Exercise/install/village_li:/opt/ros/iron /usr/bin/cmake --install /home/ke/ANU/Algo Trading/ros2Exercise/build/village_interfaces
[0.600s] Level 1:colcon.colcon_core.environment:create_environment_scripts_only(village_interfaces)
[0.601s] DEBUG:colcon.colcon_core.event_handler.log_command:Invoked command in '/home/ke/ANU/Algo Trading/ros2Exercise/build/village_interfaces' returned '0': CMAKE_PREFIX_PATH=${CMAKE_PREFIX_PATH}:/home/ke/ANU/Algo Trading/ros2Exercise/install/village_li:/opt/ros/iron /usr/bin/cmake --install /home/ke/ANU/Algo Trading/ros2Exercise/build/village_interfaces
[0.602s] Level 1:colcon.colcon_core.environment:checking '/home/ke/ANU/Algo Trading/ros2Exercise/install/village_interfaces' for CMake module files
[0.602s] Level 1:colcon.colcon_core.environment:checking '/home/ke/ANU/Algo Trading/ros2Exercise/install/village_interfaces' for CMake config files
[0.602s] Level 1:colcon.colcon_core.shell:create_environment_hook('village_interfaces', 'cmake_prefix_path')
[0.603s] INFO:colcon.colcon_core.shell:Creating environment hook '/home/ke/ANU/Algo Trading/ros2Exercise/install/village_interfaces/share/village_interfaces/hook/cmake_prefix_path.ps1'
[0.603s] INFO:colcon.colcon_core.shell:Creating environment descriptor '/home/ke/ANU/Algo Trading/ros2Exercise/install/village_interfaces/share/village_interfaces/hook/cmake_prefix_path.dsv'
[0.603s] INFO:colcon.colcon_core.shell:Creating environment hook '/home/ke/ANU/Algo Trading/ros2Exercise/install/village_interfaces/share/village_interfaces/hook/cmake_prefix_path.sh'
[0.604s] Level 1:colcon.colcon_core.environment:checking '/home/ke/ANU/Algo Trading/ros2Exercise/install/village_interfaces/lib'
[0.604s] Level 1:colcon.colcon_core.shell:create_environment_hook('village_interfaces', 'ld_library_path_lib')
[0.604s] INFO:colcon.colcon_core.shell:Creating environment hook '/home/ke/ANU/Algo Trading/ros2Exercise/install/village_interfaces/share/village_interfaces/hook/ld_library_path_lib.ps1'
[0.604s] INFO:colcon.colcon_core.shell:Creating environment descriptor '/home/ke/ANU/Algo Trading/ros2Exercise/install/village_interfaces/share/village_interfaces/hook/ld_library_path_lib.dsv'
[0.604s] INFO:colcon.colcon_core.shell:Creating environment hook '/home/ke/ANU/Algo Trading/ros2Exercise/install/village_interfaces/share/village_interfaces/hook/ld_library_path_lib.sh'
[0.604s] Level 1:colcon.colcon_core.environment:checking '/home/ke/ANU/Algo Trading/ros2Exercise/install/village_interfaces/bin'
[0.605s] Level 1:colcon.colcon_core.environment:checking '/home/ke/ANU/Algo Trading/ros2Exercise/install/village_interfaces/lib/pkgconfig/village_interfaces.pc'
[0.605s] Level 1:colcon.colcon_core.environment:checking '/home/ke/ANU/Algo Trading/ros2Exercise/install/village_interfaces/lib/python3.10/site-packages'
[0.605s] Level 1:colcon.colcon_core.shell:create_environment_hook('village_interfaces', 'pythonpath')
[0.605s] INFO:colcon.colcon_core.shell:Creating environment hook '/home/ke/ANU/Algo Trading/ros2Exercise/install/village_interfaces/share/village_interfaces/hook/pythonpath.ps1'
[0.605s] INFO:colcon.colcon_core.shell:Creating environment descriptor '/home/ke/ANU/Algo Trading/ros2Exercise/install/village_interfaces/share/village_interfaces/hook/pythonpath.dsv'
[0.605s] INFO:colcon.colcon_core.shell:Creating environment hook '/home/ke/ANU/Algo Trading/ros2Exercise/install/village_interfaces/share/village_interfaces/hook/pythonpath.sh'
[0.605s] Level 1:colcon.colcon_core.environment:checking '/home/ke/ANU/Algo Trading/ros2Exercise/install/village_interfaces/bin'
[0.606s] INFO:colcon.colcon_core.shell:Creating package script '/home/ke/ANU/Algo Trading/ros2Exercise/install/village_interfaces/share/village_interfaces/package.ps1'
[0.606s] INFO:colcon.colcon_core.shell:Creating package descriptor '/home/ke/ANU/Algo Trading/ros2Exercise/install/village_interfaces/share/village_interfaces/package.dsv'
[0.606s] INFO:colcon.colcon_core.shell:Creating package script '/home/ke/ANU/Algo Trading/ros2Exercise/install/village_interfaces/share/village_interfaces/package.sh'
[0.607s] INFO:colcon.colcon_core.shell:Creating package script '/home/ke/ANU/Algo Trading/ros2Exercise/install/village_interfaces/share/village_interfaces/package.bash'
[0.607s] INFO:colcon.colcon_core.shell:Creating package script '/home/ke/ANU/Algo Trading/ros2Exercise/install/village_interfaces/share/village_interfaces/package.zsh'
[0.607s] Level 1:colcon.colcon_core.environment:create_file_with_runtime_dependencies(/home/ke/ANU/Algo Trading/ros2Exercise/install/village_interfaces/share/colcon-core/packages/village_interfaces)
[0.692s] Level 1:colcon.colcon_core.environment:create_environment_scripts_only(village_interfaces)
[0.692s] Level 1:colcon.colcon_core.environment:checking '/home/ke/ANU/Algo Trading/ros2Exercise/install/village_interfaces' for CMake module files
[0.693s] Level 1:colcon.colcon_core.environment:checking '/home/ke/ANU/Algo Trading/ros2Exercise/install/village_interfaces' for CMake config files
[0.693s] Level 1:colcon.colcon_core.shell:create_environment_hook('village_interfaces', 'cmake_prefix_path')
[0.693s] INFO:colcon.colcon_core.shell:Creating environment hook '/home/ke/ANU/Algo Trading/ros2Exercise/install/village_interfaces/share/village_interfaces/hook/cmake_prefix_path.ps1'
[0.693s] INFO:colcon.colcon_core.shell:Creating environment descriptor '/home/ke/ANU/Algo Trading/ros2Exercise/install/village_interfaces/share/village_interfaces/hook/cmake_prefix_path.dsv'
[0.694s] INFO:colcon.colcon_core.shell:Creating environment hook '/home/ke/ANU/Algo Trading/ros2Exercise/install/village_interfaces/share/village_interfaces/hook/cmake_prefix_path.sh'
[0.694s] Level 1:colcon.colcon_core.environment:checking '/home/ke/ANU/Algo Trading/ros2Exercise/install/village_interfaces/lib'
[0.694s] Level 1:colcon.colcon_core.shell:create_environment_hook('village_interfaces', 'ld_library_path_lib')
[0.694s] INFO:colcon.colcon_core.shell:Creating environment hook '/home/ke/ANU/Algo Trading/ros2Exercise/install/village_interfaces/share/village_interfaces/hook/ld_library_path_lib.ps1'
[0.694s] INFO:colcon.colcon_core.shell:Creating environment descriptor '/home/ke/ANU/Algo Trading/ros2Exercise/install/village_interfaces/share/village_interfaces/hook/ld_library_path_lib.dsv'
[0.694s] INFO:colcon.colcon_core.shell:Creating environment hook '/home/ke/ANU/Algo Trading/ros2Exercise/install/village_interfaces/share/village_interfaces/hook/ld_library_path_lib.sh'
[0.695s] Level 1:colcon.colcon_core.environment:checking '/home/ke/ANU/Algo Trading/ros2Exercise/install/village_interfaces/bin'
[0.695s] Level 1:colcon.colcon_core.environment:checking '/home/ke/ANU/Algo Trading/ros2Exercise/install/village_interfaces/lib/pkgconfig/village_interfaces.pc'
[0.695s] Level 1:colcon.colcon_core.environment:checking '/home/ke/ANU/Algo Trading/ros2Exercise/install/village_interfaces/lib/python3.10/site-packages'
[0.695s] Level 1:colcon.colcon_core.shell:create_environment_hook('village_interfaces', 'pythonpath')
[0.695s] INFO:colcon.colcon_core.shell:Creating environment hook '/home/ke/ANU/Algo Trading/ros2Exercise/install/village_interfaces/share/village_interfaces/hook/pythonpath.ps1'
[0.695s] INFO:colcon.colcon_core.shell:Creating environment descriptor '/home/ke/ANU/Algo Trading/ros2Exercise/install/village_interfaces/share/village_interfaces/hook/pythonpath.dsv'
[0.695s] INFO:colcon.colcon_core.shell:Creating environment hook '/home/ke/ANU/Algo Trading/ros2Exercise/install/village_interfaces/share/village_interfaces/hook/pythonpath.sh'
[0.696s] Level 1:colcon.colcon_core.environment:checking '/home/ke/ANU/Algo Trading/ros2Exercise/install/village_interfaces/bin'
[0.696s] INFO:colcon.colcon_core.shell:Creating package script '/home/ke/ANU/Algo Trading/ros2Exercise/install/village_interfaces/share/village_interfaces/package.ps1'
[0.696s] INFO:colcon.colcon_core.shell:Creating package descriptor '/home/ke/ANU/Algo Trading/ros2Exercise/install/village_interfaces/share/village_interfaces/package.dsv'
[0.696s] INFO:colcon.colcon_core.shell:Creating package script '/home/ke/ANU/Algo Trading/ros2Exercise/install/village_interfaces/share/village_interfaces/package.sh'
[0.697s] INFO:colcon.colcon_core.shell:Creating package script '/home/ke/ANU/Algo Trading/ros2Exercise/install/village_interfaces/share/village_interfaces/package.bash'
[0.697s] INFO:colcon.colcon_core.shell:Creating package script '/home/ke/ANU/Algo Trading/ros2Exercise/install/village_interfaces/share/village_interfaces/package.zsh'
[0.697s] Level 1:colcon.colcon_core.environment:create_file_with_runtime_dependencies(/home/ke/ANU/Algo Trading/ros2Exercise/install/village_interfaces/share/colcon-core/packages/village_interfaces)
[0.697s] INFO:colcon.colcon_ros.task.ament_python.build:Building ROS package in '/home/ke/ANU/Algo Trading/ros2Exercise/src/village_li' with build type 'ament_python'
[0.697s] Level 1:colcon.colcon_core.shell:create_environment_hook('village_li', 'ament_prefix_path')
[0.697s] INFO:colcon.colcon_core.shell:Creating environment hook '/home/ke/ANU/Algo Trading/ros2Exercise/install/village_li/share/village_li/hook/ament_prefix_path.ps1'
[0.698s] INFO:colcon.colcon_core.shell:Creating environment descriptor '/home/ke/ANU/Algo Trading/ros2Exercise/install/village_li/share/village_li/hook/ament_prefix_path.dsv'
[0.698s] INFO:colcon.colcon_core.shell:Creating environment hook '/home/ke/ANU/Algo Trading/ros2Exercise/install/village_li/share/village_li/hook/ament_prefix_path.sh'
[0.699s] INFO:colcon.colcon_core.shell:Skip shell extension 'powershell' for command environment: Not usable outside of PowerShell
[0.699s] DEBUG:colcon.colcon_core.shell:Skip shell extension 'dsv' for command environment
[0.700s] INFO:colcon.colcon_ros.task.ament_cmake.build:Building ROS package in '/home/ke/ANU/Algo Trading/ros2Exercise/src/village_wang' with build type 'ament_cmake'
[0.701s] INFO:colcon.colcon_cmake.task.cmake.build:Building CMake package in '/home/ke/ANU/Algo Trading/ros2Exercise/src/village_wang'
[0.701s] INFO:colcon.colcon_core.shell:Skip shell extension 'powershell' for command environment: Not usable outside of PowerShell
[0.701s] DEBUG:colcon.colcon_core.shell:Skip shell extension 'dsv' for command environment
[0.703s] INFO:colcon.colcon_ros.task.ament_cmake.build:Building ROS package in '/home/ke/ANU/Algo Trading/ros2Exercise/src/village_zhang' with build type 'ament_cmake'
[0.703s] INFO:colcon.colcon_cmake.task.cmake.build:Building CMake package in '/home/ke/ANU/Algo Trading/ros2Exercise/src/village_zhang'
[0.703s] INFO:colcon.colcon_core.shell:Skip shell extension 'powershell' for command environment: Not usable outside of PowerShell
[0.703s] DEBUG:colcon.colcon_core.shell:Skip shell extension 'dsv' for command environment
[0.856s] INFO:colcon.colcon_core.task.python.build:Building Python package in '/home/ke/ANU/Algo Trading/ros2Exercise/src/village_li'
[0.857s] INFO:colcon.colcon_core.shell:Skip shell extension 'powershell' for command environment: Not usable outside of PowerShell
[0.857s] DEBUG:colcon.colcon_core.shell:Skip shell extension 'dsv' for command environment
[0.863s] DEBUG:colcon.colcon_core.event_handler.log_command:Invoking command in '/home/ke/ANU/Algo Trading/ros2Exercise/build/village_wang': CMAKE_PREFIX_PATH=/home/ke/ANU/Algo Trading/ros2Exercise/install/village_interfaces:/home/ke/ANU/Algo Trading/ros2Exercise/install/village_zhang:/home/ke/ANU/Algo Trading/ros2Exercise/install/village_wang:/home/ke/ANU/Algo Trading/ros2Exercise/install/village_li:/opt/ros/iron PYTHONPATH=/home/ke/ANU/Algo Trading/ros2Exercise/install/village_interfaces/lib/python3.10/site-packages:/home/ke/ANU/Algo Trading/ros2Exercise/install/village_li/lib/python3.10/site-packages:/opt/ros/iron/lib/python3.10/site-packages /usr/bin/cmake --build /home/ke/ANU/Algo Trading/ros2Exercise/build/village_wang -- -j20 -l20
[0.865s] DEBUG:colcon.colcon_core.event_handler.log_command:Invoking command in '/home/ke/ANU/Algo Trading/ros2Exercise/build/village_zhang': CMAKE_PREFIX_PATH=/home/ke/ANU/Algo Trading/ros2Exercise/install/village_interfaces:/home/ke/ANU/Algo Trading/ros2Exercise/install/village_zhang:/home/ke/ANU/Algo Trading/ros2Exercise/install/village_wang:/home/ke/ANU/Algo Trading/ros2Exercise/install/village_li:/opt/ros/iron PYTHONPATH=/home/ke/ANU/Algo Trading/ros2Exercise/install/village_interfaces/lib/python3.10/site-packages:/home/ke/ANU/Algo Trading/ros2Exercise/install/village_li/lib/python3.10/site-packages:/opt/ros/iron/lib/python3.10/site-packages /usr/bin/cmake --build /home/ke/ANU/Algo Trading/ros2Exercise/build/village_zhang -- -j20 -l20
[0.923s] DEBUG:colcon.colcon_core.event_handler.log_command:Invoked command in '/home/ke/ANU/Algo Trading/ros2Exercise/build/village_wang' returned '0': CMAKE_PREFIX_PATH=/home/ke/ANU/Algo Trading/ros2Exercise/install/village_interfaces:/home/ke/ANU/Algo Trading/ros2Exercise/install/village_zhang:/home/ke/ANU/Algo Trading/ros2Exercise/install/village_wang:/home/ke/ANU/Algo Trading/ros2Exercise/install/village_li:/opt/ros/iron PYTHONPATH=/home/ke/ANU/Algo Trading/ros2Exercise/install/village_interfaces/lib/python3.10/site-packages:/home/ke/ANU/Algo Trading/ros2Exercise/install/village_li/lib/python3.10/site-packages:/opt/ros/iron/lib/python3.10/site-packages /usr/bin/cmake --build /home/ke/ANU/Algo Trading/ros2Exercise/build/village_wang -- -j20 -l20
[0.945s] DEBUG:colcon.colcon_core.event_handler.log_command:Invoking command in '/home/ke/ANU/Algo Trading/ros2Exercise/build/village_wang': CMAKE_PREFIX_PATH=/home/ke/ANU/Algo Trading/ros2Exercise/install/village_interfaces:/home/ke/ANU/Algo Trading/ros2Exercise/install/village_zhang:/home/ke/ANU/Algo Trading/ros2Exercise/install/village_wang:/home/ke/ANU/Algo Trading/ros2Exercise/install/village_li:/opt/ros/iron PYTHONPATH=/home/ke/ANU/Algo Trading/ros2Exercise/install/village_interfaces/lib/python3.10/site-packages:/home/ke/ANU/Algo Trading/ros2Exercise/install/village_li/lib/python3.10/site-packages:/opt/ros/iron/lib/python3.10/site-packages /usr/bin/cmake --install /home/ke/ANU/Algo Trading/ros2Exercise/build/village_wang
[0.954s] Level 1:colcon.colcon_core.environment:create_environment_scripts_only(village_wang)
[0.955s] Level 1:colcon.colcon_core.environment:checking '/home/ke/ANU/Algo Trading/ros2Exercise/install/village_wang' for CMake module files
[0.956s] DEBUG:colcon.colcon_core.event_handler.log_command:Invoked command in '/home/ke/ANU/Algo Trading/ros2Exercise/build/village_wang' returned '0': CMAKE_PREFIX_PATH=/home/ke/ANU/Algo Trading/ros2Exercise/install/village_interfaces:/home/ke/ANU/Algo Trading/ros2Exercise/install/village_zhang:/home/ke/ANU/Algo Trading/ros2Exercise/install/village_wang:/home/ke/ANU/Algo Trading/ros2Exercise/install/village_li:/opt/ros/iron PYTHONPATH=/home/ke/ANU/Algo Trading/ros2Exercise/install/village_interfaces/lib/python3.10/site-packages:/home/ke/ANU/Algo Trading/ros2Exercise/install/village_li/lib/python3.10/site-packages:/opt/ros/iron/lib/python3.10/site-packages /usr/bin/cmake --install /home/ke/ANU/Algo Trading/ros2Exercise/build/village_wang
[0.956s] Level 1:colcon.colcon_core.environment:checking '/home/ke/ANU/Algo Trading/ros2Exercise/install/village_wang' for CMake config files
[0.957s] Level 1:colcon.colcon_core.shell:create_environment_hook('village_wang', 'cmake_prefix_path')
[0.957s] INFO:colcon.colcon_core.shell:Creating environment hook '/home/ke/ANU/Algo Trading/ros2Exercise/install/village_wang/share/village_wang/hook/cmake_prefix_path.ps1'
[0.957s] INFO:colcon.colcon_core.shell:Creating environment descriptor '/home/ke/ANU/Algo Trading/ros2Exercise/install/village_wang/share/village_wang/hook/cmake_prefix_path.dsv'
[0.958s] INFO:colcon.colcon_core.shell:Creating environment hook '/home/ke/ANU/Algo Trading/ros2Exercise/install/village_wang/share/village_wang/hook/cmake_prefix_path.sh'
[0.958s] Level 1:colcon.colcon_core.environment:checking '/home/ke/ANU/Algo Trading/ros2Exercise/install/village_wang/lib'
[0.958s] Level 1:colcon.colcon_core.environment:checking '/home/ke/ANU/Algo Trading/ros2Exercise/install/village_wang/bin'
[0.958s] Level 1:colcon.colcon_core.environment:checking '/home/ke/ANU/Algo Trading/ros2Exercise/install/village_wang/lib/pkgconfig/village_wang.pc'
[0.959s] Level 1:colcon.colcon_core.environment:checking '/home/ke/ANU/Algo Trading/ros2Exercise/install/village_wang/lib/python3.10/site-packages'
[0.959s] Level 1:colcon.colcon_core.environment:checking '/home/ke/ANU/Algo Trading/ros2Exercise/install/village_wang/bin'
[0.959s] INFO:colcon.colcon_core.shell:Creating package script '/home/ke/ANU/Algo Trading/ros2Exercise/install/village_wang/share/village_wang/package.ps1'
[0.960s] INFO:colcon.colcon_core.shell:Creating package descriptor '/home/ke/ANU/Algo Trading/ros2Exercise/install/village_wang/share/village_wang/package.dsv'
[0.960s] INFO:colcon.colcon_core.shell:Creating package script '/home/ke/ANU/Algo Trading/ros2Exercise/install/village_wang/share/village_wang/package.sh'
[0.960s] INFO:colcon.colcon_core.shell:Creating package script '/home/ke/ANU/Algo Trading/ros2Exercise/install/village_wang/share/village_wang/package.bash'
[0.961s] INFO:colcon.colcon_core.shell:Creating package script '/home/ke/ANU/Algo Trading/ros2Exercise/install/village_wang/share/village_wang/package.zsh'
[0.961s] Level 1:colcon.colcon_core.environment:create_file_with_runtime_dependencies(/home/ke/ANU/Algo Trading/ros2Exercise/install/village_wang/share/colcon-core/packages/village_wang)
[0.984s] Level 1:colcon.colcon_core.environment:create_environment_scripts_only(village_wang)
[0.984s] Level 1:colcon.colcon_core.environment:checking '/home/ke/ANU/Algo Trading/ros2Exercise/install/village_wang' for CMake module files
[0.984s] Level 1:colcon.colcon_core.environment:checking '/home/ke/ANU/Algo Trading/ros2Exercise/install/village_wang' for CMake config files
[0.984s] Level 1:colcon.colcon_core.shell:create_environment_hook('village_wang', 'cmake_prefix_path')
[0.984s] INFO:colcon.colcon_core.shell:Creating environment hook '/home/ke/ANU/Algo Trading/ros2Exercise/install/village_wang/share/village_wang/hook/cmake_prefix_path.ps1'
[0.985s] INFO:colcon.colcon_core.shell:Creating environment descriptor '/home/ke/ANU/Algo Trading/ros2Exercise/install/village_wang/share/village_wang/hook/cmake_prefix_path.dsv'
[0.985s] INFO:colcon.colcon_core.shell:Creating environment hook '/home/ke/ANU/Algo Trading/ros2Exercise/install/village_wang/share/village_wang/hook/cmake_prefix_path.sh'
[0.985s] Level 1:colcon.colcon_core.environment:checking '/home/ke/ANU/Algo Trading/ros2Exercise/install/village_wang/lib'
[0.985s] Level 1:colcon.colcon_core.environment:checking '/home/ke/ANU/Algo Trading/ros2Exercise/install/village_wang/bin'
[0.985s] Level 1:colcon.colcon_core.environment:checking '/home/ke/ANU/Algo Trading/ros2Exercise/install/village_wang/lib/pkgconfig/village_wang.pc'
[0.986s] Level 1:colcon.colcon_core.environment:checking '/home/ke/ANU/Algo Trading/ros2Exercise/install/village_wang/lib/python3.10/site-packages'
[0.986s] Level 1:colcon.colcon_core.environment:checking '/home/ke/ANU/Algo Trading/ros2Exercise/install/village_wang/bin'
[0.986s] INFO:colcon.colcon_core.shell:Creating package script '/home/ke/ANU/Algo Trading/ros2Exercise/install/village_wang/share/village_wang/package.ps1'
[0.986s] INFO:colcon.colcon_core.shell:Creating package descriptor '/home/ke/ANU/Algo Trading/ros2Exercise/install/village_wang/share/village_wang/package.dsv'
[0.987s] INFO:colcon.colcon_core.shell:Creating package script '/home/ke/ANU/Algo Trading/ros2Exercise/install/village_wang/share/village_wang/package.sh'
[0.987s] INFO:colcon.colcon_core.shell:Creating package script '/home/ke/ANU/Algo Trading/ros2Exercise/install/village_wang/share/village_wang/package.bash'
[0.987s] INFO:colcon.colcon_core.shell:Creating package script '/home/ke/ANU/Algo Trading/ros2Exercise/install/village_wang/share/village_wang/package.zsh'
[0.987s] Level 1:colcon.colcon_core.environment:create_file_with_runtime_dependencies(/home/ke/ANU/Algo Trading/ros2Exercise/install/village_wang/share/colcon-core/packages/village_wang)
[1.098s] DEBUG:colcon.colcon_core.event_handler.log_command:Invoking command in '/home/ke/ANU/Algo Trading/ros2Exercise/src/village_li': CMAKE_PREFIX_PATH=/home/ke/ANU/Algo Trading/ros2Exercise/install/village_interfaces:/home/ke/ANU/Algo Trading/ros2Exercise/install/village_zhang:/home/ke/ANU/Algo Trading/ros2Exercise/install/village_wang PYTHONPATH=/home/ke/ANU/Algo Trading/ros2Exercise/build/village_li/prefix_override:/usr/lib/python3/dist-packages/colcon_core/task/python/colcon_distutils_commands:/home/ke/ANU/Algo Trading/ros2Exercise/install/village_li/lib/python3.10/site-packages:/home/ke/ANU/Algo Trading/ros2Exercise/install/village_interfaces/lib/python3.10/site-packages:/home/ke/ANU/Algo Trading/ros2Exercise/install/village_li/lib/python3.10/site-packages:/opt/ros/iron/lib/python3.10/site-packages /usr/bin/python3 -W ignore:setup.py install is deprecated setup.py egg_info --egg-base ../../build/village_li build --build-base /home/ke/ANU/Algo Trading/ros2Exercise/build/village_li/build install --record /home/ke/ANU/Algo Trading/ros2Exercise/build/village_li/install.log --single-version-externally-managed install_data
[1.282s] Level 1:colcon.colcon_core.environment:checking '/home/ke/ANU/Algo Trading/ros2Exercise/install/village_li' for CMake module files
[1.282s] DEBUG:colcon.colcon_core.event_handler.log_command:Invoked command in '/home/ke/ANU/Algo Trading/ros2Exercise/src/village_li' returned '0': CMAKE_PREFIX_PATH=/home/ke/ANU/Algo Trading/ros2Exercise/install/village_interfaces:/home/ke/ANU/Algo Trading/ros2Exercise/install/village_zhang:/home/ke/ANU/Algo Trading/ros2Exercise/install/village_wang PYTHONPATH=/home/ke/ANU/Algo Trading/ros2Exercise/build/village_li/prefix_override:/usr/lib/python3/dist-packages/colcon_core/task/python/colcon_distutils_commands:/home/ke/ANU/Algo Trading/ros2Exercise/install/village_li/lib/python3.10/site-packages:/home/ke/ANU/Algo Trading/ros2Exercise/install/village_interfaces/lib/python3.10/site-packages:/home/ke/ANU/Algo Trading/ros2Exercise/install/village_li/lib/python3.10/site-packages:/opt/ros/iron/lib/python3.10/site-packages /usr/bin/python3 -W ignore:setup.py install is deprecated setup.py egg_info --egg-base ../../build/village_li build --build-base /home/ke/ANU/Algo Trading/ros2Exercise/build/village_li/build install --record /home/ke/ANU/Algo Trading/ros2Exercise/build/village_li/install.log --single-version-externally-managed install_data
[1.283s] Level 1:colcon.colcon_core.environment:checking '/home/ke/ANU/Algo Trading/ros2Exercise/install/village_li' for CMake config files
[1.283s] Level 1:colcon.colcon_core.environment:checking '/home/ke/ANU/Algo Trading/ros2Exercise/install/village_li/lib'
[1.284s] Level 1:colcon.colcon_core.environment:checking '/home/ke/ANU/Algo Trading/ros2Exercise/install/village_li/bin'
[1.284s] Level 1:colcon.colcon_core.environment:checking '/home/ke/ANU/Algo Trading/ros2Exercise/install/village_li/lib/pkgconfig/village_li.pc'
[1.284s] Level 1:colcon.colcon_core.environment:checking '/home/ke/ANU/Algo Trading/ros2Exercise/install/village_li/lib/python3.10/site-packages'
[1.284s] Level 1:colcon.colcon_core.shell:create_environment_hook('village_li', 'pythonpath')
[1.284s] INFO:colcon.colcon_core.shell:Creating environment hook '/home/ke/ANU/Algo Trading/ros2Exercise/install/village_li/share/village_li/hook/pythonpath.ps1'
[1.285s] INFO:colcon.colcon_core.shell:Creating environment descriptor '/home/ke/ANU/Algo Trading/ros2Exercise/install/village_li/share/village_li/hook/pythonpath.dsv'
[1.285s] INFO:colcon.colcon_core.shell:Creating environment hook '/home/ke/ANU/Algo Trading/ros2Exercise/install/village_li/share/village_li/hook/pythonpath.sh'
[1.286s] Level 1:colcon.colcon_core.environment:checking '/home/ke/ANU/Algo Trading/ros2Exercise/install/village_li/bin'
[1.286s] Level 1:colcon.colcon_core.environment:create_environment_scripts_only(village_li)
[1.286s] INFO:colcon.colcon_core.shell:Creating package script '/home/ke/ANU/Algo Trading/ros2Exercise/install/village_li/share/village_li/package.ps1'
[1.287s] INFO:colcon.colcon_core.shell:Creating package descriptor '/home/ke/ANU/Algo Trading/ros2Exercise/install/village_li/share/village_li/package.dsv'
[1.287s] INFO:colcon.colcon_core.shell:Creating package script '/home/ke/ANU/Algo Trading/ros2Exercise/install/village_li/share/village_li/package.sh'
[1.287s] INFO:colcon.colcon_core.shell:Creating package script '/home/ke/ANU/Algo Trading/ros2Exercise/install/village_li/share/village_li/package.bash'
[1.287s] INFO:colcon.colcon_core.shell:Creating package script '/home/ke/ANU/Algo Trading/ros2Exercise/install/village_li/share/village_li/package.zsh'
[1.287s] Level 1:colcon.colcon_core.environment:create_file_with_runtime_dependencies(/home/ke/ANU/Algo Trading/ros2Exercise/install/village_li/share/colcon-core/packages/village_li)
[3.521s] DEBUG:colcon.colcon_core.event_handler.log_command:Invoked command in '/home/ke/ANU/Algo Trading/ros2Exercise/build/village_zhang' returned '0': CMAKE_PREFIX_PATH=/home/ke/ANU/Algo Trading/ros2Exercise/install/village_interfaces:/home/ke/ANU/Algo Trading/ros2Exercise/install/village_zhang:/home/ke/ANU/Algo Trading/ros2Exercise/install/village_wang:/home/ke/ANU/Algo Trading/ros2Exercise/install/village_li:/opt/ros/iron PYTHONPATH=/home/ke/ANU/Algo Trading/ros2Exercise/install/village_interfaces/lib/python3.10/site-packages:/home/ke/ANU/Algo Trading/ros2Exercise/install/village_li/lib/python3.10/site-packages:/opt/ros/iron/lib/python3.10/site-packages /usr/bin/cmake --build /home/ke/ANU/Algo Trading/ros2Exercise/build/village_zhang -- -j20 -l20
[3.541s] DEBUG:colcon.colcon_core.event_handler.log_command:Invoking command in '/home/ke/ANU/Algo Trading/ros2Exercise/build/village_zhang': CMAKE_PREFIX_PATH=/home/ke/ANU/Algo Trading/ros2Exercise/install/village_interfaces:/home/ke/ANU/Algo Trading/ros2Exercise/install/village_zhang:/home/ke/ANU/Algo Trading/ros2Exercise/install/village_wang:/home/ke/ANU/Algo Trading/ros2Exercise/install/village_li:/opt/ros/iron PYTHONPATH=/home/ke/ANU/Algo Trading/ros2Exercise/install/village_interfaces/lib/python3.10/site-packages:/home/ke/ANU/Algo Trading/ros2Exercise/install/village_li/lib/python3.10/site-packages:/opt/ros/iron/lib/python3.10/site-packages /usr/bin/cmake --install /home/ke/ANU/Algo Trading/ros2Exercise/build/village_zhang
[3.548s] Level 1:colcon.colcon_core.environment:create_environment_scripts_only(village_zhang)
[3.548s] Level 1:colcon.colcon_core.environment:checking '/home/ke/ANU/Algo Trading/ros2Exercise/install/village_zhang' for CMake module files
[3.549s] DEBUG:colcon.colcon_core.event_handler.log_command:Invoked command in '/home/ke/ANU/Algo Trading/ros2Exercise/build/village_zhang' returned '0': CMAKE_PREFIX_PATH=/home/ke/ANU/Algo Trading/ros2Exercise/install/village_interfaces:/home/ke/ANU/Algo Trading/ros2Exercise/install/village_zhang:/home/ke/ANU/Algo Trading/ros2Exercise/install/village_wang:/home/ke/ANU/Algo Trading/ros2Exercise/install/village_li:/opt/ros/iron PYTHONPATH=/home/ke/ANU/Algo Trading/ros2Exercise/install/village_interfaces/lib/python3.10/site-packages:/home/ke/ANU/Algo Trading/ros2Exercise/install/village_li/lib/python3.10/site-packages:/opt/ros/iron/lib/python3.10/site-packages /usr/bin/cmake --install /home/ke/ANU/Algo Trading/ros2Exercise/build/village_zhang
[3.549s] Level 1:colcon.colcon_core.environment:checking '/home/ke/ANU/Algo Trading/ros2Exercise/install/village_zhang' for CMake config files
[3.549s] Level 1:colcon.colcon_core.shell:create_environment_hook('village_zhang', 'cmake_prefix_path')
[3.549s] INFO:colcon.colcon_core.shell:Creating environment hook '/home/ke/ANU/Algo Trading/ros2Exercise/install/village_zhang/share/village_zhang/hook/cmake_prefix_path.ps1'
[3.550s] INFO:colcon.colcon_core.shell:Creating environment descriptor '/home/ke/ANU/Algo Trading/ros2Exercise/install/village_zhang/share/village_zhang/hook/cmake_prefix_path.dsv'
[3.550s] INFO:colcon.colcon_core.shell:Creating environment hook '/home/ke/ANU/Algo Trading/ros2Exercise/install/village_zhang/share/village_zhang/hook/cmake_prefix_path.sh'
[3.550s] Level 1:colcon.colcon_core.environment:checking '/home/ke/ANU/Algo Trading/ros2Exercise/install/village_zhang/lib'
[3.550s] Level 1:colcon.colcon_core.environment:checking '/home/ke/ANU/Algo Trading/ros2Exercise/install/village_zhang/bin'
[3.550s] Level 1:colcon.colcon_core.environment:checking '/home/ke/ANU/Algo Trading/ros2Exercise/install/village_zhang/lib/pkgconfig/village_zhang.pc'
[3.550s] Level 1:colcon.colcon_core.environment:checking '/home/ke/ANU/Algo Trading/ros2Exercise/install/village_zhang/lib/python3.10/site-packages'
[3.550s] Level 1:colcon.colcon_core.environment:checking '/home/ke/ANU/Algo Trading/ros2Exercise/install/village_zhang/bin'
[3.551s] INFO:colcon.colcon_core.shell:Creating package script '/home/ke/ANU/Algo Trading/ros2Exercise/install/village_zhang/share/village_zhang/package.ps1'
[3.551s] INFO:colcon.colcon_core.shell:Creating package descriptor '/home/ke/ANU/Algo Trading/ros2Exercise/install/village_zhang/share/village_zhang/package.dsv'
[3.551s] INFO:colcon.colcon_core.shell:Creating package script '/home/ke/ANU/Algo Trading/ros2Exercise/install/village_zhang/share/village_zhang/package.sh'
[3.551s] INFO:colcon.colcon_core.shell:Creating package script '/home/ke/ANU/Algo Trading/ros2Exercise/install/village_zhang/share/village_zhang/package.bash'
[3.551s] INFO:colcon.colcon_core.shell:Creating package script '/home/ke/ANU/Algo Trading/ros2Exercise/install/village_zhang/share/village_zhang/package.zsh'
[3.551s] Level 1:colcon.colcon_core.environment:create_file_with_runtime_dependencies(/home/ke/ANU/Algo Trading/ros2Exercise/install/village_zhang/share/colcon-core/packages/village_zhang)
[3.570s] Level 1:colcon.colcon_core.environment:create_environment_scripts_only(village_zhang)
[3.570s] Level 1:colcon.colcon_core.environment:checking '/home/ke/ANU/Algo Trading/ros2Exercise/install/village_zhang' for CMake module files
[3.571s] Level 1:colcon.colcon_core.environment:checking '/home/ke/ANU/Algo Trading/ros2Exercise/install/village_zhang' for CMake config files
[3.571s] Level 1:colcon.colcon_core.shell:create_environment_hook('village_zhang', 'cmake_prefix_path')
[3.571s] INFO:colcon.colcon_core.shell:Creating environment hook '/home/ke/ANU/Algo Trading/ros2Exercise/install/village_zhang/share/village_zhang/hook/cmake_prefix_path.ps1'
[3.571s] INFO:colcon.colcon_core.shell:Creating environment descriptor '/home/ke/ANU/Algo Trading/ros2Exercise/install/village_zhang/share/village_zhang/hook/cmake_prefix_path.dsv'
[3.571s] INFO:colcon.colcon_core.shell:Creating environment hook '/home/ke/ANU/Algo Trading/ros2Exercise/install/village_zhang/share/village_zhang/hook/cmake_prefix_path.sh'
[3.572s] Level 1:colcon.colcon_core.environment:checking '/home/ke/ANU/Algo Trading/ros2Exercise/install/village_zhang/lib'
[3.572s] Level 1:colcon.colcon_core.environment:checking '/home/ke/ANU/Algo Trading/ros2Exercise/install/village_zhang/bin'
[3.572s] Level 1:colcon.colcon_core.environment:checking '/home/ke/ANU/Algo Trading/ros2Exercise/install/village_zhang/lib/pkgconfig/village_zhang.pc'
[3.572s] Level 1:colcon.colcon_core.environment:checking '/home/ke/ANU/Algo Trading/ros2Exercise/install/village_zhang/lib/python3.10/site-packages'
[3.572s] Level 1:colcon.colcon_core.environment:checking '/home/ke/ANU/Algo Trading/ros2Exercise/install/village_zhang/bin'
[3.572s] INFO:colcon.colcon_core.shell:Creating package script '/home/ke/ANU/Algo Trading/ros2Exercise/install/village_zhang/share/village_zhang/package.ps1'
[3.572s] INFO:colcon.colcon_core.shell:Creating package descriptor '/home/ke/ANU/Algo Trading/ros2Exercise/install/village_zhang/share/village_zhang/package.dsv'
[3.573s] INFO:colcon.colcon_core.shell:Creating package script '/home/ke/ANU/Algo Trading/ros2Exercise/install/village_zhang/share/village_zhang/package.sh'
[3.573s] INFO:colcon.colcon_core.shell:Creating package script '/home/ke/ANU/Algo Trading/ros2Exercise/install/village_zhang/share/village_zhang/package.bash'
[3.573s] INFO:colcon.colcon_core.shell:Creating package script '/home/ke/ANU/Algo Trading/ros2Exercise/install/village_zhang/share/village_zhang/package.zsh'
[3.573s] Level 1:colcon.colcon_core.environment:create_file_with_runtime_dependencies(/home/ke/ANU/Algo Trading/ros2Exercise/install/village_zhang/share/colcon-core/packages/village_zhang)
[3.573s] DEBUG:colcon.colcon_parallel_executor.executor.parallel:closing loop
[3.573s] DEBUG:colcon.colcon_parallel_executor.executor.parallel:loop closed
[3.574s] DEBUG:colcon.colcon_parallel_executor.executor.parallel:run_until_complete finished with '0'
[3.574s] DEBUG:colcon.colcon_core.event_reactor:joining thread
[3.578s] INFO:colcon.colcon_core.plugin_system:Skipping extension 'colcon_notification.desktop_notification.terminal_notifier': Not used on non-Darwin systems
[3.578s] INFO:colcon.colcon_core.plugin_system:Skipping extension 'colcon_notification.desktop_notification.win32': Not used on non-Windows systems
[3.578s] INFO:colcon.colcon_notification.desktop_notification:Sending desktop notification using 'notify2'
[3.588s] DEBUG:colcon.colcon_core.event_reactor:joined thread
[3.588s] INFO:colcon.colcon_core.shell:Creating prefix script '/home/ke/ANU/Algo Trading/ros2Exercise/install/local_setup.ps1'
[3.589s] INFO:colcon.colcon_core.shell:Creating prefix util module '/home/ke/ANU/Algo Trading/ros2Exercise/install/_local_setup_util_ps1.py'
[3.590s] INFO:colcon.colcon_core.shell:Creating prefix chain script '/home/ke/ANU/Algo Trading/ros2Exercise/install/setup.ps1'
[3.590s] INFO:colcon.colcon_core.shell:Creating prefix script '/home/ke/ANU/Algo Trading/ros2Exercise/install/local_setup.sh'
[3.591s] INFO:colcon.colcon_core.shell:Creating prefix util module '/home/ke/ANU/Algo Trading/ros2Exercise/install/_local_setup_util_sh.py'
[3.591s] INFO:colcon.colcon_core.shell:Creating prefix chain script '/home/ke/ANU/Algo Trading/ros2Exercise/install/setup.sh'
[3.591s] INFO:colcon.colcon_core.shell:Creating prefix script '/home/ke/ANU/Algo Trading/ros2Exercise/install/local_setup.bash'
[3.592s] INFO:colcon.colcon_core.shell:Creating prefix chain script '/home/ke/ANU/Algo Trading/ros2Exercise/install/setup.bash'
[3.592s] INFO:colcon.colcon_core.shell:Creating prefix script '/home/ke/ANU/Algo Trading/ros2Exercise/install/local_setup.zsh'
[3.593s] INFO:colcon.colcon_core.shell:Creating prefix chain script '/home/ke/ANU/Algo Trading/ros2Exercise/install/setup.zsh'
