[0.012s] Invoking command in '/home/ke/ANU/Algo Trading/ros2Exercise/src/build/village_interfaces': CMAKE_PREFIX_PATH=${CMAKE_PREFIX_PATH}:/home/ke/ANU/Algo Trading/ros2Exercise/install/village_li:/opt/ros/iron /usr/bin/cmake /home/ke/ANU/Algo Trading/ros2Exercise/src/village_interfaces -DCMAKE_INSTALL_PREFIX=/home/ke/ANU/Algo Trading/ros2Exercise/src/install/village_interfaces
[0.161s] -- The C compiler identification is GNU 11.4.0
[0.161s] -- The CXX compiler identification is GNU 11.4.0
[0.161s] -- Detecting C compiler ABI info
[0.161s] -- Detecting C compiler ABI info - done
[0.163s] -- Check for working C compiler: /usr/bin/cc - skipped
[0.163s] -- Detecting C compile features
[0.163s] -- Detecting C compile features - done
[0.163s] -- Detecting CXX compiler ABI info
[0.213s] -- Detecting CXX compiler ABI info - done
[0.217s] -- Check for working CXX compiler: /usr/bin/c++ - skipped
[0.217s] -- Detecting CXX compile features
[0.217s] -- Detecting CXX compile features - done
[0.219s] -- Found ament_cmake: 2.0.6 (/opt/ros/iron/share/ament_cmake/cmake)
[0.332s] -- Found Python3: /usr/bin/python3.10 (found version "3.10.12") found components: Interpreter 
[0.397s] -- Found sensor_msgs: 5.0.1 (/opt/ros/iron/share/sensor_msgs/cmake)
[0.420s] -- Found rosidl_generator_c: 4.0.1 (/opt/ros/iron/share/rosidl_generator_c/cmake)
[0.428s] -- Found rosidl_generator_cpp: 4.0.1 (/opt/ros/iron/share/rosidl_generator_cpp/cmake)
[0.438s] -- Using all available rosidl_typesupport_c: rosidl_typesupport_fastrtps_c;rosidl_typesupport_introspection_c
[0.450s] -- Using all available rosidl_typesupport_cpp: rosidl_typesupport_fastrtps_cpp;rosidl_typesupport_introspection_cpp
[0.582s] -- Found rosidl_default_generators: 1.5.0 (/opt/ros/iron/share/rosidl_default_generators/cmake)
[0.591s] -- Found rosidl_adapter: 4.0.1 (/opt/ros/iron/share/rosidl_adapter/cmake)
[0.818s] -- Found ament_cmake_ros: 0.11.2 (/opt/ros/iron/share/ament_cmake_ros/cmake)
[1.103s] -- Using all available rosidl_typesupport_c: rosidl_typesupport_fastrtps_c;rosidl_typesupport_introspection_c
[1.211s] -- Using all available rosidl_typesupport_cpp: rosidl_typesupport_fastrtps_cpp;rosidl_typesupport_introspection_cpp
[1.230s] -- Found PythonInterp: /usr/bin/python3 (found suitable version "3.10.12", minimum required is "3.6") 
[1.231s] -- Found python_cmake_module: 0.10.2 (/opt/ros/iron/share/python_cmake_module/cmake)
[1.248s] -- Found PythonLibs: /usr/lib/x86_64-linux-gnu/libpython3.10.so (found suitable version "3.10.12", minimum required is "3.5") 
[1.249s] -- Using PYTHON_EXECUTABLE: /usr/bin/python3
[1.249s] -- Using PYTHON_INCLUDE_DIRS: /usr/include/python3.10
[1.249s] -- Using PYTHON_LIBRARIES: /usr/lib/x86_64-linux-gnu/libpython3.10.so
[1.264s] -- Found PythonExtra: .so  
[1.309s] -- Found ament_lint_auto: 0.14.4 (/opt/ros/iron/share/ament_lint_auto/cmake)
[1.320s] -- Added test 'lint_cmake' to check CMake code style
[1.320s] -- Added test 'xmllint' to check XML markup files
[1.322s] -- Configuring done
[1.343s] -- Generating done
[1.344s] -- Build files have been written to: /home/ke/ANU/Algo Trading/ros2Exercise/src/build/village_interfaces
[1.351s] Invoked command in '/home/ke/ANU/Algo Trading/ros2Exercise/src/build/village_interfaces' returned '0': CMAKE_PREFIX_PATH=${CMAKE_PREFIX_PATH}:/home/ke/ANU/Algo Trading/ros2Exercise/install/village_li:/opt/ros/iron /usr/bin/cmake /home/ke/ANU/Algo Trading/ros2Exercise/src/village_interfaces -DCMAKE_INSTALL_PREFIX=/home/ke/ANU/Algo Trading/ros2Exercise/src/install/village_interfaces
[1.352s] Invoking command in '/home/ke/ANU/Algo Trading/ros2Exercise/src/build/village_interfaces': CMAKE_PREFIX_PATH=${CMAKE_PREFIX_PATH}:/home/ke/ANU/Algo Trading/ros2Exercise/install/village_li:/opt/ros/iron /usr/bin/cmake --build /home/ke/ANU/Algo Trading/ros2Exercise/src/build/village_interfaces -- -j20 -l20
[1.387s] [  2%] [34m[1mGenerating type hashes for ROS interfaces[0m
[1.392s] [  2%] Built target ament_cmake_python_copy_village_interfaces
[1.518s] Traceback (most recent call last):
[1.518s]   File "/opt/ros/iron/lib/rosidl_generator_type_description/rosidl_generator_type_description", line 50, in <module>
[1.518s]     sys.exit(main())
[1.518s]   File "/opt/ros/iron/lib/rosidl_generator_type_description/rosidl_generator_type_description", line 46, in main
[1.519s]     generate_type_hash(args.generator_arguments_file)
[1.519s]   File "/opt/ros/iron/lib/python3.10/site-packages/rosidl_generator_type_description/__init__.py", line 162, in generate_type_hash
[1.519s]     with include_path.open('r') as include_file:
[1.519s]   File "/usr/lib/python3.10/pathlib.py", line 1119, in open
[1.519s]     return self._accessor.open(self, mode, buffering, encoding, errors,
[1.519s] FileNotFoundError: [Errno 2] No such file or directory: '/home/ke/ANU/Algo Trading/ros2Exercise/src/build/village_interfaces/rosidl_generator_type_description/village_interfaces/msg/String.json'
[1.530s] gmake[2]: *** [CMakeFiles/village_interfaces__rosidl_generator_type_description.dir/build.make:75: rosidl_generator_type_description/village_interfaces/msg/Novel.json] Error 1
[1.531s] gmake[1]: *** [CMakeFiles/Makefile2:215: CMakeFiles/village_interfaces__rosidl_generator_type_description.dir/all] Error 2
[1.531s] gmake[1]: *** Waiting for unfinished jobs....
[1.534s] running egg_info
[1.535s] creating village_interfaces.egg-info
[1.535s] writing village_interfaces.egg-info/PKG-INFO
[1.535s] writing dependency_links to village_interfaces.egg-info/dependency_links.txt
[1.535s] writing top-level names to village_interfaces.egg-info/top_level.txt
[1.535s] writing manifest file 'village_interfaces.egg-info/SOURCES.txt'
[1.536s] reading manifest file 'village_interfaces.egg-info/SOURCES.txt'
[1.537s] writing manifest file 'village_interfaces.egg-info/SOURCES.txt'
[1.556s] [  2%] Built target ament_cmake_python_build_village_interfaces_egg
[1.557s] gmake: *** [Makefile:146: all] Error 2
[1.559s] Invoked command in '/home/ke/ANU/Algo Trading/ros2Exercise/src/build/village_interfaces' returned '2': CMAKE_PREFIX_PATH=${CMAKE_PREFIX_PATH}:/home/ke/ANU/Algo Trading/ros2Exercise/install/village_li:/opt/ros/iron /usr/bin/cmake --build /home/ke/ANU/Algo Trading/ros2Exercise/src/build/village_interfaces -- -j20 -l20
