[0.015s] Invoking command in '/home/ke/ANU/Algo Trading/ros2Exercise/build/village_interfaces': CMAKE_PREFIX_PATH=${CMAKE_PREFIX_PATH}:/home/ke/ANU/Algo Trading/ros2Exercise/install/village_li:/opt/ros/iron /usr/bin/cmake --build /home/ke/ANU/Algo Trading/ros2Exercise/build/village_interfaces -- -j20 -l20
[0.169s] -- Found ament_cmake: 2.0.6 (/opt/ros/iron/share/ament_cmake/cmake)
[0.170s] -- Found sensor_msgs: 5.0.1 (/opt/ros/iron/share/sensor_msgs/cmake)
[0.170s] -- Found rosidl_generator_c: 4.0.1 (/opt/ros/iron/share/rosidl_generator_c/cmake)
[0.170s] -- Found rosidl_generator_cpp: 4.0.1 (/opt/ros/iron/share/rosidl_generator_cpp/cmake)
[0.170s] -- Using all available rosidl_typesupport_c: rosidl_typesupport_fastrtps_c;rosidl_typesupport_introspection_c
[0.170s] -- Using all available rosidl_typesupport_cpp: rosidl_typesupport_fastrtps_cpp;rosidl_typesupport_introspection_cpp
[0.290s] -- Found rosidl_default_generators: 1.5.0 (/opt/ros/iron/share/rosidl_default_generators/cmake)
[0.294s] -- Found rosidl_adapter: 4.0.1 (/opt/ros/iron/share/rosidl_adapter/cmake)
[0.534s] -- Found ament_cmake_ros: 0.11.2 (/opt/ros/iron/share/ament_cmake_ros/cmake)
[0.820s] -- Using all available rosidl_typesupport_c: rosidl_typesupport_fastrtps_c;rosidl_typesupport_introspection_c
[0.929s] -- Using all available rosidl_typesupport_cpp: rosidl_typesupport_fastrtps_cpp;rosidl_typesupport_introspection_cpp
[0.949s] -- Found python_cmake_module: 0.10.2 (/opt/ros/iron/share/python_cmake_module/cmake)
[0.962s] -- Using PYTHON_EXECUTABLE: /usr/bin/python3
[0.962s] -- Using PYTHON_INCLUDE_DIRS: /usr/include/python3.10
[0.962s] -- Using PYTHON_LIBRARIES: /usr/lib/x86_64-linux-gnu/libpython3.10.so
[0.991s] -- Found ament_lint_auto: 0.14.4 (/opt/ros/iron/share/ament_lint_auto/cmake)
[0.995s] -- Added test 'lint_cmake' to check CMake code style
[0.996s] -- Added test 'xmllint' to check XML markup files
[0.997s] -- Configuring done
[1.020s] -- Generating done
[1.022s] -- Build files have been written to: /home/ke/ANU/Algo Trading/ros2Exercise/build/village_interfaces
[1.050s] [  1%] [34m[1mGenerating type hashes for ROS interfaces[0m
[1.060s] [  1%] Built target ament_cmake_python_copy_village_interfaces
[1.187s] [  1%] Built target village_interfaces__rosidl_generator_type_description
[1.195s] [  3%] [34m[1mGenerating C code for ROS interfaces[0m
[1.198s] running egg_info
[1.199s] writing village_interfaces.egg-info/PKG-INFO
[1.199s] writing dependency_links to village_interfaces.egg-info/dependency_links.txt
[1.199s] writing top-level names to village_interfaces.egg-info/top_level.txt
[1.200s] reading manifest file 'village_interfaces.egg-info/SOURCES.txt'
[1.201s] writing manifest file 'village_interfaces.egg-info/SOURCES.txt'
[1.205s] [  5%] [34m[1mGenerating C++ code for ROS interfaces[0m
[1.219s] [  5%] Built target ament_cmake_python_build_village_interfaces_egg
[1.455s] [  5%] Built target village_interfaces__cpp
[1.488s] [35m[1mConsolidate compiler generated dependencies of target village_interfaces__rosidl_generator_c[0m
[1.499s] [  7%] [32mBuilding C object CMakeFiles/village_interfaces__rosidl_generator_c.dir/rosidl_generator_c/village_interfaces/srv/detail/borrow_money__functions.c.o[0m
[1.499s] [  9%] [32mBuilding C object CMakeFiles/village_interfaces__rosidl_generator_c.dir/rosidl_generator_c/village_interfaces/srv/detail/borrow_money__type_support.c.o[0m
[1.500s] [ 11%] [32mBuilding C object CMakeFiles/village_interfaces__rosidl_generator_c.dir/rosidl_generator_c/village_interfaces/srv/detail/sell_novel__description.c.o[0m
[1.500s] [ 12%] [32mBuilding C object CMakeFiles/village_interfaces__rosidl_generator_c.dir/rosidl_generator_c/village_interfaces/srv/detail/sell_novel__functions.c.o[0m
[1.500s] [ 14%] [32mBuilding C object CMakeFiles/village_interfaces__rosidl_generator_c.dir/rosidl_generator_c/village_interfaces/msg/detail/novel__type_support.c.o[0m
[1.500s] [ 16%] [32mBuilding C object CMakeFiles/village_interfaces__rosidl_generator_c.dir/rosidl_generator_c/village_interfaces/srv/detail/sell_novel__type_support.c.o[0m
[1.500s] [ 18%] [32mBuilding C object CMakeFiles/village_interfaces__rosidl_generator_c.dir/rosidl_generator_c/village_interfaces/msg/detail/novel__description.c.o[0m
[1.501s] [ 20%] [32mBuilding C object CMakeFiles/village_interfaces__rosidl_generator_c.dir/rosidl_generator_c/village_interfaces/msg/detail/novel__functions.c.o[0m
[1.501s] [ 22%] [32mBuilding C object CMakeFiles/village_interfaces__rosidl_generator_c.dir/rosidl_generator_c/village_interfaces/srv/detail/borrow_money__description.c.o[0m
[1.565s] [ 24%] [32m[1mLinking C shared library libvillage_interfaces__rosidl_generator_c.so[0m
[1.596s] [ 24%] Built target village_interfaces__rosidl_generator_c
[1.607s] [ 27%] [34m[1mGenerating C++ introspection for ROS interfaces[0m
[1.607s] [ 27%] [34m[1mGenerating C type support for eProsima Fast-RTPS[0m
[1.609s] [ 29%] [34m[1mGenerating C++ type support dispatch for ROS interfaces[0m
[1.609s] [ 31%] [34m[1mGenerating C type support dispatch for ROS interfaces[0m
[1.610s] [ 35%] [34m[1mGenerating C++ type support for eProsima Fast-RTPS[0m
[1.610s] [ 35%] [34m[1mGenerating C introspection for ROS interfaces[0m
[1.868s] [35m[1mConsolidate compiler generated dependencies of target village_interfaces__rosidl_typesupport_cpp[0m
[1.885s] [ 40%] [32mBuilding CXX object CMakeFiles/village_interfaces__rosidl_typesupport_cpp.dir/rosidl_typesupport_cpp/village_interfaces/srv/borrow_money__type_support.cpp.o[0m
[1.885s] [ 40%] [32mBuilding CXX object CMakeFiles/village_interfaces__rosidl_typesupport_cpp.dir/rosidl_typesupport_cpp/village_interfaces/srv/sell_novel__type_support.cpp.o[0m
[1.885s] [ 40%] [32mBuilding CXX object CMakeFiles/village_interfaces__rosidl_typesupport_cpp.dir/rosidl_typesupport_cpp/village_interfaces/msg/novel__type_support.cpp.o[0m
[1.898s] [35m[1mConsolidate compiler generated dependencies of target village_interfaces__rosidl_typesupport_introspection_c[0m
[1.903s] [35m[1mConsolidate compiler generated dependencies of target village_interfaces__rosidl_typesupport_c[0m
[1.906s] [35m[1mConsolidate compiler generated dependencies of target village_interfaces__rosidl_typesupport_introspection_cpp[0m
[1.910s] [ 42%] [32mBuilding C object CMakeFiles/village_interfaces__rosidl_typesupport_introspection_c.dir/rosidl_typesupport_introspection_c/village_interfaces/msg/detail/novel__type_support.c.o[0m
[1.912s] [ 44%] [32mBuilding C object CMakeFiles/village_interfaces__rosidl_typesupport_introspection_c.dir/rosidl_typesupport_introspection_c/village_interfaces/srv/detail/sell_novel__type_support.c.o[0m
[1.913s] [ 46%] [32mBuilding C object CMakeFiles/village_interfaces__rosidl_typesupport_introspection_c.dir/rosidl_typesupport_introspection_c/village_interfaces/srv/detail/borrow_money__type_support.c.o[0m
[1.915s] [ 48%] [32mBuilding CXX object CMakeFiles/village_interfaces__rosidl_typesupport_c.dir/rosidl_typesupport_c/village_interfaces/msg/novel__type_support.cpp.o[0m
[1.915s] [ 50%] [32mBuilding CXX object CMakeFiles/village_interfaces__rosidl_typesupport_c.dir/rosidl_typesupport_c/village_interfaces/srv/borrow_money__type_support.cpp.o[0m
[1.915s] [35m[1mConsolidate compiler generated dependencies of target village_interfaces__rosidl_typesupport_fastrtps_c[0m
[1.917s] [ 51%] [32mBuilding CXX object CMakeFiles/village_interfaces__rosidl_typesupport_c.dir/rosidl_typesupport_c/village_interfaces/srv/sell_novel__type_support.cpp.o[0m
[1.920s] [ 53%] [32mBuilding CXX object CMakeFiles/village_interfaces__rosidl_typesupport_introspection_cpp.dir/rosidl_typesupport_introspection_cpp/village_interfaces/srv/detail/borrow_money__type_support.cpp.o[0m
[1.921s] [ 55%] [32mBuilding CXX object CMakeFiles/village_interfaces__rosidl_typesupport_introspection_cpp.dir/rosidl_typesupport_introspection_cpp/village_interfaces/srv/detail/sell_novel__type_support.cpp.o[0m
[1.923s] [ 57%] [32mBuilding CXX object CMakeFiles/village_interfaces__rosidl_typesupport_introspection_cpp.dir/rosidl_typesupport_introspection_cpp/village_interfaces/msg/detail/novel__type_support.cpp.o[0m
[1.932s] [ 59%] [32mBuilding CXX object CMakeFiles/village_interfaces__rosidl_typesupport_fastrtps_c.dir/rosidl_typesupport_fastrtps_c/village_interfaces/msg/detail/novel__type_support_c.cpp.o[0m
[1.933s] [ 61%] [32mBuilding CXX object CMakeFiles/village_interfaces__rosidl_typesupport_fastrtps_c.dir/rosidl_typesupport_fastrtps_c/village_interfaces/srv/detail/sell_novel__type_support_c.cpp.o[0m
[1.933s] [ 62%] [32mBuilding CXX object CMakeFiles/village_interfaces__rosidl_typesupport_fastrtps_c.dir/rosidl_typesupport_fastrtps_c/village_interfaces/srv/detail/borrow_money__type_support_c.cpp.o[0m
[1.974s] [35m[1mConsolidate compiler generated dependencies of target village_interfaces__rosidl_typesupport_fastrtps_cpp[0m
[1.975s] [ 64%] [32m[1mLinking C shared library libvillage_interfaces__rosidl_typesupport_introspection_c.so[0m
[1.977s] [ 66%] [32m[1mLinking CXX shared library libvillage_interfaces__rosidl_typesupport_c.so[0m
[1.987s] [ 68%] [32mBuilding CXX object CMakeFiles/village_interfaces__rosidl_typesupport_fastrtps_cpp.dir/rosidl_typesupport_fastrtps_cpp/village_interfaces/msg/detail/dds_fastrtps/novel__type_support.cpp.o[0m
[1.989s] [ 70%] [32mBuilding CXX object CMakeFiles/village_interfaces__rosidl_typesupport_fastrtps_cpp.dir/rosidl_typesupport_fastrtps_cpp/village_interfaces/srv/detail/dds_fastrtps/sell_novel__type_support.cpp.o[0m
[1.990s] [ 72%] [32mBuilding CXX object CMakeFiles/village_interfaces__rosidl_typesupport_fastrtps_cpp.dir/rosidl_typesupport_fastrtps_cpp/village_interfaces/srv/detail/dds_fastrtps/borrow_money__type_support.cpp.o[0m
[2.010s] [ 72%] Built target village_interfaces__rosidl_typesupport_introspection_c
[2.021s] [ 72%] Built target village_interfaces__rosidl_typesupport_c
[2.367s] [ 74%] [32m[1mLinking CXX shared library libvillage_interfaces__rosidl_typesupport_fastrtps_c.so[0m
[2.409s] [ 75%] [32m[1mLinking CXX shared library libvillage_interfaces__rosidl_typesupport_introspection_cpp.so[0m
[2.431s] [ 75%] Built target village_interfaces__rosidl_typesupport_fastrtps_c
[2.481s] [ 75%] Built target village_interfaces__rosidl_typesupport_introspection_cpp
[2.506s] [ 77%] [32m[1mLinking CXX shared library libvillage_interfaces__rosidl_typesupport_cpp.so[0m
[2.558s] [ 79%] [32m[1mLinking CXX shared library libvillage_interfaces__rosidl_typesupport_fastrtps_cpp.so[0m
[2.564s] [ 79%] Built target village_interfaces__rosidl_typesupport_cpp
[2.613s] [ 79%] Built target village_interfaces__rosidl_typesupport_fastrtps_cpp
[2.631s] [ 79%] Built target village_interfaces
[2.651s] [ 81%] [34m[1mGenerating Python code for ROS interfaces[0m
[3.010s] [ 81%] Built target village_interfaces__py
[3.018s] [35m[1mConsolidate compiler generated dependencies of target village_interfaces__rosidl_generator_py[0m
[3.028s] [ 83%] [32mBuilding C object CMakeFiles/village_interfaces__rosidl_generator_py.dir/rosidl_generator_py/village_interfaces/srv/_borrow_money_s.c.o[0m
[3.028s] [ 85%] [32mBuilding C object CMakeFiles/village_interfaces__rosidl_generator_py.dir/rosidl_generator_py/village_interfaces/msg/_novel_s.c.o[0m
[3.028s] [ 87%] [32mBuilding C object CMakeFiles/village_interfaces__rosidl_generator_py.dir/rosidl_generator_py/village_interfaces/srv/_sell_novel_s.c.o[0m
[3.101s] [ 88%] [32m[1mLinking C shared library rosidl_generator_py/village_interfaces/libvillage_interfaces__rosidl_generator_py.so[0m
[3.135s] [ 88%] Built target village_interfaces__rosidl_generator_py
[3.144s] [35m[1mConsolidate compiler generated dependencies of target village_interfaces__rosidl_typesupport_fastrtps_c__pyext[0m
[3.144s] [35m[1mConsolidate compiler generated dependencies of target village_interfaces__rosidl_typesupport_c__pyext[0m
[3.144s] [35m[1mConsolidate compiler generated dependencies of target village_interfaces__rosidl_typesupport_introspection_c__pyext[0m
[3.153s] [ 90%] [32mBuilding C object CMakeFiles/village_interfaces__rosidl_typesupport_fastrtps_c__pyext.dir/rosidl_generator_py/village_interfaces/_village_interfaces_s.ep.rosidl_typesupport_fastrtps_c.c.o[0m
[3.155s] [ 94%] [32mBuilding C object CMakeFiles/village_interfaces__rosidl_typesupport_c__pyext.dir/rosidl_generator_py/village_interfaces/_village_interfaces_s.ep.rosidl_typesupport_c.c.o[0m
[3.155s] [ 94%] [32mBuilding C object CMakeFiles/village_interfaces__rosidl_typesupport_introspection_c__pyext.dir/rosidl_generator_py/village_interfaces/_village_interfaces_s.ep.rosidl_typesupport_introspection_c.c.o[0m
[3.231s] [ 98%] [32m[1mLinking C shared library rosidl_generator_py/village_interfaces/village_interfaces_s__rosidl_typesupport_introspection_c.cpython-310-x86_64-linux-gnu.so[0m
[3.231s] [ 98%] [32m[1mLinking C shared library rosidl_generator_py/village_interfaces/village_interfaces_s__rosidl_typesupport_fastrtps_c.cpython-310-x86_64-linux-gnu.so[0m
[3.233s] [100%] [32m[1mLinking C shared library rosidl_generator_py/village_interfaces/village_interfaces_s__rosidl_typesupport_c.cpython-310-x86_64-linux-gnu.so[0m
[3.266s] [100%] Built target village_interfaces__rosidl_typesupport_fastrtps_c__pyext
[3.266s] [100%] Built target village_interfaces__rosidl_typesupport_introspection_c__pyext
[3.268s] [100%] Built target village_interfaces__rosidl_typesupport_c__pyext
[3.278s] Invoked command in '/home/ke/ANU/Algo Trading/ros2Exercise/build/village_interfaces' returned '0': CMAKE_PREFIX_PATH=${CMAKE_PREFIX_PATH}:/home/ke/ANU/Algo Trading/ros2Exercise/install/village_li:/opt/ros/iron /usr/bin/cmake --build /home/ke/ANU/Algo Trading/ros2Exercise/build/village_interfaces -- -j20 -l20
[3.363s] Invoking command in '/home/ke/ANU/Algo Trading/ros2Exercise/build/village_interfaces': CMAKE_PREFIX_PATH=${CMAKE_PREFIX_PATH}:/home/ke/ANU/Algo Trading/ros2Exercise/install/village_li:/opt/ros/iron /usr/bin/cmake --install /home/ke/ANU/Algo Trading/ros2Exercise/build/village_interfaces
[3.369s] -- Install configuration: ""
[3.369s] -- Installing: /home/ke/ANU/Algo Trading/ros2Exercise/install/village_interfaces/share/ament_index/resource_index/rosidl_interfaces/village_interfaces
[3.369s] -- Installing: /home/ke/ANU/Algo Trading/ros2Exercise/install/village_interfaces/share/village_interfaces/msg/Novel.json
[3.369s] -- Installing: /home/ke/ANU/Algo Trading/ros2Exercise/install/village_interfaces/share/village_interfaces/srv/BorrowMoney.json
[3.369s] -- Installing: /home/ke/ANU/Algo Trading/ros2Exercise/install/village_interfaces/share/village_interfaces/srv/SellNovel.json
[3.369s] -- Up-to-date: /home/ke/ANU/Algo Trading/ros2Exercise/install/village_interfaces/include/village_interfaces/village_interfaces
[3.369s] -- Up-to-date: /home/ke/ANU/Algo Trading/ros2Exercise/install/village_interfaces/include/village_interfaces/village_interfaces/msg
[3.369s] -- Installing: /home/ke/ANU/Algo Trading/ros2Exercise/install/village_interfaces/include/village_interfaces/village_interfaces/msg/novel.h
[3.369s] -- Up-to-date: /home/ke/ANU/Algo Trading/ros2Exercise/install/village_interfaces/include/village_interfaces/village_interfaces/msg/rosidl_generator_c__visibility_control.h
[3.369s] -- Up-to-date: /home/ke/ANU/Algo Trading/ros2Exercise/install/village_interfaces/include/village_interfaces/village_interfaces/msg/detail
[3.369s] -- Installing: /home/ke/ANU/Algo Trading/ros2Exercise/install/village_interfaces/include/village_interfaces/village_interfaces/msg/detail/novel__functions.h
[3.369s] -- Installing: /home/ke/ANU/Algo Trading/ros2Exercise/install/village_interfaces/include/village_interfaces/village_interfaces/msg/detail/novel__description.c
[3.369s] -- Installing: /home/ke/ANU/Algo Trading/ros2Exercise/install/village_interfaces/include/village_interfaces/village_interfaces/msg/detail/novel__functions.c
[3.369s] -- Installing: /home/ke/ANU/Algo Trading/ros2Exercise/install/village_interfaces/include/village_interfaces/village_interfaces/msg/detail/novel__type_support.c
[3.369s] -- Installing: /home/ke/ANU/Algo Trading/ros2Exercise/install/village_interfaces/include/village_interfaces/village_interfaces/msg/detail/novel__type_support.h
[3.369s] -- Installing: /home/ke/ANU/Algo Trading/ros2Exercise/install/village_interfaces/include/village_interfaces/village_interfaces/msg/detail/novel__struct.h
[3.369s] -- Up-to-date: /home/ke/ANU/Algo Trading/ros2Exercise/install/village_interfaces/include/village_interfaces/village_interfaces/srv
[3.369s] -- Installing: /home/ke/ANU/Algo Trading/ros2Exercise/install/village_interfaces/include/village_interfaces/village_interfaces/srv/sell_novel.h
[3.369s] -- Installing: /home/ke/ANU/Algo Trading/ros2Exercise/install/village_interfaces/include/village_interfaces/village_interfaces/srv/borrow_money.h
[3.369s] -- Up-to-date: /home/ke/ANU/Algo Trading/ros2Exercise/install/village_interfaces/include/village_interfaces/village_interfaces/srv/detail
[3.369s] -- Installing: /home/ke/ANU/Algo Trading/ros2Exercise/install/village_interfaces/include/village_interfaces/village_interfaces/srv/detail/borrow_money__functions.c
[3.370s] -- Installing: /home/ke/ANU/Algo Trading/ros2Exercise/install/village_interfaces/include/village_interfaces/village_interfaces/srv/detail/sell_novel__functions.c
[3.370s] -- Installing: /home/ke/ANU/Algo Trading/ros2Exercise/install/village_interfaces/include/village_interfaces/village_interfaces/srv/detail/borrow_money__description.c
[3.370s] -- Installing: /home/ke/ANU/Algo Trading/ros2Exercise/install/village_interfaces/include/village_interfaces/village_interfaces/srv/detail/sell_novel__functions.h
[3.370s] -- Installing: /home/ke/ANU/Algo Trading/ros2Exercise/install/village_interfaces/include/village_interfaces/village_interfaces/srv/detail/borrow_money__functions.h
[3.370s] -- Installing: /home/ke/ANU/Algo Trading/ros2Exercise/install/village_interfaces/include/village_interfaces/village_interfaces/srv/detail/sell_novel__type_support.c
[3.370s] -- Installing: /home/ke/ANU/Algo Trading/ros2Exercise/install/village_interfaces/include/village_interfaces/village_interfaces/srv/detail/borrow_money__struct.h
[3.370s] -- Installing: /home/ke/ANU/Algo Trading/ros2Exercise/install/village_interfaces/include/village_interfaces/village_interfaces/srv/detail/sell_novel__description.c
[3.370s] -- Installing: /home/ke/ANU/Algo Trading/ros2Exercise/install/village_interfaces/include/village_interfaces/village_interfaces/srv/detail/sell_novel__struct.h
[3.370s] -- Installing: /home/ke/ANU/Algo Trading/ros2Exercise/install/village_interfaces/include/village_interfaces/village_interfaces/srv/detail/sell_novel__type_support.h
[3.370s] -- Installing: /home/ke/ANU/Algo Trading/ros2Exercise/install/village_interfaces/include/village_interfaces/village_interfaces/srv/detail/borrow_money__type_support.h
[3.370s] -- Installing: /home/ke/ANU/Algo Trading/ros2Exercise/install/village_interfaces/include/village_interfaces/village_interfaces/srv/detail/borrow_money__type_support.c
[3.370s] -- Up-to-date: /home/ke/ANU/Algo Trading/ros2Exercise/install/village_interfaces/share/village_interfaces/environment/library_path.sh
[3.370s] -- Up-to-date: /home/ke/ANU/Algo Trading/ros2Exercise/install/village_interfaces/share/village_interfaces/environment/library_path.dsv
[3.370s] -- Installing: /home/ke/ANU/Algo Trading/ros2Exercise/install/village_interfaces/lib/libvillage_interfaces__rosidl_generator_c.so
[3.370s] -- Set runtime path of "/home/ke/ANU/Algo Trading/ros2Exercise/install/village_interfaces/lib/libvillage_interfaces__rosidl_generator_c.so" to ""
[3.370s] -- Up-to-date: /home/ke/ANU/Algo Trading/ros2Exercise/install/village_interfaces/include/village_interfaces/village_interfaces
[3.371s] -- Up-to-date: /home/ke/ANU/Algo Trading/ros2Exercise/install/village_interfaces/include/village_interfaces/village_interfaces/msg
[3.371s] -- Up-to-date: /home/ke/ANU/Algo Trading/ros2Exercise/install/village_interfaces/include/village_interfaces/village_interfaces/msg/rosidl_typesupport_fastrtps_c__visibility_control.h
[3.371s] -- Up-to-date: /home/ke/ANU/Algo Trading/ros2Exercise/install/village_interfaces/include/village_interfaces/village_interfaces/msg/detail
[3.371s] -- Installing: /home/ke/ANU/Algo Trading/ros2Exercise/install/village_interfaces/include/village_interfaces/village_interfaces/msg/detail/novel__rosidl_typesupport_fastrtps_c.h
[3.371s] -- Up-to-date: /home/ke/ANU/Algo Trading/ros2Exercise/install/village_interfaces/include/village_interfaces/village_interfaces/srv
[3.371s] -- Up-to-date: /home/ke/ANU/Algo Trading/ros2Exercise/install/village_interfaces/include/village_interfaces/village_interfaces/srv/detail
[3.371s] -- Installing: /home/ke/ANU/Algo Trading/ros2Exercise/install/village_interfaces/include/village_interfaces/village_interfaces/srv/detail/sell_novel__rosidl_typesupport_fastrtps_c.h
[3.371s] -- Installing: /home/ke/ANU/Algo Trading/ros2Exercise/install/village_interfaces/include/village_interfaces/village_interfaces/srv/detail/borrow_money__rosidl_typesupport_fastrtps_c.h
[3.371s] -- Installing: /home/ke/ANU/Algo Trading/ros2Exercise/install/village_interfaces/lib/libvillage_interfaces__rosidl_typesupport_fastrtps_c.so
[3.371s] -- Set runtime path of "/home/ke/ANU/Algo Trading/ros2Exercise/install/village_interfaces/lib/libvillage_interfaces__rosidl_typesupport_fastrtps_c.so" to ""
[3.371s] -- Up-to-date: /home/ke/ANU/Algo Trading/ros2Exercise/install/village_interfaces/include/village_interfaces/village_interfaces
[3.371s] -- Up-to-date: /home/ke/ANU/Algo Trading/ros2Exercise/install/village_interfaces/include/village_interfaces/village_interfaces/msg
[3.371s] -- Installing: /home/ke/ANU/Algo Trading/ros2Exercise/install/village_interfaces/include/village_interfaces/village_interfaces/msg/novel.hpp
[3.371s] -- Up-to-date: /home/ke/ANU/Algo Trading/ros2Exercise/install/village_interfaces/include/village_interfaces/village_interfaces/msg/detail
[3.371s] -- Installing: /home/ke/ANU/Algo Trading/ros2Exercise/install/village_interfaces/include/village_interfaces/village_interfaces/msg/detail/novel__struct.hpp
[3.371s] -- Installing: /home/ke/ANU/Algo Trading/ros2Exercise/install/village_interfaces/include/village_interfaces/village_interfaces/msg/detail/novel__builder.hpp
[3.371s] -- Installing: /home/ke/ANU/Algo Trading/ros2Exercise/install/village_interfaces/include/village_interfaces/village_interfaces/msg/detail/novel__traits.hpp
[3.371s] -- Up-to-date: /home/ke/ANU/Algo Trading/ros2Exercise/install/village_interfaces/include/village_interfaces/village_interfaces/srv
[3.371s] -- Installing: /home/ke/ANU/Algo Trading/ros2Exercise/install/village_interfaces/include/village_interfaces/village_interfaces/srv/borrow_money.hpp
[3.371s] -- Installing: /home/ke/ANU/Algo Trading/ros2Exercise/install/village_interfaces/include/village_interfaces/village_interfaces/srv/sell_novel.hpp
[3.372s] -- Up-to-date: /home/ke/ANU/Algo Trading/ros2Exercise/install/village_interfaces/include/village_interfaces/village_interfaces/srv/detail
[3.372s] -- Installing: /home/ke/ANU/Algo Trading/ros2Exercise/install/village_interfaces/include/village_interfaces/village_interfaces/srv/detail/borrow_money__traits.hpp
[3.372s] -- Installing: /home/ke/ANU/Algo Trading/ros2Exercise/install/village_interfaces/include/village_interfaces/village_interfaces/srv/detail/sell_novel__builder.hpp
[3.372s] -- Installing: /home/ke/ANU/Algo Trading/ros2Exercise/install/village_interfaces/include/village_interfaces/village_interfaces/srv/detail/sell_novel__struct.hpp
[3.372s] -- Installing: /home/ke/ANU/Algo Trading/ros2Exercise/install/village_interfaces/include/village_interfaces/village_interfaces/srv/detail/borrow_money__struct.hpp
[3.372s] -- Installing: /home/ke/ANU/Algo Trading/ros2Exercise/install/village_interfaces/include/village_interfaces/village_interfaces/srv/detail/borrow_money__builder.hpp
[3.372s] -- Installing: /home/ke/ANU/Algo Trading/ros2Exercise/install/village_interfaces/include/village_interfaces/village_interfaces/srv/detail/sell_novel__traits.hpp
[3.372s] -- Up-to-date: /home/ke/ANU/Algo Trading/ros2Exercise/install/village_interfaces/include/village_interfaces/village_interfaces
[3.372s] -- Up-to-date: /home/ke/ANU/Algo Trading/ros2Exercise/install/village_interfaces/include/village_interfaces/village_interfaces/msg
[3.372s] -- Up-to-date: /home/ke/ANU/Algo Trading/ros2Exercise/install/village_interfaces/include/village_interfaces/village_interfaces/msg/rosidl_typesupport_fastrtps_cpp__visibility_control.h
[3.372s] -- Up-to-date: /home/ke/ANU/Algo Trading/ros2Exercise/install/village_interfaces/include/village_interfaces/village_interfaces/msg/detail
[3.372s] -- Installing: /home/ke/ANU/Algo Trading/ros2Exercise/install/village_interfaces/include/village_interfaces/village_interfaces/msg/detail/novel__rosidl_typesupport_fastrtps_cpp.hpp
[3.372s] -- Up-to-date: /home/ke/ANU/Algo Trading/ros2Exercise/install/village_interfaces/include/village_interfaces/village_interfaces/msg/detail/dds_fastrtps
[3.372s] -- Up-to-date: /home/ke/ANU/Algo Trading/ros2Exercise/install/village_interfaces/include/village_interfaces/village_interfaces/srv
[3.372s] -- Up-to-date: /home/ke/ANU/Algo Trading/ros2Exercise/install/village_interfaces/include/village_interfaces/village_interfaces/srv/detail
[3.372s] -- Up-to-date: /home/ke/ANU/Algo Trading/ros2Exercise/install/village_interfaces/include/village_interfaces/village_interfaces/srv/detail/dds_fastrtps
[3.372s] -- Installing: /home/ke/ANU/Algo Trading/ros2Exercise/install/village_interfaces/include/village_interfaces/village_interfaces/srv/detail/sell_novel__rosidl_typesupport_fastrtps_cpp.hpp
[3.372s] -- Installing: /home/ke/ANU/Algo Trading/ros2Exercise/install/village_interfaces/include/village_interfaces/village_interfaces/srv/detail/borrow_money__rosidl_typesupport_fastrtps_cpp.hpp
[3.372s] -- Installing: /home/ke/ANU/Algo Trading/ros2Exercise/install/village_interfaces/lib/libvillage_interfaces__rosidl_typesupport_fastrtps_cpp.so
[3.373s] -- Set runtime path of "/home/ke/ANU/Algo Trading/ros2Exercise/install/village_interfaces/lib/libvillage_interfaces__rosidl_typesupport_fastrtps_cpp.so" to ""
[3.373s] -- Up-to-date: /home/ke/ANU/Algo Trading/ros2Exercise/install/village_interfaces/include/village_interfaces/village_interfaces
[3.373s] -- Up-to-date: /home/ke/ANU/Algo Trading/ros2Exercise/install/village_interfaces/include/village_interfaces/village_interfaces/msg
[3.373s] -- Up-to-date: /home/ke/ANU/Algo Trading/ros2Exercise/install/village_interfaces/include/village_interfaces/village_interfaces/msg/rosidl_typesupport_introspection_c__visibility_control.h
[3.373s] -- Up-to-date: /home/ke/ANU/Algo Trading/ros2Exercise/install/village_interfaces/include/village_interfaces/village_interfaces/msg/detail
[3.373s] -- Installing: /home/ke/ANU/Algo Trading/ros2Exercise/install/village_interfaces/include/village_interfaces/village_interfaces/msg/detail/novel__rosidl_typesupport_introspection_c.h
[3.373s] -- Installing: /home/ke/ANU/Algo Trading/ros2Exercise/install/village_interfaces/include/village_interfaces/village_interfaces/msg/detail/novel__type_support.c
[3.373s] -- Up-to-date: /home/ke/ANU/Algo Trading/ros2Exercise/install/village_interfaces/include/village_interfaces/village_interfaces/srv
[3.373s] -- Up-to-date: /home/ke/ANU/Algo Trading/ros2Exercise/install/village_interfaces/include/village_interfaces/village_interfaces/srv/detail
[3.373s] -- Installing: /home/ke/ANU/Algo Trading/ros2Exercise/install/village_interfaces/include/village_interfaces/village_interfaces/srv/detail/sell_novel__rosidl_typesupport_introspection_c.h
[3.373s] -- Installing: /home/ke/ANU/Algo Trading/ros2Exercise/install/village_interfaces/include/village_interfaces/village_interfaces/srv/detail/sell_novel__type_support.c
[3.373s] -- Installing: /home/ke/ANU/Algo Trading/ros2Exercise/install/village_interfaces/include/village_interfaces/village_interfaces/srv/detail/borrow_money__rosidl_typesupport_introspection_c.h
[3.373s] -- Installing: /home/ke/ANU/Algo Trading/ros2Exercise/install/village_interfaces/include/village_interfaces/village_interfaces/srv/detail/borrow_money__type_support.c
[3.373s] -- Installing: /home/ke/ANU/Algo Trading/ros2Exercise/install/village_interfaces/lib/libvillage_interfaces__rosidl_typesupport_introspection_c.so
[3.373s] -- Set runtime path of "/home/ke/ANU/Algo Trading/ros2Exercise/install/village_interfaces/lib/libvillage_interfaces__rosidl_typesupport_introspection_c.so" to ""
[3.374s] -- Installing: /home/ke/ANU/Algo Trading/ros2Exercise/install/village_interfaces/lib/libvillage_interfaces__rosidl_typesupport_c.so
[3.374s] -- Set runtime path of "/home/ke/ANU/Algo Trading/ros2Exercise/install/village_interfaces/lib/libvillage_interfaces__rosidl_typesupport_c.so" to ""
[3.374s] -- Up-to-date: /home/ke/ANU/Algo Trading/ros2Exercise/install/village_interfaces/include/village_interfaces/village_interfaces
[3.374s] -- Up-to-date: /home/ke/ANU/Algo Trading/ros2Exercise/install/village_interfaces/include/village_interfaces/village_interfaces/msg
[3.374s] -- Up-to-date: /home/ke/ANU/Algo Trading/ros2Exercise/install/village_interfaces/include/village_interfaces/village_interfaces/msg/detail
[3.374s] -- Installing: /home/ke/ANU/Algo Trading/ros2Exercise/install/village_interfaces/include/village_interfaces/village_interfaces/msg/detail/novel__rosidl_typesupport_introspection_cpp.hpp
[3.374s] -- Installing: /home/ke/ANU/Algo Trading/ros2Exercise/install/village_interfaces/include/village_interfaces/village_interfaces/msg/detail/novel__type_support.cpp
[3.374s] -- Up-to-date: /home/ke/ANU/Algo Trading/ros2Exercise/install/village_interfaces/include/village_interfaces/village_interfaces/srv
[3.374s] -- Up-to-date: /home/ke/ANU/Algo Trading/ros2Exercise/install/village_interfaces/include/village_interfaces/village_interfaces/srv/detail
[3.374s] -- Installing: /home/ke/ANU/Algo Trading/ros2Exercise/install/village_interfaces/include/village_interfaces/village_interfaces/srv/detail/borrow_money__type_support.cpp
[3.374s] -- Installing: /home/ke/ANU/Algo Trading/ros2Exercise/install/village_interfaces/include/village_interfaces/village_interfaces/srv/detail/sell_novel__type_support.cpp
[3.374s] -- Installing: /home/ke/ANU/Algo Trading/ros2Exercise/install/village_interfaces/include/village_interfaces/village_interfaces/srv/detail/sell_novel__rosidl_typesupport_introspection_cpp.hpp
[3.374s] -- Installing: /home/ke/ANU/Algo Trading/ros2Exercise/install/village_interfaces/include/village_interfaces/village_interfaces/srv/detail/borrow_money__rosidl_typesupport_introspection_cpp.hpp
[3.374s] -- Installing: /home/ke/ANU/Algo Trading/ros2Exercise/install/village_interfaces/lib/libvillage_interfaces__rosidl_typesupport_introspection_cpp.so
[3.375s] -- Set runtime path of "/home/ke/ANU/Algo Trading/ros2Exercise/install/village_interfaces/lib/libvillage_interfaces__rosidl_typesupport_introspection_cpp.so" to ""
[3.375s] -- Installing: /home/ke/ANU/Algo Trading/ros2Exercise/install/village_interfaces/lib/libvillage_interfaces__rosidl_typesupport_cpp.so
[3.375s] -- Set runtime path of "/home/ke/ANU/Algo Trading/ros2Exercise/install/village_interfaces/lib/libvillage_interfaces__rosidl_typesupport_cpp.so" to ""
[3.375s] -- Up-to-date: /home/ke/ANU/Algo Trading/ros2Exercise/install/village_interfaces/share/village_interfaces/environment/pythonpath.sh
[3.375s] -- Up-to-date: /home/ke/ANU/Algo Trading/ros2Exercise/install/village_interfaces/share/village_interfaces/environment/pythonpath.dsv
[3.375s] -- Up-to-date: /home/ke/ANU/Algo Trading/ros2Exercise/install/village_interfaces/lib/python3.10/site-packages/village_interfaces-0.0.0-py3.10.egg-info
[3.375s] -- Installing: /home/ke/ANU/Algo Trading/ros2Exercise/install/village_interfaces/lib/python3.10/site-packages/village_interfaces-0.0.0-py3.10.egg-info/top_level.txt
[3.375s] -- Installing: /home/ke/ANU/Algo Trading/ros2Exercise/install/village_interfaces/lib/python3.10/site-packages/village_interfaces-0.0.0-py3.10.egg-info/dependency_links.txt
[3.375s] -- Installing: /home/ke/ANU/Algo Trading/ros2Exercise/install/village_interfaces/lib/python3.10/site-packages/village_interfaces-0.0.0-py3.10.egg-info/SOURCES.txt
[3.375s] -- Installing: /home/ke/ANU/Algo Trading/ros2Exercise/install/village_interfaces/lib/python3.10/site-packages/village_interfaces-0.0.0-py3.10.egg-info/PKG-INFO
[3.375s] -- Up-to-date: /home/ke/ANU/Algo Trading/ros2Exercise/install/village_interfaces/lib/python3.10/site-packages/village_interfaces
[3.375s] -- Installing: /home/ke/ANU/Algo Trading/ros2Exercise/install/village_interfaces/lib/python3.10/site-packages/village_interfaces/_village_interfaces_s.ep.rosidl_typesupport_introspection_c.c
[3.375s] -- Installing: /home/ke/ANU/Algo Trading/ros2Exercise/install/village_interfaces/lib/python3.10/site-packages/village_interfaces/village_interfaces_s__rosidl_typesupport_fastrtps_c.cpython-310-x86_64-linux-gnu.so
[3.376s] -- Installing: /home/ke/ANU/Algo Trading/ros2Exercise/install/village_interfaces/lib/python3.10/site-packages/village_interfaces/village_interfaces_s__rosidl_typesupport_introspection_c.cpython-310-x86_64-linux-gnu.so
[3.376s] -- Up-to-date: /home/ke/ANU/Algo Trading/ros2Exercise/install/village_interfaces/lib/python3.10/site-packages/village_interfaces/msg
[3.376s] -- Installing: /home/ke/ANU/Algo Trading/ros2Exercise/install/village_interfaces/lib/python3.10/site-packages/village_interfaces/msg/_novel_s.c
[3.376s] -- Installing: /home/ke/ANU/Algo Trading/ros2Exercise/install/village_interfaces/lib/python3.10/site-packages/village_interfaces/msg/_novel.py
[3.376s] -- Installing: /home/ke/ANU/Algo Trading/ros2Exercise/install/village_interfaces/lib/python3.10/site-packages/village_interfaces/msg/__init__.py
[3.376s] -- Installing: /home/ke/ANU/Algo Trading/ros2Exercise/install/village_interfaces/lib/python3.10/site-packages/village_interfaces/village_interfaces_s__rosidl_typesupport_c.cpython-310-x86_64-linux-gnu.so
[3.376s] -- Installing: /home/ke/ANU/Algo Trading/ros2Exercise/install/village_interfaces/lib/python3.10/site-packages/village_interfaces/_village_interfaces_s.ep.rosidl_typesupport_c.c
[3.376s] -- Installing: /home/ke/ANU/Algo Trading/ros2Exercise/install/village_interfaces/lib/python3.10/site-packages/village_interfaces/__init__.py
[3.376s] -- Installing: /home/ke/ANU/Algo Trading/ros2Exercise/install/village_interfaces/lib/python3.10/site-packages/village_interfaces/_village_interfaces_s.ep.rosidl_typesupport_fastrtps_c.c
[3.376s] -- Installing: /home/ke/ANU/Algo Trading/ros2Exercise/install/village_interfaces/lib/python3.10/site-packages/village_interfaces/libvillage_interfaces__rosidl_generator_py.so
[3.376s] -- Up-to-date: /home/ke/ANU/Algo Trading/ros2Exercise/install/village_interfaces/lib/python3.10/site-packages/village_interfaces/srv
[3.376s] -- Installing: /home/ke/ANU/Algo Trading/ros2Exercise/install/village_interfaces/lib/python3.10/site-packages/village_interfaces/srv/_sell_novel.py
[3.376s] -- Installing: /home/ke/ANU/Algo Trading/ros2Exercise/install/village_interfaces/lib/python3.10/site-packages/village_interfaces/srv/_borrow_money.py
[3.376s] -- Installing: /home/ke/ANU/Algo Trading/ros2Exercise/install/village_interfaces/lib/python3.10/site-packages/village_interfaces/srv/_borrow_money_s.c
[3.376s] -- Installing: /home/ke/ANU/Algo Trading/ros2Exercise/install/village_interfaces/lib/python3.10/site-packages/village_interfaces/srv/_sell_novel_s.c
[3.376s] -- Installing: /home/ke/ANU/Algo Trading/ros2Exercise/install/village_interfaces/lib/python3.10/site-packages/village_interfaces/srv/__init__.py
[3.401s] Listing '/home/ke/ANU/Algo Trading/ros2Exercise/install/village_interfaces/lib/python3.10/site-packages/village_interfaces'...
[3.401s] Compiling '/home/ke/ANU/Algo Trading/ros2Exercise/install/village_interfaces/lib/python3.10/site-packages/village_interfaces/__init__.py'...
[3.401s] Listing '/home/ke/ANU/Algo Trading/ros2Exercise/install/village_interfaces/lib/python3.10/site-packages/village_interfaces/msg'...
[3.401s] Compiling '/home/ke/ANU/Algo Trading/ros2Exercise/install/village_interfaces/lib/python3.10/site-packages/village_interfaces/msg/__init__.py'...
[3.401s] Compiling '/home/ke/ANU/Algo Trading/ros2Exercise/install/village_interfaces/lib/python3.10/site-packages/village_interfaces/msg/_novel.py'...
[3.401s] Listing '/home/ke/ANU/Algo Trading/ros2Exercise/install/village_interfaces/lib/python3.10/site-packages/village_interfaces/srv'...
[3.402s] Compiling '/home/ke/ANU/Algo Trading/ros2Exercise/install/village_interfaces/lib/python3.10/site-packages/village_interfaces/srv/__init__.py'...
[3.402s] Compiling '/home/ke/ANU/Algo Trading/ros2Exercise/install/village_interfaces/lib/python3.10/site-packages/village_interfaces/srv/_borrow_money.py'...
[3.402s] Compiling '/home/ke/ANU/Algo Trading/ros2Exercise/install/village_interfaces/lib/python3.10/site-packages/village_interfaces/srv/_sell_novel.py'...
[3.404s] -- Installing: /home/ke/ANU/Algo Trading/ros2Exercise/install/village_interfaces/lib/python3.10/site-packages/village_interfaces/village_interfaces_s__rosidl_typesupport_fastrtps_c.cpython-310-x86_64-linux-gnu.so
[3.404s] -- Set runtime path of "/home/ke/ANU/Algo Trading/ros2Exercise/install/village_interfaces/lib/python3.10/site-packages/village_interfaces/village_interfaces_s__rosidl_typesupport_fastrtps_c.cpython-310-x86_64-linux-gnu.so" to ""
[3.404s] -- Installing: /home/ke/ANU/Algo Trading/ros2Exercise/install/village_interfaces/lib/python3.10/site-packages/village_interfaces/village_interfaces_s__rosidl_typesupport_introspection_c.cpython-310-x86_64-linux-gnu.so
[3.404s] -- Set runtime path of "/home/ke/ANU/Algo Trading/ros2Exercise/install/village_interfaces/lib/python3.10/site-packages/village_interfaces/village_interfaces_s__rosidl_typesupport_introspection_c.cpython-310-x86_64-linux-gnu.so" to ""
[3.404s] -- Installing: /home/ke/ANU/Algo Trading/ros2Exercise/install/village_interfaces/lib/python3.10/site-packages/village_interfaces/village_interfaces_s__rosidl_typesupport_c.cpython-310-x86_64-linux-gnu.so
[3.404s] -- Set runtime path of "/home/ke/ANU/Algo Trading/ros2Exercise/install/village_interfaces/lib/python3.10/site-packages/village_interfaces/village_interfaces_s__rosidl_typesupport_c.cpython-310-x86_64-linux-gnu.so" to ""
[3.405s] -- Installing: /home/ke/ANU/Algo Trading/ros2Exercise/install/village_interfaces/lib/libvillage_interfaces__rosidl_generator_py.so
[3.405s] -- Set runtime path of "/home/ke/ANU/Algo Trading/ros2Exercise/install/village_interfaces/lib/libvillage_interfaces__rosidl_generator_py.so" to ""
[3.405s] -- Up-to-date: /home/ke/ANU/Algo Trading/ros2Exercise/install/village_interfaces/share/village_interfaces/msg/Novel.idl
[3.405s] -- Up-to-date: /home/ke/ANU/Algo Trading/ros2Exercise/install/village_interfaces/share/village_interfaces/srv/BorrowMoney.idl
[3.405s] -- Installing: /home/ke/ANU/Algo Trading/ros2Exercise/install/village_interfaces/share/village_interfaces/srv/SellNovel.idl
[3.405s] -- Up-to-date: /home/ke/ANU/Algo Trading/ros2Exercise/install/village_interfaces/share/village_interfaces/msg/Novel.msg
[3.405s] -- Up-to-date: /home/ke/ANU/Algo Trading/ros2Exercise/install/village_interfaces/share/village_interfaces/srv/BorrowMoney.srv
[3.405s] -- Up-to-date: /home/ke/ANU/Algo Trading/ros2Exercise/install/village_interfaces/share/village_interfaces/srv/BorrowMoney_Request.msg
[3.405s] -- Up-to-date: /home/ke/ANU/Algo Trading/ros2Exercise/install/village_interfaces/share/village_interfaces/srv/BorrowMoney_Response.msg
[3.405s] -- Installing: /home/ke/ANU/Algo Trading/ros2Exercise/install/village_interfaces/share/village_interfaces/srv/SellNovel.srv
[3.405s] -- Installing: /home/ke/ANU/Algo Trading/ros2Exercise/install/village_interfaces/share/village_interfaces/srv/SellNovel_Request.msg
[3.405s] -- Installing: /home/ke/ANU/Algo Trading/ros2Exercise/install/village_interfaces/share/village_interfaces/srv/SellNovel_Response.msg
[3.405s] -- Up-to-date: /home/ke/ANU/Algo Trading/ros2Exercise/install/village_interfaces/share/ament_index/resource_index/package_run_dependencies/village_interfaces
[3.405s] -- Up-to-date: /home/ke/ANU/Algo Trading/ros2Exercise/install/village_interfaces/share/ament_index/resource_index/parent_prefix_path/village_interfaces
[3.405s] -- Up-to-date: /home/ke/ANU/Algo Trading/ros2Exercise/install/village_interfaces/share/village_interfaces/environment/ament_prefix_path.sh
[3.405s] -- Up-to-date: /home/ke/ANU/Algo Trading/ros2Exercise/install/village_interfaces/share/village_interfaces/environment/ament_prefix_path.dsv
[3.405s] -- Up-to-date: /home/ke/ANU/Algo Trading/ros2Exercise/install/village_interfaces/share/village_interfaces/environment/path.sh
[3.405s] -- Up-to-date: /home/ke/ANU/Algo Trading/ros2Exercise/install/village_interfaces/share/village_interfaces/environment/path.dsv
[3.405s] -- Up-to-date: /home/ke/ANU/Algo Trading/ros2Exercise/install/village_interfaces/share/village_interfaces/local_setup.bash
[3.405s] -- Up-to-date: /home/ke/ANU/Algo Trading/ros2Exercise/install/village_interfaces/share/village_interfaces/local_setup.sh
[3.405s] -- Up-to-date: /home/ke/ANU/Algo Trading/ros2Exercise/install/village_interfaces/share/village_interfaces/local_setup.zsh
[3.405s] -- Up-to-date: /home/ke/ANU/Algo Trading/ros2Exercise/install/village_interfaces/share/village_interfaces/local_setup.dsv
[3.406s] -- Installing: /home/ke/ANU/Algo Trading/ros2Exercise/install/village_interfaces/share/village_interfaces/package.dsv
[3.406s] -- Up-to-date: /home/ke/ANU/Algo Trading/ros2Exercise/install/village_interfaces/share/ament_index/resource_index/packages/village_interfaces
[3.406s] -- Up-to-date: /home/ke/ANU/Algo Trading/ros2Exercise/install/village_interfaces/share/village_interfaces/cmake/export_village_interfaces__rosidl_generator_cExport.cmake
[3.406s] -- Up-to-date: /home/ke/ANU/Algo Trading/ros2Exercise/install/village_interfaces/share/village_interfaces/cmake/export_village_interfaces__rosidl_generator_cExport-noconfig.cmake
[3.406s] -- Up-to-date: /home/ke/ANU/Algo Trading/ros2Exercise/install/village_interfaces/share/village_interfaces/cmake/export_village_interfaces__rosidl_typesupport_fastrtps_cExport.cmake
[3.406s] -- Up-to-date: /home/ke/ANU/Algo Trading/ros2Exercise/install/village_interfaces/share/village_interfaces/cmake/export_village_interfaces__rosidl_typesupport_fastrtps_cExport-noconfig.cmake
[3.406s] -- Up-to-date: /home/ke/ANU/Algo Trading/ros2Exercise/install/village_interfaces/share/village_interfaces/cmake/export_village_interfaces__rosidl_generator_cppExport.cmake
[3.406s] -- Up-to-date: /home/ke/ANU/Algo Trading/ros2Exercise/install/village_interfaces/share/village_interfaces/cmake/export_village_interfaces__rosidl_typesupport_fastrtps_cppExport.cmake
[3.406s] -- Up-to-date: /home/ke/ANU/Algo Trading/ros2Exercise/install/village_interfaces/share/village_interfaces/cmake/export_village_interfaces__rosidl_typesupport_fastrtps_cppExport-noconfig.cmake
[3.406s] -- Up-to-date: /home/ke/ANU/Algo Trading/ros2Exercise/install/village_interfaces/share/village_interfaces/cmake/village_interfaces__rosidl_typesupport_introspection_cExport.cmake
[3.406s] -- Up-to-date: /home/ke/ANU/Algo Trading/ros2Exercise/install/village_interfaces/share/village_interfaces/cmake/village_interfaces__rosidl_typesupport_introspection_cExport-noconfig.cmake
[3.406s] -- Up-to-date: /home/ke/ANU/Algo Trading/ros2Exercise/install/village_interfaces/share/village_interfaces/cmake/village_interfaces__rosidl_typesupport_cExport.cmake
[3.406s] -- Up-to-date: /home/ke/ANU/Algo Trading/ros2Exercise/install/village_interfaces/share/village_interfaces/cmake/village_interfaces__rosidl_typesupport_cExport-noconfig.cmake
[3.406s] -- Up-to-date: /home/ke/ANU/Algo Trading/ros2Exercise/install/village_interfaces/share/village_interfaces/cmake/village_interfaces__rosidl_typesupport_introspection_cppExport.cmake
[3.406s] -- Up-to-date: /home/ke/ANU/Algo Trading/ros2Exercise/install/village_interfaces/share/village_interfaces/cmake/village_interfaces__rosidl_typesupport_introspection_cppExport-noconfig.cmake
[3.406s] -- Up-to-date: /home/ke/ANU/Algo Trading/ros2Exercise/install/village_interfaces/share/village_interfaces/cmake/village_interfaces__rosidl_typesupport_cppExport.cmake
[3.406s] -- Up-to-date: /home/ke/ANU/Algo Trading/ros2Exercise/install/village_interfaces/share/village_interfaces/cmake/village_interfaces__rosidl_typesupport_cppExport-noconfig.cmake
[3.406s] -- Up-to-date: /home/ke/ANU/Algo Trading/ros2Exercise/install/village_interfaces/share/village_interfaces/cmake/export_village_interfaces__rosidl_generator_pyExport.cmake
[3.406s] -- Up-to-date: /home/ke/ANU/Algo Trading/ros2Exercise/install/village_interfaces/share/village_interfaces/cmake/export_village_interfaces__rosidl_generator_pyExport-noconfig.cmake
[3.406s] -- Installing: /home/ke/ANU/Algo Trading/ros2Exercise/install/village_interfaces/share/village_interfaces/cmake/rosidl_cmake-extras.cmake
[3.406s] -- Installing: /home/ke/ANU/Algo Trading/ros2Exercise/install/village_interfaces/share/village_interfaces/cmake/ament_cmake_export_dependencies-extras.cmake
[3.406s] -- Up-to-date: /home/ke/ANU/Algo Trading/ros2Exercise/install/village_interfaces/share/village_interfaces/cmake/ament_cmake_export_include_directories-extras.cmake
[3.406s] -- Up-to-date: /home/ke/ANU/Algo Trading/ros2Exercise/install/village_interfaces/share/village_interfaces/cmake/ament_cmake_export_libraries-extras.cmake
[3.406s] -- Up-to-date: /home/ke/ANU/Algo Trading/ros2Exercise/install/village_interfaces/share/village_interfaces/cmake/ament_cmake_export_targets-extras.cmake
[3.406s] -- Up-to-date: /home/ke/ANU/Algo Trading/ros2Exercise/install/village_interfaces/share/village_interfaces/cmake/rosidl_cmake_export_typesupport_targets-extras.cmake
[3.406s] -- Up-to-date: /home/ke/ANU/Algo Trading/ros2Exercise/install/village_interfaces/share/village_interfaces/cmake/rosidl_cmake_export_typesupport_libraries-extras.cmake
[3.406s] -- Up-to-date: /home/ke/ANU/Algo Trading/ros2Exercise/install/village_interfaces/share/village_interfaces/cmake/village_interfacesConfig.cmake
[3.406s] -- Up-to-date: /home/ke/ANU/Algo Trading/ros2Exercise/install/village_interfaces/share/village_interfaces/cmake/village_interfacesConfig-version.cmake
[3.406s] -- Up-to-date: /home/ke/ANU/Algo Trading/ros2Exercise/install/village_interfaces/share/village_interfaces/package.xml
[3.408s] Invoked command in '/home/ke/ANU/Algo Trading/ros2Exercise/build/village_interfaces' returned '0': CMAKE_PREFIX_PATH=${CMAKE_PREFIX_PATH}:/home/ke/ANU/Algo Trading/ros2Exercise/install/village_li:/opt/ros/iron /usr/bin/cmake --install /home/ke/ANU/Algo Trading/ros2Exercise/build/village_interfaces
