[0.058s] DEBUG:colcon:Command line arguments: ['/usr/bin/colcon', 'build']
[0.058s] DEBUG:colcon:Parsed command line arguments: Namespace(log_base=None, log_level=None, verb_name='build', build_base='build', install_base='install', merge_install=False, symlink_install=False, test_result_base=None, continue_on_error=False, executor='parallel', parallel_workers=20, event_handlers=None, ignore_user_meta=False, metas=['./colcon.meta'], base_paths=['.'], packages_ignore=None, packages_ignore_regex=None, paths=None, packages_up_to=None, packages_up_to_regex=None, packages_above=None, packages_above_and_dependencies=None, packages_above_depth=None, packages_select_by_dep=None, packages_skip_by_dep=None, packages_skip_up_to=None, packages_select_build_failed=False, packages_skip_build_finished=False, packages_select_test_failures=False, packages_skip_test_passed=False, packages_select=None, packages_skip=None, packages_select_regex=None, packages_skip_regex=None, packages_start=None, packages_end=None, allow_overriding=[], cmake_args=None, cmake_target=None, cmake_target_skip_unavailable=False, cmake_clean_cache=False, cmake_clean_first=False, cmake_force_configure=False, ament_cmake_args=None, catkin_cmake_args=None, catkin_skip_building_tests=False, mixin_files=None, mixin=None, verb_parser=<colcon_mixin.mixin.mixin_argument.MixinArgumentDecorator object at 0x7a147114a980>, verb_extension=<colcon_core.verb.build.BuildVerb object at 0x7a147114a410>, main=<bound method BuildVerb.main of <colcon_core.verb.build.BuildVerb object at 0x7a147114a410>>, mixin_verb=('build',))
[0.150s] Level 1:colcon.colcon_core.package_discovery:discover_packages(colcon_meta) check parameters
[0.151s] Level 1:colcon.colcon_core.package_discovery:discover_packages(recursive) check parameters
[0.151s] Level 1:colcon.colcon_core.package_discovery:discover_packages(ignore) check parameters
[0.151s] Level 1:colcon.colcon_core.package_discovery:discover_packages(path) check parameters
[0.151s] Level 1:colcon.colcon_core.package_discovery:discover_packages(colcon_meta) discover
[0.151s] Level 1:colcon.colcon_core.package_discovery:discover_packages(recursive) discover
[0.151s] INFO:colcon.colcon_core.package_discovery:Crawling recursively for packages in '/home/ke/ANU/Algo Trading/ros2Exercise'
[0.151s] Level 1:colcon.colcon_core.package_identification:_identify(.) by extensions ['ignore', 'ignore_ament_install']
[0.151s] Level 1:colcon.colcon_core.package_identification:_identify(.) by extension 'ignore'
[0.151s] Level 1:colcon.colcon_core.package_identification:_identify(.) by extension 'ignore_ament_install'
[0.151s] Level 1:colcon.colcon_core.package_identification:_identify(.) by extensions ['colcon_pkg']
[0.151s] Level 1:colcon.colcon_core.package_identification:_identify(.) by extension 'colcon_pkg'
[0.151s] Level 1:colcon.colcon_core.package_identification:_identify(.) by extensions ['colcon_meta']
[0.151s] Level 1:colcon.colcon_core.package_identification:_identify(.) by extension 'colcon_meta'
[0.151s] Level 1:colcon.colcon_core.package_identification:_identify(.) by extensions ['ros']
[0.151s] Level 1:colcon.colcon_core.package_identification:_identify(.) by extension 'ros'
[0.157s] Level 1:colcon.colcon_core.package_identification:_identify(.) by extensions ['cmake', 'python']
[0.157s] Level 1:colcon.colcon_core.package_identification:_identify(.) by extension 'cmake'
[0.158s] Level 1:colcon.colcon_core.package_identification:_identify(.) by extension 'python'
[0.158s] Level 1:colcon.colcon_core.package_identification:_identify(.) by extensions ['python_setup_py']
[0.158s] Level 1:colcon.colcon_core.package_identification:_identify(.) by extension 'python_setup_py'
[0.158s] Level 1:colcon.colcon_core.package_identification:_identify(build) by extensions ['ignore', 'ignore_ament_install']
[0.158s] Level 1:colcon.colcon_core.package_identification:_identify(build) by extension 'ignore'
[0.158s] Level 1:colcon.colcon_core.package_identification:_identify(build) ignored
[0.158s] Level 1:colcon.colcon_core.package_identification:_identify(install) by extensions ['ignore', 'ignore_ament_install']
[0.158s] Level 1:colcon.colcon_core.package_identification:_identify(install) by extension 'ignore'
[0.158s] Level 1:colcon.colcon_core.package_identification:_identify(install) ignored
[0.158s] Level 1:colcon.colcon_core.package_identification:_identify(log) by extensions ['ignore', 'ignore_ament_install']
[0.158s] Level 1:colcon.colcon_core.package_identification:_identify(log) by extension 'ignore'
[0.158s] Level 1:colcon.colcon_core.package_identification:_identify(log) ignored
[0.158s] Level 1:colcon.colcon_core.package_identification:_identify(src) by extensions ['ignore', 'ignore_ament_install']
[0.158s] Level 1:colcon.colcon_core.package_identification:_identify(src) by extension 'ignore'
[0.158s] Level 1:colcon.colcon_core.package_identification:_identify(src) by extension 'ignore_ament_install'
[0.158s] Level 1:colcon.colcon_core.package_identification:_identify(src) by extensions ['colcon_pkg']
[0.158s] Level 1:colcon.colcon_core.package_identification:_identify(src) by extension 'colcon_pkg'
[0.158s] Level 1:colcon.colcon_core.package_identification:_identify(src) by extensions ['colcon_meta']
[0.158s] Level 1:colcon.colcon_core.package_identification:_identify(src) by extension 'colcon_meta'
[0.158s] Level 1:colcon.colcon_core.package_identification:_identify(src) by extensions ['ros']
[0.158s] Level 1:colcon.colcon_core.package_identification:_identify(src) by extension 'ros'
[0.158s] Level 1:colcon.colcon_core.package_identification:_identify(src) by extensions ['cmake', 'python']
[0.158s] Level 1:colcon.colcon_core.package_identification:_identify(src) by extension 'cmake'
[0.158s] Level 1:colcon.colcon_core.package_identification:_identify(src) by extension 'python'
[0.158s] Level 1:colcon.colcon_core.package_identification:_identify(src) by extensions ['python_setup_py']
[0.159s] Level 1:colcon.colcon_core.package_identification:_identify(src) by extension 'python_setup_py'
[0.159s] Level 1:colcon.colcon_core.package_identification:_identify(src/village_li) by extensions ['ignore', 'ignore_ament_install']
[0.159s] Level 1:colcon.colcon_core.package_identification:_identify(src/village_li) by extension 'ignore'
[0.159s] Level 1:colcon.colcon_core.package_identification:_identify(src/village_li) by extension 'ignore_ament_install'
[0.159s] Level 1:colcon.colcon_core.package_identification:_identify(src/village_li) by extensions ['colcon_pkg']
[0.159s] Level 1:colcon.colcon_core.package_identification:_identify(src/village_li) by extension 'colcon_pkg'
[0.159s] Level 1:colcon.colcon_core.package_identification:_identify(src/village_li) by extensions ['colcon_meta']
[0.159s] Level 1:colcon.colcon_core.package_identification:_identify(src/village_li) by extension 'colcon_meta'
[0.159s] Level 1:colcon.colcon_core.package_identification:_identify(src/village_li) by extensions ['ros']
[0.159s] Level 1:colcon.colcon_core.package_identification:_identify(src/village_li) by extension 'ros'
[0.159s] Level 1:colcon.colcon_core.package_identification:_identify(src/village_li) by extensions ['cmake', 'python']
[0.159s] Level 1:colcon.colcon_core.package_identification:_identify(src/village_li) by extension 'cmake'
[0.159s] Level 1:colcon.colcon_core.package_identification:_identify(src/village_li) by extension 'python'
[0.159s] Level 1:colcon.colcon_core.package_identification:_identify(src/village_li) by extensions ['python_setup_py']
[0.159s] Level 1:colcon.colcon_core.package_identification:_identify(src/village_li) by extension 'python_setup_py'
[0.159s] Level 1:colcon.colcon_core.package_identification:_identify(src/village_li/resource) by extensions ['ignore', 'ignore_ament_install']
[0.159s] Level 1:colcon.colcon_core.package_identification:_identify(src/village_li/resource) by extension 'ignore'
[0.159s] Level 1:colcon.colcon_core.package_identification:_identify(src/village_li/resource) by extension 'ignore_ament_install'
[0.159s] Level 1:colcon.colcon_core.package_identification:_identify(src/village_li/resource) by extensions ['colcon_pkg']
[0.159s] Level 1:colcon.colcon_core.package_identification:_identify(src/village_li/resource) by extension 'colcon_pkg'
[0.159s] Level 1:colcon.colcon_core.package_identification:_identify(src/village_li/resource) by extensions ['colcon_meta']
[0.159s] Level 1:colcon.colcon_core.package_identification:_identify(src/village_li/resource) by extension 'colcon_meta'
[0.159s] Level 1:colcon.colcon_core.package_identification:_identify(src/village_li/resource) by extensions ['ros']
[0.159s] Level 1:colcon.colcon_core.package_identification:_identify(src/village_li/resource) by extension 'ros'
[0.159s] Level 1:colcon.colcon_core.package_identification:_identify(src/village_li/resource) by extensions ['cmake', 'python']
[0.159s] Level 1:colcon.colcon_core.package_identification:_identify(src/village_li/resource) by extension 'cmake'
[0.159s] Level 1:colcon.colcon_core.package_identification:_identify(src/village_li/resource) by extension 'python'
[0.159s] Level 1:colcon.colcon_core.package_identification:_identify(src/village_li/resource) by extensions ['python_setup_py']
[0.159s] Level 1:colcon.colcon_core.package_identification:_identify(src/village_li/resource) by extension 'python_setup_py'
[0.159s] Level 1:colcon.colcon_core.package_identification:_identify(src/village_li/test) by extensions ['ignore', 'ignore_ament_install']
[0.160s] Level 1:colcon.colcon_core.package_identification:_identify(src/village_li/test) by extension 'ignore'
[0.160s] Level 1:colcon.colcon_core.package_identification:_identify(src/village_li/test) by extension 'ignore_ament_install'
[0.160s] Level 1:colcon.colcon_core.package_identification:_identify(src/village_li/test) by extensions ['colcon_pkg']
[0.160s] Level 1:colcon.colcon_core.package_identification:_identify(src/village_li/test) by extension 'colcon_pkg'
[0.160s] Level 1:colcon.colcon_core.package_identification:_identify(src/village_li/test) by extensions ['colcon_meta']
[0.160s] Level 1:colcon.colcon_core.package_identification:_identify(src/village_li/test) by extension 'colcon_meta'
[0.160s] Level 1:colcon.colcon_core.package_identification:_identify(src/village_li/test) by extensions ['ros']
[0.160s] Level 1:colcon.colcon_core.package_identification:_identify(src/village_li/test) by extension 'ros'
[0.160s] Level 1:colcon.colcon_core.package_identification:_identify(src/village_li/test) by extensions ['cmake', 'python']
[0.160s] Level 1:colcon.colcon_core.package_identification:_identify(src/village_li/test) by extension 'cmake'
[0.160s] Level 1:colcon.colcon_core.package_identification:_identify(src/village_li/test) by extension 'python'
[0.160s] Level 1:colcon.colcon_core.package_identification:_identify(src/village_li/test) by extensions ['python_setup_py']
[0.160s] Level 1:colcon.colcon_core.package_identification:_identify(src/village_li/test) by extension 'python_setup_py'
[0.160s] Level 1:colcon.colcon_core.package_identification:_identify(src/village_li/village_li) by extensions ['ignore', 'ignore_ament_install']
[0.160s] Level 1:colcon.colcon_core.package_identification:_identify(src/village_li/village_li) by extension 'ignore'
[0.160s] Level 1:colcon.colcon_core.package_identification:_identify(src/village_li/village_li) by extension 'ignore_ament_install'
[0.160s] Level 1:colcon.colcon_core.package_identification:_identify(src/village_li/village_li) by extensions ['colcon_pkg']
[0.160s] Level 1:colcon.colcon_core.package_identification:_identify(src/village_li/village_li) by extension 'colcon_pkg'
[0.160s] Level 1:colcon.colcon_core.package_identification:_identify(src/village_li/village_li) by extensions ['colcon_meta']
[0.160s] Level 1:colcon.colcon_core.package_identification:_identify(src/village_li/village_li) by extension 'colcon_meta'
[0.160s] Level 1:colcon.colcon_core.package_identification:_identify(src/village_li/village_li) by extensions ['ros']
[0.160s] Level 1:colcon.colcon_core.package_identification:_identify(src/village_li/village_li) by extension 'ros'
[0.161s] DEBUG:colcon.colcon_core.package_identification:Package 'src/village_li/village_li' with type 'ros.ament_python' and name 'village_li'
[0.162s] Level 1:colcon.colcon_core.package_identification:_identify(src/village_wang) by extensions ['ignore', 'ignore_ament_install']
[0.162s] Level 1:colcon.colcon_core.package_identification:_identify(src/village_wang) by extension 'ignore'
[0.162s] Level 1:colcon.colcon_core.package_identification:_identify(src/village_wang) by extension 'ignore_ament_install'
[0.162s] Level 1:colcon.colcon_core.package_identification:_identify(src/village_wang) by extensions ['colcon_pkg']
[0.162s] Level 1:colcon.colcon_core.package_identification:_identify(src/village_wang) by extension 'colcon_pkg'
[0.162s] Level 1:colcon.colcon_core.package_identification:_identify(src/village_wang) by extensions ['colcon_meta']
[0.162s] Level 1:colcon.colcon_core.package_identification:_identify(src/village_wang) by extension 'colcon_meta'
[0.162s] Level 1:colcon.colcon_core.package_identification:_identify(src/village_wang) by extensions ['ros']
[0.162s] Level 1:colcon.colcon_core.package_identification:_identify(src/village_wang) by extension 'ros'
[0.162s] DEBUG:colcon.colcon_core.package_identification:Package 'src/village_wang' with type 'ros.ament_cmake' and name 'village_wang'
[0.162s] Level 1:colcon.colcon_core.package_discovery:discover_packages(recursive) using defaults
[0.162s] Level 1:colcon.colcon_core.package_discovery:discover_packages(ignore) discover
[0.162s] Level 1:colcon.colcon_core.package_discovery:discover_packages(ignore) using defaults
[0.162s] Level 1:colcon.colcon_core.package_discovery:discover_packages(path) discover
[0.162s] Level 1:colcon.colcon_core.package_discovery:discover_packages(path) using defaults
[0.178s] Level 1:colcon.colcon_core.package_discovery:discover_packages(prefix_path) check parameters
[0.178s] Level 1:colcon.colcon_core.package_discovery:discover_packages(prefix_path) discover
[0.179s] DEBUG:colcon.colcon_installed_package_information.package_discovery:Found 2 installed packages in /home/ke/ANU/Algo Trading/ros2Exercise/install
[0.180s] DEBUG:colcon.colcon_installed_package_information.package_discovery:Found 281 installed packages in /opt/ros/iron
[0.180s] Level 1:colcon.colcon_core.package_discovery:discover_packages(prefix_path) using defaults
[0.200s] Level 5:colcon.colcon_core.verb:set package 'village_li' build argument 'cmake_args' from command line to 'None'
[0.200s] Level 5:colcon.colcon_core.verb:set package 'village_li' build argument 'cmake_target' from command line to 'None'
[0.200s] Level 5:colcon.colcon_core.verb:set package 'village_li' build argument 'cmake_target_skip_unavailable' from command line to 'False'
[0.200s] Level 5:colcon.colcon_core.verb:set package 'village_li' build argument 'cmake_clean_cache' from command line to 'False'
[0.200s] Level 5:colcon.colcon_core.verb:set package 'village_li' build argument 'cmake_clean_first' from command line to 'False'
[0.200s] Level 5:colcon.colcon_core.verb:set package 'village_li' build argument 'cmake_force_configure' from command line to 'False'
[0.200s] Level 5:colcon.colcon_core.verb:set package 'village_li' build argument 'ament_cmake_args' from command line to 'None'
[0.200s] Level 5:colcon.colcon_core.verb:set package 'village_li' build argument 'catkin_cmake_args' from command line to 'None'
[0.200s] Level 5:colcon.colcon_core.verb:set package 'village_li' build argument 'catkin_skip_building_tests' from command line to 'False'
[0.200s] DEBUG:colcon.colcon_core.verb:Building package 'village_li' with the following arguments: {'ament_cmake_args': None, 'build_base': '/home/ke/ANU/Algo Trading/ros2Exercise/build/village_li', 'catkin_cmake_args': None, 'catkin_skip_building_tests': False, 'cmake_args': None, 'cmake_clean_cache': False, 'cmake_clean_first': False, 'cmake_force_configure': False, 'cmake_target': None, 'cmake_target_skip_unavailable': False, 'install_base': '/home/ke/ANU/Algo Trading/ros2Exercise/install/village_li', 'merge_install': False, 'path': '/home/ke/ANU/Algo Trading/ros2Exercise/src/village_li/village_li', 'symlink_install': False, 'test_result_base': None}
[0.201s] Level 5:colcon.colcon_core.verb:set package 'village_wang' build argument 'cmake_args' from command line to 'None'
[0.201s] Level 5:colcon.colcon_core.verb:set package 'village_wang' build argument 'cmake_target' from command line to 'None'
[0.201s] Level 5:colcon.colcon_core.verb:set package 'village_wang' build argument 'cmake_target_skip_unavailable' from command line to 'False'
[0.201s] Level 5:colcon.colcon_core.verb:set package 'village_wang' build argument 'cmake_clean_cache' from command line to 'False'
[0.201s] Level 5:colcon.colcon_core.verb:set package 'village_wang' build argument 'cmake_clean_first' from command line to 'False'
[0.201s] Level 5:colcon.colcon_core.verb:set package 'village_wang' build argument 'cmake_force_configure' from command line to 'False'
[0.201s] Level 5:colcon.colcon_core.verb:set package 'village_wang' build argument 'ament_cmake_args' from command line to 'None'
[0.201s] Level 5:colcon.colcon_core.verb:set package 'village_wang' build argument 'catkin_cmake_args' from command line to 'None'
[0.201s] Level 5:colcon.colcon_core.verb:set package 'village_wang' build argument 'catkin_skip_building_tests' from command line to 'False'
[0.201s] DEBUG:colcon.colcon_core.verb:Building package 'village_wang' with the following arguments: {'ament_cmake_args': None, 'build_base': '/home/ke/ANU/Algo Trading/ros2Exercise/build/village_wang', 'catkin_cmake_args': None, 'catkin_skip_building_tests': False, 'cmake_args': None, 'cmake_clean_cache': False, 'cmake_clean_first': False, 'cmake_force_configure': False, 'cmake_target': None, 'cmake_target_skip_unavailable': False, 'install_base': '/home/ke/ANU/Algo Trading/ros2Exercise/install/village_wang', 'merge_install': False, 'path': '/home/ke/ANU/Algo Trading/ros2Exercise/src/village_wang', 'symlink_install': False, 'test_result_base': None}
[0.201s] INFO:colcon.colcon_core.executor:Executing jobs using 'parallel' executor
[0.202s] DEBUG:colcon.colcon_parallel_executor.executor.parallel:run_until_complete
[0.202s] INFO:colcon.colcon_ros.task.ament_python.build:Building ROS package in '/home/ke/ANU/Algo Trading/ros2Exercise/src/village_li/village_li' with build type 'ament_python'
[0.202s] Level 1:colcon.colcon_core.shell:create_environment_hook('village_li', 'ament_prefix_path')
[0.203s] INFO:colcon.colcon_core.plugin_system:Skipping extension 'colcon_core.shell.bat': Not used on non-Windows systems
[0.203s] INFO:colcon.colcon_core.shell:Creating environment hook '/home/ke/ANU/Algo Trading/ros2Exercise/install/village_li/share/village_li/hook/ament_prefix_path.ps1'
[0.204s] INFO:colcon.colcon_core.shell:Creating environment descriptor '/home/ke/ANU/Algo Trading/ros2Exercise/install/village_li/share/village_li/hook/ament_prefix_path.dsv'
[0.204s] INFO:colcon.colcon_core.shell:Creating environment hook '/home/ke/ANU/Algo Trading/ros2Exercise/install/village_li/share/village_li/hook/ament_prefix_path.sh'
[0.204s] INFO:colcon.colcon_core.shell:Skip shell extension 'powershell' for command environment: Not usable outside of PowerShell
[0.204s] DEBUG:colcon.colcon_core.shell:Skip shell extension 'dsv' for command environment
[0.206s] INFO:colcon.colcon_ros.task.ament_cmake.build:Building ROS package in '/home/ke/ANU/Algo Trading/ros2Exercise/src/village_wang' with build type 'ament_cmake'
[0.207s] INFO:colcon.colcon_cmake.task.cmake.build:Building CMake package in '/home/ke/ANU/Algo Trading/ros2Exercise/src/village_wang'
[0.207s] INFO:colcon.colcon_core.shell:Skip shell extension 'powershell' for command environment: Not usable outside of PowerShell
[0.207s] DEBUG:colcon.colcon_core.shell:Skip shell extension 'dsv' for command environment
[0.340s] INFO:colcon.colcon_core.task.python.build:Building Python package in '/home/ke/ANU/Algo Trading/ros2Exercise/src/village_li/village_li'
[0.340s] INFO:colcon.colcon_core.shell:Skip shell extension 'powershell' for command environment: Not usable outside of PowerShell
[0.340s] DEBUG:colcon.colcon_core.shell:Skip shell extension 'dsv' for command environment
[0.347s] DEBUG:colcon.colcon_core.event_handler.log_command:Invoking command in '/home/ke/ANU/Algo Trading/ros2Exercise/build/village_wang': CMAKE_PREFIX_PATH=${CMAKE_PREFIX_PATH}:/home/ke/ANU/Algo Trading/ros2Exercise/install/village_li:/opt/ros/iron /usr/bin/cmake --build /home/ke/ANU/Algo Trading/ros2Exercise/build/village_wang -- -j20 -l20
[0.398s] DEBUG:colcon.colcon_core.event_handler.log_command:Invoked command in '/home/ke/ANU/Algo Trading/ros2Exercise/build/village_wang' returned '0': CMAKE_PREFIX_PATH=${CMAKE_PREFIX_PATH}:/home/ke/ANU/Algo Trading/ros2Exercise/install/village_li:/opt/ros/iron /usr/bin/cmake --build /home/ke/ANU/Algo Trading/ros2Exercise/build/village_wang -- -j20 -l20
[0.423s] DEBUG:colcon.colcon_core.event_handler.log_command:Invoking command in '/home/ke/ANU/Algo Trading/ros2Exercise/build/village_wang': CMAKE_PREFIX_PATH=${CMAKE_PREFIX_PATH}:/home/ke/ANU/Algo Trading/ros2Exercise/install/village_li:/opt/ros/iron /usr/bin/cmake --install /home/ke/ANU/Algo Trading/ros2Exercise/build/village_wang
[0.430s] Level 1:colcon.colcon_core.environment:create_environment_scripts_only(village_wang)
[0.430s] DEBUG:colcon.colcon_core.event_handler.log_command:Invoked command in '/home/ke/ANU/Algo Trading/ros2Exercise/build/village_wang' returned '0': CMAKE_PREFIX_PATH=${CMAKE_PREFIX_PATH}:/home/ke/ANU/Algo Trading/ros2Exercise/install/village_li:/opt/ros/iron /usr/bin/cmake --install /home/ke/ANU/Algo Trading/ros2Exercise/build/village_wang
[0.431s] Level 1:colcon.colcon_core.environment:checking '/home/ke/ANU/Algo Trading/ros2Exercise/install/village_wang' for CMake module files
[0.431s] Level 1:colcon.colcon_core.environment:checking '/home/ke/ANU/Algo Trading/ros2Exercise/install/village_wang' for CMake config files
[0.432s] Level 1:colcon.colcon_core.shell:create_environment_hook('village_wang', 'cmake_prefix_path')
[0.432s] INFO:colcon.colcon_core.shell:Creating environment hook '/home/ke/ANU/Algo Trading/ros2Exercise/install/village_wang/share/village_wang/hook/cmake_prefix_path.ps1'
[0.432s] INFO:colcon.colcon_core.shell:Creating environment descriptor '/home/ke/ANU/Algo Trading/ros2Exercise/install/village_wang/share/village_wang/hook/cmake_prefix_path.dsv'
[0.432s] INFO:colcon.colcon_core.shell:Creating environment hook '/home/ke/ANU/Algo Trading/ros2Exercise/install/village_wang/share/village_wang/hook/cmake_prefix_path.sh'
[0.433s] Level 1:colcon.colcon_core.environment:checking '/home/ke/ANU/Algo Trading/ros2Exercise/install/village_wang/lib'
[0.433s] Level 1:colcon.colcon_core.environment:checking '/home/ke/ANU/Algo Trading/ros2Exercise/install/village_wang/bin'
[0.433s] Level 1:colcon.colcon_core.environment:checking '/home/ke/ANU/Algo Trading/ros2Exercise/install/village_wang/lib/pkgconfig/village_wang.pc'
[0.433s] Level 1:colcon.colcon_core.environment:checking '/home/ke/ANU/Algo Trading/ros2Exercise/install/village_wang/lib/python3.10/site-packages'
[0.433s] Level 1:colcon.colcon_core.environment:checking '/home/ke/ANU/Algo Trading/ros2Exercise/install/village_wang/bin'
[0.433s] INFO:colcon.colcon_core.shell:Creating package script '/home/ke/ANU/Algo Trading/ros2Exercise/install/village_wang/share/village_wang/package.ps1'
[0.434s] INFO:colcon.colcon_core.shell:Creating package descriptor '/home/ke/ANU/Algo Trading/ros2Exercise/install/village_wang/share/village_wang/package.dsv'
[0.434s] INFO:colcon.colcon_core.shell:Creating package script '/home/ke/ANU/Algo Trading/ros2Exercise/install/village_wang/share/village_wang/package.sh'
[0.434s] INFO:colcon.colcon_core.shell:Creating package script '/home/ke/ANU/Algo Trading/ros2Exercise/install/village_wang/share/village_wang/package.bash'
[0.435s] INFO:colcon.colcon_core.shell:Creating package script '/home/ke/ANU/Algo Trading/ros2Exercise/install/village_wang/share/village_wang/package.zsh'
[0.435s] Level 1:colcon.colcon_core.environment:create_file_with_runtime_dependencies(/home/ke/ANU/Algo Trading/ros2Exercise/install/village_wang/share/colcon-core/packages/village_wang)
[0.452s] Level 1:colcon.colcon_core.environment:create_environment_scripts_only(village_wang)
[0.452s] Level 1:colcon.colcon_core.environment:checking '/home/ke/ANU/Algo Trading/ros2Exercise/install/village_wang' for CMake module files
[0.452s] Level 1:colcon.colcon_core.environment:checking '/home/ke/ANU/Algo Trading/ros2Exercise/install/village_wang' for CMake config files
[0.452s] Level 1:colcon.colcon_core.shell:create_environment_hook('village_wang', 'cmake_prefix_path')
[0.453s] INFO:colcon.colcon_core.shell:Creating environment hook '/home/ke/ANU/Algo Trading/ros2Exercise/install/village_wang/share/village_wang/hook/cmake_prefix_path.ps1'
[0.453s] INFO:colcon.colcon_core.shell:Creating environment descriptor '/home/ke/ANU/Algo Trading/ros2Exercise/install/village_wang/share/village_wang/hook/cmake_prefix_path.dsv'
[0.453s] INFO:colcon.colcon_core.shell:Creating environment hook '/home/ke/ANU/Algo Trading/ros2Exercise/install/village_wang/share/village_wang/hook/cmake_prefix_path.sh'
[0.453s] Level 1:colcon.colcon_core.environment:checking '/home/ke/ANU/Algo Trading/ros2Exercise/install/village_wang/lib'
[0.453s] Level 1:colcon.colcon_core.environment:checking '/home/ke/ANU/Algo Trading/ros2Exercise/install/village_wang/bin'
[0.453s] Level 1:colcon.colcon_core.environment:checking '/home/ke/ANU/Algo Trading/ros2Exercise/install/village_wang/lib/pkgconfig/village_wang.pc'
[0.454s] Level 1:colcon.colcon_core.environment:checking '/home/ke/ANU/Algo Trading/ros2Exercise/install/village_wang/lib/python3.10/site-packages'
[0.454s] Level 1:colcon.colcon_core.environment:checking '/home/ke/ANU/Algo Trading/ros2Exercise/install/village_wang/bin'
[0.454s] INFO:colcon.colcon_core.shell:Creating package script '/home/ke/ANU/Algo Trading/ros2Exercise/install/village_wang/share/village_wang/package.ps1'
[0.454s] INFO:colcon.colcon_core.shell:Creating package descriptor '/home/ke/ANU/Algo Trading/ros2Exercise/install/village_wang/share/village_wang/package.dsv'
[0.454s] INFO:colcon.colcon_core.shell:Creating package script '/home/ke/ANU/Algo Trading/ros2Exercise/install/village_wang/share/village_wang/package.sh'
[0.455s] INFO:colcon.colcon_core.shell:Creating package script '/home/ke/ANU/Algo Trading/ros2Exercise/install/village_wang/share/village_wang/package.bash'
[0.455s] INFO:colcon.colcon_core.shell:Creating package script '/home/ke/ANU/Algo Trading/ros2Exercise/install/village_wang/share/village_wang/package.zsh'
[0.455s] Level 1:colcon.colcon_core.environment:create_file_with_runtime_dependencies(/home/ke/ANU/Algo Trading/ros2Exercise/install/village_wang/share/colcon-core/packages/village_wang)
[0.538s] DEBUG:colcon.colcon_core.event_handler.log_command:Invoking command in '/home/ke/ANU/Algo Trading/ros2Exercise/src/village_li/village_li': PYTHONPATH=/home/ke/ANU/Algo Trading/ros2Exercise/build/village_li/prefix_override:/usr/lib/python3/dist-packages/colcon_core/task/python/colcon_distutils_commands:/home/ke/ANU/Algo Trading/ros2Exercise/install/village_li/lib/python3.10/site-packages:${PYTHONPATH} /usr/bin/python3 -W ignore:setup.py install is deprecated setup.py egg_info --egg-base ../../../build/village_li build --build-base /home/ke/ANU/Algo Trading/ros2Exercise/build/village_li/build install --record /home/ke/ANU/Algo Trading/ros2Exercise/build/village_li/install.log --single-version-externally-managed install_data
[0.673s] DEBUG:colcon.colcon_core.event_handler.log_command:Invoked command in '/home/ke/ANU/Algo Trading/ros2Exercise/src/village_li/village_li' returned '1': PYTHONPATH=/home/ke/ANU/Algo Trading/ros2Exercise/build/village_li/prefix_override:/usr/lib/python3/dist-packages/colcon_core/task/python/colcon_distutils_commands:/home/ke/ANU/Algo Trading/ros2Exercise/install/village_li/lib/python3.10/site-packages:${PYTHONPATH} /usr/bin/python3 -W ignore:setup.py install is deprecated setup.py egg_info --egg-base ../../../build/village_li build --build-base /home/ke/ANU/Algo Trading/ros2Exercise/build/village_li/build install --record /home/ke/ANU/Algo Trading/ros2Exercise/build/village_li/install.log --single-version-externally-managed install_data
[0.683s] DEBUG:colcon.colcon_parallel_executor.executor.parallel:closing loop
[0.683s] DEBUG:colcon.colcon_parallel_executor.executor.parallel:loop closed
[0.684s] DEBUG:colcon.colcon_parallel_executor.executor.parallel:run_until_complete finished with '1'
[0.684s] DEBUG:colcon.colcon_core.event_reactor:joining thread
[0.687s] INFO:colcon.colcon_core.plugin_system:Skipping extension 'colcon_notification.desktop_notification.terminal_notifier': Not used on non-Darwin systems
[0.687s] INFO:colcon.colcon_core.plugin_system:Skipping extension 'colcon_notification.desktop_notification.win32': Not used on non-Windows systems
[0.687s] INFO:colcon.colcon_notification.desktop_notification:Sending desktop notification using 'notify2'
[0.695s] DEBUG:colcon.colcon_core.event_reactor:joined thread
[0.696s] INFO:colcon.colcon_core.shell:Creating prefix script '/home/ke/ANU/Algo Trading/ros2Exercise/install/local_setup.ps1'
[0.697s] INFO:colcon.colcon_core.shell:Creating prefix util module '/home/ke/ANU/Algo Trading/ros2Exercise/install/_local_setup_util_ps1.py'
[0.698s] INFO:colcon.colcon_core.shell:Creating prefix chain script '/home/ke/ANU/Algo Trading/ros2Exercise/install/setup.ps1'
[0.699s] INFO:colcon.colcon_core.shell:Creating prefix script '/home/ke/ANU/Algo Trading/ros2Exercise/install/local_setup.sh'
[0.699s] INFO:colcon.colcon_core.shell:Creating prefix util module '/home/ke/ANU/Algo Trading/ros2Exercise/install/_local_setup_util_sh.py'
[0.700s] INFO:colcon.colcon_core.shell:Creating prefix chain script '/home/ke/ANU/Algo Trading/ros2Exercise/install/setup.sh'
[0.701s] INFO:colcon.colcon_core.shell:Creating prefix script '/home/ke/ANU/Algo Trading/ros2Exercise/install/local_setup.bash'
[0.702s] INFO:colcon.colcon_core.shell:Creating prefix chain script '/home/ke/ANU/Algo Trading/ros2Exercise/install/setup.bash'
[0.702s] INFO:colcon.colcon_core.shell:Creating prefix script '/home/ke/ANU/Algo Trading/ros2Exercise/install/local_setup.zsh'
[0.703s] INFO:colcon.colcon_core.shell:Creating prefix chain script '/home/ke/ANU/Algo Trading/ros2Exercise/install/setup.zsh'
